0.000000 0.027764
0.000000 0.017785
0.000000 0.031802
0.000000 0.035401
0.000000 0.032608
0.000000 0.028314
0.000000 0.018936
0.027764 0.029035
0.017617 0.029784
0.025787 0.028960
0.027459 0.028448
0.034651 0.029169
0.035988 0.029893
0.642050 0.025546
0.030697 0.030037
0.046688 0.022869
0.030824 0.029435
0.028584 0.029247
0.021686 0.029790
0.030417 0.029924
0.028900 0.029736
0.028214 0.029958
0.028699 0.026176
0.076708 0.030000
0.022875 0.018723
0.029839 0.030915
0.029088 0.030265
0.029157 0.029771
0.028850 0.030048
0.028213 0.029984
0.029594 0.030110
0.029660 0.025755
0.029208 0.029818
0.020841 0.018711
0.029289 0.030627
0.029345 0.029856
0.029391 0.029886
0.029075 0.029765
0.028974 0.029718
0.028996 0.029909
0.029185 0.025767
0.029360 0.030075
0.020077 0.018658
0.029396 0.030417
0.029423 0.030270
0.029444 0.030070
0.029113 0.029629
0.029049 0.029884
0.029072 0.030154
0.029255 0.025417
0.029409 0.030088
0.019798 0.018979
0.029451 0.030620
0.029466 0.029983
0.029486 0.030417
0.029160 0.030005
0.029109 0.029684
0.029126 0.029921
0.029306 0.025954
0.029456 0.029924
0.019645 0.018462
0.029490 0.030615
0.029510 0.030226
0.029521 0.029855
0.029187 0.029881
0.029165 0.029893
0.029175 0.029974
0.029352 0.025710
0.029496 0.029935
0.019451 0.018678
0.029517 0.030219
0.029531 0.030157
0.029544 0.030636
0.029212 0.030160
0.029194 0.029759
0.029202 0.029815
0.029437 0.025874
0.029572 0.030011
0.018076 0.020779
0.019057 0.018424
0.019056 0.018902
0.019056 0.018425
0.019055 0.018170
0.019057 0.018475
0.029571 0.029928
0.029567 0.025554
0.029567 0.029873
0.019246 0.018689
0.029567 0.029902
0.029593 0.029818
0.029558 0.027617
0.029550 0.026461
0.029534 0.026027
0.029507 0.026146
0.029493 0.022145
0.029545 0.026259
0.018967 0.014971
0.029476 0.026505
0.029474 0.026369
0.029394 0.026024
0.029336 0.026212
0.029274 0.026370
0.029202 0.026297
0.029191 0.022076
0.029192 0.026259
0.026369 0.015570
0.026567 0.020265
0.029071 0.021597
0.026458 0.020073
0.022385 0.021837
0.075658 0.037923
0.026259 0.037426
0.024174 0.028961
0.029978 0.027955
0.043926 0.050511
0.034587 0.029727
0.057065 0.054533
0.064321 0.064460
0.033632 0.032089
0.091096 0.074624
0.042170 0.036221
0.028602 0.033661
0.061601 0.060267
0.083090 0.071919
0.057396 0.058795
0.077770 0.071432
0.031425 0.028543
0.066169 0.067296
0.039411 0.031384
0.039092 0.034529
0.066122 0.070510
0.039528 0.041641
0.031798 0.030323
0.031400 0.028968
0.051564 0.057901
0.028517 0.028532
0.042304 0.047262
0.062312 0.065005
0.050587 0.043259
0.041139 0.035309
0.042015 0.035276
0.074303 0.074456
0.046873 0.045639
0.032568 0.033497
0.039098 0.034462
0.062287 0.065507
0.043273 0.038652
0.038447 0.037658
0.050835 0.056914
0.029350 0.029131
0.064607 0.066247
0.035984 0.040142
0.036221 0.033220
0.031628 0.030570
0.061455 0.064994
0.047773 0.046588
0.032545 0.030635
0.044059 0.036575
0.053094 0.052060
0.044825 0.046739
0.035900 0.033366
0.031916 0.030706
0.037408 0.036815
0.047203 0.050757
0.040277 0.036017
0.096578 0.064851
0.054241 0.056416
0.055300 0.052538
0.061924 0.042634
0.061977 0.043512
0.057123 0.061453
0.060303 0.054914
0.062481 0.044951
0.063472 0.043548
0.055798 0.053937
0.058027 0.044447
0.041481 0.033999
0.054563 0.053512
0.053782 0.044469
0.044640 0.035436
0.035648 0.032132
0.047527 0.041705
0.041085 0.036412
0.052451 0.046142
0.042528 0.036577
0.050907 0.044164
0.042469 0.036605
0.034970 0.030846
0.048186 0.047354
0.038397 0.034693
0.033823 0.032451
0.037263 0.035592
0.031730 0.031264
0.034981 0.034142
0.032076 0.031059
0.036219 0.034724
0.032382 0.030998
0.032813 0.031305
0.043090 0.045119
0.032355 0.032190
0.040864 0.043560
0.042015 0.044092
0.032746 0.033144
0.039554 0.041867
0.032524 0.032330
0.038517 0.040260
0.039462 0.040145
0.033643 0.033988
0.037179 0.040082
0.039658 0.042241
0.033276 0.035237
0.039949 0.043563
0.037880 0.039609
0.037829 0.039092
0.032187 0.034134
0.038186 0.041077
0.035701 0.036531
0.036685 0.038812
0.030753 0.032103
0.046574 0.037299
0.054967 0.048794
0.052213 0.045970
0.052747 0.053500
0.054738 0.054989
0.048279 0.045001
0.060073 0.055642
0.054845 0.054891
0.050230 0.048073
0.051028 0.054300
0.054452 0.055192
0.050489 0.045566
0.053421 0.049052
0.038040 0.045397
0.045154 0.053396
0.046421 0.043919
0.049626 0.054566
0.049059 0.055124
0.044431 0.047284
0.053159 0.058309
0.051813 0.051018
0.036804 0.042886
0.050888 0.057634
0.049355 0.052440
0.044960 0.045129
0.046075 0.047338
0.055948 0.059305
0.052893 0.056804
0.048432 0.056367
0.050565 0.048446
0.049598 0.049677
0.047447 0.053480
0.054818 0.060283
0.052761 0.050676
0.053903 0.054917
0.022791 0.019917
0.023899 0.014955
0.059140 0.053202
0.057546 0.051280
0.027208 0.022247
0.022897 0.020649
0.024269 0.016985
0.026262 0.024183
0.032274 0.030598
0.035708 0.036270
0.043087 0.044770
0.044167 0.047414
0.050622 0.054186
0.043711 0.043357
0.046079 0.039914
0.043404 0.034869
0.045171 0.036037
0.034388 0.032190
0.041701 0.033287
0.045181 0.035655
0.039353 0.034918
0.041163 0.043967
0.040439 0.040869
0.038107 0.039738
0.044057 0.049367
0.043954 0.045340
0.039660 0.037762
0.042238 0.037736
0.044493 0.049538
0.045748 0.045707
0.041072 0.036725
0.043165 0.038338
0.043866 0.048274
0.044644 0.045836
0.043256 0.039543
0.043607 0.038817
0.043613 0.044816
0.044401 0.044654
0.041069 0.037193
0.042558 0.038331
0.039795 0.035750
0.181803 0.109243
0.110859 0.087414
0.058961 0.062286
0.046087 0.048168
0.035863 0.043661
0.038082 0.042868
0.042146 0.042751
0.077796 0.083315
0.048001 0.054072
0.033477 0.034519
0.040070 0.038761
0.082158 0.084773
0.053754 0.054585
0.034053 0.033823
0.041941 0.040101
0.083024 0.085045
0.051674 0.053042
0.033944 0.034431
0.040376 0.039354
0.079421 0.078301
0.052807 0.053405
0.033184 0.033145
0.042983 0.040833
0.078312 0.078164
0.051639 0.053055
0.034862 0.035307
0.041321 0.039340
0.077859 0.078367
0.055536 0.057052
0.035300 0.035460
0.044894 0.042210
0.068831 0.068663
0.050276 0.052241
0.033163 0.033451
0.037845 0.037669
0.040296 0.035587
0.055957 0.054825
0.035567 0.035367
0.045209 0.039968
0.048225 0.044342
0.045071 0.043590
0.040759 0.038894
0.041382 0.039773
0.048452 0.047786
0.046297 0.045641
0.041811 0.039478
0.042144 0.039633
0.049830 0.048599
0.045600 0.044862
0.042176 0.039666
0.039951 0.037710
0.048980 0.048162
0.044484 0.044013
0.038749 0.037076
0.041422 0.039489
0.047776 0.045851
0.045210 0.044527
0.041197 0.039034
0.042372 0.039765
0.046203 0.044941
0.046038 0.045543
0.041854 0.039612
0.042259 0.040562
0.044399 0.041867
0.042478 0.040803
0.043502 0.039565
0.039122 0.032898
0.042836 0.040325
0.052785 0.049902
0.041542 0.039122
0.053430 0.049332
0.041240 0.039014
0.052353 0.047706
0.041509 0.039900
0.050948 0.045794
0.043017 0.041248
0.037880 0.033515
0.042154 0.038528
0.035737 0.031798
0.039134 0.036331
0.037330 0.035012
0.038003 0.035396
0.037311 0.035615
0.032945 0.029943
0.035162 0.034378
0.037997 0.039366
0.034424 0.033745
0.038909 0.042474
0.035459 0.034396
0.038813 0.042025
0.034881 0.035239
0.039717 0.043558
0.034670 0.034882
0.038625 0.040351
0.035351 0.035416
0.039550 0.041019
0.038425 0.036829
0.036429 0.035104
0.034966 0.034183
0.038854 0.039382
0.034862 0.034942
0.039348 0.040125
0.034042 0.034508
0.039721 0.042748
0.039872 0.042063
0.040155 0.042345
0.035981 0.036531
0.040456 0.044214
0.039812 0.041800
0.040726 0.041694
0.033160 0.032837
0.040795 0.042658
0.039806 0.040523
0.039800 0.041824
0.054370 0.049969
0.058006 0.057910
0.067250 0.069940
0.075226 0.070671
0.076952 0.076664
0.081816 0.083473
0.040485 0.037169
0.081149 0.078315
0.042963 0.039826
0.043234 0.041625
0.039937 0.037277
0.067071 0.065461
0.050385 0.049855
0.043147 0.042693
0.044379 0.044896
0.040336 0.036300
0.040916 0.039653
0.036709 0.034685
0.042951 0.039572
0.032383 0.028940
0.037089 0.027910
0.041014 0.039793
0.040639 0.038842
0.042099 0.042779
0.043302 0.044800
0.040414 0.039507
0.041405 0.041144
0.043256 0.044145
0.044221 0.046824
0.039824 0.040371
0.041271 0.041183
0.043420 0.044232
0.044439 0.046924
0.040414 0.040405
0.042097 0.042394
0.043303 0.044627
0.045245 0.047788
0.041230 0.040820
0.041222 0.041568
0.041202 0.043023
0.044039 0.047468
0.041582 0.042127
0.041842 0.042084
0.038534 0.039860
0.044095 0.047403
0.042375 0.043158
0.042920 0.044123
0.038199 0.039063
0.041964 0.043593
0.038105 0.038273
0.040309 0.041740
0.038923 0.038735
0.040637 0.043745
0.039528 0.041780
0.040558 0.041623
0.031774 0.031086
0.040147 0.039701
0.041027 0.040523
0.032915 0.033190
0.028186 0.038108
0.032073 0.032298
0.036674 0.041846
0.033230 0.033791
0.033001 0.034368
0.032101 0.033097
0.031219 0.031893
0.031860 0.032203
0.031820 0.032574
0.031076 0.031368
0.031105 0.031907
0.031951 0.032727
0.032295 0.033128
0.042984 0.037466
0.050090 0.048236
0.043187 0.038893
0.054256 0.055343
0.050251 0.048117
0.046802 0.043613
0.052930 0.055220
0.041789 0.038459
0.053889 0.054901
0.053060 0.057040
0.042856 0.040454
0.054641 0.056040
0.034146 0.031809
0.038861 0.035849
0.048449 0.046381
0.037813 0.036297
0.040396 0.041416
0.040434 0.042388
0.039170 0.038082
0.039521 0.038184
0.040146 0.041524
0.038852 0.038040
0.038273 0.040493
0.043328 0.045878
0.040030 0.039150
0.039666 0.037860
0.041098 0.041948
0.039174 0.038407
0.041225 0.042107
0.041692 0.044408
0.039384 0.039255
0.040366 0.039734
0.041853 0.043678
0.043883 0.046946
0.040562 0.040156
0.039456 0.037858
0.041156 0.040843
0.040099 0.039184
0.039289 0.038743
0.040103 0.038665
0.046173 0.042121
0.045874 0.043349
0.046326 0.046852
0.042755 0.040599
0.044641 0.044033
0.051628 0.053361
0.048833 0.052253
0.041472 0.042086
0.042770 0.042492
0.050748 0.054328
0.050345 0.054584
0.042520 0.042651
0.046018 0.046551
0.049119 0.053183
0.050980 0.055968
0.045418 0.046248
0.046639 0.046729
0.045715 0.048117
0.051648 0.057957
0.046215 0.046485
0.046525 0.046619
0.046563 0.047083
0.044601 0.043099
0.043307 0.040391
0.053844 0.052119
0.056939 0.052524
0.061196 0.061149
0.058260 0.059263
0.057768 0.058727
0.057654 0.056790
0.060307 0.063045
0.057899 0.058920
0.058446 0.059318
0.058977 0.057297
0.058641 0.059204
0.060039 0.058771
0.061581 0.063971
0.059090 0.059416
0.058907 0.058709
0.059845 0.058039
0.060918 0.062992
0.057892 0.057892
0.057702 0.058163
0.041969 0.040567
0.058569 0.058839
0.056984 0.056034
0.054367 0.051394
0.039364 0.038592
0.036961 0.036751
0.049653 0.056363
0.042737 0.045597
0.037716 0.038914
0.042150 0.045168
0.043913 0.043533
0.039726 0.039263
0.049935 0.053095
0.047411 0.053688
0.045946 0.049719
0.044356 0.046715
0.045243 0.049378
0.041452 0.039310
0.044059 0.042742
0.039793 0.038681
0.049528 0.051538
0.043214 0.043865
0.043556 0.046835
0.036183 0.037027
0.041602 0.046066
0.038010 0.037451
0.043046 0.046591
0.039308 0.039311
0.038931 0.041389
0.037028 0.037799
0.033222 0.033539
0.034896 0.038252
0.037927 0.042671
0.036469 0.039551
0.038333 0.044696
0.037617 0.039792
0.035890 0.038726
0.039563 0.046444
0.041519 0.048134
0.039217 0.041580
0.039347 0.044822
0.038161 0.038720
0.039222 0.042896
0.038057 0.039788
0.043376 0.049335
0.039748 0.042641
0.040499 0.043987
0.042009 0.043028
0.038679 0.038839
0.039856 0.039957
0.039768 0.042276
0.039488 0.041208
0.039188 0.042354
0.034382 0.031771
0.038973 0.040564
0.039727 0.042152
0.037601 0.040609
0.040458 0.043259
0.040248 0.039141
0.034990 0.036033
0.042126 0.051177
0.040631 0.047419
0.036425 0.039626
0.040238 0.044295
0.036017 0.039861
0.041549 0.051102
0.038882 0.043329
0.037651 0.041186
0.039687 0.044286
0.041488 0.048847
0.036066 0.039149
0.035525 0.036124
0.044018 0.046628
0.040597 0.044391
0.035125 0.035590
0.034866 0.035217
0.045033 0.048647
0.037345 0.041468
0.034066 0.034667
0.033912 0.034828
0.045209 0.048233
0.037947 0.040261
0.032825 0.033048
0.035026 0.034400
0.045144 0.045451
0.037539 0.038995
0.031714 0.031754
0.033393 0.032867
0.023315 0.022071
0.025071 0.016898
0.034040 0.030800
0.025066 0.018266
0.027404 0.030697
0.027404 0.029876
0.026179 0.027044
0.025771 0.023430
0.027024 0.023403
0.027104 0.030028
0.027955 0.031588
0.030793 0.032760
0.033888 0.035682
0.037997 0.040806
0.040365 0.040295
0.045193 0.047592
0.049599 0.057060
0.047112 0.052586
0.048227 0.046928
0.049228 0.051509
0.048120 0.047336
0.051208 0.051246
0.045596 0.044419
0.048692 0.048889
0.048432 0.047784
0.044773 0.045224
0.047241 0.046723
0.051638 0.054750
0.044719 0.043462
0.043954 0.043825
0.046435 0.044288
0.042669 0.043419
0.048069 0.047466
0.044249 0.045132
0.049130 0.048588
0.044312 0.044698
0.049036 0.046120
0.048685 0.049866
0.041460 0.041419
0.042728 0.042220
0.046172 0.044979
0.042198 0.042333
0.067258 0.058596
0.055804 0.055742
0.047414 0.047661
0.049195 0.049700
0.059101 0.060776
0.050206 0.052765
0.048277 0.050321
0.067106 0.069629
0.053905 0.059273
0.051522 0.052213
0.046979 0.045620
0.063697 0.064883
0.052717 0.054573
0.049296 0.050655
0.048995 0.049312
0.061772 0.065589
0.054469 0.057793
0.047678 0.049050
0.050522 0.051155
0.063319 0.066273
0.053267 0.057094
0.049371 0.049941
0.048742 0.050315
0.062237 0.064994
0.053245 0.056292
0.049992 0.051751
0.048717 0.049087
0.056177 0.057321
0.051986 0.055774
0.049471 0.048813
0.049679 0.050845
0.059477 0.055467
0.051641 0.046644
0.046951 0.044664
0.042127 0.036854
0.042444 0.040172
0.042214 0.039010
0.060972 0.055111
0.040118 0.035978
0.060170 0.055156
0.039410 0.034660
0.061750 0.058145
0.038850 0.033540
0.058363 0.053935
0.039387 0.033816
0.065802 0.063707
0.048146 0.048457
0.042379 0.039949
0.041125 0.039669
0.061218 0.059881
0.038934 0.035442
0.058785 0.055522
0.038030 0.033655
0.058111 0.054127
0.040955 0.038007
0.060216 0.057681
0.040606 0.038833
0.063620 0.058829
0.045920 0.043651
0.041944 0.039808
0.040967 0.039556
0.054001 0.048418
0.047044 0.046018
0.041867 0.039423
0.041762 0.040247
0.035465 0.033984
0.043746 0.040040
0.042289 0.039115
0.037871 0.035953
0.042959 0.044612
0.040272 0.043271
0.041139 0.044251
0.043367 0.046201
0.044134 0.049201
0.039416 0.042284
0.039743 0.042130
0.045374 0.047404
0.043518 0.047563
0.038935 0.040531
0.038668 0.039889
0.047116 0.046537
0.038269 0.038476
0.043363 0.045179
0.044029 0.046775
0.031640 0.039038
0.041023 0.043377
0.043387 0.045521
0.045841 0.050338
0.040737 0.042947
0.039778 0.040612
0.038894 0.034548
0.047254 0.047229
0.038500 0.035018
0.044144 0.044532
0.043039 0.042309
0.048049 0.051742
0.043745 0.045017
0.044137 0.046210
0.045364 0.045279
0.041811 0.041896
0.044054 0.040828
0.042991 0.038064
0.047341 0.044532
0.046847 0.047901
0.041257 0.041309
0.043420 0.044460
0.048886 0.049160
0.046757 0.047998
0.041238 0.041421
0.041405 0.040418
0.042748 0.045305
0.046701 0.049542
0.044847 0.045893
0.042788 0.045225
0.045097 0.045498
0.049837 0.055321
0.043877 0.045000
0.045825 0.047355
0.046294 0.048794
0.044215 0.045420
0.047433 0.045996
0.040383 0.039687
0.046661 0.047440
0.046559 0.048785
0.042176 0.042304
0.042519 0.042312
0.041487 0.036976
0.044817 0.046338
0.043814 0.046674
0.042330 0.044465
0.046032 0.046615
0.044616 0.046107
0.045834 0.050225
0.047588 0.053218
0.041973 0.043563
0.048519 0.051734
0.044332 0.046102
0.044514 0.045666
0.038620 0.038919
0.045926 0.049792
0.043006 0.044242
0.044821 0.047524
0.039437 0.038769
0.042195 0.044436
0.038264 0.036258
0.044221 0.046842
0.041948 0.043172
0.041246 0.042017
0.040292 0.039155
0.043522 0.045580
0.036405 0.035632
0.047075 0.049701
0.045180 0.044037
0.045027 0.046486
0.037692 0.035171
0.045858 0.048100
0.040519 0.039348
0.044073 0.043682
0.047137 0.044315
0.047849 0.047116
0.041987 0.039128
0.042775 0.039881
0.047092 0.043881
0.042831 0.040536
0.042169 0.041950
0.045339 0.045913
0.043662 0.042044
0.045187 0.046055
0.044625 0.044459
0.045725 0.047511
0.044542 0.044059
0.043270 0.042753
0.047379 0.046328
0.048683 0.048674
0.041519 0.038859
0.044137 0.042305
0.043621 0.043561
0.046116 0.047206
0.043182 0.041739
0.056820 0.055621
0.052422 0.041215
0.039808 0.035487
0.053875 0.045641
0.040838 0.036270
0.054135 0.046124
0.041714 0.036971
0.054369 0.046294
0.038925 0.035255
0.054891 0.048449
0.042431 0.037626
0.054892 0.048587
0.040470 0.035439
0.053984 0.046106
0.040221 0.036248
0.052702 0.045054
0.041429 0.037181
0.057310 0.050231
0.045964 0.042422
0.041647 0.037963
0.041203 0.038422
0.054136 0.049152
0.046937 0.044330
0.042152 0.038761
0.042915 0.039763
0.044226 0.036005
0.043358 0.039571
0.043397 0.041216
0.049379 0.042536
0.042949 0.039797
0.040330 0.037569
0.040972 0.038712
0.049314 0.045678
0.042304 0.041326
0.039996 0.037402
0.039214 0.035583
0.047294 0.043641
0.040804 0.039150
0.036456 0.033970
0.036547 0.033464
0.046583 0.044107
0.040976 0.041160
0.037380 0.033906
0.039273 0.036301
0.041094 0.038765
0.041950 0.042476
0.038689 0.038302
0.037841 0.036419
0.043811 0.040126
0.043579 0.039564
0.036856 0.036784
0.033850 0.033493
0.034043 0.033509
0.044319 0.045777
0.037721 0.038715
0.034068 0.034571
0.034062 0.033933
0.044266 0.044315
0.038547 0.038743
0.033831 0.031864
0.034181 0.030802
0.045245 0.042848
0.039614 0.039115
0.035570 0.031652
0.036810 0.034499
0.043378 0.039705
0.038099 0.036120
0.034717 0.032679
0.034192 0.032273
0.041748 0.038886
0.040055 0.038782
0.034732 0.031843
0.035615 0.033131
0.040148 0.034112
0.036878 0.029802
0.034590 0.032068
0.044480 0.041671
0.045924 0.044206
0.044192 0.044864
0.045418 0.045993
0.047184 0.046102
0.049950 0.052090
0.044151 0.044172
0.044191 0.044012
0.049980 0.049022
0.051717 0.054209
0.045188 0.045143
0.045085 0.044441
0.049688 0.049438
0.055150 0.056939
0.049511 0.051743
0.048943 0.051466
0.046266 0.046330
0.044508 0.044845
0.044849 0.039502
0.035934 0.030648
0.033813 0.026884
0.035658 0.032119
0.041801 0.041086
0.041382 0.042178
0.038033 0.036701
0.037550 0.036035
0.038857 0.039390
0.043748 0.045495
0.038884 0.038024
0.041531 0.042050
0.035644 0.035693
0.043227 0.045218
0.040289 0.040229
0.041536 0.042309
0.032206 0.031836
0.039179 0.041652
0.040053 0.042330
0.031943 0.032011
0.039165 0.041040
0.036511 0.031601
0.040697 0.039060
0.043916 0.044280
0.039877 0.038052
0.043125 0.043947
0.041594 0.039933
0.042169 0.041719
0.042760 0.040218
0.041471 0.039545
0.042055 0.040098
0.046117 0.046889
0.042279 0.040754
0.043231 0.041956
0.032748 0.030090
0.031064 0.030343
0.038653 0.040583
0.032691 0.032310
0.030837 0.030689
0.031609 0.031132
0.032531 0.031017
0.038717 0.040961
0.033421 0.033160
0.032769 0.031979
0.038015 0.039634
0.032334 0.031551
0.038012 0.038387
0.031805 0.028568
0.028210 0.026422
0.031719 0.028301
0.030454 0.027571
0.030538 0.027756
0.031129 0.029596
0.028460 0.026257
0.028306 0.026744
0.023645 0.018155
0.023980 0.014924
0.023938 0.014996
0.023901 0.014577
0.026252 0.026183
0.026226 0.026392
0.023855 0.019617
0.024473 0.017584
0.028010 0.026290
0.027905 0.028555
0.032406 0.030886
0.030134 0.033131
0.038446 0.037783
0.036164 0.040491
0.045711 0.039647
0.049125 0.053288
0.040952 0.044248
0.043121 0.042230
0.052887 0.047150
0.041289 0.038847
0.036625 0.032045
0.039346 0.036754
0.050966 0.048443
0.043682 0.042820
0.040902 0.037678
0.039593 0.036404
0.051165 0.047675
0.043840 0.042517
0.040309 0.037582
0.040343 0.036648
0.047601 0.042136
0.038677 0.034057
0.044471 0.037741
0.043737 0.041581
0.038940 0.035195
0.039822 0.036696
0.037886 0.037802
0.042427 0.040781
0.036738 0.037822
0.033561 0.033242
0.033657 0.032974
0.042745 0.042694
0.036761 0.038798
0.033030 0.032578
0.033143 0.032566
0.043672 0.043973
0.037229 0.039238
0.033441 0.032659
0.033811 0.032984
0.043907 0.044260
0.037762 0.040099
0.033655 0.033149
0.034483 0.033825
0.045132 0.046131
0.037410 0.039158
0.034257 0.033507
0.033198 0.032665
0.041848 0.042454
0.035716 0.036551
0.031915 0.031032
0.034586 0.034287
0.043127 0.044434
0.037839 0.040031
0.033949 0.033904
0.034139 0.033329
0.041787 0.041443
0.033482 0.032359
0.042810 0.043742
0.037008 0.038606
0.033534 0.032739
0.033548 0.032472
0.027484 0.026530
0.037845 0.034721
0.033835 0.032568
0.032145 0.026344
0.028111 0.027452
0.028079 0.027952
0.039534 0.034757
0.045748 0.044212
0.040554 0.037825
0.041677 0.041148
0.046943 0.045277
0.041907 0.041670
0.047044 0.044649
0.045561 0.046540
0.044433 0.044646
0.043324 0.043459
0.043913 0.041079
0.040679 0.040198
0.043952 0.040940
0.041125 0.041041
0.027320 0.026725
0.043410 0.040532
0.041516 0.040191
0.038882 0.034070
0.027750 0.029496
0.028617 0.030768
0.036180 0.034400
0.036434 0.034123
0.043544 0.043699
0.042648 0.044855
0.037311 0.037933
0.039322 0.040358
0.044860 0.046132
0.043156 0.045946
0.039595 0.041069
0.039150 0.039962
0.043272 0.044749
0.041476 0.044609
0.039064 0.041240
0.036914 0.038987
0.041813 0.043123
0.038388 0.040580
0.027226 0.028070
0.036307 0.035189
0.027800 0.029978
0.037081 0.038773
0.045089 0.046811
0.043377 0.046514
0.040951 0.044079
0.041931 0.043003
0.046648 0.048079
0.045039 0.048107
0.040576 0.041551
0.042886 0.044512
0.044253 0.045291
0.041559 0.043144
0.039479 0.035839
0.043299 0.043415
0.041784 0.045086
0.040879 0.043318
0.039538 0.038479
0.041823 0.039906
0.040480 0.041289
0.039382 0.041225
0.041340 0.040879
0.038476 0.041037
0.038544 0.039668
0.035064 0.038829
0.040307 0.044146
0.041556 0.046968
0.040411 0.043427
0.040915 0.043720
0.039083 0.041771
0.039367 0.041235
0.037344 0.038831
0.039350 0.042602
0.034293 0.037510
0.037732 0.039420
0.030211 0.034835
0.041210 0.048389
0.040600 0.045047
0.039745 0.049695
0.030138 0.035815
0.027695 0.031745
0.037149 0.049112
0.028175 0.030929
0.039418 0.048189
0.029384 0.031349
0.040369 0.046625
0.029795 0.031030
0.032586 0.036413
0.032564 0.035716
0.035863 0.038069
0.038999 0.047219
0.035929 0.039923
0.038752 0.043490
0.038355 0.041791
0.038398 0.041883
0.038127 0.042103
0.037644 0.039800
0.032040 0.032561
0.036141 0.038368
0.040143 0.041463
0.034619 0.031795
0.039081 0.038134
0.035711 0.037302
0.037313 0.038923
0.038160 0.042178
0.036538 0.038725
0.036844 0.038828
0.037961 0.039745
0.038912 0.042365
0.035699 0.037552
0.037053 0.037453
0.046855 0.046140
0.052304 0.048811
0.047283 0.047738
0.042665 0.044196
0.042987 0.043428
0.048266 0.045000
0.039588 0.039045
0.050731 0.050240
0.044853 0.045678
0.041729 0.041145
0.041686 0.040848
0.049393 0.046969
0.047398 0.048782
0.041125 0.041802
0.041183 0.041351
0.048950 0.050867
0.046967 0.049688
0.041881 0.041419
0.042026 0.041704
0.049006 0.048832
0.045141 0.046446
0.040801 0.040328
0.041639 0.041390
0.045471 0.043969
0.042210 0.041968
0.047996 0.047891
0.044232 0.045319
0.041384 0.041751
0.042250 0.042643
0.032159 0.032704
0.044181 0.045261
0.042753 0.042913
0.041376 0.037881
0.038772 0.039679
0.042033 0.045341
0.039287 0.041398
0.040502 0.041767
0.040702 0.042041
0.043426 0.046323
0.041219 0.042760
0.039425 0.041303
0.041261 0.040819
0.039208 0.040761
0.043276 0.043714
0.042632 0.045500
0.038645 0.040035
0.040175 0.042043
0.043211 0.044126
0.042716 0.043896
0.040459 0.043093
0.038453 0.039597
0.042012 0.044523
0.043779 0.047386
0.039745 0.040627
0.040296 0.040937
0.041490 0.041532
0.039973 0.041468
0.041080 0.042389
0.041719 0.043923
0.040874 0.043117
0.037112 0.038775
0.040115 0.041953
0.042441 0.046312
0.036969 0.037855
0.040104 0.042231
0.064975 0.064332
0.049882 0.042880
0.037352 0.032816
0.039367 0.038098
0.038670 0.038360
0.052294 0.049682
0.040580 0.037578
0.038461 0.037406
0.037668 0.035264
0.050944 0.047041
0.038867 0.037598
0.039432 0.038419
0.036804 0.035590
0.050191 0.046200
0.039437 0.036638
0.039757 0.038438
0.035295 0.031496
0.044208 0.038488
0.039389 0.037424
0.038471 0.036163
0.037607 0.035453
0.035526 0.029152
0.041807 0.039152
0.038942 0.036741
0.039658 0.036579
0.041687 0.037874
0.044095 0.041508
0.040655 0.041593
0.038693 0.039925
0.038760 0.040750
0.042992 0.044508
0.041750 0.045602
0.039487 0.041466
0.039544 0.041541
0.044590 0.045219
0.042638 0.045475
0.038944 0.040042
0.038377 0.039644
0.046015 0.047538
0.041503 0.044341
0.038551 0.039767
0.037213 0.037814
0.044655 0.047201
0.041931 0.045931
0.038285 0.040165
0.039533 0.040929
0.041916 0.042945
0.036621 0.037595
0.041575 0.040617
0.038587 0.038659
0.040839 0.041402
0.039302 0.039014
0.038613 0.036902
0.039565 0.039293
0.050396 0.050781
0.050026 0.043595
0.043157 0.042520
0.054318 0.053546
0.052696 0.054319
0.043173 0.042457
0.045884 0.045727
0.052154 0.051247
0.043887 0.044222
0.052446 0.051623
0.040696 0.039558
0.049446 0.046205
0.041669 0.041256
0.051957 0.050163
0.042589 0.041385
0.047921 0.045176
0.047889 0.049187
0.042458 0.042026
0.041457 0.040100
0.043258 0.043839
0.043464 0.046974
0.040837 0.043234
0.041509 0.043669
0.043188 0.044032
0.041836 0.043756
0.043760 0.043539
0.044696 0.048263
0.042793 0.042315
0.042759 0.042593
0.046090 0.043687
0.045809 0.046456
0.042000 0.040807
0.042487 0.041421
0.044455 0.042596
0.042478 0.041626
0.042592 0.040739
0.044560 0.045570
0.041444 0.039879
0.042326 0.041934
0.037337 0.031767
0.042632 0.040283
0.039899 0.038989
0.040795 0.038246
0.042008 0.041328
0.041760 0.039846
0.041489 0.041478
0.041434 0.039859
0.045654 0.046132
0.042169 0.042218
0.041164 0.040175
0.040741 0.039700
0.041996 0.041466
0.040642 0.036147
0.043379 0.041331
0.041523 0.040492
0.043971 0.041992
0.047108 0.046330
0.047628 0.050251
0.047696 0.050065
0.047014 0.046853
0.047446 0.051356
0.045381 0.046445
0.045278 0.046517
0.048241 0.047683
0.048105 0.051118
0.045294 0.046020
0.045206 0.044843
0.040221 0.037464
0.045478 0.043868
0.045021 0.044899
0.043595 0.043110
0.047573 0.050685
0.045439 0.047011
0.045327 0.046785
0.044526 0.044889
0.044504 0.045743
0.043914 0.043990
0.046467 0.048748
0.044378 0.044793
0.043592 0.044160
0.045077 0.044683
0.047433 0.049641
0.042750 0.043155
0.044410 0.044522
0.044537 0.044108
0.048220 0.050880
0.044467 0.045390
0.044843 0.045434
0.044845 0.045098
0.044492 0.045328
0.046217 0.046107
0.047639 0.050552
0.044905 0.045475
0.043967 0.043550
0.047338 0.046548
0.044649 0.044593
0.044524 0.044059
0.047599 0.048226
0.045302 0.044045
0.046137 0.046334
0.046892 0.046363
0.048533 0.050293
0.045656 0.045604
0.045603 0.044465
0.048896 0.047722
0.048247 0.048984
0.043743 0.043045
0.042493 0.042356
0.044093 0.041711
0.071615 0.071432
0.062244 0.058292
0.051099 0.047974
0.045812 0.043855
0.046382 0.042951
0.062229 0.061830
0.053400 0.052108
0.046368 0.043580
0.044865 0.042522
0.061427 0.060292
0.051975 0.050276
0.045488 0.042832
0.045259 0.043240
0.060807 0.061913
0.050382 0.049692
0.044707 0.042446
0.045757 0.043752
0.058786 0.056717
0.051034 0.048870
0.044282 0.041852
0.045521 0.043960
0.056380 0.055128
0.051037 0.051488
0.045544 0.044138
0.044643 0.042882
0.049638 0.044712
0.050826 0.051614
0.043604 0.042113
0.044158 0.039342
0.050215 0.046887
0.048525 0.048193
0.045558 0.044611
0.045309 0.043776
0.050022 0.048271
0.048886 0.049263
0.045206 0.043347
0.044647 0.042576
0.051178 0.047375
0.044181 0.041969
0.053135 0.051443
0.047855 0.046670
0.043530 0.040997
0.043361 0.040469
0.053603 0.051571
0.046158 0.044718
0.044144 0.041503
0.041417 0.038286
0.054196 0.050360
0.046606 0.045282
0.042760 0.040153
0.041987 0.039557
0.055288 0.053220
0.045426 0.042841
0.043281 0.040867
0.042111 0.038066
0.054248 0.050999
0.044748 0.042515
0.042022 0.038521
0.041880 0.038172
0.054003 0.050271
0.044561 0.044260
0.041293 0.039232
0.041876 0.040530
0.052086 0.051913
0.045381 0.045995
0.041856 0.040222
0.042260 0.041097
0.052650 0.050384
0.044142 0.043732
0.040857 0.039780
0.040820 0.039737
0.049820 0.046952
0.039724 0.038395
0.052130 0.050075
0.045710 0.046078
0.041209 0.040918
0.040966 0.039924
0.028645 0.028702
0.044251 0.041212
0.041909 0.040042
0.038671 0.033537
0.028740 0.030489
0.028759 0.031129
0.027556 0.030466
0.031209 0.031974
0.038168 0.041754
0.038583 0.041393
0.039767 0.046176
0.039108 0.041382
0.041471 0.046934
0.041244 0.048468
0.036106 0.037558
0.043203 0.050849
0.042914 0.048248
0.041397 0.042926
0.040214 0.040420
0.040257 0.042497
0.040956 0.041512
0.041839 0.043057
0.041669 0.042987
0.043322 0.045230
0.027946 0.028363
0.040437 0.041651
0.028262 0.030413
0.028854 0.031737
0.045485 0.042755
0.048593 0.050131
0.049301 0.052936
0.044713 0.047155
0.047221 0.052253
0.051433 0.056051
0.046612 0.049086
0.050929 0.051249
0.048907 0.052388
0.046629 0.049737
0.046619 0.050207
0.046191 0.046765
0.029005 0.028821
0.044630 0.044574
0.045455 0.048236
0.029254 0.031460
0.036056 0.031957
0.040067 0.039477
0.036509 0.034195
0.040206 0.041871
0.041156 0.043873
0.038200 0.037472
0.040533 0.044125
0.041942 0.044889
0.034747 0.034828
0.042191 0.046846
0.042535 0.047560
0.034576 0.035023
0.040540 0.044782
0.034405 0.033900
0.039730 0.041787
0.040482 0.043096
0.039824 0.039948
0.038007 0.039478
0.042315 0.046132
0.035598 0.034812
0.039627 0.040871
0.037004 0.038077
0.039845 0.041359
0.038258 0.040225
0.041645 0.042477
0.038164 0.040905
0.044136 0.045786
0.042922 0.046062
0.038986 0.041914
0.037479 0.039588
0.042416 0.044643
0.041614 0.045316
0.038109 0.039574
0.039175 0.040329
0.044574 0.039121
0.046941 0.046314
0.042691 0.042093
0.043587 0.044957
0.052046 0.053321
0.043640 0.046786
0.044279 0.049599
0.052334 0.055238
0.048117 0.053042
0.042573 0.045404
0.043413 0.045435
0.048532 0.047358
0.048546 0.051986
0.043565 0.044953
0.049240 0.047004
0.047376 0.041803
0.040675 0.039284
0.050996 0.049262
0.043170 0.043513
0.038655 0.037573
0.040587 0.041138
0.047334 0.046010
0.043729 0.045025
0.039447 0.038949
0.040001 0.039129
0.036080 0.031766
0.040404 0.040113
0.040912 0.041783
0.036862 0.034850
0.040789 0.042530
0.043808 0.048615
0.039539 0.040790
0.043387 0.045024
0.039344 0.041176
0.042590 0.044353
0.039197 0.040880
0.042201 0.042996
0.038056 0.038676
0.037593 0.036258
0.040941 0.039435
0.045962 0.047681
0.047234 0.051492
0.041492 0.043845
0.042821 0.045554
0.046677 0.049462
0.046709 0.051447
0.041870 0.045199
0.041786 0.044547
0.035548 0.035009
0.046569 0.047975
0.041814 0.044060
0.039419 0.036810
0.044725 0.045374
0.042736 0.046377
0.037236 0.039725
0.037996 0.039978
0.045680 0.048465
0.040911 0.042721
0.035599 0.035165
0.036324 0.037010
0.033763 0.031128
0.038714 0.037354
0.037097 0.036942
0.033311 0.032927
0.038976 0.042336
0.034662 0.039432
0.035770 0.039637
0.041684 0.045792
0.036922 0.040282
0.034571 0.035041
0.034610 0.035812
0.040037 0.044763
0.037408 0.041774
0.034315 0.034482
0.033875 0.034591
0.040940 0.044924
0.037433 0.042072
0.034777 0.034739
0.033460 0.033605
0.040964 0.043072
0.035956 0.039507
0.033650 0.033712
0.034628 0.034676
0.039826 0.042675
0.036149 0.040035
0.033730 0.033936
0.033568 0.034465
0.034977 0.036048
0.035876 0.039556
0.033776 0.033168
0.034252 0.034819
0.045343 0.048384
0.046308 0.043583
0.041321 0.042513
0.038053 0.038155
0.037144 0.036975
0.045799 0.046692
0.040764 0.043558
0.036160 0.037117
0.035763 0.036051
0.045905 0.048472
0.040946 0.043867
0.036480 0.036791
0.037182 0.037414
0.045140 0.047289
0.039858 0.042590
0.036247 0.034655
0.036129 0.033472
0.044494 0.044320
0.039446 0.039766
0.034994 0.032985
0.035441 0.033663
0.043725 0.043735
0.040067 0.040583
0.035075 0.033410
0.036075 0.034890
0.044000 0.043526
0.040580 0.039865
0.035627 0.034468
0.036062 0.034159
0.043175 0.042293
0.040989 0.041219
0.036504 0.034423
0.037020 0.035339
0.037710 0.034529
0.039756 0.041400
0.036002 0.035055
0.023270 0.019515
0.024135 0.014741
0.024120 0.015030
0.024112 0.014914
0.026551 0.021962
0.025287 0.022491
0.025094 0.020248
0.026946 0.024954
0.031436 0.032079
0.034948 0.034670
0.030143 0.031814
0.043574 0.044960
0.040642 0.040514
0.048570 0.047212
0.040811 0.038596
0.037001 0.034108
0.038032 0.035707
0.048901 0.046973
0.040857 0.039436
0.038645 0.036902
0.036400 0.034304
0.048410 0.046386
0.039604 0.038733
0.033875 0.032723
0.033879 0.032430
0.044387 0.042003
0.033622 0.031797
0.046958 0.045182
0.040864 0.040384
0.035626 0.034162
0.036584 0.035117
0.046924 0.044566
0.041303 0.040028
0.037014 0.035354
0.037869 0.035778
0.040817 0.037780
0.039955 0.041191
0.034671 0.032843
0.036975 0.032082
0.034327 0.027200
0.034075 0.029496
0.045596 0.042789
0.040481 0.038658
0.036008 0.034148
0.037209 0.034491
0.045304 0.042580
0.040198 0.038374
0.033747 0.032111
0.036084 0.034301
0.046717 0.044128
0.039919 0.038335
0.035111 0.033213
0.035700 0.033813
0.046406 0.043590
0.040139 0.038553
0.034797 0.033546
0.034814 0.032595
0.044893 0.041787
0.037937 0.036778
0.032378 0.031003
0.033941 0.032419
0.045535 0.043604
0.040675 0.039375
0.035447 0.033800
0.036508 0.034288
0.047254 0.044978
0.041303 0.040286
0.036805 0.034833
0.038860 0.035825
0.044509 0.041519
0.039237 0.039139
0.034011 0.035025
0.036499 0.037538
0.043461 0.042566
0.037598 0.037258
0.045511 0.045908
0.041428 0.041944
0.036547 0.037253
0.035806 0.036177
0.045424 0.045665
0.037627 0.039699
0.033364 0.034873
0.032652 0.034179
0.045437 0.046643
0.040159 0.042395
0.033471 0.034999
0.033553 0.034758
0.045376 0.048029
0.041569 0.043624
0.035311 0.035741
0.038844 0.038909
0.045580 0.046248
0.041396 0.042832
0.036607 0.037691
0.036538 0.037271
0.046475 0.050420
0.042305 0.044236
0.036285 0.036414
0.037406 0.038869
0.045683 0.044881
0.037934 0.037973
0.035821 0.037121
0.033500 0.034451
0.045148 0.045722
0.040210 0.041854
0.034702 0.036260
0.035296 0.037075
0.022496 0.023949
0.036730 0.032262
0.035596 0.036832
0.033492 0.030465
0.029177 0.028084
0.028417 0.028939
0.027002 0.028404
0.026606 0.028917
0.026048 0.027425
0.025433 0.026700
0.027201 0.030736
0.027186 0.033368
0.027091 0.033940
0.026953 0.028374
0.028301 0.028055
0.027969 0.030242
0.026747 0.032522
0.026685 0.032048
0.027026 0.032154
0.027078 0.032158
0.028344 0.028171
0.028161 0.029806
0.027089 0.032827
0.027234 0.032149
0.027099 0.032764
0.027161 0.031761
0.028493 0.027729
0.027921 0.030586
0.027001 0.028539
0.028107 0.028789
0.028335 0.027282
0.028269 0.034580
0.027752 0.033166
0.027542 0.032286
0.027570 0.028638
0.049682 0.042798
0.054182 0.054721
0.046322 0.045740
0.044868 0.044067
0.050229 0.047095
0.054896 0.050903
0.051203 0.048174
0.056613 0.054385
0.042025 0.041766
0.054956 0.049732
0.052259 0.047408
0.054190 0.049138
0.053691 0.048970
0.054509 0.050348
0.054099 0.051534
0.055431 0.052744
0.053814 0.050985
0.055762 0.051479
0.054100 0.050145
0.056370 0.051537
0.055472 0.051740
0.056287 0.051805
0.055282 0.051321
0.056219 0.051823
0.055948 0.051717
0.056319 0.051781
0.055335 0.051287
0.056196 0.051807
0.055391 0.051560
0.055473 0.050666
0.054063 0.049586
0.022736 0.023862
0.049618 0.048773
0.044581 0.043371
0.023614 0.024297
0.025099 0.018307
0.027144 0.024107
0.024802 0.017166
0.024554 0.024159
0.026858 0.029017
0.028418 0.030658
0.033851 0.036201
0.032471 0.042472
0.040480 0.046566
0.043829 0.049689
0.040619 0.042606
0.047502 0.051014
0.033823 0.046871
0.040550 0.042200
0.040943 0.043421
0.047476 0.052564
0.027783 0.048341
0.039342 0.042900
0.039096 0.041184
0.047109 0.052122
0.042696 0.048768
0.038200 0.040645
0.039740 0.042177
0.047041 0.049410
0.042952 0.046308
0.039636 0.040469
0.041277 0.041596
0.035318 0.034179
0.041836 0.041204
0.040558 0.041122
0.038290 0.034969
0.040702 0.044063
0.045377 0.054946
0.041510 0.049316
0.043838 0.051272
0.046238 0.049803
0.045780 0.044861
0.046305 0.046845
0.045232 0.048227
0.048315 0.053648
0.048768 0.057787
0.043617 0.048619
0.045867 0.049319
0.050738 0.052739
0.048082 0.055164
0.044610 0.049483
0.050306 0.052330
0.047212 0.050066
0.047713 0.052263
0.052767 0.053132
0.047293 0.050955
0.044577 0.044810
0.044327 0.041062
0.050995 0.050669
0.048128 0.048822
0.042165 0.038843
0.042447 0.039054
0.045150 0.042728
0.043555 0.040129
0.052747 0.049975
0.044243 0.044082
0.041084 0.040716
0.037262 0.036159
0.038326 0.036285
0.044498 0.047480
0.043048 0.043570
0.036657 0.035125
0.039591 0.037253
0.044340 0.045337
0.042945 0.042606
0.038466 0.036364
0.038836 0.036397
0.044571 0.045074
0.041245 0.040837
0.038114 0.036331
0.037757 0.035821
0.041754 0.039228
0.038628 0.036858
0.022973 0.019323
0.023740 0.015056
0.042143 0.033664
0.042715 0.034359
0.026310 0.021986
0.026208 0.022089
0.023783 0.013266
0.029684 0.028403
0.033875 0.034452
0.038704 0.040091
0.051651 0.051170
0.035574 0.040926
0.033859 0.036249
0.049834 0.054214
0.035628 0.033318
0.031107 0.029939
0.030202 0.029613
0.043767 0.044377
0.031321 0.033371
0.027841 0.027574
0.029218 0.029416
0.043810 0.045558
0.034789 0.036149
0.028115 0.028223
0.029435 0.028762
0.041797 0.042230
0.035127 0.036677
0.028439 0.028777
0.028950 0.028675
0.040433 0.036664
0.034782 0.030495
0.029053 0.028375
0.031443 0.024485
0.038789 0.038140
0.042260 0.044730
0.038688 0.038393
0.039496 0.041223
0.039049 0.040098
0.039618 0.040559
0.038176 0.038665
0.037978 0.037654
0.039106 0.039466
0.041404 0.042279
0.038189 0.038165
0.039186 0.039274
0.041485 0.041908
0.042842 0.045174
0.040212 0.039675
0.040840 0.041910
0.040849 0.041534
0.042196 0.043331
0.039384 0.039615
0.039742 0.038778
0.042459 0.042943
0.044905 0.046523
0.039432 0.039279
0.041324 0.042297
0.041190 0.039308
0.022042 0.019624
0.023190 0.014952
0.023191 0.014910
0.023188 0.014922
0.025854 0.022060
0.024425 0.020902
0.024245 0.019013
0.025578 0.018676
0.026480 0.024925
0.027340 0.023792
0.028521 0.029130
0.030642 0.028448
0.029731 0.034869
0.039022 0.039014
0.038848 0.042384
0.033419 0.035060
0.034597 0.034718
0.042849 0.043988
0.039210 0.038654
0.034795 0.034897
0.035633 0.034385
0.041145 0.043096
0.038640 0.040854
0.033948 0.033211
0.033668 0.032563
0.039981 0.034451
0.036946 0.033324
0.035379 0.032927
0.042318 0.038970
0.044347 0.042619
0.042049 0.043655
0.044242 0.044950
0.047025 0.047373
0.047389 0.048232
0.044364 0.043060
0.044171 0.044122
0.037180 0.034215
0.040705 0.036426
0.039194 0.038642
0.045823 0.047243
0.038190 0.038117
0.038134 0.037685
0.039599 0.039863
0.045643 0.050761
0.039125 0.040665
0.038641 0.039837
0.046629 0.045985
0.044185 0.044818
0.030006 0.041079
0.039600 0.037543
0.045626 0.044528
0.041660 0.039622
0.037775 0.036855
0.037692 0.035933
0.044185 0.043928
0.041301 0.040792
0.036371 0.034301
0.035724 0.033616
0.039684 0.033428
0.037851 0.033600
0.038457 0.038893
0.038499 0.038176
0.033362 0.027325
0.041961 0.040728
0.036075 0.038105
0.034929 0.036438
0.035001 0.037004
0.034140 0.032787
0.041050 0.043961
0.037299 0.040234
0.035634 0.037382
0.033980 0.036920
0.036019 0.035184
0.040825 0.042988
0.040545 0.042572
0.035914 0.037546
0.036847 0.039229
0.037102 0.038886
0.036814 0.039418
0.030852 0.027938
0.039208 0.033761
0.036153 0.035513
0.032212 0.027134
0.033707 0.031861
0.036001 0.037693
0.035219 0.033607
0.035486 0.034439
0.035823 0.035547
0.039479 0.041470
0.035571 0.035102
0.040277 0.042664
0.034687 0.030530
0.036237 0.035661
0.041882 0.043509
0.034640 0.033726
0.040119 0.043548
0.033915 0.032808
0.039534 0.041175
0.034058 0.032800
0.040016 0.042509
0.036889 0.035908
0.039930 0.040876
0.037368 0.034704
0.089493 0.073402
0.043663 0.041887
0.053455 0.053604
0.046037 0.044904
0.046222 0.046693
0.053820 0.061343
0.045089 0.047821
0.056613 0.067879
0.051637 0.059193
0.045905 0.048026
0.046438 0.049635
0.053669 0.063631
0.045496 0.047773
0.041367 0.033884
0.050305 0.053570
0.048831 0.054897
0.048188 0.052368
0.042038 0.037975
0.043237 0.042336
0.040605 0.039253
0.042658 0.043217
0.043747 0.042161
0.041752 0.040684
0.042989 0.044337
0.045532 0.047730
0.041829 0.041145
0.041249 0.040957
0.043166 0.045066
0.045482 0.048611
0.041419 0.041791
0.040515 0.040882
0.043461 0.045569
0.043649 0.045313
0.039933 0.039531
0.041819 0.042126
0.043433 0.043908
0.040506 0.040767
0.044257 0.044753
0.044193 0.046115
0.040363 0.039708
0.041724 0.041552
0.044711 0.045903
0.045119 0.046327
0.042927 0.043617
0.043269 0.042924
0.041832 0.039353
0.049955 0.047479
0.047484 0.042465
0.040917 0.038351
0.039799 0.037645
0.039632 0.037421
0.048647 0.048264
0.043559 0.042796
0.040001 0.038442
0.039869 0.037494
0.047562 0.045341
0.038397 0.035488
0.049525 0.047655
0.043583 0.042642
0.039978 0.036995
0.039323 0.036571
0.048692 0.047540
0.042662 0.041513
0.039306 0.036732
0.039642 0.036556
0.044658 0.041344
0.041391 0.039654
0.037862 0.035149
0.037821 0.034955
0.028794 0.026954
0.036002 0.029837
0.035410 0.033208
0.034904 0.032796
0.031203 0.030326
0.037945 0.036341
0.032744 0.032100
0.039323 0.036827
0.031819 0.030639
0.037040 0.035657
0.039571 0.037820
0.035259 0.034865
0.040416 0.039504
0.037036 0.036258
0.039454 0.037897
0.038958 0.037415
0.039508 0.037958
0.040443 0.038908
0.042473 0.042257
0.037934 0.036804
0.038345 0.036983
0.040695 0.040447
0.041653 0.042174
0.039326 0.037240
0.039851 0.038859
0.039301 0.038697
0.042438 0.042109
0.039339 0.037496
0.039516 0.038396
0.039359 0.037730
0.041025 0.041616
0.038969 0.038298
0.039228 0.039073
0.046319 0.043999
0.045337 0.039368
0.040076 0.037382
0.039159 0.035884
0.039169 0.035400
0.045724 0.043930
0.041596 0.039877
0.038806 0.035421
0.039414 0.035696
0.044619 0.044332
0.042148 0.040140
0.039621 0.036844
0.039803 0.036991
0.045993 0.045368
0.040663 0.039437
0.037294 0.034835
0.038208 0.035211
0.044560 0.043745
0.039881 0.038061
0.036051 0.034105
0.036237 0.033437
0.042724 0.041464
0.040287 0.038017
0.034729 0.033049
0.035411 0.033009
0.038386 0.035702
0.039075 0.039652
0.031987 0.031754
0.021421 0.019334
0.022200 0.015813
0.022108 0.014646
0.029429 0.028209
0.022884 0.016055
0.024630 0.021316
0.027006 0.026779
0.035501 0.038276
0.028943 0.030635
0.042941 0.048477
0.031984 0.032165
0.048760 0.056942
0.034207 0.031891
0.054098 0.060220
0.038150 0.034778
0.037501 0.036705
0.035590 0.033822
0.048953 0.052649
0.038792 0.037533
0.033812 0.032732
0.035538 0.033525
0.048163 0.051419
0.038762 0.037666
0.033724 0.032997
0.035510 0.033443
0.047634 0.049745
0.038857 0.038126
0.034048 0.032355
0.035135 0.033627
0.047048 0.048983
0.037931 0.037252
0.032841 0.032036
0.035330 0.033801
0.045012 0.046005
0.038702 0.037796
0.032851 0.032068
0.033335 0.032558
0.040476 0.039300
0.038244 0.037204
0.032731 0.031402
0.033989 0.032777
0.034774 0.030824
0.034211 0.033349
0.047840 0.042016
0.038486 0.037242
0.035841 0.036965
0.032675 0.032782
0.033550 0.033931
0.037661 0.037480
0.034317 0.034816
0.040502 0.041615
0.039280 0.042744
0.034847 0.036146
0.034751 0.036461
0.037779 0.037170
0.040599 0.044533
0.036695 0.037659
0.036687 0.039247
0.038816 0.039265
0.038217 0.041115
0.037033 0.039757
0.034901 0.034479
0.038501 0.039942
0.039008 0.041745
0.034691 0.035542
0.035465 0.035736
0.033369 0.031821
0.049664 0.044833
0.044876 0.041503
0.040835 0.039727
0.038114 0.036598
0.038864 0.036240
0.046158 0.045676
0.042319 0.040081
0.039614 0.036516
0.040846 0.037186
0.047144 0.046730
0.042698 0.040489
0.040218 0.036783
0.038883 0.035267
0.047123 0.045743
0.041189 0.038633
0.034835 0.032870
0.034266 0.032330
0.046168 0.045637
0.039517 0.038093
0.033609 0.031921
0.033095 0.031478
0.044315 0.041974
0.038942 0.037918
0.033637 0.032667
0.033813 0.032260
0.038162 0.034711
0.041441 0.041869
0.034359 0.033608
0.064943 0.061511
0.050671 0.054209
0.043967 0.051528
0.039240 0.044282
0.038857 0.042553
0.048701 0.058988
0.044529 0.050599
0.038808 0.042120
0.039949 0.042815
0.048446 0.055657
0.044484 0.048829
0.039122 0.042038
0.041174 0.044119
0.048728 0.056104
0.045020 0.050050
0.040921 0.042928
0.039374 0.042690
0.045876 0.050177
0.040760 0.046716
0.040372 0.046367
0.039314 0.047682
0.037755 0.041249
0.041558 0.042227
0.055938 0.051680
0.050133 0.050426
0.043960 0.048061
0.040297 0.042158
0.041743 0.042186
0.047996 0.051882
0.042894 0.045622
0.040471 0.039558
0.040722 0.040439
0.047861 0.049100
0.043129 0.043682
0.040490 0.038541
0.040066 0.039836
0.043430 0.042741
0.041128 0.039735
0.041297 0.039497
0.045005 0.045135
0.039983 0.039900
0.039813 0.038251
0.035421 0.034395
0.036213 0.036334
0.032412 0.036552
0.038599 0.040173
0.032297 0.036176
0.038441 0.040041
0.029719 0.032267
0.040404 0.042945
0.035269 0.038347
0.029154 0.032516
0.029523 0.033108
0.039329 0.041453
0.029905 0.033794
0.037299 0.039437
0.030094 0.033216
0.042760 0.040835
0.046397 0.046219
0.044409 0.045086
0.047349 0.051614
0.045705 0.048446
0.043322 0.045130
0.044354 0.045666
0.045474 0.052146
0.042730 0.046801
0.044753 0.048117
0.040893 0.045249
0.044838 0.049527
0.043161 0.046714
0.044386 0.046600
0.042169 0.044088
0.046069 0.048254
0.041863 0.045023
0.044955 0.048746
0.043730 0.047362
0.046368 0.049818
0.041738 0.044672
0.046663 0.049544
0.042480 0.044746
0.049422 0.052343
0.048090 0.054415
0.044195 0.047180
0.043882 0.046759
0.048319 0.047336
0.047720 0.048304
0.043796 0.044309
0.040190 0.037341
0.048139 0.049430
0.044525 0.045568
0.036965 0.038110
0.045970 0.046886
0.036919 0.038808
0.046589 0.048818
0.034182 0.036387
0.041686 0.044332
0.034796 0.036406
0.043087 0.046529
0.044720 0.043499
0.043173 0.047662
0.043961 0.045508
0.040190 0.044164
0.042169 0.045123
0.045560 0.048999
0.041725 0.045409
0.042848 0.045617
0.046660 0.043824
0.038221 0.036151
0.046127 0.047534
0.042721 0.046076
0.042274 0.047613
0.050664 0.055378
0.030655 0.042348
0.042724 0.047426
0.033421 0.035200
0.033115 0.036165
0.029963 0.032044
0.038673 0.040428
0.036882 0.039257
0.046967 0.049541
0.041634 0.043292
0.038754 0.041084
0.050275 0.052725
0.040624 0.042727
0.042512 0.045121
0.040894 0.044885
0.039269 0.037890
0.037408 0.035345
0.040375 0.041962
0.044075 0.047185
0.036974 0.044463
0.034755 0.040984
0.044331 0.048742
0.041071 0.044700
0.036504 0.039558
0.035759 0.038567
0.040935 0.045018
0.039168 0.042536
0.033480 0.035825
0.034426 0.036202
0.040204 0.035659
0.036426 0.033704
0.033728 0.032049
0.037375 0.036637
0.043930 0.044587
0.039803 0.040080
0.035438 0.036799
0.034863 0.036045
0.044129 0.047470
0.041571 0.044264
0.034841 0.035746
0.037177 0.039547
0.044555 0.047978
0.042048 0.044986
0.037371 0.039653
0.038273 0.040069
0.044193 0.046262
0.042126 0.043111
0.036835 0.038683
0.034964 0.036561
0.040208 0.041718
0.042032 0.043740
0.035431 0.037770
0.035441 0.036938
0.040490 0.041900
0.037862 0.041288
0.036514 0.039631
0.044443 0.047526
0.038146 0.039496
0.045605 0.050065
0.041010 0.042776
0.042375 0.045406
0.041554 0.046210
0.040804 0.046049
0.042475 0.047499
0.034915 0.037470
0.031683 0.036162
0.040383 0.045657
0.033500 0.037034
0.041876 0.045844
0.041636 0.045368
0.037326 0.039823
0.044411 0.046955
0.041566 0.044329
0.042743 0.046351
0.042384 0.045716
0.043949 0.047767
0.042486 0.047743
0.045001 0.050878
0.048212 0.047553
0.045278 0.046909
0.047941 0.052310
0.037782 0.040914
0.052321 0.060283
0.046123 0.050535
0.043363 0.045271
0.031494 0.033573
0.033904 0.036501
0.028347 0.030357
0.032711 0.036308
0.032007 0.035008
0.034517 0.037656
0.038080 0.043974
0.039398 0.046824
0.038492 0.042573
0.040573 0.037011
0.040884 0.041320
0.038815 0.040799
0.034894 0.036218
0.036611 0.038656
0.041393 0.047403
0.039825 0.045090
0.036126 0.039090
0.036173 0.038526
0.042526 0.047525
0.040496 0.044375
0.034655 0.036748
0.036862 0.039361
0.042059 0.044769
0.040217 0.042152
0.036544 0.039141
0.036294 0.039101
0.041515 0.046437
0.041629 0.044684
0.038664 0.040619
0.039134 0.040986
0.040302 0.040926
0.040177 0.041131
0.036142 0.037803
0.036241 0.036389
0.038780 0.041424
0.034701 0.036568
0.022554 0.020944
0.035667 0.037713
0.033968 0.035853
0.022949 0.015724
0.023877 0.022374
0.023946 0.018456
0.025620 0.026158
0.023676 0.017973
0.026967 0.028362
0.029809 0.031660
0.034542 0.035929
0.041988 0.043022
0.035342 0.039525
0.049940 0.052170
0.044038 0.045490
0.043781 0.048217
0.039576 0.040239
0.042048 0.040662
0.054265 0.044080
0.043406 0.041463
0.042816 0.046963
0.038503 0.039875
0.048071 0.042071
0.042960 0.045496
0.044464 0.048626
0.039051 0.041150
0.039461 0.040349
0.043300 0.047029
0.044792 0.047925
0.038789 0.041450
0.040471 0.041347
0.041992 0.043599
0.043599 0.045140
0.039196 0.040182
0.039779 0.040090
0.038864 0.041255
0.041743 0.041524
0.038858 0.037298
0.039550 0.037916
0.039484 0.038950
0.040960 0.042114
0.038060 0.036922
0.039538 0.038106
0.039619 0.038659
0.039431 0.038046
0.040191 0.037430
0.039635 0.038648
0.036560 0.034569
0.036358 0.031238
0.040113 0.039927
0.038673 0.039167
0.040648 0.040134
0.039424 0.039546
0.040924 0.042383
0.037424 0.037997
0.041752 0.043535
0.036336 0.037113
0.043226 0.045176
0.041791 0.043458
0.035454 0.035505
0.036514 0.036596
0.042222 0.045055
0.040495 0.042783
0.035230 0.035437
0.036106 0.035927
0.039523 0.034092
0.039943 0.036838
0.036061 0.035437
0.039535 0.034345
0.045249 0.042937
0.043031 0.043137
0.040438 0.042401
0.040800 0.041417
0.042042 0.040083
0.043016 0.040975
0.042591 0.043721
0.042669 0.043169
0.041958 0.043664
0.041698 0.040726
0.037949 0.034875
0.037992 0.032484
0.039755 0.038603
0.041429 0.041446
0.038008 0.036603
0.038826 0.037905
0.039134 0.039355
0.040049 0.042110
0.038023 0.040674
0.037858 0.039261
0.037691 0.040735
0.039330 0.042433
0.037772 0.038988
0.038956 0.040345
0.035379 0.037937
0.038741 0.042320
0.033948 0.035055
0.038868 0.041025
0.034687 0.038055
0.039028 0.041548
0.034319 0.036892
0.037661 0.041043
0.035751 0.038833
0.039099 0.042465
0.035781 0.038397
0.042865 0.045284
0.034108 0.036653
0.042539 0.045400
0.054235 0.047113
0.065224 0.052186
0.059244 0.058509
0.052192 0.052282
0.052487 0.053555
0.058395 0.063327
0.058652 0.059282
0.050505 0.051353
0.049010 0.049539
0.051469 0.055402
0.058668 0.057408
0.049738 0.049733
0.049873 0.050372
0.034207 0.033681
0.033151 0.032701
0.038744 0.038102
0.033145 0.032827
0.034460 0.033225
0.044227 0.048497
0.042486 0.043157
0.042639 0.042243
0.042681 0.043430
0.046613 0.047290
0.046016 0.049968
0.042335 0.043711
0.041258 0.043404
0.046661 0.048262
0.044617 0.046964
0.044267 0.048212
0.044670 0.047091
0.043691 0.043747
0.045713 0.047396
0.041968 0.045384
0.041937 0.045049
0.047868 0.051584
0.045353 0.049052
0.040618 0.042693
0.038772 0.039707
0.043853 0.046389
0.045732 0.050813
0.040052 0.043738
0.041551 0.040924
0.042029 0.041716
0.040935 0.043074
0.036966 0.038969
0.038357 0.037944
0.045059 0.044219
0.042016 0.040497
0.038004 0.037263
0.037523 0.035822
0.043557 0.043317
0.040874 0.039102
0.034874 0.033665
0.036334 0.034965
0.042877 0.042520
0.041669 0.039717
0.035656 0.034258
0.037159 0.036094
0.043800 0.042160
0.041993 0.040009
0.036861 0.036140
0.036196 0.034587
0.041617 0.039717
0.035779 0.033780
0.022540 0.018311
0.022948 0.014077
0.038453 0.030485
0.040388 0.032379
0.025602 0.021750
0.024261 0.021495
0.025094 0.024145
0.030362 0.028760
0.028237 0.029562
0.040067 0.044517
0.027758 0.031441
0.045428 0.049638
0.028814 0.031612
0.053312 0.055851
0.040251 0.037527
0.031120 0.033238
0.030300 0.032297
0.050340 0.052608
0.032182 0.035020
0.028559 0.031286
0.030099 0.033040
0.049681 0.053717
0.035212 0.036710
0.028381 0.031958
0.030463 0.033880
0.050228 0.054004
0.037580 0.040165
0.028066 0.031379
0.030694 0.034256
0.048792 0.053481
0.036427 0.040469
0.028569 0.030490
0.029825 0.033594
0.048793 0.049984
0.037344 0.039010
0.029425 0.031584
0.029231 0.031394
0.047153 0.050468
0.036266 0.040181
0.028571 0.032065
0.028899 0.032528
0.036973 0.038659
0.034813 0.037908
0.028440 0.031720
0.030996 0.033266
0.047745 0.040766
0.032239 0.024779
0.029216 0.025053
0.043677 0.043340
0.035889 0.036867
0.030759 0.030302
0.030841 0.029713
0.043110 0.044459
0.036048 0.038301
0.032429 0.032922
0.032807 0.033615
0.043913 0.044117
0.035421 0.036054
0.030363 0.029794
0.030779 0.029448
0.042353 0.043482
0.035571 0.036932
0.031255 0.030780
0.031205 0.030531
0.037850 0.032066
0.036175 0.030308
0.034848 0.035835
0.032064 0.034195
0.032629 0.027425
0.040266 0.040253
0.036283 0.037738
0.035162 0.035150
0.041494 0.044531
0.038995 0.042120
0.035213 0.034433
0.035455 0.034142
0.042769 0.045431
0.038347 0.040994
0.034763 0.033827
0.034380 0.033208
0.042922 0.044852
0.036161 0.037270
0.034241 0.033037
0.033037 0.031809
0.041662 0.043768
0.037625 0.038668
0.032437 0.031215
0.033121 0.032001
0.041654 0.042323
0.036306 0.037300
0.032059 0.031067
0.033071 0.032009
0.042004 0.043017
0.036965 0.038188
0.031205 0.030402
0.031983 0.031546
0.041284 0.041771
0.037255 0.038369
0.032124 0.030996
0.032965 0.031832
0.037327 0.035321
0.035523 0.037407
0.033032 0.034911
0.032954 0.035292
0.033574 0.032585
0.051763 0.052387
0.046294 0.043040
0.036457 0.036536
0.028316 0.029202
0.029628 0.029566
0.046355 0.049156
0.035753 0.037740
0.030576 0.030769
0.031013 0.030480
0.044769 0.045308
0.030151 0.032297
0.045533 0.050127
0.036185 0.039262
0.030173 0.032863
0.030377 0.032855
0.043711 0.047333
0.030404 0.032576
0.045172 0.050511
0.034935 0.038522
0.030420 0.032626
0.030312 0.032263
0.043907 0.047293
0.034891 0.038773
0.029918 0.031933
0.030023 0.032838
0.043150 0.046186
0.031154 0.034647
0.040928 0.044852
0.034417 0.037200
0.029936 0.032835
0.029550 0.031912
0.034986 0.037076
0.030142 0.034592
0.047221 0.051090
0.042927 0.042786
0.038229 0.041527
0.032343 0.035248
0.032710 0.034443
0.042361 0.047953
0.036988 0.043479
0.031310 0.034558
0.031517 0.034922
0.042013 0.048048
0.037040 0.043136
0.031724 0.035010
0.031286 0.034237
0.041824 0.047251
0.035930 0.041967
0.031307 0.034171
0.031681 0.034689
0.041431 0.047403
0.037310 0.042485
0.032054 0.035039
0.032557 0.035514
0.041784 0.046071
0.037223 0.042587
0.031587 0.033199
0.032148 0.033603
0.041582 0.047092
0.036890 0.041512
0.032782 0.034268
0.032640 0.034224
0.042199 0.045494
0.036213 0.040220
0.031284 0.032650
0.030880 0.032911
0.041880 0.046532
0.036862 0.041379
0.031117 0.033558
0.031662 0.034606
0.041771 0.045555
0.037126 0.041063
0.032442 0.033648
0.031155 0.031962
0.041395 0.046717
0.037045 0.042941
0.031971 0.034381
0.033181 0.035530
0.041120 0.046702
0.037620 0.043055
0.032158 0.034762
0.033235 0.034660
0.041197 0.043942
0.037078 0.041104
0.030996 0.031968
0.032938 0.034890
0.023789 0.022666
0.035012 0.036225
0.032837 0.033939
0.032513 0.029950
0.029757 0.026275
0.027924 0.026442
0.027222 0.026566
0.026784 0.027277
0.025719 0.024339
0.029217 0.031486
0.028336 0.033510
0.028746 0.034422
0.028085 0.031343
0.028122 0.031905
0.027989 0.026556
0.028929 0.030191
0.027889 0.032423
0.027848 0.028528
0.027517 0.032278
0.027649 0.031733
0.027940 0.027989
0.027685 0.033219
0.028748 0.026596
0.029294 0.029590
0.027269 0.027333
0.027463 0.027584
0.027211 0.025494
0.028333 0.028847
0.027247 0.026738
0.027347 0.027742
0.029397 0.025386
0.061733 0.057398
0.037663 0.033832
0.030124 0.029622
0.041362 0.042873
0.035055 0.037893
0.028078 0.027694
0.029284 0.029568
0.039775 0.039893
0.038587 0.042289
0.035608 0.039999
0.035753 0.037835
0.036719 0.037719
0.034192 0.029003
0.051836 0.046914
0.044766 0.044384
0.038164 0.042153
0.034165 0.037343
0.034842 0.036060
0.045705 0.048703
0.039349 0.041188
0.032958 0.032349
0.035297 0.033553
0.045811 0.046557
0.039436 0.040061
0.035648 0.034653
0.036432 0.034771
0.046136 0.048456
0.039588 0.042203
0.036788 0.037586
0.037360 0.039345
0.045612 0.048514
0.039381 0.042327
0.032855 0.034375
0.036339 0.037917
0.046359 0.048734
0.042106 0.045033
0.038135 0.038190
0.037911 0.037965
0.044857 0.046892
0.042074 0.044350
0.037784 0.038242
0.038429 0.039775
0.024045 0.023251
0.039738 0.040242
0.035899 0.037572
0.034506 0.029413
0.028861 0.025745
0.028196 0.026819
0.027200 0.027257
0.026945 0.028094
0.025656 0.025484
0.029059 0.031145
0.028449 0.030184
0.029160 0.030596
0.027384 0.025607
0.028521 0.029139
0.027669 0.031914
0.027578 0.032224
0.027687 0.032099
0.027890 0.032114
0.028450 0.027289
0.029804 0.030598
0.027780 0.031852
0.027474 0.031349
0.027948 0.032519
0.030066 0.033482
0.027858 0.025134
0.029551 0.033953
0.028091 0.032095
0.027965 0.032296
0.028038 0.029463
0.036017 0.033068
0.037754 0.039348
0.039819 0.044383
0.041695 0.041854
0.043599 0.049654
0.039534 0.044325
0.038206 0.039965
0.042459 0.043011
0.043195 0.045208
0.038761 0.038691
0.038941 0.039552
0.040965 0.040242
0.043532 0.045812
0.038739 0.039392
0.039500 0.040542
0.040295 0.040152
0.043414 0.045968
0.038415 0.039365
0.038627 0.039976
0.038731 0.038523
0.043369 0.045848
0.037960 0.038732
0.039540 0.039972
0.049192 0.040183
0.037333 0.029970
0.038161 0.035160
0.047361 0.049193
0.043787 0.046144
0.039613 0.040805
0.040468 0.042718
0.044963 0.047716
0.041777 0.044467
0.047515 0.052539
0.046925 0.052110
0.041965 0.044654
0.043287 0.045608
0.045690 0.048447
0.046617 0.052945
0.042939 0.045516
0.043500 0.046121
0.043272 0.045662
0.042404 0.043929
0.025137 0.024655
0.041662 0.042341
0.042552 0.041430
0.028897 0.026408
0.027802 0.027997
0.026896 0.026620
0.027017 0.026375
0.025560 0.024375
0.028824 0.028108
0.028960 0.032438
0.029659 0.033738
0.028290 0.029613
0.028284 0.030636
0.028992 0.025906
0.028662 0.028816
0.027462 0.027197
0.027550 0.027289
0.029225 0.026757
0.029214 0.029764
0.028110 0.031539
0.027891 0.028402
0.027671 0.031384
0.029010 0.032475
0.027918 0.027651
0.029072 0.033114
0.028127 0.025803
0.028600 0.029113
0.027422 0.027135
0.028670 0.028073
0.071410 0.072280
0.052975 0.057710
0.046606 0.047050
0.042829 0.041067
0.043637 0.041579
0.052830 0.060695
0.046478 0.046430
0.041824 0.039581
0.044218 0.042274
0.051356 0.058750
0.047129 0.046878
0.045406 0.042970
0.043361 0.041622
0.052079 0.053765
0.048073 0.046967
0.045101 0.041438
0.044198 0.041753
0.045346 0.040362
0.047207 0.044410
0.045004 0.041960
0.045788 0.042258
0.051583 0.045613
0.049021 0.045668
0.042229 0.039915
0.042100 0.040186
0.041908 0.039170
0.049842 0.047733
0.043687 0.041517
0.041215 0.039106
0.041503 0.038560
0.049427 0.046619
0.043917 0.041384
0.041302 0.039161
0.040386 0.038237
0.047557 0.043324
0.042703 0.041102
0.039494 0.038048
0.040167 0.037616
0.042042 0.038812
0.046119 0.043957
0.041230 0.038403
0.042718 0.039609
0.043703 0.039487
0.046066 0.044505
0.046033 0.045893
0.041495 0.041114
0.041815 0.041548
0.046371 0.047578
0.046202 0.047410
0.038891 0.039024
0.041121 0.041458
0.040750 0.041408
0.045801 0.046136
0.041450 0.041708
0.041721 0.043028
0.037182 0.037589
0.031706 0.031585
0.033070 0.032894
0.033738 0.034994
0.035166 0.036860
0.035524 0.036001
0.039847 0.044729
0.036981 0.036612
0.038623 0.038644
0.040916 0.044219
0.041610 0.041473
0.042793 0.046588
0.040377 0.042751
0.040037 0.041293
0.043070 0.043453
0.042427 0.044933
0.040254 0.040896
0.040118 0.040101
0.044091 0.043768
0.041994 0.044156
0.039102 0.039582
0.038148 0.038239
0.042584 0.043309
0.042446 0.045354
0.038568 0.039133
0.040017 0.040313
0.035012 0.032327
0.040312 0.040869
0.039041 0.039184
0.033853 0.029502
0.041601 0.040995
0.035308 0.037429
0.035883 0.036365
0.042120 0.045680
0.039756 0.041150
0.034878 0.034733
0.035220 0.034974
0.041353 0.043923
0.039424 0.040809
0.033735 0.033487
0.035880 0.036646
0.039652 0.043448
0.039984 0.043090
0.034562 0.034813
0.035409 0.035351
0.037483 0.036965
0.039304 0.039939
0.034972 0.035211
0.041511 0.044542
0.039278 0.042511
0.034820 0.035142
0.036625 0.037229
0.041249 0.044260
0.040370 0.044367
0.037171 0.037748
0.038556 0.040274
0.040469 0.041839
0.039654 0.041318
0.040070 0.042134
0.038918 0.041427
0.039943 0.041140
0.042038 0.046800
0.038905 0.041251
0.038271 0.040642
0.038100 0.038185
0.037337 0.039720
0.037582 0.037898
0.036046 0.038577
0.037225 0.040035
0.038711 0.042930
0.038017 0.040308
0.038021 0.042146
0.038283 0.042243
0.038636 0.041676
0.040824 0.044574
0.040472 0.046108
0.037274 0.040225
0.035907 0.037448
0.040472 0.045711
0.039161 0.043423
0.034168 0.035131
0.035307 0.035973
0.038937 0.042543
0.035712 0.036571
0.040398 0.044558
0.041402 0.045902
0.036296 0.036683
0.037992 0.038807
0.050388 0.036440
0.038502 0.038542
0.038058 0.038597
0.042384 0.035371
0.050135 0.046772
0.040880 0.037569
0.043858 0.042099
0.049665 0.047376
0.047426 0.045828
0.041427 0.038985
0.043494 0.040435
0.042637 0.038450
0.044606 0.040363
0.042689 0.039311
0.040493 0.035228
0.046134 0.045767
0.049068 0.049498
0.045661 0.044340
0.044015 0.043257
0.048968 0.047585
0.049090 0.051384
0.045750 0.044125
0.044646 0.044360
0.048090 0.047437
0.049301 0.050374
0.044497 0.044315
0.044945 0.043482
0.043552 0.043085
0.040709 0.035147
0.038694 0.038874
0.046755 0.049958
0.046798 0.049566
0.047652 0.049574
0.044908 0.043677
0.042852 0.044643
0.048415 0.049869
0.047733 0.047111
0.045707 0.043852
0.042161 0.041984
0.049576 0.054182
0.045687 0.047969
0.046033 0.049383
0.045747 0.046404
0.047296 0.050636
0.057657 0.044523
0.039438 0.033405
0.040658 0.037998
0.050451 0.052945
0.046445 0.047152
0.043821 0.042960
0.044702 0.044913
0.051328 0.053511
0.048159 0.050317
0.045379 0.044377
0.045353 0.044730
0.052649 0.053636
0.048021 0.050723
0.044436 0.044035
0.045019 0.044345
0.052421 0.053632
0.045688 0.046173
0.043377 0.043357
0.042581 0.041338
0.050490 0.053009
0.046715 0.047993
0.042997 0.044539
0.043590 0.042342
0.047872 0.048230
0.047574 0.048588
0.042138 0.041380
0.043391 0.043526
0.042298 0.039428
0.067159 0.067170
0.048009 0.053110
0.043502 0.042176
0.052453 0.060397
0.039928 0.036657
0.053960 0.059307
0.047597 0.048673
0.044508 0.042697
0.041865 0.040294
0.047545 0.052089
0.042964 0.041084
0.050999 0.050812
0.046837 0.048383
0.044094 0.043613
0.042467 0.039104
0.042119 0.039077
0.044890 0.042346
0.040962 0.035033
0.041445 0.040834
0.039733 0.040100
0.037306 0.037790
0.036352 0.035951
0.041480 0.043051
0.039821 0.040754
0.036462 0.036293
0.036359 0.036412
0.042596 0.042742
0.037644 0.036832
0.035556 0.036205
0.035327 0.034187
0.043183 0.043282
0.039223 0.038342
0.036208 0.036530
0.036690 0.035680
0.040941 0.041763
0.038323 0.037794
0.035704 0.035126
0.035254 0.034881
0.040365 0.042951
0.039195 0.039143
0.035266 0.034068
0.034833 0.033896
0.035091 0.031575
0.083538 0.084257
0.047919 0.053676
0.035697 0.031471
0.057093 0.066714
0.047296 0.050445
0.041792 0.039609
0.041225 0.040821
0.058045 0.069849
0.048909 0.050976
0.041662 0.042199
0.036227 0.034839
0.057012 0.067766
0.049033 0.051844
0.039125 0.038356
0.037906 0.038159
0.055784 0.064270
0.048110 0.050310
0.042302 0.039110
0.041627 0.039186
0.061478 0.060485
0.050449 0.051733
0.038430 0.035886
0.039379 0.039273
0.053914 0.051126
0.041769 0.040518
0.038753 0.035203
0.048045 0.044226
0.043108 0.040688
0.044988 0.043080
0.048842 0.048331
0.048433 0.051084
0.047401 0.049738
0.048074 0.051109
0.047547 0.048086
0.047916 0.051046
0.048191 0.048132
0.046917 0.046389
0.047201 0.049771
0.049981 0.051270
0.048547 0.050894
0.049569 0.053136
0.048335 0.051644
0.047564 0.047984
0.051127 0.050892
0.051827 0.056862
0.048725 0.049567
0.049257 0.049848
0.049158 0.050385
0.049717 0.050957
0.046388 0.045335
0.048097 0.048633
0.045387 0.045560
0.049609 0.052230
0.046362 0.047353
0.047017 0.047824
0.047593 0.037491
0.044245 0.043180
0.047316 0.048747
0.046901 0.041077
0.045256 0.039125
0.056741 0.057607
0.045809 0.039011
0.054200 0.054159
0.046874 0.040414
0.057140 0.055980
0.041871 0.037880
0.053370 0.053746
0.045942 0.041527
0.046290 0.041504
0.052504 0.051827
0.031715 0.029776
0.038277 0.040098
0.036079 0.037553
0.039530 0.040968
0.035776 0.036356
0.037033 0.038289
0.035345 0.036914
0.038410 0.040654
0.033759 0.034169
0.036366 0.037831
0.034461 0.035725
0.036154 0.038196
0.033673 0.034919
0.036977 0.039401
0.033487 0.034539
0.040443 0.037480
0.039997 0.038320
0.039608 0.037910
0.049490 0.052752
0.039865 0.038029
0.046348 0.049690
0.038957 0.036804
0.048459 0.051189
0.044805 0.037171
0.041701 0.037735
0.044496 0.040304
0.042908 0.038818
0.048247 0.045331
0.035940 0.033926
0.036823 0.036346
0.039392 0.039657
0.038465 0.038449
0.036959 0.036554
0.041407 0.044862
0.037487 0.037237
0.037837 0.037304
0.037291 0.038404
0.036373 0.036881
0.035360 0.037235
0.036011 0.036691
0.035189 0.035933
0.049055 0.041128
0.056360 0.051737
0.054534 0.051921
0.060008 0.060338
0.041008 0.033880
0.068655 0.068422
0.061766 0.063455
0.058591 0.060451
0.042749 0.040228
0.038768 0.035638
0.043506 0.042258
0.042373 0.040147
0.046144 0.045005
0.041826 0.040347
0.040196 0.038978
0.049548 0.051194
0.040561 0.040538
0.040946 0.037454
0.040838 0.039391
0.038206 0.038217
0.036763 0.036973
0.039971 0.041234
0.038464 0.035771
0.044385 0.037783
0.049824 0.050711
0.046098 0.040448
0.040844 0.036048
0.041820 0.037335
0.052317 0.053800
0.043258 0.037780
0.041566 0.037950
0.034718 0.033431
0.038523 0.039097
0.038369 0.038384
0.042902 0.045115
0.041080 0.045011
0.036682 0.038428
0.038831 0.041145
0.044408 0.047063
0.043117 0.047578
0.039008 0.042082
0.041324 0.043991
0.046171 0.049505
0.044738 0.050428
0.040992 0.044209
0.041954 0.044357
0.047041 0.050295
0.046062 0.052532
0.040481 0.043983
0.042197 0.044892
0.047327 0.051303
0.046577 0.052822
0.041935 0.046292
0.042400 0.045866
0.047442 0.051925
0.046100 0.052664
0.042610 0.046605
0.042826 0.046403
0.047630 0.051783
0.046357 0.052682
0.040454 0.043447
0.043059 0.046622
0.047801 0.051956
0.046331 0.053068
0.042395 0.046363
0.042925 0.046320
0.048029 0.051077
0.046626 0.052587
0.041919 0.045532
0.041360 0.043555
0.048309 0.051563
0.045493 0.051003
0.040937 0.044273
0.042120 0.044610
0.048354 0.052010
0.045898 0.051595
0.040476 0.043565
0.041941 0.044285
0.048764 0.052172
0.046172 0.051373
0.040969 0.043885
0.039778 0.040670
0.048777 0.052066
0.045864 0.051090
0.040327 0.043133
0.041351 0.043453
0.048611 0.051330
0.045853 0.051051
0.040705 0.043493
0.041759 0.043689
0.045824 0.048600
0.044815 0.050327
0.042232 0.045421
0.041246 0.042959
0.047828 0.050412
0.046061 0.051049
0.041137 0.043466
0.041810 0.043439
0.048930 0.052564
0.046150 0.051171
0.041219 0.043417
0.041612 0.043137
0.048914 0.051249
0.045953 0.050715
0.040635 0.042063
0.041421 0.043071
0.048630 0.049984
0.045958 0.050728
0.040940 0.043210
0.041375 0.042797
0.046943 0.048230
0.046015 0.050414
0.040701 0.040645
0.040851 0.039761
0.024977 0.019092
0.025981 0.015184
0.038964 0.032446
0.025986 0.014594
0.028387 0.026698
0.028387 0.026367
0.027082 0.016209
0.028603 0.022338
0.028915 0.019606
0.028111 0.018816
0.029591 0.021311
0.028016 0.022621
0.033164 0.024934
0.035652 0.027259
0.027828 0.022205
0.027958 0.022764
0.033503 0.026075
0.029810 0.024414
0.028066 0.022965
0.031337 0.024947
0.033277 0.026963
0.029853 0.026005
0.027735 0.021723
0.027992 0.023074
0.030309 0.020699
0.031517 0.025540
0.027434 0.020407
0.032306 0.024811
0.029777 0.029916
0.028365 0.026972
0.028219 0.027496
0.028806 0.024841
0.032081 0.023252
0.032728 0.026365
0.028609 0.027774
0.028291 0.023720
0.028700 0.028164
0.029064 0.028146
0.028400 0.024113
0.028377 0.028292
0.032049 0.025050
0.029609 0.024666
0.028247 0.028246
0.028212 0.024391
0.028448 0.028090
0.031529 0.030319
0.028602 0.024954
0.028251 0.028058
0.029010 0.021188
0.031991 0.026244
0.028195 0.028129
0.028175 0.027712
0.030068 0.029206
0.031581 0.030277
0.031051 0.021682
0.032557 0.026097
0.027605 0.027594
0.027982 0.028105
0.028111 0.028105
0.027907 0.028731
0.029966 0.022988
0.030738 0.031162
0.028372 0.029583
0.031456 0.027886
0.028211 0.030230
0.027552 0.030005
0.031219 0.031773
0.025722 0.026876
0.024253 0.026282
0.028055 0.031441
0.028613 0.025831
0.022719 0.029002
0.026705 0.026545
0.027722 0.027715
0.029643 0.026832
0.028314 0.028745
0.026647 0.026919
0.026492 0.026111
0.029768 0.026900
0.031558 0.030463
0.026813 0.026938
0.026451 0.027072
0.029333 0.026694
0.032275 0.031033
0.026826 0.027330
0.026644 0.026682
0.032095 0.027488
0.034175 0.031081
0.027046 0.027923
0.027447 0.027983
0.032032 0.028017
0.032230 0.031237
0.026665 0.027164
0.026598 0.027108
0.029414 0.027064
0.029779 0.029978
0.026659 0.027250
0.026380 0.027599
0.031787 0.027060
0.031937 0.030331
0.026272 0.026695
0.029651 0.028564
0.030106 0.025293
0.028390 0.033820
0.031071 0.033119
0.027786 0.031374
0.029371 0.029562
0.023048 0.021065
0.025264 0.025227
0.025059 0.027043
0.025214 0.027425
0.025991 0.029518
0.026005 0.029962
