0.000000 0.007753
0.000000 0.003994
0.000000 0.003659
0.000000 0.003557
0.000000 0.002756
0.000000 0.002837
0.000000 0.003285
0.007753 0.003283
0.004299 0.003290
0.004158 0.002998
0.003557 0.003021
0.002756 0.002639
0.002837 0.002800
0.003105 0.002865
0.003302 0.002606
0.003269 0.002773
0.003274 0.002631
0.003218 0.002788
0.003103 0.002846
0.003217 0.002512
0.003089 0.002756
0.003045 0.002755
0.003035 0.002689
0.002989 0.002764
0.002910 0.002823
0.002984 0.002763
0.003030 0.002586
0.002935 0.002739
0.002978 0.002639
0.002945 0.002672
0.002868 0.002816
0.002946 0.002693
0.002954 0.002655
0.002958 0.002704
0.003020 0.002522
0.002987 0.002542
0.002936 0.002658
0.002982 0.002525
0.003021 0.002450
0.003020 0.002465
0.003032 0.002398
0.002989 0.002471
0.002961 0.002507
0.002990 0.002386
0.002971 0.002364
0.002930 0.002349
0.002896 0.002350
0.002854 0.002407
0.002827 0.002277
0.002805 0.002365
0.002557 0.002346
0.002548 0.002367
0.002545 0.002399
0.002504 0.002049
0.002499 0.002072
0.002498 0.002163
0.002489 0.002041
0.002488 0.002008
0.002487 0.002130
0.002480 0.001998
0.002499 0.002313
0.002487 0.002333
0.002481 0.002359
0.002478 0.002413
0.002465 0.002294
0.002460 0.002368
0.002446 0.002275
0.002644 0.002584
0.002508 0.002448
0.002444 0.002302
0.002447 0.002322
0.002436 0.002318
0.002431 0.002370
0.002437 0.002385
0.002430 0.002454
0.002438 0.002956
0.002427 0.003122
0.002424 0.003056
0.002422 0.003080
0.002421 0.003078
0.002421 0.003092
0.002432 0.003132
0.002434 0.003073
0.002447 0.003221
0.002451 0.003116
0.002466 0.003115
0.002478 0.003100
0.002484 0.003136
0.002492 0.003154
0.002498 0.003206
0.002505 0.003059
0.002522 0.003146
0.002515 0.003046
0.002515 0.002999
0.002512 0.002786
0.002520 0.002858
0.002528 0.002710
0.002755 0.002804
0.002542 0.003046
0.002547 0.003039
0.002552 0.003017
0.002555 0.003099
0.002558 0.003053
0.002560 0.003124
0.002561 0.003046
0.002567 0.003043
0.002573 0.003066
0.002578 0.003008
0.002585 0.003045
0.002590 0.003128
0.002597 0.003040
0.002602 0.003108
0.002607 0.003000
0.002613 0.003177
0.002617 0.003021
0.002622 0.002953
0.002628 0.003065
0.002632 0.003091
0.002638 0.003066
0.002642 0.003010
0.002647 0.003148
0.002652 0.003106
0.002655 0.003091
0.002659 0.003068
0.002664 0.003047
0.002668 0.003150
0.002671 0.003037
0.002676 0.003128
0.002681 0.003016
0.002685 0.003070
0.002689 0.003053
0.002692 0.003041
0.002912 0.002870
0.002702 0.003093
0.002773 0.003407
0.002860 0.003272
0.003662 0.004396
0.004426 0.005347
0.005455 0.006458
0.006559 0.007114
0.009784 0.008901
0.010040 0.008879
0.016542 0.013838
0.018478 0.013956
0.022258 0.016181
0.024026 0.015608
0.025465 0.016791
0.022198 0.016469
0.020750 0.017271
0.016221 0.015891
0.011202 0.013118
0.012722 0.014481
0.013172 0.013894
0.010658 0.011696
0.009211 0.010667
0.005820 0.006525
0.004854 0.005640
0.004403 0.004992
0.003441 0.003575
0.003007 0.002951
0.002819 0.002896
0.002978 0.002909
0.003407 0.003379
0.003168 0.003089
0.003209 0.003012
0.003316 0.003153
0.003472 0.003281
0.003581 0.003355
0.003620 0.003415
0.003689 0.003509
0.003743 0.003603
0.003741 0.003703
0.003656 0.003748
0.003676 0.003882
0.003617 0.003761
0.003356 0.003912
0.003239 0.003829
0.003232 0.003876
0.003210 0.003712
0.003229 0.003974
0.003236 0.003984
0.003243 0.003807
0.003227 0.004072
0.003232 0.003615
0.003991 0.004784
0.003632 0.003829
0.003647 0.003690
0.003630 0.003666
0.003620 0.003419
0.003605 0.003501
0.003402 0.003287
0.003313 0.003130
0.003188 0.003085
0.003146 0.002983
0.003074 0.002894
0.002868 0.003206
0.002868 0.002953
0.002865 0.003006
0.002907 0.003120
0.003158 0.003130
0.003860 0.003988
0.003349 0.003303
0.003670 0.003903
0.006321 0.006201
0.008539 0.008873
0.013819 0.011943
0.012863 0.011689
0.012548 0.010544
0.010284 0.010377
0.009506 0.009501
0.008922 0.010108
0.008885 0.009345
0.007235 0.008789
0.007392 0.008539
0.006356 0.008689
0.006025 0.008313
0.004817 0.007035
0.006475 0.008026
0.005217 0.007755
0.005515 0.008039
0.005076 0.007552
0.005286 0.007894
0.004934 0.007285
0.005187 0.007911
0.004834 0.007277
0.005169 0.007820
0.004822 0.007209
0.005103 0.007641
0.004835 0.007402
0.005056 0.007748
0.004581 0.006983
0.004838 0.007414
0.004560 0.007060
0.004852 0.007317
0.004656 0.007100
0.004873 0.007528
0.004422 0.006767
0.004780 0.007360
0.004601 0.006979
0.004957 0.007448
0.004658 0.007012
0.004789 0.007306
0.004412 0.006767
0.004702 0.007323
0.004372 0.006652
0.004600 0.007221
0.004114 0.006139
0.005053 0.005069
0.003992 0.005609
0.004198 0.006202
0.004270 0.006465
0.004279 0.006373
0.004207 0.006677
0.004426 0.006815
0.004276 0.006824
0.004281 0.006594
0.004250 0.006825
0.004248 0.006411
0.004149 0.006242
0.004095 0.005773
0.003981 0.005864
0.004006 0.005618
0.003912 0.005608
0.004039 0.005751
0.003967 0.005706
0.004027 0.005468
0.003942 0.005219
0.004119 0.005354
0.004088 0.005574
0.004071 0.005509
0.004035 0.005537
0.004035 0.005342
0.004028 0.005715
0.004007 0.005545
0.004098 0.005767
0.004103 0.005751
0.003961 0.005287
0.003948 0.005196
0.004053 0.005423
0.004074 0.005747
0.004118 0.005541
0.004128 0.005946
0.003951 0.005240
0.004000 0.005327
0.004132 0.005678
0.004172 0.005911
0.004091 0.005499
0.004182 0.005587
0.004178 0.005422
0.004173 0.005549
0.004230 0.005738
0.004110 0.005409
0.004184 0.005544
0.004231 0.005708
0.004297 0.005773
0.004396 0.005780
0.004150 0.005146
0.008510 0.008754
0.005599 0.008650
0.005791 0.009465
0.005328 0.009132
0.005533 0.009304
0.005351 0.009299
0.005540 0.009385
0.005231 0.008994
0.005405 0.009357
0.005181 0.008918
0.005461 0.009248
0.005114 0.008888
0.005516 0.009433
0.005106 0.008627
0.005316 0.009106
0.005132 0.008893
0.005458 0.009630
0.005785 0.010266
0.006336 0.010618
0.005298 0.009521
0.005751 0.010026
0.005312 0.009714
0.005795 0.010273
0.005556 0.009970
0.006160 0.010202
0.005302 0.009418
0.005929 0.010079
0.005130 0.008938
0.005811 0.009922
0.005456 0.009725
0.005756 0.009853
0.005453 0.009627
0.005944 0.009503
0.005570 0.009601
0.005985 0.010067
0.005174 0.008363
0.005694 0.009420
0.005183 0.008454
0.005469 0.009311
0.005219 0.008495
0.005557 0.009112
0.005180 0.008305
0.005712 0.009515
0.005262 0.008775
0.005755 0.009500
0.005282 0.008509
0.005710 0.009223
0.005301 0.008663
0.005777 0.009369
0.005271 0.008463
0.005652 0.009212
0.005336 0.008482
0.005592 0.009154
0.005152 0.007863
0.005602 0.009087
0.005479 0.008968
0.006065 0.009721
0.005620 0.009348
0.006238 0.009430
0.005523 0.008856
0.006004 0.008829
0.005557 0.008326
0.005889 0.007892
0.005432 0.007418
0.005345 0.006914
0.005234 0.006428
0.005130 0.006238
0.005059 0.005597
0.005026 0.005674
0.005226 0.004071
0.004894 0.004720
0.004840 0.004275
0.004788 0.003981
0.004771 0.004108
0.004795 0.003738
0.004698 0.003403
0.004649 0.003253
0.004645 0.003227
0.004642 0.003071
0.004638 0.003155
0.004635 0.003214
0.004630 0.003160
0.004623 0.003242
0.004616 0.003102
0.004609 0.003219
0.004602 0.003215
0.004594 0.003224
0.004588 0.003213
0.004580 0.003208
0.004574 0.003175
0.004568 0.003006
0.004560 0.003142
0.004557 0.003053
0.004547 0.003117
0.004541 0.003139
0.004534 0.003128
0.004527 0.003134
0.004520 0.003194
0.004513 0.003166
0.004506 0.003186
0.004499 0.003150
0.004493 0.003194
0.004486 0.003218
0.004480 0.003193
0.004474 0.003158
0.004468 0.003176
0.004461 0.003250
0.004455 0.003198
0.004449 0.003122
0.004444 0.003204
0.004455 0.003262
0.005321 0.005467
0.004588 0.002804
0.004438 0.003837
0.004448 0.003485
0.004416 0.003061
0.004454 0.003282
0.004522 0.003352
0.004617 0.003799
0.004806 0.004574
0.005013 0.004965
0.004792 0.005021
0.004860 0.005409
0.004984 0.005753
0.005012 0.005772
0.005070 0.006067
0.005025 0.005866
0.005111 0.006062
0.005092 0.005796
0.005197 0.006364
0.005170 0.006080
0.005284 0.006546
0.005312 0.006358
0.005399 0.006946
0.005410 0.006713
0.005429 0.007048
0.005479 0.007172
0.005594 0.007506
0.005516 0.007002
0.005506 0.007327
0.005529 0.007222
0.005445 0.007274
0.005435 0.006968
0.005487 0.007340
0.005522 0.007131
0.005312 0.006894
0.005267 0.006750
0.005166 0.006723
0.005178 0.006626
0.005022 0.006255
0.005038 0.006314
0.005099 0.006378
0.005206 0.006577
0.005127 0.006499
0.005204 0.006622
0.005180 0.006540
0.005238 0.006626
0.005254 0.006685
0.005394 0.006923
0.005200 0.006351
0.005326 0.006746
0.005343 0.006701
0.005217 0.006422
0.005009 0.005920
0.005065 0.006137
0.005214 0.006420
0.005374 0.006565
0.005348 0.006398
0.005401 0.006536
0.005395 0.006693
0.005432 0.006469
0.005418 0.006464
0.005488 0.006623
0.005409 0.006484
0.005438 0.006412
0.005406 0.006385
0.005486 0.006726
0.005401 0.006431
0.005430 0.006442
0.005410 0.006551
0.005380 0.006367
0.005360 0.006248
0.005392 0.006290
0.005397 0.006456
0.005243 0.005943
0.005282 0.006215
0.005335 0.006397
0.005280 0.006139
0.005296 0.006174
0.005230 0.006041
0.005305 0.006209
0.005226 0.006063
0.005261 0.006016
0.005201 0.005947
0.005216 0.006025
0.005147 0.005886
0.005251 0.006235
0.005133 0.005901
0.005136 0.005984
0.005060 0.005858
0.005003 0.005741
0.004841 0.004963
0.014478 0.013278
0.007131 0.009747
0.007814 0.011338
0.007479 0.010744
0.007755 0.011457
0.007343 0.010659
0.007775 0.011737
0.007089 0.010143
0.007338 0.010815
0.007157 0.010330
0.007354 0.010952
0.006841 0.009838
0.007420 0.011352
0.006381 0.009134
0.007203 0.011172
0.006174 0.008379
0.006784 0.010202
0.006102 0.008759
0.006787 0.010585
0.005954 0.008228
0.006472 0.009728
0.006163 0.008503
0.006492 0.010004
0.005922 0.008070
0.005717 0.007847
0.008894 0.009607
0.006200 0.009355
0.006518 0.009903
0.006053 0.009395
0.006177 0.009713
0.006124 0.009925
0.006751 0.010360
0.005986 0.009541
0.006569 0.010602
0.006510 0.010629
0.006593 0.010111
0.006398 0.009988
0.006330 0.009501
0.005917 0.009130
0.006255 0.009957
0.005981 0.009189
0.006062 0.009018
0.006051 0.009160
0.006278 0.009352
0.006078 0.009144
0.006291 0.009507
0.006007 0.008694
0.006222 0.009308
0.005977 0.008855
0.006097 0.009014
0.005851 0.007801
0.008483 0.009136
0.005930 0.008125
0.006250 0.009227
0.006116 0.009321
0.006408 0.009397
0.006095 0.008957
0.006304 0.009335
0.006066 0.009035
0.006188 0.009091
0.005995 0.008758
0.006145 0.008913
0.005882 0.008339
0.006023 0.008771
0.005765 0.007979
0.006000 0.008764
0.005766 0.008060
0.005952 0.008477
0.005751 0.007832
0.005955 0.008424
0.005852 0.008187
0.006158 0.009039
0.006107 0.008916
0.006313 0.009366
0.006150 0.008961
0.006302 0.009258
0.006079 0.008678
0.006169 0.008785
0.005990 0.008541
0.006092 0.008405
0.011641 0.011949
0.006235 0.008759
0.007188 0.010946
0.006247 0.008676
0.006919 0.010466
0.006193 0.008728
0.006767 0.010442
0.006156 0.008716
0.006765 0.010141
0.006184 0.008919
0.006749 0.010340
0.006237 0.008691
0.006659 0.009833
0.006263 0.008870
0.006733 0.010100
0.006191 0.008363
0.006663 0.009901
0.006201 0.008453
0.006452 0.009255
0.010662 0.011022
0.006236 0.007877
0.006817 0.009931
0.006147 0.008098
0.006643 0.009582
0.006155 0.008133
0.006561 0.009401
0.006157 0.008059
0.006558 0.009564
0.006160 0.008109
0.006556 0.009628
0.006140 0.008003
0.006557 0.009332
0.006144 0.007867
0.006568 0.009525
0.006131 0.007524
0.006512 0.009205
0.006176 0.008149
0.006526 0.009306
0.006140 0.007795
0.006580 0.009427
0.006167 0.007638
0.006540 0.009150
0.006174 0.007861
0.006532 0.009149
0.006156 0.008008
0.006470 0.008899
0.006146 0.007543
0.006426 0.008729
0.006062 0.007159
0.006162 0.007625
0.010542 0.010230
0.006260 0.007145
0.006875 0.009299
0.006269 0.007700
0.006730 0.008998
0.006317 0.007662
0.006813 0.008903
0.006339 0.007965
0.006717 0.009220
0.006288 0.008006
0.006798 0.008986
0.006226 0.007439
0.006575 0.008631
0.006115 0.007272
0.006501 0.008487
0.006266 0.007577
0.006636 0.008919
0.006369 0.008026
0.006681 0.008918
0.006451 0.008027
0.006758 0.008907
0.006454 0.008267
0.006754 0.008907
0.006445 0.008074
0.006530 0.008087
0.011729 0.011624
0.006313 0.006228
0.006941 0.009351
0.006160 0.005786
0.006548 0.007657
0.006230 0.006275
0.006647 0.008421
0.006385 0.007615
0.006621 0.008609
0.006221 0.006104
0.006549 0.007947
0.006310 0.006859
0.006409 0.007313
0.006212 0.006279
0.006339 0.006769
0.006397 0.006172
0.006360 0.006089
0.006442 0.006084
0.006314 0.006049
0.006384 0.006455
0.006364 0.006502
0.006099 0.005841
0.006120 0.006057
0.006030 0.005755
0.006891 0.005118
0.006075 0.005217
0.006040 0.005506
0.006148 0.006039
0.006207 0.006365
0.006457 0.006660
0.006559 0.007010
0.006713 0.007650
0.006779 0.007737
0.006880 0.008242
0.006891 0.007971
0.007142 0.008955
0.006901 0.008189
0.007048 0.008932
0.006889 0.008264
0.007069 0.009121
0.006906 0.008526
0.007062 0.009226
0.006738 0.008080
0.006601 0.007982
0.006491 0.007324
0.006398 0.007204
0.006422 0.007079
0.006433 0.007391
0.006455 0.007185
0.006441 0.007278
0.006480 0.007550
0.006471 0.007318
0.006497 0.007385
0.006467 0.007374
0.006511 0.007584
0.006517 0.007457
0.006525 0.007596
0.006496 0.007333
0.006505 0.007417
0.006513 0.007425
0.006548 0.007525
0.006516 0.007393
0.006559 0.007699
0.006520 0.007343
0.006556 0.007420
0.006504 0.007388
0.006604 0.007852
0.006518 0.007335
0.006604 0.007652
0.006516 0.007325
0.006582 0.007609
0.006548 0.007525
0.006574 0.007530
0.006518 0.007506
0.006595 0.007677
0.006544 0.007492
0.006593 0.007588
0.006519 0.007305
0.006597 0.007638
0.006534 0.007450
0.006602 0.007509
0.006531 0.007445
0.006546 0.007424
0.006517 0.007527
0.006587 0.007532
0.006526 0.007388
0.006537 0.007297
0.006514 0.007500
0.006545 0.007244
0.006448 0.007161
0.006490 0.007157
0.006434 0.007180
0.006463 0.007077
0.006374 0.006823
0.006395 0.006994
0.006275 0.006211
0.006230 0.006083
0.010931 0.010416
0.006956 0.008084
0.007561 0.009916
0.006880 0.008612
0.007433 0.009611
0.006833 0.008256
0.007350 0.009544
0.006789 0.008221
0.007256 0.009337
0.006848 0.008220
0.007265 0.009528
0.006880 0.008301
0.007265 0.009228
0.006821 0.008279
0.007295 0.009445
0.006819 0.008206
0.007155 0.009074
0.006764 0.007919
0.007103 0.008964
0.006716 0.007539
0.006964 0.008526
0.006512 0.006597
0.011254 0.010795
0.006901 0.007992
0.007973 0.010598
0.006815 0.008072
0.007764 0.010309
0.006983 0.008975
0.007947 0.010665
0.007065 0.009169
0.008118 0.010566
0.007119 0.009442
0.008085 0.010893
0.007482 0.010132
0.008203 0.010711
0.006978 0.008846
0.007834 0.010471
0.006923 0.008602
0.007837 0.010404
0.006887 0.008541
0.007974 0.010632
0.007205 0.009378
0.007866 0.010243
0.007234 0.009257
0.008070 0.010697
0.007272 0.009537
0.007790 0.010433
0.007307 0.009526
0.007852 0.010487
0.006975 0.008677
0.007836 0.010009
0.006917 0.008564
0.007744 0.010106
0.006868 0.007695
0.011615 0.011127
0.006966 0.007707
0.007914 0.010514
0.006898 0.007711
0.007858 0.010596
0.006987 0.008497
0.007627 0.010040
0.007000 0.008582
0.007738 0.010043
0.006926 0.008301
0.007714 0.010002
0.007007 0.008585
0.007655 0.010004
0.006972 0.008548
0.007724 0.009854
0.006962 0.008318
0.007592 0.009952
0.006934 0.008275
0.007378 0.009143
0.006448 0.002710
0.006322 0.003177
0.006325 0.003135
0.006329 0.003091
0.006335 0.003185
0.006340 0.003255
0.006605 0.004855
0.006493 0.005188
0.006584 0.005764
0.006594 0.005708
0.006575 0.005757
0.006682 0.006352
0.006788 0.006246
0.007065 0.007390
0.007150 0.006880
0.007463 0.008083
0.007589 0.007973
0.007680 0.008916
0.007715 0.008686
0.007757 0.009244
0.007760 0.008994
0.007617 0.009424
0.007566 0.009146
0.007364 0.009056
0.007161 0.008261
0.006820 0.007257
0.006789 0.007136
0.006785 0.007200
0.006790 0.006965
0.006817 0.007205
0.006824 0.007237
0.006815 0.007162
0.006871 0.007491
0.006836 0.007355
0.006864 0.007285
0.006848 0.007121
0.006945 0.007481
0.006906 0.007314
0.006994 0.007811
0.006951 0.007468
0.007034 0.007739
0.006927 0.007222
0.007003 0.007580
0.007037 0.007780
0.007048 0.007587
0.006919 0.007238
0.007016 0.007640
0.007001 0.007634
0.007024 0.007470
0.006879 0.006935
0.007005 0.007548
0.006969 0.007477
0.007066 0.007879
0.006917 0.007222
0.006934 0.007287
0.007008 0.007594
0.007045 0.007612
0.006944 0.007487
0.007003 0.007547
0.006941 0.007441
0.007046 0.007738
0.006934 0.007303
0.006996 0.007585
0.006926 0.007361
0.007003 0.007554
0.006929 0.007493
0.006990 0.007442
0.006945 0.007381
0.006960 0.007318
0.006937 0.007202
0.006935 0.007418
0.006872 0.007127
0.006922 0.007266
0.006840 0.007099
0.006904 0.007373
0.006810 0.006918
0.006873 0.007284
0.006798 0.006961
0.006817 0.007047
0.006744 0.006590
0.006754 0.006769
0.006657 0.006210
0.006616 0.006235
0.006475 0.005131
0.009844 0.009217
0.007030 0.007606
0.007439 0.009022
0.007004 0.007940
0.007350 0.009095
0.007034 0.008119
0.007353 0.008767
0.007017 0.007964
0.007270 0.008583
0.007089 0.008331
0.007520 0.008972
0.007118 0.008288
0.007510 0.009050
0.007002 0.007801
0.007238 0.008605
0.006912 0.007737
0.007152 0.008394
0.006935 0.007899
0.007201 0.008470
0.006891 0.007445
0.007022 0.007690
0.010408 0.010330
0.007598 0.009289
0.007631 0.009683
0.007808 0.010087
0.007624 0.009968
0.007388 0.008781
0.007574 0.009321
0.007471 0.009360
0.007925 0.009910
0.007888 0.010128
0.007958 0.010503
0.007778 0.009976
0.007584 0.009452
0.007705 0.010300
0.007562 0.009536
0.007755 0.009937
0.007467 0.008969
0.007374 0.009082
0.007994 0.010359
0.007898 0.010532
0.007629 0.009812
0.007511 0.009453
0.007931 0.010404
0.007974 0.010371
0.007566 0.009302
0.007310 0.008799
0.007779 0.009986
0.007519 0.009092
0.007669 0.009755
0.008201 0.010380
0.008044 0.010393
0.007593 0.009319
0.007975 0.010168
0.007455 0.008910
0.007777 0.009658
0.007859 0.009675
0.007822 0.009914
0.007860 0.009908
0.007968 0.010155
0.007999 0.009839
0.007624 0.009600
0.007643 0.009483
0.007607 0.009470
0.007708 0.009588
0.010481 0.009257
0.006875 0.006207
0.007268 0.008295
0.006947 0.006965
0.007287 0.008340
0.007014 0.006990
0.007243 0.008000
0.006991 0.007026
0.007274 0.008274
0.007103 0.007235
0.007261 0.008059
0.007018 0.006944
0.007241 0.007906
0.006941 0.006558
0.007115 0.007360
0.006877 0.006727
0.007118 0.007674
0.006906 0.006617
0.007046 0.007421
0.006864 0.006426
0.006967 0.007121
0.006739 0.005480
0.009359 0.008186
0.007279 0.007423
0.007812 0.008757
0.007620 0.008631
0.007791 0.008801
0.007704 0.009110
0.007659 0.008646
0.007659 0.009045
0.007887 0.009058
0.007560 0.009236
0.007861 0.009280
0.007608 0.009506
0.007481 0.008498
0.007449 0.009084
0.007678 0.008924
0.007432 0.008932
0.007628 0.008916
0.007390 0.008736
0.007350 0.008332
0.007351 0.008642
0.007642 0.009096
0.007374 0.008798
0.007697 0.008965
0.007439 0.008772
0.007596 0.008845
0.007405 0.008802
0.007867 0.009173
0.007438 0.008696
0.007897 0.009269
0.007486 0.009069
0.007807 0.008996
0.007341 0.008293
0.010538 0.009322
0.007122 0.006603
0.007598 0.008699
0.007220 0.007348
0.007555 0.008649
0.007178 0.007532
0.007407 0.008518
0.007152 0.007140
0.007298 0.008083
0.007083 0.007263
0.007321 0.008280
0.007143 0.007292
0.007320 0.007907
0.007122 0.006945
0.007366 0.008462
0.007159 0.007433
0.007390 0.008455
0.007144 0.007076
0.007332 0.008253
0.007166 0.007329
0.007329 0.008016
0.007277 0.007642
0.007474 0.008498
0.007317 0.008017
0.007526 0.008604
0.007288 0.008046
0.007481 0.008564
0.007259 0.007937
0.007425 0.008421
0.007231 0.007822
0.007363 0.008058
0.007199 0.007366
0.007397 0.008082
0.007258 0.007699
0.007335 0.007854
0.007063 0.006465
0.011377 0.010695
0.008095 0.009496
0.008746 0.010451
0.007935 0.009605
0.008459 0.010204
0.007900 0.009698
0.008409 0.009874
0.007857 0.009412
0.008614 0.010321
0.008012 0.009628
0.008536 0.010052
0.008017 0.009634
0.008536 0.010124
0.007935 0.009536
0.008768 0.010190
0.008060 0.009721
0.008765 0.010465
0.008128 0.009721
0.008846 0.010153
0.007977 0.008814
0.011876 0.010817
0.007411 0.007623
0.008050 0.009870
0.007403 0.008213
0.007844 0.009603
0.007431 0.008292
0.007847 0.009455
0.007374 0.008051
0.007829 0.009413
0.007323 0.008007
0.007810 0.009339
0.007343 0.008009
0.007763 0.009228
0.007354 0.008208
0.007905 0.009272
0.007389 0.008186
0.007801 0.009164
0.007379 0.008386
0.007752 0.009073
0.007357 0.007943
0.007809 0.009199
0.007307 0.007776
0.013697 0.012377
0.007699 0.008060
0.008326 0.010197
0.007631 0.008324
0.008158 0.010086
0.007630 0.008104
0.008086 0.009993
0.007617 0.008429
0.008006 0.009967
0.007648 0.008734
0.007967 0.009587
0.007520 0.007787
0.007948 0.009480
0.007571 0.007995
0.007912 0.009514
0.007496 0.007547
0.007731 0.008687
0.007435 0.007573
0.007529 0.008260
0.007220 0.006473
0.010518 0.009763
0.007671 0.008247
0.008013 0.009249
0.007565 0.008474
0.007663 0.008811
0.010737 0.009936
0.007695 0.008089
0.008036 0.009176
0.007617 0.008388
0.008008 0.009354
0.007779 0.008649
0.008201 0.009373
0.007587 0.008384
0.007854 0.008579
0.007726 0.008224
0.007896 0.008777
0.010799 0.010009
0.008131 0.007147
0.008926 0.008143
0.010050 0.009294
0.009117 0.008450
0.009116 0.008738
0.007827 0.008657
0.007984 0.008917
0.007663 0.008651
0.007902 0.009119
0.007542 0.008462
0.007913 0.009307
0.007640 0.008440
0.007830 0.008414
0.007608 0.008373
0.007713 0.008472
0.007548 0.008162
0.007728 0.008691
0.007705 0.008748
0.007934 0.008526
0.007601 0.008023
0.009635 0.008802
0.008657 0.007753
0.009754 0.009008
0.009053 0.008210
0.010397 0.009620
0.007282 0.006068
0.007473 0.007475
0.007268 0.006139
0.007416 0.007326
0.007270 0.006534
0.007438 0.007589
0.007231 0.006364
0.007428 0.007599
0.007190 0.005911
0.007321 0.006754
0.007197 0.006234
0.007361 0.007444
0.007222 0.006613
0.007411 0.007802
0.007257 0.006873
0.007425 0.007842
0.007304 0.007354
0.007415 0.007900
0.007192 0.006038
0.007377 0.007119
0.007145 0.005482
0.007284 0.006672
0.007144 0.005653
0.007177 0.006019
0.007064 0.004991
0.007166 0.006340
0.007012 0.004705
0.007029 0.005705
0.011612 0.010717
0.007517 0.007679
0.008173 0.009778
0.007511 0.007981
0.007949 0.009361
0.007421 0.007835
0.007795 0.009107
0.007423 0.007973
0.007774 0.008753
0.007647 0.008627
0.007915 0.009270
0.007499 0.008190
0.007820 0.008949
0.007452 0.007931
0.007830 0.009126
0.007415 0.007828
0.007819 0.009044
0.007472 0.008046
0.007874 0.009049
0.007488 0.007915
0.007877 0.008983
0.007385 0.007455
0.007856 0.008989
0.007390 0.007436
0.007773 0.008738
0.007356 0.007314
0.007730 0.008813
0.007348 0.007374
0.007474 0.007477
0.009893 0.009364
0.007683 0.008372
0.008034 0.009489
0.007817 0.008915
0.008132 0.009525
0.007857 0.009152
0.007999 0.009282
0.007797 0.009225
0.008030 0.009302
0.007813 0.009048
0.007866 0.009028
0.007900 0.009622
0.007972 0.009028
0.007850 0.009159
0.007935 0.009046
0.007817 0.009002
0.007974 0.009084
0.007681 0.008648
0.007794 0.008983
0.007671 0.008791
0.007827 0.008694
0.007868 0.009085
0.007753 0.008598
0.007610 0.008352
0.007738 0.008650
0.007501 0.007893
0.007448 0.007575
0.009692 0.008768
0.007272 0.006004
0.007548 0.007803
0.007383 0.007037
0.007548 0.007823
0.007389 0.007054
0.007461 0.007494
0.007344 0.006692
0.007428 0.007266
0.007318 0.006829
0.007426 0.007335
0.007294 0.006483
0.007419 0.007168
0.007294 0.006479
0.007400 0.007363
0.007367 0.007020
0.007512 0.007659
0.007364 0.007139
0.007417 0.007480
0.007347 0.006755
0.007375 0.007324
0.007271 0.006685
0.007371 0.007214
0.007284 0.006605
0.007369 0.007125
0.007299 0.006803
0.007419 0.007637
0.007363 0.007173
0.007475 0.007600
0.007375 0.007278
0.007435 0.007456
0.007267 0.006785
0.007274 0.006793
0.010648 0.009882
0.007820 0.008287
0.008126 0.009328
0.007930 0.008988
0.008413 0.009465
0.007928 0.009171
0.008312 0.009277
0.007951 0.009336
0.008368 0.009284
0.007880 0.009263
0.008452 0.009491
0.007853 0.008996
0.008232 0.009331
0.007726 0.008778
0.008042 0.009158
0.007945 0.008925
0.008134 0.009289
0.007795 0.008760
0.008044 0.008936
0.007658 0.008334
0.007930 0.008666
0.007663 0.008466
0.007806 0.008544
0.007699 0.008490
0.008167 0.008807
0.007664 0.008316
0.008110 0.008920
0.007788 0.008585
0.008246 0.009206
0.007733 0.008464
0.008145 0.009161
0.011384 0.010498
0.007903 0.008584
0.008141 0.009435
0.007671 0.008413
0.007973 0.009020
0.007606 0.008282
0.007984 0.008969
0.007636 0.008335
0.007938 0.008727
0.007566 0.008039
0.007806 0.008443
0.007575 0.008060
0.007828 0.008723
0.007641 0.008393
0.007987 0.008759
0.007611 0.008004
0.008018 0.008934
0.007642 0.008315
0.007879 0.008665
0.007612 0.008154
0.007941 0.008471
0.007575 0.007870
0.007942 0.008430
0.007632 0.008174
0.007822 0.008503
0.007644 0.008280
0.008026 0.009009
0.007717 0.008458
0.008038 0.008851
0.007705 0.008335
0.007970 0.008915
0.007833 0.008555
0.008094 0.008959
0.007740 0.008218
0.008187 0.009210
0.007851 0.008711
0.008101 0.009101
0.007717 0.008428
0.008142 0.009236
0.007745 0.008526
0.008249 0.009483
0.007751 0.008635
0.008086 0.009067
0.007759 0.008505
0.008263 0.009538
0.007817 0.008763
0.008182 0.009123
0.007737 0.008631
0.008138 0.008987
0.007728 0.008353
0.008076 0.009000
0.007749 0.008477
0.008131 0.009317
0.007766 0.008458
0.008177 0.009134
0.007789 0.008571
0.008290 0.009343
0.007808 0.008542
0.008276 0.009405
0.007818 0.008610
0.008226 0.009405
0.007864 0.008843
0.008192 0.009277
0.007784 0.008302
0.008270 0.009376
0.007803 0.008669
0.008370 0.009483
0.007809 0.008525
0.008212 0.009405
0.007765 0.008393
0.008092 0.009312
0.007770 0.008484
0.008081 0.009176
0.007781 0.008501
0.008167 0.009177
0.007622 0.007411
0.011274 0.010511
0.007664 0.006879
0.008071 0.009039
0.007655 0.007388
0.007908 0.008679
0.007639 0.007312
0.007815 0.008432
0.007663 0.007602
0.007910 0.008814
0.007813 0.008368
0.008071 0.008996
0.007805 0.008132
0.007998 0.008777
0.007716 0.007687
0.007897 0.008709
0.007755 0.007879
0.007972 0.008880
0.007732 0.007948
0.007967 0.008766
0.007706 0.007711
0.007935 0.008529
0.007612 0.007252
0.007867 0.008334
0.007616 0.007261
0.007872 0.008430
0.007579 0.007254
0.007837 0.008319
0.007576 0.006888
0.007806 0.007853
0.007559 0.005668
0.007744 0.006533
0.007544 0.005726
0.007695 0.006395
0.007442 0.004979
0.010880 0.008578
0.007578 0.005150
0.007786 0.006607
0.007589 0.005716
0.007705 0.006557
0.007585 0.005864
0.007819 0.006803
0.007723 0.006192
0.007826 0.006676
0.007715 0.006123
0.007869 0.006792
0.007659 0.005953
0.007738 0.006341
0.007441 0.005482
0.007634 0.006247
0.007468 0.005501
0.007710 0.006301
0.007522 0.005582
0.007756 0.006630
0.007536 0.005574
0.007695 0.006299
0.007558 0.006047
0.007738 0.006590
0.007507 0.005418
0.007653 0.006040
0.007420 0.005317
0.007647 0.006346
0.007408 0.005451
0.007640 0.006235
0.007493 0.005710
0.007687 0.006374
0.007507 0.005726
0.007683 0.006545
0.007495 0.005498
0.007658 0.006303
0.007486 0.005942
0.007570 0.006110
0.007358 0.005148
0.007601 0.006337
0.007445 0.005701
0.007605 0.006465
0.007368 0.005440
0.007519 0.006103
0.007299 0.005074
0.007435 0.005872
0.007171 0.004547
0.010831 0.008966
0.007768 0.007055
0.008391 0.008344
0.007844 0.007508
0.008289 0.008243
0.007846 0.007693
0.008300 0.008266
0.007900 0.007792
0.008276 0.008149
0.007848 0.007729
0.008257 0.008015
0.007871 0.007656
0.008346 0.008321
0.007888 0.007682
0.008264 0.008149
0.007900 0.007788
0.008285 0.008116
0.007958 0.008004
0.008331 0.008263
0.007916 0.007858
0.008259 0.008212
0.007857 0.007523
0.008198 0.008050
0.007807 0.007209
0.008162 0.008020
0.007813 0.007298
0.008117 0.007964
0.007861 0.007443
0.008192 0.008007
0.007892 0.007564
0.008256 0.008117
0.007940 0.007519
0.008262 0.008246
0.007988 0.007888
0.008384 0.008522
0.008034 0.008006
0.008343 0.008412
0.007991 0.007795
0.008381 0.008613
0.007983 0.007801
0.008345 0.008430
0.007878 0.007395
0.008213 0.008048
0.007599 0.006242
0.011033 0.009122
0.007517 0.006322
0.008087 0.008140
0.007554 0.006844
0.007925 0.007749
0.007503 0.006680
0.007784 0.007443
0.007484 0.006572
0.007692 0.007065
0.007287 0.005568
0.011841 0.009620
0.007765 0.006739
0.008538 0.009002
0.007723 0.007113
0.008302 0.008711
0.007786 0.007416
0.008226 0.008440
0.007718 0.007130
0.008312 0.008449
0.007688 0.007197
0.008179 0.008228
0.007677 0.007125
0.008153 0.008161
0.007699 0.007180
0.008164 0.008234
0.007629 0.006846
0.007920 0.007599
0.011031 0.008916
0.007539 0.006164
0.007717 0.007220
0.007464 0.006230
0.007675 0.007331
0.007585 0.006600
0.007769 0.007310
0.007480 0.007416
0.007874 0.008500
0.007438 0.007276
0.007506 0.007707
0.010435 0.009620
0.007633 0.007692
0.007835 0.008887
0.007635 0.008428
0.007758 0.008600
0.007483 0.007774
0.007689 0.008373
0.007421 0.007606
0.007561 0.008119
0.007397 0.007514
0.007577 0.008131
0.007360 0.007392
0.007530 0.007865
0.007413 0.007531
0.007652 0.008286
0.007329 0.007297
0.007395 0.007549
0.011664 0.010757
0.007735 0.007853
0.008368 0.010007
0.007718 0.008222
0.008117 0.009773
0.007720 0.008523
0.007994 0.009360
0.007626 0.008190
0.008010 0.009510
0.007662 0.008230
0.008310 0.010063
0.007878 0.008939
0.011593 0.010534
0.007862 0.008656
0.008510 0.010444
0.007894 0.009455
0.008381 0.010327
0.007976 0.009562
0.008566 0.010140
0.007965 0.009793
0.008297 0.009681
0.007935 0.009405
0.008355 0.009666
0.007598 0.008108
0.009259 0.007920
0.007604 0.006901
0.007729 0.007891
0.007697 0.008035
0.007804 0.008559
0.007710 0.007773
0.007768 0.008133
0.007655 0.007679
0.007709 0.007833
0.007589 0.007589
0.007664 0.007846
0.007574 0.007604
0.007652 0.007890
0.007585 0.007744
0.007679 0.008185
0.007590 0.007765
0.007744 0.008206
0.007636 0.007611
0.007716 0.006929
0.007597 0.006369
0.007516 0.006184
0.011686 0.010097
0.008012 0.007751
0.008368 0.008772
0.007942 0.007920
0.008067 0.008232
0.008033 0.008118
0.008034 0.007753
0.007753 0.007504
0.008218 0.008539
0.007811 0.007511
0.008170 0.008435
0.007829 0.007447
0.008026 0.007815
0.007710 0.006915
0.007946 0.007661
0.007729 0.007074
0.007927 0.007556
0.007680 0.006886
0.007791 0.007096
0.007532 0.006438
0.007550 0.006460
0.007262 0.005227
0.011918 0.010440
0.007728 0.006957
0.008121 0.008632
0.007703 0.007140
0.007916 0.008105
0.007639 0.006888
0.007792 0.007754
0.007611 0.006840
0.007708 0.007314
0.007519 0.006509
0.007495 0.006400
0.011251 0.009602
0.007646 0.006748
0.008168 0.008509
0.007685 0.007221
0.008022 0.008326
0.007614 0.006931
0.007749 0.007510
0.007604 0.006823
0.007722 0.007455
0.007613 0.007001
0.007874 0.007836
0.007604 0.006939
0.007870 0.007853
0.007593 0.006797
0.007707 0.007290
0.007480 0.006362
0.007608 0.007073
0.007485 0.006455
0.007501 0.006693
0.011978 0.010253
0.007487 0.006228
0.008100 0.008571
0.007506 0.006595
0.007899 0.008144
0.007582 0.007053
0.007841 0.007861
0.007554 0.006881
0.007969 0.008054
0.007550 0.006777
0.007805 0.007564
0.007478 0.006553
0.007857 0.007798
0.007488 0.006662
0.007911 0.007878
0.007500 0.006496
0.007848 0.007905
0.007435 0.006251
0.007774 0.007547
0.007298 0.005600
0.007320 0.005782
0.011112 0.009700
0.007379 0.005779
0.007802 0.007709
0.007420 0.006181
0.007635 0.007348
0.007403 0.006342
0.007651 0.007413
0.007389 0.005992
0.007599 0.007083
0.007404 0.006446
0.007602 0.007231
0.007417 0.006514
0.007618 0.007277
0.007410 0.006548
0.007610 0.007340
0.007423 0.006368
0.007615 0.007147
0.007409 0.006454
0.007679 0.007736
0.007423 0.007363
0.007654 0.008596
0.007433 0.007613
0.007627 0.008616
0.007429 0.007786
0.007638 0.008717
0.007394 0.007625
0.007626 0.008775
0.007399 0.007610
0.007641 0.008766
0.007395 0.007577
0.007661 0.008671
0.007405 0.007587
0.007666 0.008776
0.007464 0.007575
0.007667 0.008595
0.007415 0.007262
0.007636 0.008472
0.007399 0.007590
0.007618 0.008438
0.007392 0.007349
0.007572 0.008333
0.007350 0.007338
0.007558 0.008211
0.007326 0.007166
0.007469 0.008125
0.007252 0.006754
0.008641 0.009787
0.008192 0.009509
0.008335 0.009425
0.007770 0.008734
0.007935 0.009088
0.007550 0.008095
0.007753 0.008734
0.007334 0.006897
0.010189 0.009257
0.007375 0.006894
0.007606 0.008460
0.007377 0.007561
0.007510 0.008239
0.007313 0.007497
0.007482 0.007939
0.007285 0.007399
0.007477 0.007887
0.007235 0.007089
0.007231 0.007004
0.007094 0.002691
0.006969 0.003205
0.006970 0.003176
0.006970 0.003175
0.006972 0.003127
0.006971 0.003176
0.006970 0.003180
0.006952 0.003156
0.006936 0.003202
0.006920 0.003146
0.006903 0.003201
0.006887 0.003186
0.006871 0.003143
0.006855 0.003218
0.006839 0.003160
0.006823 0.003161
0.006807 0.003135
0.006792 0.003214
0.006776 0.003168
0.006761 0.003176
0.006746 0.003173
0.006731 0.003190
0.006716 0.003185
0.006700 0.003166
0.006686 0.003155
0.006672 0.003200
0.006923 0.004858
0.006936 0.004665
0.006942 0.005177
0.007543 0.005216
0.007634 0.006696
0.007824 0.007187
0.008206 0.007820
0.008591 0.008560
0.009187 0.009294
0.009030 0.009732
0.009762 0.010505
0.009089 0.010958
0.009683 0.011551
0.007983 0.009665
0.007676 0.008351
0.007334 0.008048
0.007597 0.009285
0.007234 0.007716
0.007586 0.009032
0.007151 0.007074
0.007505 0.008380
0.007185 0.007643
0.007500 0.008754
0.007198 0.008077
0.007482 0.008290
0.007177 0.006682
0.007508 0.007685
0.007148 0.005840
0.007492 0.007310
0.007137 0.006631
0.007408 0.006978
0.007119 0.006049
0.007289 0.006911
0.006960 0.005325
0.007076 0.005823
0.006815 0.004361
0.012774 0.010377
0.007532 0.006649
0.008285 0.008745
0.007481 0.006749
0.008002 0.008465
0.007403 0.006648
0.008118 0.008536
0.007472 0.006764
0.008034 0.008399
0.007351 0.006425
0.007815 0.007854
0.007304 0.006473
0.007800 0.007745
0.007385 0.006637
0.007803 0.007738
0.007341 0.006507
0.007734 0.007690
0.007325 0.006522
0.007882 0.007945
0.007300 0.006219
0.007695 0.007521
0.007431 0.006663
0.007754 0.007616
0.007384 0.006421
0.007917 0.007994
0.007364 0.006468
0.007810 0.007871
0.007384 0.006670
0.007838 0.007790
0.007311 0.006299
0.007905 0.008027
0.007357 0.006349
0.007813 0.007687
0.007414 0.006634
0.007867 0.007812
0.007292 0.006216
0.007779 0.007636
0.007270 0.006052
0.007640 0.007223
0.007254 0.006170
0.007430 0.006651
0.006916 0.004988
0.009631 0.007849
0.007145 0.006179
0.007494 0.007357
0.007690 0.007652
0.007480 0.007366
0.007486 0.007304
0.007508 0.007483
0.007380 0.007216
0.007489 0.007369
0.007422 0.007245
0.007353 0.007163
0.007417 0.007240
0.007576 0.007528
0.007478 0.007325
0.007593 0.007562
0.007490 0.007460
0.007378 0.007070
0.007324 0.007112
0.010328 0.008417
0.007775 0.007559
0.007580 0.007505
0.007444 0.007075
0.007567 0.007457
0.007419 0.006873
0.007600 0.007428
0.007497 0.007206
0.007616 0.007424
0.007362 0.006894
0.007391 0.007279
0.007236 0.006556
0.007186 0.006727
0.007107 0.006400
0.007042 0.006213
0.006928 0.005791
0.006880 0.005573
0.010879 0.008519
0.007330 0.006597
0.007831 0.007856
0.007182 0.006340
0.007548 0.007668
0.007240 0.006824
0.007473 0.007427
0.007142 0.006576
0.007383 0.007207
0.007092 0.006436
0.007321 0.007146
0.007063 0.006341
0.007415 0.007400
0.007103 0.006586
0.007348 0.007227
0.007089 0.006429
0.007243 0.006790
0.007060 0.006415
0.007400 0.007396
0.007040 0.006355
0.007233 0.006806
0.006954 0.005932
0.006913 0.005720
0.010701 0.008602
0.006884 0.005221
0.007344 0.006991
0.006874 0.005715
0.007229 0.006776
0.006855 0.005535
0.007216 0.006949
0.006901 0.005883
0.007242 0.007012
0.006892 0.005783
0.007237 0.006853
0.006818 0.005275
0.007123 0.006572
0.006833 0.005247
0.007169 0.006500
0.006807 0.005618
0.007100 0.006610
0.006803 0.005478
0.007040 0.006432
0.006782 0.005752
0.006946 0.006196
0.006629 0.004750
0.011018 0.008843
0.007487 0.006864
0.008107 0.008539
0.007397 0.007449
0.007745 0.008197
0.007334 0.007236
0.007546 0.007895
0.007325 0.007242
0.007567 0.007881
0.007178 0.007052
0.007392 0.007603
0.007083 0.006773
0.007494 0.007674
0.007253 0.007136
0.007532 0.007665
0.007200 0.007034
0.007587 0.007837
0.007143 0.006905
0.007271 0.007285
0.007213 0.007089
0.007529 0.007641
0.006980 0.006121
0.009552 0.006973
0.007144 0.005843
0.007363 0.006375
0.007170 0.006079
0.007296 0.006401
0.007315 0.006592
0.007332 0.006615
0.007360 0.006693
0.007565 0.006737
0.007563 0.006866
0.007668 0.006974
0.007285 0.006642
0.007465 0.006855
0.007083 0.006380
0.007200 0.006586
0.006817 0.005620
0.007473 0.007036
0.006878 0.005291
0.007196 0.006299
0.006889 0.005598
0.007202 0.006430
0.006922 0.005762
0.007152 0.006306
0.006793 0.005692
0.007248 0.006362
0.006764 0.005483
0.006925 0.005842
0.006667 0.005225
0.006860 0.005546
0.006598 0.005070
0.006622 0.005239
0.006428 0.004620
0.009244 0.008999
0.007050 0.006393
0.007794 0.007755
0.007334 0.007082
0.007778 0.007700
0.007142 0.006812
0.007417 0.007225
0.007154 0.007047
0.007592 0.007563
0.007026 0.006662
0.007470 0.007401
0.007181 0.006889
0.007653 0.007353
0.007067 0.006627
0.007469 0.007128
0.006771 0.005983
0.010488 0.009421
0.007997 0.007623
0.009256 0.009020
0.008276 0.008268
0.009418 0.008893
0.008341 0.008103
0.009523 0.009072
0.008660 0.008624
0.011246 0.008934
0.007224 0.008079
0.011089 0.008919
0.008816 0.008713
0.009876 0.008520
0.008124 0.008535
0.009488 0.008733
0.008241 0.008676
0.008781 0.008622
0.007191 0.006799
0.008988 0.009097
0.007582 0.007427
0.008210 0.007999
0.007688 0.007884
0.008329 0.008109
0.007798 0.007955
0.008867 0.008340
0.007595 0.007301
0.009919 0.009054
0.007955 0.007864
0.008972 0.008081
0.010911 0.010587
0.008623 0.007870
0.007958 0.008046
0.008500 0.008564
0.007709 0.007629
0.008113 0.008319
0.007845 0.007823
0.008617 0.008650
0.008307 0.008683
0.008543 0.008707
0.007938 0.008314
0.008314 0.008728
0.007774 0.007911
0.008060 0.008338
0.007961 0.008277
0.007939 0.008216
0.008160 0.008655
0.007294 0.007222
0.007913 0.008203
0.007557 0.007720
0.008190 0.008471
0.007737 0.008030
0.008325 0.008509
0.007787 0.008145
0.008116 0.008212
0.007630 0.007957
0.007581 0.007586
0.009296 0.009051
0.007071 0.006588
0.007769 0.007886
0.007106 0.007106
0.007792 0.007876
0.007268 0.007292
0.008078 0.007957
0.007483 0.006926
0.008997 0.008064
0.007571 0.006681
0.008985 0.008010
0.007569 0.006664
0.011932 0.010137
0.006594 0.004907
0.007538 0.007477
0.006793 0.005461
0.007460 0.007276
0.006618 0.005297
0.007150 0.006851
0.006682 0.005345
0.006975 0.006290
0.006464 0.004801
0.006920 0.006173
0.006478 0.004915
0.007016 0.006613
0.006418 0.004739
0.006869 0.006184
0.006434 0.004927
0.006826 0.006836
0.006307 0.005448
0.006546 0.006243
0.006214 0.005155
0.006246 0.005379
0.008074 0.009568
0.006430 0.006186
0.006756 0.007769
0.006549 0.006862
0.006571 0.007353
0.006447 0.006670
0.006731 0.007653
0.006408 0.006565
0.006499 0.006811
0.006469 0.006889
0.006520 0.007028
0.006489 0.006644
0.006662 0.007264
0.006686 0.007400
0.006690 0.007242
0.006598 0.007026
0.006450 0.006631
0.006990 0.007833
0.006575 0.005965
0.006730 0.006637
0.006484 0.006453
0.006637 0.006712
0.006437 0.006306
0.006550 0.006428
0.006493 0.006436
0.006566 0.006602
0.006420 0.006179
0.006552 0.006386
0.006401 0.006136
0.006539 0.006277
0.006424 0.006091
0.006515 0.006182
0.006419 0.006342
0.006556 0.006311
0.006359 0.005948
0.006474 0.006109
0.006373 0.005933
0.008904 0.009151
0.008217 0.008899
0.009288 0.009304
0.007913 0.009517
0.008886 0.009695
0.007440 0.008824
0.008511 0.009747
0.007918 0.009595
0.008933 0.009667
0.007748 0.009267
0.008963 0.009535
0.007810 0.009271
0.008404 0.009506
0.007564 0.009042
0.008174 0.009227
0.007594 0.008828
0.008432 0.009511
0.007705 0.009287
0.008301 0.009547
0.007273 0.008505
0.007035 0.007942
0.007093 0.008074
0.006555 0.006342
0.006900 0.007577
0.006668 0.007158
0.006886 0.007734
0.006953 0.007432
0.007119 0.007713
0.006995 0.007182
0.006696 0.008106
0.006981 0.007072
0.007318 0.007978
0.006966 0.007591
0.007366 0.008241
0.007099 0.008251
0.007008 0.007683
0.006869 0.007523
0.007305 0.008281
0.006748 0.007203
0.007179 0.007578
0.006766 0.006933
0.007213 0.007742
0.006717 0.006963
0.008321 0.009559
0.008724 0.008671
0.009072 0.009605
0.008406 0.009451
0.008491 0.009383
0.008403 0.009393
0.008936 0.009834
0.008307 0.009798
0.008538 0.009461
0.008069 0.009224
0.008515 0.009600
0.008196 0.009411
0.008737 0.009853
0.007731 0.008806
0.006361 0.007812
0.003619 0.005905
0.003022 0.005087
0.004366 0.006730
0.007037 0.007117
0.007462 0.009440
0.004745 0.007344
0.006847 0.007460
0.007011 0.007800
0.006738 0.007676
0.007011 0.008262
0.006639 0.007090
0.010056 0.010544
0.006097 0.007862
0.008179 0.008675
0.005997 0.007572
0.013220 0.011665
0.005732 0.007307
0.007694 0.008336
0.005614 0.007198
0.007865 0.008492
0.005541 0.007206
0.007348 0.008081
0.005608 0.007249
0.007489 0.008139
0.005818 0.007225
0.006783 0.005248
0.008412 0.008192
0.007674 0.008563
0.008011 0.009360
0.007642 0.009109
0.007740 0.008905
0.007576 0.008638
0.007744 0.009095
0.007699 0.009198
0.007878 0.009324
0.007594 0.009067
0.007762 0.008887
0.007493 0.008402
0.008797 0.008265
0.007459 0.008391
0.007534 0.008278
0.007416 0.007977
0.011033 0.010460
0.007804 0.009309
0.008222 0.009837
0.007758 0.009595
0.007882 0.009425
0.007524 0.009241
0.007790 0.009600
0.007747 0.009400
0.008760 0.009828
0.007835 0.008904
0.009531 0.009650
0.007705 0.008396
0.008475 0.009460
0.007450 0.008611
0.008088 0.009534
0.007483 0.008828
0.008246 0.009248
0.007203 0.007972
0.009729 0.010077
0.008596 0.009722
0.007931 0.009367
0.007610 0.008824
0.007942 0.009530
0.008297 0.009773
0.008302 0.009852
0.008162 0.009411
0.008415 0.009636
0.008049 0.009323
0.008468 0.009650
0.007778 0.009143
0.007924 0.009348
0.011764 0.011257
0.008520 0.009870
0.008968 0.010717
0.008577 0.010428
0.008870 0.010594
0.008680 0.010549
0.009228 0.010842
0.008900 0.010716
0.009222 0.010834
0.008338 0.010089
0.008590 0.010375
0.008031 0.009391
0.007944 0.008701
0.007568 0.007727
0.007748 0.008246
0.007535 0.008031
0.008280 0.008461
0.007918 0.008566
0.007918 0.008491
0.007652 0.008791
0.007702 0.008211
0.007643 0.008713
0.008115 0.008642
0.008220 0.008870
0.008000 0.008602
0.014704 0.012633
0.007468 0.007704
0.007711 0.009045
0.007420 0.008232
0.007704 0.009400
0.007425 0.008295
0.007561 0.008996
0.007260 0.007849
0.007349 0.008201
0.007090 0.007533
0.007033 0.007740
0.006692 0.006166
0.008489 0.008577
0.006631 0.005959
0.006905 0.007402
0.006696 0.006526
0.006869 0.007335
0.006713 0.006699
0.006822 0.006993
0.006682 0.006657
0.006840 0.006991
0.006595 0.006396
0.008830 0.008166
0.006894 0.005579
0.006937 0.006759
0.006745 0.005888
0.006899 0.006532
0.006713 0.005502
0.006774 0.005900
0.006651 0.005414
0.006660 0.005712
0.006489 0.004702
0.008056 0.009074
0.007709 0.008440
0.007733 0.008906
0.007396 0.008575
0.007487 0.008606
0.007343 0.008261
0.007361 0.008066
0.007191 0.008143
0.007199 0.007808
0.006959 0.007367
0.011414 0.010948
0.007276 0.007651
0.007729 0.009009
0.007361 0.007976
0.007674 0.009203
0.007407 0.008359
0.007643 0.008977
0.007294 0.007804
0.007373 0.008264
0.007216 0.007674
0.007411 0.008359
0.007239 0.007538
0.007300 0.007860
0.006942 0.006379
0.010516 0.010369
0.007428 0.007667
0.007724 0.008915
0.007503 0.008335
0.007617 0.008788
0.007376 0.007903
0.007475 0.008545
0.007005 0.007303
0.008644 0.009381
0.007868 0.008604
0.007883 0.008755
0.007735 0.008967
0.007936 0.008931
0.007700 0.008740
0.007961 0.009076
0.007853 0.009166
0.007679 0.008537
0.009724 0.008686
0.007088 0.006108
0.007376 0.007205
0.007100 0.006290
0.007299 0.006953
0.007103 0.006432
0.007303 0.007075
0.007126 0.006521
0.007216 0.006876
0.007119 0.006451
0.007231 0.007160
0.007093 0.006458
0.007137 0.006846
0.006990 0.006290
0.006920 0.006411
0.006679 0.005729
0.009211 0.009801
0.006784 0.006254
0.007144 0.007942
0.007096 0.007509
0.007150 0.008047
0.007113 0.007605
0.007132 0.008096
0.006966 0.006938
0.006960 0.007317
0.006667 0.006210
0.003951 0.002783
0.006309 0.003159
0.006311 0.003164
0.006314 0.003196
0.006314 0.003176
0.006316 0.003176
0.006313 0.003180
0.006300 0.003110
0.006284 0.003193
0.006267 0.003168
0.006251 0.003132
0.006234 0.003199
0.006218 0.003172
0.006202 0.003180
0.006186 0.003221
0.006170 0.003163
0.006155 0.003205
0.006139 0.003181
0.006124 0.003112
0.006109 0.003233
0.006093 0.003137
0.006079 0.003156
0.006064 0.003185
0.006049 0.003155
0.006035 0.003199
0.006020 0.003110
0.006006 0.003194
0.005991 0.003224
0.005977 0.003159
0.005963 0.003190
0.006103 0.003690
0.006216 0.004400
0.006219 0.004609
0.006578 0.005904
0.006606 0.005957
0.006542 0.006034
0.006568 0.005767
0.006911 0.006402
0.007306 0.006660
0.007882 0.007688
0.008123 0.007607
0.008517 0.008635
0.008782 0.008662
0.008672 0.009232
0.008723 0.009043
0.008490 0.009598
0.008527 0.009130
0.007919 0.009331
0.007726 0.008504
0.006973 0.007425
0.006948 0.007219
0.006874 0.007342
0.007016 0.007502
0.006877 0.007257
0.006966 0.007548
0.006847 0.007282
0.006971 0.007502
0.006960 0.007760
0.006976 0.007479
0.006900 0.007530
0.006993 0.007550
0.007112 0.008118
0.007051 0.007752
0.006904 0.007644
0.007011 0.007631
0.006937 0.007544
0.006946 0.007492
0.006941 0.007740
0.006996 0.007747
0.006852 0.007298
0.006945 0.007551
0.006924 0.007736
0.006958 0.007694
0.006956 0.007812
0.006952 0.007687
0.006927 0.007691
0.007015 0.007812
0.007000 0.007696
0.007012 0.007742
0.006965 0.007782
0.006940 0.007473
0.006862 0.007469
0.007069 0.007719
0.006915 0.007443
0.007090 0.007872
0.006968 0.007520
0.007102 0.007663
0.007061 0.007826
0.007058 0.007528
0.007196 0.008002
0.007245 0.007954
0.007217 0.007945
0.007282 0.008026
0.006880 0.007584
0.007045 0.007694
0.007028 0.007788
0.006914 0.007642
0.006886 0.007732
0.007004 0.007692
0.006962 0.007696
0.006980 0.007667
0.006968 0.007817
0.007027 0.007873
0.006956 0.007587
0.006920 0.007469
0.006908 0.007492
0.006980 0.007699
0.007049 0.007738
0.007008 0.007419
0.007100 0.007813
0.007043 0.007550
0.007114 0.007523
0.007112 0.007642
0.007077 0.007777
0.007155 0.007785
0.007124 0.007694
0.007074 0.007434
0.007084 0.007749
0.007113 0.007485
0.006776 0.006669
0.008689 0.009994
0.006867 0.006656
0.006911 0.007257
0.006907 0.007196
0.007100 0.007571
0.006938 0.007352
0.007063 0.007657
0.006933 0.007240
0.007045 0.007511
0.007087 0.007811
0.007142 0.007721
0.007011 0.007523
0.007097 0.007692
0.006970 0.007460
0.007118 0.007615
0.006962 0.007314
0.007130 0.007591
0.006986 0.007490
0.007063 0.007524
0.006974 0.007244
0.007105 0.007683
0.006943 0.007265
0.007011 0.007364
0.006983 0.007244
0.007131 0.007613
0.007046 0.007387
0.007278 0.007851
0.006984 0.007136
0.007230 0.007788
0.006944 0.007283
0.007016 0.007242
0.007082 0.007546
0.007069 0.007276
0.007033 0.007374
0.007156 0.007662
0.007073 0.007340
0.007116 0.007343
0.007370 0.007982
0.007214 0.007631
0.007219 0.007453
0.007083 0.007526
0.007049 0.007373
0.007191 0.007660
0.006918 0.007173
0.007068 0.007563
0.006942 0.007339
0.007089 0.007557
0.007000 0.007343
0.007040 0.007288
0.006956 0.007252
0.007064 0.007544
0.007018 0.007266
0.006997 0.007314
0.007058 0.007586
0.007018 0.007399
0.006995 0.007382
0.007044 0.007375
0.006987 0.007232
0.007117 0.007637
0.007077 0.007485
0.007217 0.007732
0.007107 0.007391
0.007223 0.007720
0.007096 0.007004
0.007232 0.006324
0.007077 0.005981
0.007196 0.006229
0.007105 0.006059
0.007193 0.006262
0.007061 0.006109
0.007215 0.006229
0.007068 0.006182
0.007137 0.006275
0.007109 0.006145
0.007151 0.006265
0.006996 0.005961
0.007147 0.006316
0.006967 0.006094
0.007079 0.006223
0.006941 0.005932
0.007104 0.006323
0.006922 0.005874
0.007063 0.006235
0.006882 0.005896
0.007057 0.006265
0.006835 0.005862
0.007009 0.006179
0.006746 0.005452
0.006867 0.005906
0.006752 0.005725
0.006766 0.005687
0.006695 0.005544
0.007016 0.006425
0.008294 0.008132
0.008809 0.008212
0.009262 0.007916
0.009235 0.007385
0.008664 0.007296
0.008248 0.006707
0.007840 0.006754
0.004981 0.005051
0.006930 0.004855
0.006765 0.005071
0.006551 0.004033
0.006398 0.003605
0.006140 0.002326
0.005976 0.001959
0.005962 0.002359
0.005950 0.002445
0.005941 0.002318
0.005932 0.002365
0.005923 0.002451
0.005902 0.002334
0.005881 0.002353
0.005863 0.002341
0.005845 0.002402
0.005827 0.002402
0.005809 0.002333
0.005791 0.002366
0.005774 0.002360
0.005770 0.002457
0.005739 0.002364
0.005723 0.002295
0.005705 0.002344
0.005688 0.002310
0.005671 0.002337
0.005654 0.002343
0.005639 0.002357
0.005622 0.002313
0.005606 0.002293
0.005590 0.002341
0.005573 0.002350
0.005557 0.002306
0.005542 0.002332
0.005526 0.002294
0.005510 0.002362
0.005495 0.002369
0.005479 0.002295
0.005464 0.002298
0.005449 0.002311
0.005684 0.003084
0.002170 0.002386
0.005623 0.002831
0.005979 0.003641
0.006765 0.004850
0.006696 0.004250
0.004088 0.004774
0.007497 0.005422
0.008678 0.006299
0.008321 0.006633
0.010785 0.007998
0.009852 0.008206
0.015677 0.009982
0.009281 0.009278
0.011197 0.009642
0.007412 0.007531
0.009316 0.009334
0.007374 0.007443
0.009019 0.009539
0.007427 0.008797
0.008863 0.010349
0.007699 0.009390
0.008930 0.010517
0.007646 0.009375
0.008871 0.010436
0.008167 0.009689
0.009503 0.010417
0.008084 0.009556
0.009463 0.010597
0.008224 0.009762
0.009311 0.010688
0.007494 0.008828
0.009201 0.010376
0.007497 0.008786
0.009368 0.010501
0.007707 0.009318
0.009569 0.010821
0.007743 0.009210
0.009499 0.010744
0.008047 0.009835
0.010169 0.011470
0.008362 0.009911
0.010212 0.010772
0.007665 0.009134
0.009147 0.010537
0.007550 0.009104
0.001889 0.002831
0.005381 0.003199
0.005383 0.003141
0.005379 0.003175
0.005383 0.003168
0.005380 0.003233
0.005382 0.003191
0.005391 0.003173
0.005381 0.003179
0.005371 0.003178
0.013178 0.010617
0.007793 0.008315
0.009349 0.010404
0.007927 0.009056
0.008942 0.010078
0.007506 0.008521
0.008781 0.009860
0.007441 0.008492
0.008585 0.009977
0.007567 0.008861
0.008821 0.009793
0.007547 0.008640
0.008789 0.010012
0.007422 0.008518
0.008686 0.009801
0.007312 0.008477
0.008622 0.009730
0.007195 0.008199
0.008564 0.009683
0.007252 0.008197
0.008572 0.009763
0.007432 0.008478
0.008594 0.009625
0.007482 0.008514
0.008763 0.009708
0.007664 0.008865
0.008769 0.009713
0.007308 0.008134
0.008689 0.009770
0.007220 0.008160
0.008528 0.009495
0.007209 0.008020
0.008412 0.009443
0.006995 0.007688
0.007563 0.008321
0.001514 0.002822
0.005342 0.003213
0.005343 0.003191
0.005342 0.003125
0.005343 0.003223
0.005344 0.003240
0.005346 0.003186
0.005357 0.003161
0.005347 0.003154
0.005337 0.003171
0.005327 0.003187
0.005317 0.003199
0.005307 0.003223
0.005298 0.003207
0.005288 0.003158
0.005280 0.003188
0.005994 0.004835
0.002452 0.003850
0.006153 0.005535
0.006428 0.006113
0.007090 0.006840
0.007767 0.007586
0.008552 0.007707
0.009107 0.008373
0.009743 0.008578
0.010000 0.009471
0.010525 0.009544
0.009152 0.009841
0.008661 0.009320
0.007297 0.008544
0.006870 0.007391
0.006529 0.007131
0.006512 0.007240
0.006678 0.007432
0.006806 0.007583
0.006659 0.007312
0.007030 0.007963
0.006787 0.007570
0.007021 0.008026
0.006865 0.007525
0.007065 0.007981
0.007201 0.008191
0.007253 0.008137
0.006867 0.007505
0.006877 0.007753
0.006741 0.007554
0.007140 0.008203
0.006830 0.007708
0.007208 0.008123
0.006851 0.007488
0.007181 0.008238
0.006964 0.007799
0.007472 0.008395
0.006933 0.007605
0.007240 0.008170
0.007112 0.007863
0.007007 0.007955
0.006669 0.007476
0.007081 0.008155
0.006973 0.008116
0.007176 0.008139
0.006910 0.007935
0.006957 0.007897
0.006969 0.007892
0.007249 0.008156
0.007021 0.007939
0.007239 0.008223
0.007094 0.007937
0.007418 0.008219
0.007144 0.008031
0.007430 0.008224
0.007175 0.007919
0.007476 0.008214
0.007222 0.008028
0.007454 0.008139
0.007326 0.008016
0.007462 0.008251
0.007250 0.007960
0.007500 0.008256
0.007345 0.007918
0.007606 0.008303
0.007369 0.008071
0.007572 0.008086
0.007521 0.008093
0.007652 0.008207
0.007837 0.008430
0.007991 0.008551
0.007248 0.007800
0.007377 0.007815
0.007566 0.007923
0.006985 0.007568
0.007077 0.007847
0.007312 0.007929
0.007242 0.007782
0.007471 0.007978
0.007340 0.007931
0.007661 0.008187
0.008068 0.008192
0.008293 0.008260
0.008857 0.008491
0.009260 0.008719
0.008927 0.008156
0.009370 0.008565
0.009346 0.008360
0.009793 0.008852
0.009344 0.008408
0.009857 0.008792
0.009229 0.008378
0.009665 0.008632
0.009138 0.008526
0.009638 0.008927
0.008818 0.008172
0.009079 0.008424
0.008850 0.008590
0.008871 0.008587
0.006738 0.006862
0.006907 0.007019
0.006884 0.007022
0.006711 0.006806
0.006235 0.005975
0.010083 0.009986
0.006369 0.006020
0.006589 0.006596
0.006647 0.006896
0.006634 0.006764
0.006619 0.006833
0.006453 0.006512
0.006592 0.006865
0.006440 0.006554
0.006484 0.006701
0.006410 0.006534
0.006242 0.006287
0.006210 0.006173
0.006238 0.006238
0.006164 0.006052
0.006013 0.005788
0.006000 0.005762
0.023591 0.012601
0.005745 0.004498
0.005973 0.005789
0.006244 0.006349
0.006508 0.006833
0.006558 0.006748
0.006699 0.006919
0.006741 0.006819
0.006763 0.006949
0.006720 0.006895
0.006865 0.007026
0.006733 0.006810
0.006875 0.007072
0.006729 0.006725
0.006838 0.006940
0.006613 0.006493
0.006849 0.007104
0.006593 0.006576
0.006757 0.006782
0.006596 0.006586
0.006734 0.006933
0.006598 0.006585
0.006701 0.006804
0.006567 0.006400
0.006622 0.006712
0.006531 0.006595
0.006554 0.006577
0.006480 0.006428
0.006539 0.006634
0.006386 0.006308
0.006437 0.006373
0.006282 0.006036
0.006301 0.006091
0.006111 0.005584
0.005845 0.004805
0.018413 0.011482
0.005818 0.004438
0.006187 0.006191
0.006429 0.006292
0.006556 0.006698
0.006697 0.006729
0.006635 0.006686
0.006679 0.006816
0.006859 0.007093
0.006734 0.006800
0.006803 0.007059
0.006689 0.006751
0.006792 0.006921
0.006748 0.006845
0.006741 0.006875
0.006730 0.006880
0.006786 0.007057
0.006751 0.006849
0.006753 0.006942
0.006583 0.006499
0.006630 0.006712
0.006617 0.006821
0.006721 0.006861
0.006519 0.006414
0.006724 0.007018
0.006476 0.006346
0.006638 0.006881
0.007580 0.007586
0.007998 0.007881
0.008190 0.007978
0.008378 0.008416
0.008567 0.008554
0.008829 0.008768
0.008827 0.008954
0.009575 0.009600
0.006539 0.006546
0.006808 0.007273
0.006922 0.007630
0.006973 0.007561
0.007068 0.007669
0.007268 0.007870
0.007163 0.007585
0.007374 0.007903
0.007286 0.007833
0.007402 0.007944
0.007365 0.007995
0.007411 0.007822
0.007438 0.007986
0.007364 0.007712
0.007319 0.007791
0.007377 0.007815
0.007303 0.008081
0.007304 0.007669
0.007139 0.007871
0.007011 0.007520
0.007013 0.007618
0.007040 0.007882
0.007038 0.007772
0.006952 0.007649
0.007135 0.008076
0.007210 0.008033
0.007218 0.008294
0.007310 0.008423
0.007251 0.008276
0.007249 0.008129
0.007286 0.008462
0.007216 0.008143
0.007299 0.008503
0.007264 0.008308
0.007053 0.007917
0.007289 0.008408
0.007192 0.008153
0.007454 0.008607
0.007136 0.008220
0.007386 0.008550
0.007426 0.008531
0.007917 0.009042
0.008179 0.009400
0.008456 0.009440
0.008484 0.009109
0.009007 0.009189
0.008787 0.008964
0.008904 0.008071
0.008279 0.007661
0.007519 0.006734
0.006908 0.005957
0.003031 0.004152
0.006329 0.005231
0.006039 0.003507
0.005733 0.002966
0.005720 0.002860
0.005711 0.003008
0.005709 0.002973
0.005718 0.003057
0.005714 0.003121
0.005715 0.002837
0.005701 0.002884
0.005688 0.002803
0.005661 0.003073
0.005649 0.003243
0.005637 0.003177
0.005644 0.003201
0.005638 0.003336
0.005739 0.003130
0.005942 0.003456
0.005653 0.003082
0.005961 0.003202
0.005659 0.003454
0.005547 0.003230
0.005535 0.003211
0.005525 0.003127
0.005517 0.003113
0.005505 0.002945
0.005495 0.002954
