0.000000 0.007711
0.000000 0.003950
0.000000 0.003643
0.000000 0.004056
0.000000 0.003232
0.000000 0.003438
0.000000 0.003918
0.007711 0.003606
0.005829 0.003915
0.005099 0.003696
0.004837 0.003453
0.004515 0.003457
0.004334 0.003661
0.004275 0.003614
0.004190 0.003390
0.004160 0.003597
0.004113 0.003427
0.004052 0.003570
0.004002 0.003541
0.003976 0.003305
0.003949 0.003589
0.003912 0.003483
0.003892 0.003586
0.003864 0.003646
0.003847 0.003678
0.003831 0.003547
0.003804 0.003405
0.003794 0.003617
0.003779 0.003454
0.003771 0.003544
0.003765 0.003577
0.003762 0.003526
0.003753 0.003529
0.003740 0.003486
0.003735 0.003355
0.003725 0.003423
0.003719 0.003605
0.003715 0.003372
0.003708 0.003311
0.003703 0.003332
0.003696 0.003302
0.003686 0.003311
0.003679 0.003295
0.003676 0.003255
0.003668 0.003170
0.003659 0.003201
0.003650 0.003205
0.003641 0.003189
0.003633 0.003114
0.003625 0.003208
0.003616 0.003256
0.003606 0.003181
0.003597 0.003199
0.003588 0.002920
0.003579 0.002996
0.003569 0.003012
0.003562 0.002912
0.003555 0.002924
0.003548 0.002989
0.003541 0.002914
0.003529 0.003218
0.003518 0.003226
0.003509 0.003180
0.003498 0.003189
0.003487 0.003204
0.003478 0.003229
0.003468 0.003093
0.003464 0.003436
0.003460 0.003282
0.003455 0.003005
0.003451 0.003200
0.003447 0.003190
0.003443 0.003176
0.003438 0.003244
0.003438 0.003180
0.003435 0.003167
0.003429 0.003116
0.003425 0.003190
0.003422 0.003185
0.003418 0.003201
0.003416 0.003210
0.003412 0.003188
0.003409 0.003187
0.003405 0.003193
0.003402 0.003136
0.003399 0.003206
0.003396 0.003214
0.003394 0.003168
0.003391 0.003186
0.003388 0.003224
0.003386 0.003190
0.003382 0.003235
0.003380 0.003169
0.003378 0.003123
0.003376 0.002967
0.003373 0.002970
0.003371 0.002887
0.003369 0.002857
0.003368 0.002995
0.003365 0.003049
0.003362 0.003069
0.003358 0.003062
0.003353 0.003071
0.003348 0.003056
0.003343 0.003124
0.003339 0.002995
0.003336 0.003027
0.003333 0.003014
0.003330 0.003076
0.003327 0.002988
0.003324 0.003080
0.003322 0.003060
0.003319 0.003088
0.003316 0.003060
0.003312 0.003083
0.003310 0.003132
0.003307 0.002958
0.003305 0.003039
0.003302 0.003050
0.003300 0.003084
0.003298 0.002971
0.003296 0.003048
0.003294 0.003002
0.003291 0.003049
0.003288 0.003177
0.003286 0.003046
0.003284 0.003101
0.003281 0.003086
0.003279 0.003076
0.003277 0.003027
0.003275 0.003091
0.003274 0.003144
0.003272 0.002763
0.003270 0.003072
0.003268 0.003373
0.003267 0.003153
0.003265 0.004262
0.003263 0.005420
0.003262 0.006350
0.003258 0.007165
0.003256 0.008870
0.003257 0.008759
0.003256 0.013775
0.003265 0.014047
0.003283 0.016216
0.003308 0.015593
0.003339 0.016756
0.003384 0.016478
0.003428 0.017237
0.003511 0.016117
0.003595 0.013322
0.003695 0.014571
0.003789 0.013866
0.003891 0.011767
0.003989 0.010681
0.004092 0.006656
0.004184 0.005531
0.004255 0.005024
0.004333 0.003466
0.004405 0.002903
0.004461 0.002838
0.004508 0.002946
0.004524 0.003269
0.004531 0.003084
0.004535 0.003067
0.004527 0.003074
0.004515 0.003236
0.004503 0.003326
0.004492 0.003370
0.004483 0.003509
0.004473 0.003591
0.004463 0.003657
0.004453 0.003725
0.004444 0.003818
0.004437 0.003811
0.004429 0.003832
0.004423 0.003775
0.004417 0.003858
0.004412 0.003854
0.004407 0.003959
0.004403 0.003895
0.004399 0.003799
0.004395 0.003948
0.004391 0.003685
0.004388 0.004764
0.004384 0.003815
0.004381 0.003675
0.004378 0.003670
0.004374 0.003441
0.004371 0.003491
0.004367 0.003235
0.004370 0.003149
0.004366 0.003026
0.004362 0.002864
0.004357 0.002919
0.004351 0.003133
0.004346 0.003029
0.004339 0.002915
0.004331 0.003061
0.004323 0.003180
0.004314 0.004012
0.004306 0.003275
0.004298 0.003894
0.004291 0.006270
0.004282 0.008875
0.004275 0.011924
0.004268 0.011743
0.004267 0.010690
0.004261 0.010383
0.004258 0.009521
0.004270 0.010095
0.004298 0.009355
0.004343 0.008836
0.004387 0.008383
0.004424 0.008607
0.004458 0.008281
0.004488 0.007072
0.004520 0.007974
0.004548 0.007646
0.004573 0.008056
0.004595 0.007490
0.004618 0.007834
0.004639 0.007307
0.004653 0.007901
0.004671 0.007164
0.004688 0.007647
0.004707 0.007273
0.004723 0.007674
0.004740 0.007377
0.004754 0.007603
0.004772 0.006972
0.004785 0.007441
0.004801 0.007007
0.004814 0.007351
0.004830 0.007073
0.004844 0.007589
0.004858 0.006803
0.004870 0.007238
0.004884 0.006965
0.004895 0.007601
0.004908 0.007067
0.004920 0.007214
0.004934 0.006775
0.004944 0.007355
0.004956 0.006648
0.004967 0.007129
0.004980 0.006149
0.004991 0.005104
0.005003 0.005595
0.005012 0.006104
0.005024 0.006534
0.005033 0.006400
0.005043 0.006589
0.005049 0.006792
0.005049 0.006956
0.005052 0.006674
0.005057 0.006799
0.005065 0.006459
0.005072 0.006338
0.005079 0.005789
0.005088 0.005803
0.005097 0.005562
0.005105 0.005594
0.005113 0.005783
0.005120 0.005645
0.005126 0.005382
0.005129 0.005239
0.005133 0.005416
0.005135 0.005540
0.005137 0.005426
0.005140 0.005592
0.005143 0.005320
0.005144 0.005622
0.005144 0.005533
0.005146 0.005734
0.005147 0.005846
0.005149 0.005210
0.005151 0.005085
0.005152 0.005418
0.005154 0.005798
0.005156 0.005549
0.005158 0.006003
0.005162 0.004624
0.005162 0.004057
0.005162 0.004441
0.005163 0.004583
0.005166 0.004274
0.005168 0.004305
0.005171 0.004252
0.005169 0.004297
0.005164 0.004478
0.005160 0.004206
0.005158 0.004322
0.005154 0.004405
0.005150 0.004515
0.005146 0.004521
0.005142 0.003990
0.005139 0.007806
0.005135 0.007650
0.005131 0.008260
0.005128 0.007897
0.005125 0.008055
0.005122 0.008020
0.005117 0.008045
0.005129 0.007737
0.005140 0.008073
0.005154 0.007724
0.005166 0.007923
0.005179 0.007592
0.005192 0.008197
0.005204 0.007368
0.005215 0.007801
0.005228 0.007661
0.005239 0.008303
0.005250 0.008853
0.005260 0.009236
0.005273 0.008268
0.005282 0.008753
0.005293 0.008327
0.005303 0.008860
0.005316 0.008620
0.005331 0.008850
0.005348 0.008179
0.005360 0.008787
0.005375 0.007543
0.005387 0.008665
0.005402 0.008405
0.005415 0.008500
0.005430 0.008217
0.005441 0.008163
0.005455 0.008057
0.005464 0.008598
0.005477 0.007092
0.005490 0.008096
0.005502 0.007173
0.005513 0.007685
0.005524 0.007190
0.005535 0.007679
0.005547 0.007074
0.005554 0.007940
0.005564 0.007338
0.005571 0.008009
0.005579 0.007352
0.005586 0.007855
0.005594 0.007217
0.005600 0.007845
0.005610 0.007049
0.005617 0.007871
0.005627 0.007043
0.005634 0.007583
0.005642 0.006598
0.005649 0.007693
0.005658 0.007612
0.005663 0.008260
0.005672 0.007944
0.005677 0.008005
0.005685 0.007488
0.005689 0.007469
0.005696 0.006906
0.005704 0.006741
0.005714 0.005998
0.005723 0.005567
0.005732 0.005187
0.005739 0.004867
0.005745 0.004305
0.005750 0.004476
0.005754 0.003146
0.005755 0.003602
0.005754 0.003197
0.005752 0.002926
0.005748 0.003057
0.005743 0.002785
0.005738 0.002498
0.005728 0.002325
0.005720 0.002319
0.005710 0.002341
0.005700 0.002362
0.005690 0.002300
0.005678 0.002297
0.005666 0.002328
0.005654 0.002353
0.005641 0.002339
0.005629 0.002324
0.005616 0.002322
0.005604 0.002322
0.005591 0.002334
0.005579 0.002355
0.005567 0.002136
0.005555 0.002309
0.005543 0.002183
0.005531 0.002351
0.005519 0.002336
0.005507 0.002302
0.005495 0.002298
0.005483 0.002314
0.005471 0.002371
0.005459 0.002392
0.005448 0.002296
0.005436 0.002312
0.005425 0.002324
0.005413 0.002364
0.005402 0.002339
0.005391 0.002342
0.005380 0.002332
0.005369 0.002309
0.005358 0.002350
0.005347 0.002391
0.005336 0.002378
0.005325 0.004429
0.005314 0.002093
0.005303 0.002927
0.005293 0.002583
0.005282 0.002262
0.005272 0.002415
0.005261 0.002582
0.005258 0.002896
0.005247 0.003490
0.005239 0.003857
0.005229 0.003856
0.005219 0.004133
0.005209 0.004510
0.005199 0.004485
0.005191 0.004766
0.005185 0.004524
0.005181 0.004787
0.005176 0.004533
0.005172 0.005123
0.005170 0.004762
0.005168 0.005338
0.005166 0.005012
0.005164 0.005764
0.005163 0.005443
0.005160 0.005863
0.005160 0.005830
0.005159 0.006286
0.005159 0.005826
0.005159 0.006110
0.005161 0.006017
0.005162 0.006033
0.005164 0.005874
0.005167 0.006184
0.005171 0.005991
0.005173 0.005769
0.005176 0.005456
0.005179 0.005539
0.005182 0.005406
0.005184 0.005070
0.005188 0.005092
0.005190 0.005242
0.005192 0.005231
0.005193 0.005244
0.005194 0.005290
0.005195 0.005335
0.005195 0.005361
0.005194 0.005518
0.005195 0.005634
0.005195 0.005247
0.005195 0.005403
0.005195 0.005475
0.005196 0.005281
0.005196 0.004768
0.005197 0.004981
0.005199 0.005156
0.005199 0.005388
0.005200 0.005241
0.005200 0.005267
0.005201 0.005400
0.005199 0.005331
0.005199 0.005297
0.005198 0.005397
0.005199 0.005243
0.005199 0.005188
0.005199 0.005225
0.005200 0.005366
0.005200 0.005248
0.005201 0.005262
0.005201 0.005282
0.005202 0.005143
0.005202 0.005022
0.005202 0.005142
0.005202 0.005177
0.005202 0.004810
0.005203 0.005043
0.005203 0.005215
0.005203 0.004933
0.005202 0.004978
0.005202 0.004882
0.005202 0.005024
0.005200 0.004859
0.005200 0.004826
0.005200 0.004764
0.005199 0.004880
0.005198 0.004671
0.005197 0.004984
0.005197 0.004728
0.005196 0.004828
0.005195 0.004690
0.005193 0.004425
0.005192 0.003728
0.005191 0.012291
0.005190 0.008658
0.005188 0.010171
0.005187 0.009591
0.005186 0.010240
0.005183 0.009455
0.005179 0.010542
0.005201 0.009005
0.005212 0.009548
0.005228 0.009170
0.005241 0.009678
0.005257 0.008748
0.005270 0.010258
0.005287 0.007804
0.005299 0.009934
0.005312 0.007354
0.005324 0.008951
0.005338 0.007525
0.005348 0.009318
0.005364 0.006973
0.005371 0.008410
0.005385 0.007328
0.005391 0.008676
0.005403 0.006712
0.005409 0.006463
0.005421 0.008563
0.005426 0.008169
0.005435 0.008588
0.005441 0.008180
0.005451 0.008521
0.005455 0.008577
0.005458 0.009036
0.005468 0.008259
0.005476 0.009075
0.005485 0.009209
0.005494 0.008912
0.005503 0.008831
0.005512 0.008421
0.005523 0.007735
0.005531 0.008443
0.005542 0.007990
0.005553 0.007784
0.005564 0.007831
0.005574 0.008124
0.005582 0.007759
0.005589 0.008149
0.005597 0.007523
0.005605 0.007945
0.005611 0.007391
0.005618 0.007500
0.005625 0.006572
0.005632 0.008130
0.005639 0.006970
0.005645 0.007878
0.005652 0.007836
0.005657 0.008109
0.005663 0.007687
0.005666 0.008227
0.005673 0.008661
0.005677 0.008949
0.005683 0.008650
0.005690 0.008893
0.005697 0.008324
0.005703 0.008782
0.005710 0.007968
0.005719 0.008710
0.005729 0.008043
0.005737 0.008352
0.005747 0.007686
0.005754 0.008340
0.005763 0.008228
0.005770 0.008128
0.005779 0.007548
0.005785 0.007946
0.005793 0.007720
0.005798 0.007948
0.005806 0.007365
0.005813 0.007572
0.005820 0.007206
0.005825 0.007121
0.005831 0.011051
0.005837 0.007550
0.005843 0.009791
0.005847 0.007514
0.005852 0.009242
0.005856 0.007481
0.005860 0.009137
0.005875 0.007475
0.005880 0.008939
0.005891 0.007560
0.005896 0.009102
0.005906 0.007464
0.005910 0.008569
0.005920 0.007540
0.005924 0.008828
0.005933 0.007179
0.005937 0.008563
0.005947 0.007188
0.005951 0.007866
0.005959 0.010085
0.005963 0.006761
0.005971 0.008681
0.005975 0.006904
0.005982 0.008447
0.005986 0.006806
0.005991 0.008135
0.006003 0.006941
0.006005 0.008320
0.006013 0.006807
0.006015 0.008286
0.006022 0.006812
0.006024 0.008041
0.006030 0.006630
0.006033 0.008076
0.006039 0.006290
0.006042 0.007902
0.006048 0.006820
0.006050 0.007909
0.006056 0.006480
0.006057 0.008031
0.006063 0.006389
0.006064 0.007837
0.006069 0.006622
0.006071 0.007749
0.006076 0.006453
0.006077 0.007450
0.006083 0.006290
0.006084 0.007453
0.006089 0.005680
0.006090 0.006084
0.006095 0.009108
0.006096 0.006104
0.006100 0.007840
0.006100 0.006320
0.006104 0.007581
0.006103 0.006449
0.006103 0.007572
0.006111 0.006652
0.006111 0.007737
0.006116 0.006652
0.006116 0.007652
0.006121 0.006232
0.006121 0.007267
0.006125 0.005992
0.006127 0.007212
0.006131 0.006441
0.006133 0.007479
0.006137 0.006636
0.006137 0.007501
0.006140 0.006621
0.006140 0.007620
0.006143 0.006952
0.006144 0.007492
0.006147 0.006711
0.006149 0.006750
0.006153 0.010702
0.006154 0.005191
0.006158 0.008122
0.006160 0.004679
0.006164 0.006496
0.006165 0.005084
0.006167 0.007041
0.006179 0.006298
0.006176 0.007258
0.006182 0.004961
0.006178 0.006668
0.006179 0.005539
0.006176 0.006025
0.006178 0.005059
0.006178 0.005438
0.006181 0.004876
0.006178 0.004798
0.006179 0.004818
0.006177 0.004733
0.006177 0.005063
0.006174 0.005176
0.006172 0.004563
0.006169 0.004800
0.006165 0.004383
0.006161 0.004273
0.006157 0.004143
0.006154 0.004332
0.006152 0.004697
0.006147 0.005016
0.006144 0.005437
0.006139 0.005697
0.006134 0.006403
0.006129 0.006421
0.006124 0.006871
0.006120 0.006759
0.006117 0.007607
0.006115 0.006963
0.006114 0.007727
0.006115 0.006980
0.006116 0.007833
0.006118 0.007283
0.006119 0.007990
0.006123 0.006835
0.006126 0.006700
0.006130 0.006058
0.006132 0.005965
0.006137 0.005838
0.006140 0.006115
0.006145 0.005848
0.006147 0.006052
0.006148 0.006101
0.006148 0.006068
0.006147 0.005979
0.006146 0.006057
0.006146 0.006100
0.006146 0.006192
0.006145 0.006192
0.006145 0.006062
0.006145 0.006003
0.006145 0.006219
0.006144 0.006171
0.006144 0.006140
0.006144 0.006314
0.006144 0.006133
0.006144 0.006178
0.006144 0.006072
0.006144 0.006457
0.006144 0.006024
0.006144 0.006403
0.006145 0.006116
0.006145 0.006236
0.006145 0.006272
0.006144 0.006232
0.006145 0.006153
0.006145 0.006330
0.006146 0.006247
0.006146 0.006205
0.006146 0.006136
0.006146 0.006347
0.006146 0.006155
0.006146 0.006205
0.006147 0.006201
0.006147 0.006094
0.006147 0.006279
0.006147 0.006198
0.006148 0.006141
0.006148 0.006022
0.006148 0.006118
0.006148 0.005983
0.006148 0.005882
0.006148 0.005849
0.006148 0.005787
0.006148 0.005716
0.006148 0.005578
0.006148 0.005645
0.006148 0.005069
0.006147 0.004751
0.006146 0.009408
0.006145 0.007062
0.006144 0.008707
0.006143 0.007376
0.006141 0.008374
0.006139 0.007137
0.006135 0.008284
0.006143 0.006983
0.006146 0.008061
0.006152 0.007104
0.006155 0.008163
0.006161 0.007035
0.006164 0.007940
0.006169 0.007093
0.006171 0.008169
0.006176 0.006944
0.006178 0.007885
0.006183 0.006746
0.006186 0.007642
0.006190 0.006291
0.006192 0.007159
0.006197 0.005456
0.006199 0.010028
0.006204 0.006843
0.006205 0.009433
0.006209 0.006880
0.006209 0.009028
0.006211 0.007630
0.006209 0.009391
0.006219 0.007954
0.006221 0.009175
0.006229 0.008024
0.006230 0.009585
0.006238 0.008768
0.006241 0.009299
0.006249 0.007569
0.006253 0.009157
0.006261 0.007267
0.006265 0.009016
0.006274 0.007235
0.006280 0.009301
0.006287 0.007968
0.006291 0.008930
0.006298 0.007940
0.006300 0.009262
0.006307 0.008301
0.006310 0.008985
0.006317 0.008302
0.006321 0.009136
0.006328 0.007305
0.006332 0.008718
0.006339 0.007244
0.006344 0.008748
0.006351 0.006456
0.006356 0.010231
0.006363 0.006546
0.006365 0.009275
0.006371 0.006588
0.006373 0.009307
0.006379 0.007184
0.006379 0.008691
0.006389 0.007291
0.006389 0.008759
0.006396 0.006984
0.006397 0.008663
0.006404 0.007196
0.006406 0.008513
0.006412 0.007224
0.006414 0.008547
0.006420 0.006957
0.006421 0.008371
0.006427 0.006865
0.006429 0.007630
0.006434 0.001973
0.006436 0.002349
0.006441 0.002293
0.006442 0.002280
0.006447 0.002330
0.006448 0.002320
0.006451 0.003730
0.006440 0.003892
0.006430 0.004461
0.006420 0.004463
0.006409 0.004415
0.006399 0.005067
0.006389 0.005038
0.006383 0.006042
0.006376 0.005638
0.006372 0.006770
0.006367 0.006741
0.006362 0.007524
0.006359 0.007450
0.006356 0.007904
0.006355 0.007787
0.006353 0.008256
0.006354 0.007782
0.006355 0.007778
0.006358 0.007065
0.006361 0.005983
0.006365 0.005831
0.006368 0.005855
0.006373 0.005674
0.006376 0.005938
0.006380 0.005906
0.006381 0.005849
0.006380 0.006140
0.006379 0.005941
0.006378 0.005920
0.006376 0.005939
0.006375 0.006223
0.006374 0.005983
0.006372 0.006441
0.006372 0.006222
0.006371 0.006534
0.006370 0.005881
0.006369 0.006214
0.006368 0.006514
0.006367 0.006378
0.006368 0.005941
0.006367 0.006342
0.006368 0.006355
0.006366 0.006277
0.006366 0.005668
0.006366 0.006310
0.006366 0.006193
0.006365 0.006513
0.006365 0.005938
0.006365 0.006019
0.006365 0.006419
0.006363 0.006253
0.006363 0.006147
0.006363 0.006272
0.006363 0.006192
0.006362 0.006513
0.006361 0.005979
0.006362 0.006300
0.006361 0.006127
0.006361 0.006263
0.006361 0.006125
0.006360 0.006142
0.006361 0.006072
0.006360 0.006092
0.006359 0.005949
0.006359 0.006122
0.006359 0.005896
0.006358 0.005944
0.006358 0.005753
0.006357 0.006080
0.006356 0.005701
0.006355 0.005993
0.006355 0.005629
0.006354 0.005676
0.006353 0.005423
0.006351 0.005474
0.006351 0.005047
0.006349 0.004859
0.006348 0.003943
0.006346 0.008193
0.006345 0.006435
0.006343 0.007699
0.006341 0.006711
0.006337 0.007677
0.006334 0.006804
0.006328 0.007347
0.006333 0.006692
0.006333 0.007241
0.006336 0.006985
0.006337 0.007560
0.006340 0.007071
0.006341 0.007618
0.006344 0.006535
0.006345 0.007210
0.006347 0.006424
0.006348 0.006974
0.006351 0.006556
0.006353 0.007070
0.006356 0.006227
0.006356 0.006314
0.006358 0.009353
0.006358 0.008222
0.006360 0.008404
0.006360 0.008806
0.006362 0.008716
0.006362 0.007670
0.006362 0.008022
0.006369 0.008003
0.006373 0.008572
0.006378 0.008936
0.006384 0.009266
0.006389 0.008715
0.006392 0.008229
0.006396 0.008842
0.006400 0.008151
0.006405 0.008650
0.006411 0.007856
0.006418 0.007666
0.006423 0.008893
0.006427 0.009092
0.006433 0.008477
0.006437 0.008228
0.006442 0.009021
0.006446 0.009191
0.006448 0.008044
0.006454 0.007515
0.006460 0.008697
0.006465 0.007753
0.006469 0.008289
0.006475 0.008831
0.006482 0.009080
0.006485 0.008033
0.006488 0.008658
0.006493 0.007602
0.006496 0.008392
0.006500 0.008441
0.006506 0.008475
0.006512 0.008702
0.006515 0.008811
0.006520 0.008625
0.006523 0.008303
0.006527 0.008166
0.006532 0.008168
0.006536 0.008027
0.006541 0.008362
0.006546 0.005138
0.006551 0.007017
0.006555 0.005816
0.006559 0.006891
0.006563 0.005829
0.006566 0.006705
0.006570 0.005815
0.006567 0.006846
0.006568 0.006038
0.006566 0.006759
0.006567 0.005735
0.006565 0.006600
0.006566 0.005397
0.006564 0.006164
0.006565 0.005438
0.006563 0.006324
0.006564 0.005378
0.006562 0.006028
0.006562 0.005206
0.006559 0.005809
0.006558 0.004366
0.006556 0.007320
0.006555 0.006255
0.006553 0.007335
0.006551 0.007245
0.006548 0.007472
0.006547 0.007680
0.006542 0.007302
0.006543 0.007659
0.006543 0.007689
0.006544 0.007796
0.006546 0.007849
0.006548 0.007984
0.006551 0.007160
0.006553 0.007519
0.006555 0.007564
0.006558 0.007520
0.006561 0.007454
0.006564 0.007303
0.006567 0.006970
0.006568 0.007222
0.006570 0.007651
0.006573 0.007301
0.006575 0.007653
0.006577 0.007288
0.006579 0.007415
0.006580 0.007369
0.006581 0.007730
0.006583 0.007262
0.006585 0.007849
0.006588 0.007529
0.006589 0.007632
0.006591 0.006821
0.006593 0.008409
0.006595 0.005631
0.006597 0.007401
0.006600 0.006126
0.006602 0.007290
0.006604 0.006171
0.006605 0.007088
0.006609 0.006046
0.006607 0.006760
0.006609 0.005894
0.006607 0.006895
0.006609 0.006105
0.006608 0.006643
0.006609 0.005814
0.006608 0.006900
0.006608 0.006133
0.006607 0.007114
0.006607 0.005895
0.006606 0.006812
0.006606 0.006039
0.006604 0.006721
0.006605 0.006467
0.006604 0.007162
0.006605 0.006545
0.006603 0.007210
0.006604 0.006646
0.006603 0.007227
0.006603 0.006634
0.006603 0.006975
0.006604 0.006435
0.006604 0.006732
0.006605 0.006130
0.006605 0.006701
0.006607 0.006285
0.006607 0.006448
0.006608 0.005279
0.006607 0.009739
0.006607 0.008142
0.006606 0.009138
0.006607 0.008269
0.006606 0.008875
0.006605 0.008356
0.006602 0.008702
0.006610 0.008066
0.006613 0.008999
0.006619 0.008275
0.006623 0.008888
0.006628 0.008326
0.006632 0.008819
0.006636 0.008248
0.006639 0.008988
0.006645 0.008460
0.006649 0.009103
0.006654 0.008453
0.006657 0.008961
0.006662 0.007662
0.006666 0.009856
0.006671 0.006538
0.006675 0.008656
0.006681 0.007039
0.006685 0.008204
0.006690 0.007119
0.006692 0.008143
0.006699 0.006837
0.006699 0.007985
0.006703 0.006734
0.006704 0.008012
0.006707 0.006803
0.006708 0.007884
0.006711 0.006825
0.006712 0.008020
0.006715 0.006895
0.006715 0.007803
0.006718 0.007013
0.006718 0.007678
0.006720 0.006763
0.006721 0.007791
0.006724 0.006396
0.006724 0.011477
0.006726 0.007010
0.006727 0.009050
0.006729 0.007144
0.006729 0.008921
0.006732 0.006974
0.006731 0.008761
0.006741 0.007185
0.006742 0.008693
0.006747 0.007515
0.006748 0.008311
0.006753 0.006591
0.006754 0.008261
0.006758 0.006782
0.006759 0.008202
0.006763 0.006367
0.006765 0.007449
0.006768 0.006321
0.006768 0.006837
0.006771 0.005338
0.006771 0.008813
0.006775 0.006922
0.006774 0.007937
0.006775 0.007102
0.006774 0.007391
0.006774 0.008929
0.006771 0.006840
0.006776 0.007903
0.006776 0.007057
0.006779 0.007885
0.006779 0.007377
0.006781 0.007890
0.006786 0.006929
0.006786 0.007215
0.006788 0.006925
0.006789 0.007363
0.006791 0.009035
0.006792 0.006229
0.006795 0.007181
0.006795 0.008335
0.006796 0.007427
0.006796 0.007650
0.006798 0.007376
0.006803 0.007646
0.006801 0.007293
0.006802 0.007717
0.006806 0.006969
0.006807 0.007704
0.006809 0.007230
0.006810 0.007049
0.006812 0.007010
0.006813 0.007023
0.006815 0.006813
0.006815 0.007007
0.006817 0.007319
0.006818 0.007259
0.006819 0.006729
0.006819 0.007757
0.006820 0.006799
0.006820 0.008055
0.006820 0.007250
0.006821 0.008659
0.006822 0.004947
0.006822 0.006297
0.006824 0.004925
0.006824 0.005930
0.006827 0.005173
0.006828 0.006267
0.006832 0.005043
0.006828 0.006320
0.006826 0.004571
0.006822 0.005387
0.006820 0.005023
0.006817 0.005948
0.006815 0.005230
0.006811 0.006340
0.006810 0.005585
0.006805 0.006471
0.006802 0.006042
0.006798 0.006525
0.006796 0.004829
0.006793 0.005741
0.006792 0.004194
0.006789 0.005450
0.006789 0.004397
0.006787 0.004657
0.006786 0.003979
0.006782 0.004929
0.006780 0.003601
0.006774 0.004381
0.006771 0.009714
0.006766 0.006509
0.006761 0.008494
0.006755 0.006878
0.006751 0.008001
0.006744 0.006600
0.006739 0.007651
0.006746 0.006638
0.006745 0.007542
0.006749 0.007320
0.006749 0.007981
0.006752 0.006866
0.006752 0.007655
0.006754 0.006710
0.006753 0.007693
0.006755 0.006556
0.006756 0.007715
0.006759 0.006784
0.006759 0.007677
0.006761 0.006698
0.006761 0.007711
0.006763 0.006237
0.006763 0.007656
0.006765 0.006130
0.006765 0.007443
0.006767 0.006061
0.006767 0.007350
0.006769 0.006079
0.006768 0.006194
0.006769 0.008315
0.006768 0.007117
0.006770 0.008113
0.006768 0.007630
0.006769 0.008180
0.006768 0.007854
0.006767 0.007855
0.006770 0.007745
0.006771 0.008049
0.006774 0.007703
0.006775 0.007688
0.006779 0.008109
0.006781 0.007714
0.006783 0.007851
0.006785 0.007782
0.006788 0.007703
0.006790 0.007848
0.006792 0.007354
0.006795 0.007635
0.006797 0.007330
0.006799 0.007446
0.006801 0.007734
0.006803 0.007315
0.006806 0.007126
0.006807 0.007323
0.006809 0.006667
0.006810 0.006290
0.006811 0.007751
0.006813 0.004921
0.006814 0.006514
0.006815 0.005699
0.006816 0.006514
0.006816 0.005788
0.006815 0.006146
0.006817 0.005447
0.006812 0.005891
0.006812 0.005487
0.006809 0.005907
0.006809 0.005280
0.006807 0.005896
0.006805 0.005213
0.006802 0.006050
0.006800 0.005718
0.006797 0.006413
0.006795 0.005848
0.006792 0.006046
0.006790 0.005511
0.006787 0.006024
0.006785 0.005315
0.006783 0.005732
0.006782 0.005323
0.006780 0.005657
0.006778 0.005500
0.006776 0.006156
0.006774 0.005819
0.006771 0.006246
0.006769 0.005858
0.006765 0.006003
0.006763 0.005530
0.006760 0.005453
0.006759 0.008736
0.006757 0.007082
0.006756 0.007785
0.006754 0.007564
0.006752 0.008130
0.006750 0.007795
0.006747 0.007819
0.006751 0.007743
0.006752 0.008006
0.006754 0.007806
0.006756 0.008205
0.006759 0.007654
0.006761 0.007951
0.006763 0.007406
0.006765 0.007809
0.006768 0.007606
0.006770 0.007727
0.006773 0.007345
0.006775 0.007603
0.006778 0.007097
0.006779 0.007360
0.006782 0.006990
0.006783 0.007184
0.006785 0.007214
0.006787 0.007555
0.006788 0.006910
0.006789 0.007513
0.006790 0.007373
0.006791 0.007914
0.006791 0.007202
0.006792 0.007837
0.006794 0.009526
0.006794 0.007515
0.006796 0.008233
0.006797 0.007124
0.006799 0.007799
0.006800 0.006952
0.006803 0.007646
0.006808 0.007003
0.006810 0.007367
0.006813 0.006840
0.006814 0.007118
0.006816 0.006834
0.006816 0.007424
0.006818 0.006994
0.006818 0.007514
0.006819 0.006760
0.006820 0.007620
0.006820 0.007007
0.006820 0.007344
0.006821 0.006805
0.006822 0.007325
0.006823 0.006614
0.006823 0.007144
0.006825 0.006870
0.006825 0.007241
0.006826 0.006842
0.006826 0.007639
0.006827 0.007093
0.006827 0.007533
0.006828 0.007048
0.006828 0.007514
0.006829 0.007184
0.006829 0.007591
0.006830 0.006970
0.006831 0.007825
0.006832 0.007309
0.006833 0.007749
0.006834 0.007144
0.006835 0.007838
0.006837 0.007225
0.006837 0.007927
0.006839 0.007120
0.006840 0.007603
0.006842 0.007141
0.006843 0.008097
0.006845 0.007271
0.006846 0.007742
0.006848 0.007138
0.006849 0.007643
0.006850 0.007057
0.006851 0.007607
0.006854 0.007167
0.006854 0.007786
0.006856 0.007126
0.006857 0.007772
0.006859 0.007259
0.006859 0.008001
0.006861 0.007244
0.006861 0.008008
0.006863 0.007319
0.006864 0.008092
0.006866 0.007509
0.006867 0.007856
0.006869 0.006984
0.006870 0.008003
0.006872 0.007375
0.006873 0.008104
0.006876 0.007215
0.006877 0.008088
0.006879 0.007077
0.006879 0.007935
0.006882 0.007211
0.006883 0.007823
0.006886 0.007284
0.006886 0.007804
0.006889 0.006191
0.006889 0.009587
0.006891 0.005865
0.006892 0.007779
0.006894 0.006170
0.006895 0.007365
0.006897 0.006095
0.006895 0.007061
0.006901 0.006409
0.006899 0.007408
0.006901 0.007023
0.006899 0.007576
0.006900 0.006790
0.006898 0.007467
0.006899 0.006445
0.006898 0.007238
0.006899 0.006677
0.006899 0.007335
0.006901 0.006614
0.006900 0.007397
0.006902 0.006418
0.006901 0.007090
0.006901 0.006052
0.006901 0.007007
0.006902 0.005998
0.006901 0.007051
0.006902 0.005897
0.006901 0.006867
0.006902 0.005584
0.006900 0.006700
0.006900 0.005666
0.006898 0.006506
0.006898 0.005708
0.006896 0.006474
0.006896 0.004944
0.006893 0.008571
0.006893 0.005216
0.006890 0.006564
0.006890 0.005728
0.006887 0.006496
0.006886 0.005881
0.006882 0.006816
0.006886 0.006209
0.006882 0.006687
0.006881 0.006126
0.006879 0.006726
0.006878 0.005997
0.006876 0.006353
0.006876 0.005441
0.006875 0.006249
0.006874 0.005471
0.006873 0.006321
0.006872 0.005633
0.006870 0.006670
0.006869 0.005563
0.006866 0.006412
0.006865 0.006023
0.006862 0.006660
0.006861 0.005401
0.006858 0.006067
0.006858 0.005297
0.006855 0.006367
0.006854 0.005460
0.006852 0.006248
0.006852 0.005689
0.006849 0.006388
0.006847 0.005731
0.006844 0.006582
0.006843 0.005502
0.006840 0.006370
0.006839 0.005970
0.006836 0.006112
0.006835 0.005165
0.006833 0.006339
0.006833 0.005718
0.006830 0.006456
0.006829 0.005488
0.006827 0.006078
0.006825 0.005127
0.006822 0.005828
0.006821 0.004538
0.006819 0.008971
0.006818 0.007006
0.006815 0.008358
0.006813 0.007525
0.006810 0.008188
0.006808 0.007748
0.006803 0.008323
0.006808 0.007823
0.006808 0.008020
0.006811 0.007804
0.006813 0.007993
0.006816 0.007672
0.006818 0.008303
0.006821 0.007632
0.006823 0.008204
0.006826 0.007809
0.006828 0.008111
0.006830 0.007981
0.006832 0.008292
0.006835 0.007839
0.006837 0.008195
0.006839 0.007469
0.006842 0.008101
0.006844 0.007215
0.006847 0.008023
0.006850 0.007343
0.006852 0.008005
0.006855 0.007418
0.006856 0.008028
0.006858 0.007539
0.006859 0.008128
0.006862 0.007581
0.006863 0.008208
0.006865 0.007852
0.006866 0.008544
0.006869 0.007950
0.006870 0.008400
0.006873 0.007831
0.006874 0.008559
0.006877 0.007858
0.006879 0.008371
0.006883 0.007388
0.006885 0.008128
0.006888 0.006217
0.006890 0.009126
0.006893 0.006264
0.006896 0.008157
0.006899 0.006854
0.006900 0.007786
0.006902 0.006591
0.006901 0.007479
0.006905 0.006558
0.006904 0.007070
0.006907 0.005555
0.006907 0.009656
0.006908 0.006760
0.006908 0.008956
0.006909 0.007129
0.006908 0.008712
0.006909 0.007378
0.006906 0.008417
0.006912 0.007142
0.006911 0.008477
0.006916 0.007177
0.006916 0.008317
0.006920 0.007077
0.006921 0.008187
0.006924 0.007200
0.006924 0.008188
0.006928 0.006857
0.006928 0.007526
0.006931 0.008897
0.006931 0.006150
0.006934 0.007213
0.006934 0.006202
0.006937 0.007338
0.006937 0.006538
0.006938 0.007037
0.006942 0.006442
0.006941 0.007256
0.006941 0.006048
0.006940 0.006347
0.006940 0.008610
0.006940 0.006685
0.006940 0.007712
0.006939 0.007120
0.006939 0.007364
0.006938 0.006624
0.006936 0.007102
0.006940 0.006244
0.006939 0.006891
0.006941 0.006223
0.006941 0.006845
0.006942 0.006039
0.006942 0.006540
0.006942 0.006312
0.006940 0.006855
0.006940 0.005894
0.006939 0.006172
0.006939 0.009824
0.006937 0.006741
0.006936 0.008771
0.006935 0.007017
0.006934 0.008325
0.006932 0.007294
0.006931 0.007930
0.006937 0.006912
0.006936 0.008042
0.006940 0.006955
0.006940 0.008677
0.006943 0.007503
0.006944 0.009602
0.006946 0.007496
0.006946 0.008893
0.006948 0.008053
0.006948 0.008979
0.006952 0.008234
0.006953 0.008697
0.006958 0.008346
0.006960 0.008352
0.006964 0.008110
0.006966 0.008399
0.006970 0.006819
0.006973 0.006813
0.006976 0.005724
0.006979 0.006657
0.006982 0.006591
0.006984 0.006984
0.006987 0.006493
0.006987 0.006760
0.006987 0.006323
0.006984 0.006484
0.006983 0.006172
0.006983 0.006591
0.006983 0.006321
0.006981 0.006644
0.006981 0.006311
0.006980 0.006689
0.006979 0.006332
0.006977 0.006752
0.006976 0.006541
0.006975 0.006935
0.006974 0.006452
0.006973 0.006156
0.006972 0.010028
0.006971 0.007834
0.006970 0.008801
0.006969 0.007913
0.006969 0.008260
0.006968 0.008105
0.006967 0.007731
0.006973 0.007488
0.006975 0.008561
0.006979 0.007580
0.006981 0.008462
0.006983 0.007454
0.006985 0.007744
0.006987 0.007000
0.006988 0.007636
0.006991 0.007121
0.006993 0.007554
0.006996 0.006926
0.006997 0.007102
0.006998 0.006387
0.006998 0.006485
0.006999 0.005298
0.007000 0.010385
0.007001 0.006972
0.007001 0.008750
0.007001 0.007076
0.007000 0.008180
0.006999 0.006902
0.006995 0.007741
0.007002 0.006850
0.007002 0.007357
0.007006 0.006477
0.007006 0.006476
0.007008 0.009634
0.007008 0.006709
0.007010 0.008520
0.007009 0.007298
0.007010 0.008158
0.007009 0.006936
0.007008 0.007558
0.007013 0.006859
0.007013 0.007466
0.007016 0.006967
0.007016 0.007833
0.007019 0.007010
0.007018 0.007892
0.007020 0.006767
0.007019 0.007367
0.007020 0.006424
0.007020 0.007036
0.007022 0.006531
0.007022 0.006643
0.007024 0.010269
0.007023 0.006217
0.007024 0.008572
0.007022 0.006607
0.007023 0.008184
0.007021 0.007065
0.007021 0.007923
0.007027 0.006847
0.007026 0.008097
0.007029 0.006787
0.007028 0.007549
0.007030 0.006576
0.007031 0.007860
0.007032 0.006588
0.007032 0.007918
0.007034 0.006482
0.007034 0.007996
0.007035 0.006268
0.007034 0.007651
0.007036 0.005577
0.007035 0.005828
0.007036 0.009639
0.007035 0.005744
0.007037 0.007756
0.007036 0.006165
0.007037 0.007311
0.007034 0.006391
0.007031 0.007364
0.007037 0.005980
0.007034 0.007124
0.007036 0.006350
0.007034 0.007323
0.007034 0.006492
0.007033 0.007267
0.007034 0.006481
0.007032 0.007319
0.007032 0.006338
0.007030 0.007164
0.007031 0.006476
0.007030 0.007479
0.007030 0.006436
0.007029 0.007335
0.007030 0.006491
0.007028 0.007365
0.007029 0.006550
0.007028 0.007298
0.007028 0.006462
0.007027 0.007447
0.007028 0.006376
0.007027 0.007332
0.007027 0.006458
0.007026 0.007359
0.007027 0.006380
0.007026 0.007341
0.007027 0.006473
0.007025 0.007232
0.007026 0.006169
0.007025 0.007169
0.007026 0.006366
0.007024 0.006944
0.007025 0.006213
0.007024 0.006978
0.007024 0.006112
0.007022 0.006944
0.007023 0.005994
0.007021 0.006705
0.007021 0.005515
0.007020 0.008495
0.007019 0.008183
0.007018 0.008132
0.007017 0.007370
0.007015 0.007654
0.007015 0.006746
0.007012 0.007237
0.007015 0.005682
0.007017 0.008228
0.007019 0.005817
0.007020 0.007138
0.007021 0.006285
0.007021 0.006741
0.007021 0.006127
0.007018 0.006580
0.007021 0.006007
0.007018 0.006483
0.007019 0.005643
0.007017 0.005595
0.007017 0.001973
0.007015 0.002334
0.007014 0.002371
0.007012 0.002293
0.007011 0.002344
0.007008 0.002305
0.007005 0.002353
0.006995 0.002382
0.006985 0.002294
0.006976 0.002330
0.006966 0.002314
0.006956 0.002356
0.006947 0.002352
0.006937 0.002339
0.006928 0.002352
0.006918 0.002321
0.006909 0.002351
0.006900 0.002345
0.006890 0.002356
0.006881 0.002352
0.006871 0.002314
0.006862 0.002345
0.006853 0.002344
0.006844 0.002339
0.006834 0.002350
0.006825 0.002325
0.006816 0.003801
0.006807 0.003650
0.006797 0.004029
0.006788 0.004324
0.006779 0.005620
0.006770 0.006112
0.006761 0.006571
0.006755 0.007330
0.006748 0.008065
0.006743 0.008657
0.006738 0.009378
0.006735 0.009699
0.006734 0.010515
0.006734 0.008551
0.006735 0.007204
0.006738 0.006749
0.006742 0.007723
0.006747 0.006424
0.006753 0.007546
0.006761 0.005738
0.006765 0.006914
0.006766 0.006228
0.006766 0.007282
0.006768 0.006543
0.006767 0.007071
0.006768 0.006696
0.006766 0.007638
0.006767 0.005863
0.006765 0.007361
0.006767 0.006570
0.006766 0.007023
0.006767 0.006021
0.006767 0.006920
0.006768 0.005332
0.006766 0.005869
0.006768 0.004290
0.006767 0.010349
0.006768 0.006651
0.006766 0.008815
0.006767 0.006761
0.006764 0.008407
0.006762 0.006704
0.006757 0.008572
0.006764 0.006713
0.006764 0.008442
0.006768 0.006440
0.006768 0.007782
0.006771 0.006435
0.006771 0.007808
0.006775 0.006607
0.006775 0.007779
0.006778 0.006481
0.006778 0.007750
0.006780 0.006472
0.006779 0.007993
0.006781 0.006311
0.006781 0.007480
0.006783 0.006681
0.006782 0.007700
0.006784 0.006403
0.006784 0.008013
0.006786 0.006482
0.006785 0.007898
0.006786 0.006641
0.006786 0.007833
0.006788 0.006268
0.006787 0.008073
0.006790 0.006460
0.006789 0.007653
0.006791 0.006657
0.006791 0.007842
0.006793 0.006255
0.006792 0.007649
0.006795 0.006054
0.006794 0.007284
0.006796 0.006194
0.006796 0.006701
0.006798 0.005044
0.006797 0.007813
0.006798 0.006219
0.006797 0.007385
0.006798 0.007583
0.006797 0.007379
0.006796 0.007348
0.006793 0.007387
0.006795 0.007271
0.006794 0.007341
0.006795 0.007291
0.006797 0.007168
0.006798 0.007261
0.006799 0.007626
0.006800 0.007291
0.006801 0.007590
0.006802 0.007423
0.006803 0.007104
0.006804 0.007012
0.006805 0.008438
0.006807 0.007588
0.006808 0.007432
0.006809 0.007135
0.006810 0.007437
0.006811 0.006889
0.006811 0.007402
0.006815 0.007202
0.006816 0.007448
0.006818 0.006878
0.006818 0.007207
0.006819 0.006573
0.006820 0.006669
0.006821 0.006419
0.006822 0.006242
0.006823 0.005758
0.006823 0.005568
0.006824 0.008483
0.006823 0.006628
0.006823 0.007880
0.006822 0.006366
0.006821 0.007544
0.006819 0.006925
0.006816 0.007369
0.006820 0.006548
0.006819 0.007218
0.006821 0.006427
0.006820 0.007162
0.006822 0.006370
0.006822 0.007410
0.006823 0.006512
0.006823 0.007256
0.006824 0.006445
0.006823 0.006785
0.006823 0.006452
0.006822 0.007387
0.006824 0.006348
0.006823 0.006795
0.006824 0.005957
0.006823 0.005726
0.006823 0.008634
0.006822 0.005182
0.006823 0.006966
0.006823 0.005755
0.006822 0.006772
0.006821 0.005531
0.006818 0.006942
0.006822 0.005886
0.006819 0.006963
0.006819 0.005771
0.006817 0.006877
0.006817 0.005315
0.006814 0.006576
0.006814 0.005205
0.006813 0.006551
0.006813 0.005659
0.006811 0.006569
0.006811 0.005477
0.006808 0.006433
0.006807 0.005724
0.006804 0.006214
0.006804 0.004722
0.006801 0.008914
0.006801 0.006789
0.006798 0.008565
0.006797 0.007453
0.006795 0.008205
0.006794 0.007240
0.006790 0.007927
0.006794 0.007250
0.006794 0.007872
0.006798 0.007022
0.006799 0.007634
0.006802 0.006759
0.006803 0.007645
0.006805 0.007104
0.006806 0.007770
0.006808 0.006980
0.006809 0.007889
0.006810 0.006934
0.006810 0.007298
0.006812 0.007074
0.006812 0.007679
0.006814 0.006046
0.006815 0.006981
0.006817 0.005886
0.006817 0.006375
0.006818 0.006027
0.006819 0.006431
0.006820 0.006559
0.006819 0.006622
0.006819 0.006680
0.006817 0.006796
0.006816 0.006860
0.006815 0.006946
0.006814 0.006699
0.006813 0.006960
0.006813 0.006316
0.006813 0.006591
0.006813 0.005617
0.006813 0.007044
0.006813 0.005338
0.006813 0.006273
0.006813 0.005517
0.006812 0.006486
0.006812 0.005736
0.006809 0.006335
0.006810 0.005716
0.006807 0.006405
0.006806 0.005494
0.006803 0.005820
0.006802 0.005208
0.006800 0.005584
0.006799 0.005066
0.006797 0.005216
0.006796 0.004678
0.006794 0.009030
0.006792 0.006371
0.006788 0.007800
0.006786 0.007087
0.006782 0.007676
0.006779 0.006825
0.006775 0.007242
0.006780 0.007031
0.006779 0.007603
0.006781 0.006645
0.006781 0.007409
0.006783 0.006877
0.006783 0.007372
0.006784 0.006620
0.006785 0.007142
0.006786 0.005928
0.006786 0.009467
0.006787 0.007549
0.006788 0.009084
0.006789 0.008207
0.006788 0.008879
0.006789 0.008077
0.006787 0.009053
0.006793 0.008603
0.006794 0.008968
0.006799 0.008064
0.006802 0.008903
0.006806 0.008753
0.006809 0.008567
0.006813 0.008501
0.006817 0.008708
0.006821 0.008649
0.006824 0.008747
0.006828 0.006714
0.006832 0.009112
0.006836 0.007478
0.006839 0.008065
0.006843 0.007851
0.006846 0.008117
0.006850 0.007904
0.006850 0.008357
0.006855 0.007277
0.006856 0.009054
0.006858 0.007934
0.006860 0.008013
0.006863 0.010608
0.006865 0.007881
0.006868 0.008115
0.006869 0.008570
0.006873 0.007668
0.006876 0.008333
0.006878 0.007870
0.006885 0.008631
0.006887 0.008585
0.006890 0.008731
0.006893 0.008314
0.006895 0.008721
0.006898 0.007920
0.006900 0.008297
0.006903 0.008263
0.006907 0.008293
0.006910 0.008618
0.006913 0.007262
0.006917 0.008290
0.006919 0.007697
0.006922 0.008435
0.006925 0.008123
0.006927 0.008429
0.006931 0.008144
0.006931 0.008248
0.006934 0.007905
0.006936 0.007631
0.006939 0.009019
0.006941 0.006614
0.006944 0.007865
0.006947 0.007126
0.006949 0.007825
0.006951 0.007335
0.006953 0.007910
0.006957 0.006936
0.006956 0.008075
0.006958 0.006679
0.006958 0.007988
0.006960 0.006688
0.006961 0.010152
0.006963 0.004938
0.006963 0.007530
0.006965 0.005465
0.006964 0.007360
0.006966 0.005272
0.006966 0.006950
0.006972 0.005353
0.006968 0.006270
0.006969 0.004811
0.006966 0.006202
0.006967 0.004943
0.006964 0.006603
0.006964 0.004714
0.006960 0.006180
0.006959 0.004794
0.006955 0.006174
0.006953 0.004309
0.006949 0.005217
0.006948 0.004006
0.006944 0.004188
0.006942 0.008517
0.006938 0.005269
0.006936 0.006456
0.006931 0.005751
0.006928 0.006116
0.006922 0.005563
0.006916 0.006326
0.006919 0.005416
0.006916 0.005589
0.006915 0.005660
0.006913 0.005735
0.006911 0.005486
0.006908 0.005931
0.006907 0.006033
0.006904 0.005906
0.006901 0.005799
0.006899 0.005293
0.006897 0.006875
0.006894 0.004837
0.006892 0.005534
0.006890 0.005122
0.006888 0.005477
0.006886 0.004934
0.006883 0.005172
0.006883 0.005089
0.006878 0.005169
0.006876 0.004893
0.006872 0.005033
0.006869 0.004795
0.006865 0.005037
0.006862 0.004724
0.006858 0.004926
0.006855 0.004879
0.006851 0.005031
0.006847 0.004616
0.006843 0.004820
0.006839 0.004578
0.006835 0.008129
0.006831 0.007637
0.006827 0.008012
0.006824 0.008099
0.006819 0.008269
0.006815 0.007474
0.006811 0.008357
0.006813 0.008162
0.006815 0.008396
0.006817 0.007794
0.006820 0.008229
0.006823 0.007887
0.006824 0.008088
0.006827 0.007621
0.006830 0.007897
0.006833 0.007571
0.006835 0.008260
0.006838 0.007901
0.006840 0.008267
0.006843 0.007213
0.006844 0.006676
0.006846 0.007100
0.006848 0.005291
0.006851 0.006333
0.006853 0.005865
0.006856 0.006325
0.006856 0.006096
0.006856 0.006358
0.006857 0.005746
0.006853 0.007108
0.006852 0.005952
0.006850 0.007663
0.006849 0.007314
0.006848 0.008099
0.006847 0.008066
0.006844 0.007622
0.006845 0.007450
0.006843 0.008198
0.006845 0.007203
0.006846 0.007553
0.006848 0.006809
0.006851 0.007699
0.006852 0.006886
0.006854 0.009592
0.006856 0.008534
0.006857 0.009699
0.006858 0.009470
0.006858 0.009292
0.006860 0.009348
0.006860 0.009803
0.006866 0.009781
0.006869 0.009249
0.006875 0.009166
0.006880 0.009693
0.006885 0.009504
0.006890 0.009757
0.006896 0.008747
0.006902 0.007774
0.006906 0.005835
0.006911 0.005011
0.006917 0.006733
0.006922 0.006964
0.006928 0.009272
0.006931 0.007323
0.006933 0.007414
0.006931 0.007777
0.006927 0.007749
0.006926 0.008187
0.006926 0.006946
0.006931 0.009873
0.006932 0.006787
0.006933 0.007632
0.006935 0.006671
0.006936 0.010598
0.006939 0.006421
0.006939 0.007350
0.006945 0.006297
0.006945 0.007485
0.006946 0.006195
0.006945 0.007090
0.006953 0.006280
0.006952 0.007186
0.006952 0.006233
0.006951 0.004331
0.006952 0.007236
0.006951 0.007221
0.006951 0.007818
0.006950 0.007466
0.006950 0.007554
0.006949 0.007372
0.006943 0.007712
0.006944 0.007703
0.006945 0.007864
0.006946 0.007602
0.006947 0.007624
0.006949 0.007037
0.006949 0.007342
0.006951 0.006957
0.006952 0.007017
0.006954 0.006706
0.006956 0.009549
0.006957 0.008016
0.006957 0.008774
0.006958 0.008443
0.006958 0.008195
0.006958 0.007918
0.006958 0.008387
0.006963 0.008244
0.006965 0.008698
0.006969 0.007599
0.006972 0.008667
0.006974 0.007248
0.006976 0.008184
0.006979 0.007192
0.006981 0.008162
0.006985 0.007361
0.006986 0.007887
0.006989 0.006651
0.006990 0.009134
0.006992 0.008669
0.006993 0.008219
0.006995 0.007565
0.006996 0.008234
0.006998 0.008532
0.006997 0.008465
0.007001 0.008123
0.007005 0.008305
0.007007 0.007950
0.007008 0.008384
0.007011 0.007921
0.007014 0.007904
0.007017 0.010338
0.007019 0.008742
0.007022 0.009533
0.007023 0.009106
0.007026 0.009327
0.007028 0.009246
0.007030 0.009621
0.007036 0.009447
0.007040 0.009547
0.007045 0.008900
0.007049 0.009107
0.007054 0.008123
0.007058 0.007706
0.007063 0.006584
0.007068 0.007029
0.007073 0.006739
0.007077 0.007005
0.007081 0.007164
0.007083 0.007166
0.007084 0.007381
0.007083 0.006884
0.007083 0.007179
0.007082 0.007357
0.007082 0.007554
0.007082 0.007302
0.007083 0.011618
0.007083 0.006641
0.007083 0.007887
0.007083 0.006998
0.007084 0.008058
0.007085 0.007000
0.007085 0.007742
0.007094 0.006707
0.007093 0.006893
0.007095 0.006271
0.007095 0.006542
0.007097 0.005014
0.007096 0.007555
0.007098 0.004868
0.007097 0.006054
0.007096 0.005346
0.007095 0.005881
0.007094 0.005389
0.007090 0.005620
0.007090 0.005313
0.007086 0.005498
0.007084 0.004957
0.007080 0.007250
0.007078 0.004620
0.007075 0.005457
0.007072 0.004577
0.007068 0.005299
0.007065 0.004401
0.007061 0.004650
0.007061 0.004217
0.007056 0.004400
0.007053 0.003621
0.007048 0.008074
0.007044 0.007178
0.007039 0.007539
0.007034 0.007224
0.007028 0.007136
0.007023 0.007022
0.007016 0.006711
0.007018 0.006751
0.007019 0.006513
0.007020 0.006091
0.007020 0.009914
0.007020 0.006524
0.007020 0.007749
0.007020 0.006836
0.007019 0.007813
0.007018 0.007098
0.007016 0.007665
0.007022 0.006597
0.007021 0.006933
0.007023 0.006272
0.007022 0.007030
0.007024 0.006298
0.007024 0.006394
0.007025 0.005093
0.007025 0.009444
0.007024 0.006637
0.007023 0.007690
0.007023 0.007044
0.007021 0.007451
0.007020 0.006762
0.007016 0.007175
0.007021 0.006067
0.007020 0.008443
0.007022 0.007454
0.007022 0.007387
0.007023 0.007580
0.007022 0.007650
0.007022 0.007480
0.007020 0.007596
0.007023 0.007680
0.007024 0.007214
0.007025 0.007716
0.007026 0.005193
0.007027 0.005974
0.007028 0.005279
0.007029 0.005773
0.007031 0.005367
0.007031 0.005875
0.007032 0.005391
0.007029 0.005730
0.007027 0.005420
0.007023 0.005940
0.007021 0.005342
0.007017 0.005687
0.007015 0.005164
0.007012 0.005138
0.007009 0.004513
0.007006 0.008691
0.007004 0.005249
0.007000 0.006551
0.006998 0.006215
0.006994 0.006708
0.006990 0.006276
0.006985 0.006578
0.006989 0.005740
0.006985 0.006002
0.006984 0.004945
0.006983 0.002039
0.006982 0.002311
0.006981 0.002353
0.006980 0.002317
0.006977 0.002337
0.006976 0.002359
0.006971 0.002346
0.006961 0.002360
0.006952 0.002309
0.006943 0.002320
0.006933 0.002318
0.006924 0.002325
0.006915 0.002380
0.006906 0.002312
0.006897 0.002319
0.006887 0.002297
0.006878 0.002349
0.006869 0.002399
0.006860 0.002321
0.006851 0.002295
0.006842 0.002317
0.006833 0.002365
0.006823 0.002351
0.006814 0.002334
0.006806 0.002301
0.006796 0.002316
0.006787 0.002346
0.006778 0.002331
0.006769 0.002351
0.006761 0.002304
0.006752 0.002831
0.006743 0.003322
0.006734 0.003584
0.006725 0.004662
0.006716 0.004683
0.006707 0.004757
0.006698 0.004604
0.006691 0.005185
0.006684 0.005446
0.006678 0.006360
0.006674 0.006356
0.006670 0.007405
0.006666 0.007337
0.006662 0.007956
0.006659 0.007816
0.006656 0.008260
0.006655 0.007960
0.006655 0.007944
0.006656 0.007220
0.006658 0.006258
0.006660 0.005850
0.006663 0.006050
0.006666 0.006076
0.006669 0.005956
0.006671 0.006200
0.006672 0.005966
0.006671 0.006245
0.006670 0.006425
0.006668 0.006127
0.006667 0.006088
0.006666 0.006311
0.006665 0.006716
0.006664 0.006365
0.006663 0.006235
0.006662 0.006350
0.006661 0.006306
0.006660 0.006199
0.006659 0.006355
0.006659 0.006417
0.006659 0.006095
0.006658 0.006260
0.006657 0.006371
0.006657 0.006424
0.006656 0.006559
0.006655 0.006389
0.006655 0.006298
0.006653 0.006553
0.006653 0.006415
0.006652 0.006477
0.006652 0.006444
0.006651 0.006262
0.006651 0.006257
0.006650 0.006363
0.006650 0.006254
0.006650 0.006586
0.006649 0.006255
0.006649 0.006448
0.006648 0.006555
0.006647 0.006226
0.006647 0.006772
0.006646 0.006726
0.006646 0.006717
0.006645 0.006697
0.006645 0.006270
0.006644 0.006484
0.006644 0.006533
0.006644 0.006307
0.006644 0.006445
0.006644 0.006394
0.006644 0.006425
0.006643 0.006366
0.006643 0.006514
0.006643 0.006552
0.006642 0.006382
0.006642 0.006119
0.006641 0.006258
0.006641 0.006329
0.006640 0.006514
0.006640 0.006117
0.006640 0.006505
0.006639 0.006154
0.006638 0.006332
0.006638 0.006311
0.006637 0.006424
0.006637 0.006482
0.006636 0.006440
0.006635 0.006134
0.006634 0.006410
0.006634 0.006206
0.006633 0.005457
0.006633 0.008741
0.006632 0.005553
0.006632 0.005886
0.006631 0.006021
0.006631 0.006301
0.006630 0.006049
0.006627 0.006259
0.006632 0.006013
0.006629 0.006195
0.006628 0.006442
0.006627 0.006387
0.006626 0.006168
0.006625 0.006296
0.006624 0.006072
0.006623 0.006372
0.006622 0.006010
0.006622 0.006314
0.006621 0.006121
0.006620 0.006220
0.006620 0.006039
0.006619 0.006352
0.006618 0.005866
0.006617 0.006096
0.006616 0.006031
0.006615 0.006364
0.006615 0.006073
0.006613 0.006537
0.006613 0.006003
0.006611 0.006490
0.006610 0.005918
0.006609 0.005996
0.006609 0.006209
0.006608 0.006058
0.006607 0.006055
0.006606 0.006313
0.006606 0.006186
0.006605 0.006061
0.006603 0.006759
0.006603 0.006201
0.006601 0.006221
0.006600 0.006254
0.006600 0.006133
0.006599 0.006332
0.006598 0.005891
0.006598 0.006349
0.006597 0.006004
0.006597 0.006216
0.006596 0.006150
0.006595 0.006061
0.006594 0.005997
0.006593 0.006150
0.006593 0.006052
0.006591 0.006049
0.006591 0.006257
0.006590 0.006088
0.006589 0.006151
0.006588 0.006052
0.006587 0.005940
0.006586 0.006304
0.006584 0.006106
0.006584 0.006386
0.006583 0.006054
0.006582 0.006327
0.006581 0.006134
0.006580 0.006354
0.006579 0.006016
0.006578 0.006279
0.006578 0.006043
0.006577 0.006282
0.006576 0.006058
0.006575 0.006277
0.006575 0.006166
0.006574 0.006256
0.006573 0.006180
0.006572 0.006317
0.006571 0.005928
0.006570 0.006373
0.006570 0.006094
0.006569 0.006197
0.006568 0.005943
0.006568 0.006283
0.006567 0.005914
0.006566 0.006278
0.006565 0.005903
0.006564 0.006273
0.006564 0.005902
0.006562 0.006129
0.006562 0.005540
0.006561 0.005867
0.006560 0.005727
0.006559 0.005739
0.006558 0.005543
0.006557 0.006405
0.006556 0.008204
0.006554 0.008195
0.006553 0.007918
0.006551 0.007391
0.006549 0.007370
0.006547 0.006669
0.006547 0.006747
0.006550 0.005016
0.006554 0.004869
0.006556 0.005026
0.006558 0.004007
0.006560 0.003581
0.006560 0.002333
0.006560 0.001962
0.006557 0.002342
0.006554 0.002366
0.006551 0.002356
0.006546 0.002336
0.006540 0.002373
0.006531 0.002328
0.006522 0.002336
0.006514 0.002371
0.006505 0.002367
0.006497 0.002324
0.006489 0.002331
0.006480 0.002360
0.006472 0.002381
0.006464 0.002422
0.006455 0.002293
0.006447 0.002299
0.006439 0.002336
0.006431 0.002339
0.006422 0.002318
0.006414 0.002293
0.006406 0.002301
0.006398 0.002340
0.006390 0.002336
0.006382 0.002292
0.006374 0.002336
0.006365 0.002296
0.006357 0.002345
0.006349 0.002364
0.006341 0.002302
0.006333 0.002328
0.006325 0.002294
0.006317 0.002337
0.006309 0.002374
0.006301 0.003030
0.006293 0.002327
0.006285 0.002891
0.006277 0.003608
0.006269 0.004811
0.006261 0.004237
0.006253 0.004768
0.006247 0.005429
0.006239 0.006254
0.006232 0.006661
0.006227 0.007934
0.006224 0.008243
0.006220 0.010012
0.006217 0.009219
0.006216 0.009689
0.006216 0.007567
0.006216 0.009328
0.006220 0.007442
0.006224 0.009199
0.006232 0.007745
0.006238 0.009016
0.006245 0.008074
0.006247 0.009083
0.006253 0.007986
0.006256 0.009008
0.006262 0.008385
0.006265 0.009200
0.006270 0.008355
0.006274 0.009228
0.006279 0.008357
0.006283 0.009355
0.006288 0.007703
0.006293 0.009184
0.006298 0.007652
0.006303 0.009028
0.006308 0.007991
0.006313 0.009454
0.006319 0.008059
0.006321 0.009355
0.006327 0.008471
0.006330 0.009983
0.006335 0.008717
0.006339 0.009603
0.006345 0.007962
0.006348 0.009097
0.006354 0.007613
0.006359 0.002019
0.006366 0.002278
0.006371 0.002317
0.006377 0.002310
0.006380 0.002322
0.006386 0.002293
0.006388 0.002355
0.006379 0.002320
0.006371 0.002350
0.006363 0.002341
0.006355 0.009674
0.006347 0.007147
0.006339 0.009024
0.006331 0.007688
0.006323 0.008774
0.006315 0.007306
0.006307 0.008608
0.006313 0.007209
0.006315 0.008408
0.006320 0.007589
0.006323 0.008561
0.006328 0.007436
0.006330 0.008507
0.006335 0.007268
0.006336 0.008611
0.006341 0.007183
0.006343 0.008401
0.006348 0.007021
0.006350 0.008364
0.006354 0.006967
0.006356 0.008444
0.006360 0.007233
0.006362 0.008326
0.006366 0.007361
0.006368 0.008429
0.006372 0.007514
0.006373 0.008562
0.006377 0.006903
0.006379 0.008428
0.006382 0.006901
0.006384 0.008289
0.006389 0.006759
0.006391 0.008061
0.006395 0.006436
0.006396 0.007017
0.006400 0.002007
0.006401 0.002336
0.006405 0.002298
0.006406 0.002287
0.006409 0.002315
0.006409 0.002336
0.006410 0.002331
0.006402 0.002356
0.006393 0.002306
0.006385 0.002309
0.006377 0.002333
0.006369 0.002319
0.006361 0.002349
0.006353 0.002346
0.006345 0.002335
0.006336 0.002322
0.006328 0.003810
0.006320 0.003009
0.006312 0.004343
0.006304 0.004962
0.006296 0.005585
0.006288 0.006299
0.006281 0.006474
0.006276 0.007169
0.006269 0.007361
0.006265 0.008326
0.006263 0.008280
0.006261 0.008656
0.006261 0.008146
0.006262 0.007173
0.006263 0.006285
0.006266 0.005891
0.006270 0.005854
0.006274 0.006184
0.006279 0.006288
0.006282 0.006068
0.006284 0.006523
0.006284 0.006274
0.006283 0.006719
0.006283 0.006313
0.006282 0.006476
0.006282 0.006925
0.006282 0.006802
0.006282 0.006331
0.006282 0.006312
0.006283 0.006097
0.006283 0.006806
0.006284 0.006374
0.006285 0.006806
0.006286 0.006328
0.006286 0.006861
0.006286 0.006551
0.006286 0.007165
0.006287 0.006453
0.006287 0.006859
0.006288 0.006640
0.006288 0.006576
0.006289 0.006148
0.006290 0.006849
0.006292 0.006794
0.006292 0.006875
0.006293 0.006600
0.006294 0.006564
0.006294 0.006725
0.006294 0.006897
0.006295 0.006682
0.006296 0.006900
0.006297 0.006726
0.006298 0.006977
0.006298 0.006692
0.006299 0.006961
0.006300 0.006680
0.006301 0.006942
0.006302 0.006784
0.006303 0.006995
0.006305 0.006803
0.006305 0.006951
0.006307 0.006764
0.006307 0.007007
0.006309 0.006732
0.006310 0.007030
0.006311 0.006837
0.006312 0.006844
0.006313 0.006897
0.006314 0.006982
0.006316 0.007198
0.006316 0.007261
0.006318 0.006564
0.006319 0.006438
0.006320 0.006771
0.006321 0.006377
0.006322 0.006445
0.006324 0.006652
0.006326 0.006581
0.006327 0.006660
0.006327 0.006649
0.006328 0.006892
0.006328 0.007011
0.006328 0.007052
0.006329 0.007275
0.006329 0.007473
0.006330 0.006997
0.006331 0.007355
0.006332 0.007231
0.006333 0.007471
0.006334 0.007166
0.006336 0.007624
0.006339 0.007071
0.006340 0.007329
0.006342 0.007195
0.006344 0.007609
0.006346 0.006893
0.006348 0.007177
0.006350 0.007348
0.006352 0.007177
0.006354 0.005621
0.006355 0.005821
0.006358 0.005832
0.006359 0.005520
0.006361 0.004729
0.006363 0.008765
0.006364 0.004905
0.006363 0.005444
0.006362 0.005658
0.006361 0.005480
0.006359 0.005594
0.006356 0.005281
0.006360 0.005532
0.006357 0.005336
0.006356 0.005470
0.006354 0.005266
0.006352 0.005084
0.006351 0.004940
0.006349 0.005023
0.006347 0.004817
0.006345 0.004537
0.006343 0.004495
0.006341 0.011628
0.006339 0.003523
0.006336 0.004544
0.006333 0.005081
0.006330 0.005563
0.006327 0.005418
0.006323 0.005584
0.006334 0.005594
0.006328 0.005655
0.006324 0.005620
0.006322 0.005811
0.006320 0.005561
0.006319 0.005811
0.006317 0.005489
0.006316 0.005723
0.006314 0.005360
0.006313 0.005817
0.006312 0.005311
0.006310 0.005636
0.006309 0.005334
0.006308 0.005673
0.006307 0.005348
0.006305 0.005601
0.006304 0.005232
0.006302 0.005406
0.006300 0.005251
0.006298 0.005423
0.006297 0.005188
0.006295 0.005299
0.006294 0.005081
0.006292 0.005214
0.006290 0.004740
0.006288 0.004832
0.006286 0.004354
0.006284 0.003694
0.006282 0.010619
0.006280 0.003371
0.006277 0.004823
0.006274 0.005088
0.006271 0.005482
0.006268 0.005482
0.006262 0.005384
0.006271 0.005520
0.006265 0.005811
0.006263 0.005499
0.006260 0.005749
0.006259 0.005516
0.006257 0.005678
0.006255 0.005668
0.006254 0.005617
0.006253 0.005577
0.006251 0.005728
0.006250 0.005543
0.006249 0.005785
0.006248 0.005326
0.006247 0.005428
0.006245 0.005549
0.006244 0.005650
0.006243 0.005212
0.006242 0.005813
0.006241 0.005171
0.006239 0.005609
0.006237 0.006383
0.006236 0.006753
0.006235 0.006754
0.006233 0.007216
0.006232 0.007314
0.006230 0.007661
0.006228 0.007811
0.006229 0.008375
0.006230 0.005433
0.006231 0.006088
0.006233 0.006445
0.006235 0.006257
0.006238 0.006450
0.006241 0.006656
0.006245 0.006358
0.006244 0.006596
0.006243 0.006592
0.006244 0.006667
0.006244 0.006775
0.006244 0.006505
0.006245 0.006746
0.006245 0.006496
0.006246 0.006651
0.006247 0.006550
0.006247 0.006749
0.006248 0.006454
0.006249 0.006748
0.006250 0.006291
0.006250 0.006380
0.006251 0.006563
0.006252 0.006571
0.006253 0.006312
0.006253 0.006788
0.006254 0.006702
0.006254 0.006948
0.006255 0.007073
0.006255 0.007051
0.006256 0.006861
0.006256 0.007077
0.006257 0.006813
0.006258 0.007123
0.006259 0.006990
0.006261 0.006676
0.006263 0.007105
0.006264 0.006892
0.006265 0.007288
0.006266 0.006905
0.006268 0.007183
0.006270 0.007346
0.006270 0.007725
0.006272 0.007921
0.006273 0.008090
0.006275 0.007990
0.006277 0.007925
0.006278 0.007599
0.006281 0.006799
0.006283 0.006420
0.006287 0.005593
0.006290 0.004714
0.006294 0.003223
0.006297 0.004024
0.006300 0.002626
0.006301 0.002102
0.006301 0.001986
0.006299 0.002217
0.006296 0.002227
0.006290 0.002187
0.006286 0.002196
0.006278 0.002015
0.006270 0.002019
0.006261 0.001985
0.006253 0.002315
0.006245 0.002430
0.006237 0.002324
0.006229 0.002424
0.006220 0.002410
0.006212 0.002277
0.006204 0.002603
0.006196 0.002281
0.006188 0.002310
0.006181 0.002517
0.006173 0.002340
0.006165 0.002351
0.006158 0.002294
0.006151 0.002278
0.006143 0.002121
0.006135 0.002170
