0.000000 0.010500
0.000000 0.006263
0.000000 0.006908
0.000000 0.006196
0.000000 0.006087
0.000000 0.005994
0.000000 0.007557
0.010500 0.007424
0.008380 0.006656
0.007888 0.006439
0.007464 0.006975
0.007187 0.007819
0.006987 0.006622
0.007069 0.006683
0.007114 0.006680
0.007063 0.006740
0.007000 0.008322
0.006997 0.008278
0.007067 0.006390
0.007032 0.006909
0.007007 0.007395
0.006985 0.008646
0.006969 0.007577
0.007050 0.006454
0.007119 0.006876
0.007080 0.007518
0.007072 0.008211
0.007087 0.007268
0.007160 0.006896
0.007178 0.007073
0.007147 0.006974
0.007136 0.007749
0.007151 0.008018
0.007192 0.006512
0.007194 0.006676
0.007184 0.007454
0.007180 0.008017
0.007173 0.007262
0.007192 0.007412
0.007218 0.006906
0.007196 0.007525
0.007181 0.006882
0.007189 0.007393
0.007212 0.006975
0.007213 0.008363
0.007218 0.007290
0.007210 0.006581
0.007218 0.008622
0.007210 0.006678
0.007214 0.007578
0.007209 0.006468
0.007236 0.008507
0.007237 0.006666
0.007222 0.007984
0.007253 0.006838
0.007240 0.007471
0.007248 0.007822
0.007231 0.007477
0.007257 0.007495
0.007246 0.007476
0.007260 0.007742
0.007252 0.007552
0.007256 0.007508
0.007267 0.007674
0.007270 0.007959
0.007274 0.007045
0.007278 0.008257
0.007286 0.007934
0.007291 0.008170
0.007294 0.007454
0.007301 0.007720
0.007311 0.007738
0.007307 0.007925
0.007322 0.007795
0.007332 0.007638
0.007345 0.007472
0.007346 0.007511
0.007352 0.007891
0.007358 0.007314
0.007366 0.007614
0.007372 0.007203
0.007376 0.008516
0.007378 0.007231
0.007379 0.007820
0.007387 0.006691
0.007386 0.007451
0.007389 0.007378
0.007386 0.007260
0.007401 0.007211
0.007399 0.007822
0.007404 0.007304
0.007395 0.007066
0.007396 0.007591
0.007396 0.007921
0.007394 0.007034
0.007392 0.006950
0.007397 0.007321
0.007396 0.005875
0.007392 0.005793
0.007394 0.005183
0.007400 0.007444
0.007396 0.005929
0.007391 0.006060
0.007390 0.006191
0.007373 0.005569
0.007356 0.005902
0.007332 0.005877
0.007333 0.006223
0.007318 0.005854
0.007304 0.005634
0.007292 0.005749
0.007274 0.006599
0.007260 0.006260
0.007246 0.005519
0.007235 0.005555
0.007221 0.006775
0.007205 0.007502
0.007190 0.005467
0.007184 0.005740
0.007175 0.006998
0.007159 0.006804
0.007143 0.006081
0.007140 0.005600
0.007143 0.006914
0.007127 0.007169
0.007114 0.005899
0.007113 0.006336
0.007110 0.006881
0.007101 0.005433
0.007087 0.006169
0.007086 0.008199
0.007086 0.005642
0.007076 0.005738
0.007069 0.005692
0.007067 0.006086
0.007053 0.006751
0.007045 0.006268
0.007055 0.005500
0.007043 0.007151
0.007032 0.006612
0.007021 0.006112
0.007013 0.005419
0.007010 0.006449
0.007004 0.005848
0.006992 0.006169
0.006993 0.007755
0.006990 0.005759
0.006983 0.005725
0.006970 0.005880
0.006966 0.007512
0.006957 0.006034
0.006951 0.006113
0.006957 0.005793
0.006948 0.007949
0.006938 0.005748
0.006930 0.005681
0.006935 0.006024
0.006928 0.005858
0.006921 0.007126
0.006913 0.005976
0.006921 0.005869
0.006912 0.005889
0.006903 0.006726
0.006896 0.005887
0.006889 0.007688
0.006890 0.005684
0.006884 0.005189
0.006876 0.006583
0.006869 0.007668
0.006868 0.006012
0.006861 0.005821
0.006867 0.005691
0.006859 0.007703
0.006847 0.006259
0.006845 0.006007
0.006851 0.006132
0.006845 0.007276
0.006838 0.007212
0.006830 0.006299
0.006836 0.006108
0.006832 0.006652
0.006826 0.006150
0.006822 0.006949
0.006825 0.007262
0.006827 0.006862
0.006824 0.005426
0.006819 0.007067
0.006818 0.007970
0.006814 0.006592
0.006815 0.005683
0.006817 0.006503
0.006818 0.007780
0.006809 0.007452
0.006810 0.006511
0.006818 0.006613
0.006816 0.007519
0.006809 0.007623
0.006807 0.006536
0.006813 0.007808
0.006817 0.006987
0.006816 0.007386
0.006814 0.007448
0.006819 0.008243
0.006824 0.006459
0.006822 0.006778
0.006828 0.007002
0.006829 0.008502
0.006832 0.007279
0.006836 0.006332
0.006844 0.007131
0.006842 0.007682
0.006842 0.007935
0.006843 0.007359
0.006852 0.006476
0.006855 0.007072
0.006852 0.007079
0.006853 0.007705
0.006858 0.007705
0.006864 0.006424
0.006867 0.006816
0.006865 0.006949
0.006866 0.008514
0.006867 0.006568
0.006872 0.007078
0.006877 0.007024
0.006874 0.007385
0.006874 0.007856
0.006874 0.007051
0.006884 0.006828
0.006882 0.008311
0.006883 0.006847
0.006884 0.007559
0.006886 0.006867
0.006892 0.008057
0.006893 0.006726
0.006892 0.007370
0.006900 0.007926
0.006900 0.007051
0.006903 0.006862
0.006903 0.007387
0.006909 0.008409
0.006908 0.007434
0.006911 0.007017
0.006916 0.006862
0.006917 0.008145
0.006916 0.007191
0.006919 0.007720
0.006927 0.007911
0.006929 0.008617
0.006930 0.007185
0.006929 0.007606
0.006936 0.007511
0.006937 0.007153
0.006941 0.007173
0.006946 0.009040
0.006954 0.007771
0.006956 0.006828
0.006959 0.007217
0.006962 0.007458
0.006963 0.009275
0.006964 0.007796
0.006974 0.007116
0.006978 0.007759
0.006977 0.008071
0.006979 0.007898
0.006981 0.008145
0.006992 0.008007
0.006996 0.008553
0.006997 0.007299
0.007000 0.007955
0.007006 0.008689
0.007010 0.007648
0.007016 0.007708
0.007020 0.008460
0.007028 0.008829
0.007029 0.007481
0.007033 0.007685
0.007041 0.007926
0.007044 0.008911
0.007047 0.009277
0.007054 0.008152
0.007062 0.009608
0.007064 0.010552
0.007067 0.010033
0.007071 0.009735
0.007080 0.009856
0.007090 0.009141
0.007095 0.008706
0.007107 0.008676
0.007123 0.009819
0.007136 0.008893
0.007148 0.009395
0.007161 0.007305
0.007170 0.008871
0.007177 0.008747
0.007183 0.008212
0.007195 0.008761
0.007203 0.010690
0.007213 0.009643
0.007213 0.008821
0.007221 0.009609
0.007228 0.009297
0.007232 0.009603
0.007239 0.010270
0.007254 0.009796
0.007265 0.009042
0.007272 0.008885
0.007282 0.009207
0.007291 0.011091
0.007301 0.008975
0.007314 0.009148
0.007325 0.008873
0.007333 0.010004
0.007339 0.009343
0.007347 0.009708
0.007364 0.009633
0.007371 0.008564
0.007378 0.009048
0.007385 0.009576
0.007396 0.009550
0.007404 0.008859
0.007414 0.009788
0.007424 0.008707
0.007428 0.010447
0.007435 0.009084
0.007444 0.009126
0.007453 0.008821
0.007459 0.009822
0.007469 0.009342
0.007474 0.009272
0.007487 0.009199
0.007493 0.009477
0.007500 0.009167
0.007506 0.009846
0.007515 0.009625
0.007523 0.009172
0.007530 0.009009
0.007537 0.009251
0.007545 0.010123
0.007552 0.008867
0.007561 0.009505
0.007569 0.009199
0.007576 0.009494
0.007582 0.009423
0.007589 0.009260
0.007599 0.008733
0.007604 0.009246
0.007612 0.009335
0.007618 0.009388
0.007626 0.008961
0.007633 0.008730
0.007639 0.009439
0.007644 0.009555
0.007650 0.008941
0.007657 0.009354
0.007664 0.008958
0.007669 0.009300
0.007673 0.010436
0.007680 0.009337
0.007688 0.008990
0.007693 0.009928
0.007699 0.009733
0.007704 0.009702
0.007710 0.009138
0.007721 0.008832
0.007727 0.010083
0.007732 0.009605
0.007741 0.010148
0.007748 0.009617
0.007756 0.009395
0.007761 0.009665
0.007765 0.010374
0.007774 0.009313
0.007781 0.009504
0.007790 0.009296
0.007797 0.009750
0.007804 0.010480
0.007811 0.009043
0.007820 0.009732
0.007826 0.009844
0.007832 0.009324
0.007838 0.010172
0.007845 0.009460
0.007855 0.009933
0.007860 0.009366
0.007867 0.009680
0.007874 0.010265
0.007880 0.010152
0.007888 0.009323
0.007894 0.009209
0.007902 0.009893
0.007907 0.010216
0.007914 0.009653
0.007922 0.009279
0.007931 0.009546
0.007936 0.009643
0.007940 0.010942
0.007948 0.009832
0.007956 0.008992
0.007962 0.009532
0.007967 0.009190
0.007973 0.010069
0.007979 0.009744
0.007990 0.009453
0.007996 0.009702
0.008000 0.009804
0.008006 0.010328
0.008010 0.009029
0.008017 0.010029
0.008024 0.009588
0.008029 0.009603
0.008035 0.009850
0.008041 0.010512
0.008049 0.009672
0.008053 0.009629
0.008060 0.009833
0.008065 0.010656
0.008071 0.009870
0.008077 0.009538
0.008086 0.009982
0.008091 0.009787
0.008097 0.010165
0.008103 0.010216
0.008112 0.009600
0.008118 0.009188
0.008123 0.010252
0.008130 0.009987
0.008136 0.009862
0.008143 0.009596
0.008150 0.009559
0.008155 0.009726
0.008159 0.010437
0.008166 0.009845
0.008172 0.009495
0.008178 0.010181
0.008183 0.009463
0.008188 0.010426
0.008193 0.009800
0.008201 0.009777
0.008207 0.009645
0.008211 0.009675
0.008218 0.010295
0.008222 0.009934
0.008230 0.009570
0.008235 0.010006
0.008240 0.009693
0.008245 0.010737
0.008250 0.010467
0.008257 0.009929
0.008263 0.009794
0.008267 0.009792
0.008273 0.010437
0.008278 0.010041
0.008286 0.009882
0.008293 0.009609
0.008299 0.010133
0.008304 0.009738
0.008309 0.010729
0.008316 0.009584
0.008322 0.009653
0.008327 0.009692
0.008331 0.011046
0.008337 0.010376
0.008342 0.009828
0.008350 0.010281
0.008354 0.010290
0.008358 0.010241
0.008363 0.010316
0.008372 0.010334
0.008378 0.009811
0.008383 0.010245
0.008389 0.010208
0.008396 0.010632
0.008402 0.009809
0.008408 0.009873
0.008414 0.010324
0.008419 0.010534
0.008425 0.009820
0.008431 0.010089
0.008438 0.010210
0.008442 0.010258
0.008447 0.010045
0.008453 0.009910
0.008460 0.010360
0.008464 0.009840
0.008470 0.011094
0.008475 0.010052
0.008481 0.010152
0.008486 0.010546
0.008491 0.011277
0.008497 0.010904
0.008501 0.009740
0.008509 0.010551
0.008514 0.011548
0.008520 0.010896
0.008526 0.010778
0.008535 0.011129
0.008543 0.011001
0.008546 0.010910
0.008553 0.010883
0.008562 0.010907
0.008570 0.010583
0.008577 0.011046
0.008585 0.011109
0.008592 0.011330
0.008600 0.009991
0.008607 0.010875
0.008614 0.011554
0.008620 0.010729
0.008628 0.010805
0.008636 0.010753
0.008644 0.011050
0.008649 0.011296
0.008656 0.010430
0.008665 0.010650
0.008671 0.011506
0.008678 0.011015
0.008684 0.011088
0.008692 0.011261
0.008700 0.011339
0.008705 0.010476
0.008711 0.010876
0.008720 0.010909
0.008727 0.011811
0.008734 0.010318
0.008742 0.010816
0.008750 0.010995
0.008755 0.011044
0.008762 0.011144
0.008769 0.010546
0.008778 0.011004
0.008783 0.011422
0.008789 0.011024
0.008796 0.011876
0.008803 0.010748
0.008810 0.010943
0.008815 0.010956
0.008822 0.011647
0.008830 0.010983
0.008836 0.010493
0.008846 0.010886
0.008851 0.011190
0.008858 0.011394
0.008864 0.010880
0.008873 0.010755
0.008879 0.010619
0.008884 0.011397
0.008890 0.011515
0.008897 0.011306
0.008904 0.010942
0.008910 0.010807
0.008916 0.011141
0.008921 0.011269
0.008928 0.011494
0.008936 0.010669
0.008943 0.011201
0.008949 0.011173
0.008955 0.011929
0.008961 0.010744
0.008968 0.011250
0.008976 0.011317
0.008981 0.011209
0.008988 0.011428
0.008994 0.011122
0.009003 0.011417
0.009008 0.011765
0.009015 0.010913
0.009021 0.011870
0.009028 0.011196
0.009035 0.011058
0.009041 0.011366
0.009048 0.011380
0.009056 0.011915
0.009062 0.011177
0.009070 0.011157
0.009076 0.011554
0.009082 0.011630
0.009089 0.011712
0.009095 0.010780
0.009104 0.011507
0.009110 0.011754
0.009116 0.010881
0.009123 0.011627
0.009130 0.011860
0.009138 0.011487
0.009142 0.011144
0.009149 0.011299
0.009157 0.012236
0.009162 0.011318
0.009169 0.011772
0.009177 0.012052
0.009184 0.011587
0.009189 0.011460
0.009195 0.011615
0.009204 0.011565
0.009210 0.011925
0.009218 0.011588
0.009226 0.011392
0.009233 0.011840
0.009239 0.012227
0.009246 0.011392
0.009253 0.011737
0.009260 0.012195
0.009267 0.011551
0.009273 0.011366
0.009280 0.012041
0.009289 0.012341
0.009295 0.011297
0.009302 0.011152
0.009310 0.011461
0.009316 0.011993
0.009322 0.012052
0.009330 0.011152
0.009338 0.011452
0.009344 0.011989
0.009349 0.011462
0.009355 0.011886
0.009363 0.011414
0.009370 0.011525
0.009375 0.011295
0.009381 0.011267
0.009389 0.012299
0.009394 0.011221
0.009401 0.011450
0.009407 0.011559
0.009413 0.011855
0.009418 0.011285
0.009424 0.011548
0.009432 0.011326
0.009437 0.011777
0.009442 0.011615
0.009448 0.011564
0.009455 0.011308
0.009460 0.011573
0.009466 0.010904
0.009471 0.011885
0.009478 0.011546
0.009483 0.011673
0.009489 0.011467
0.009494 0.011884
0.009500 0.011905
0.009504 0.011646
0.009511 0.011260
0.009516 0.011760
0.009522 0.012082
0.009528 0.011706
0.009534 0.011291
0.009541 0.011384
0.009547 0.011474
0.009551 0.011540
0.009557 0.011466
0.009564 0.011122
0.009570 0.011634
0.009575 0.011222
0.009580 0.011627
0.009585 0.011607
0.009591 0.011415
0.009596 0.011441
0.009600 0.011317
0.009605 0.011762
0.009610 0.011445
0.009615 0.011053
0.009621 0.011621
0.009626 0.011670
0.009631 0.011389
0.009635 0.011486
0.009641 0.011435
0.009646 0.011642
0.009650 0.011744
0.009655 0.011564
0.009661 0.011429
0.009665 0.011400
0.009670 0.011164
0.009675 0.011647
0.009680 0.011558
0.009686 0.011402
0.009691 0.011420
0.009696 0.011428
0.009700 0.011783
0.009704 0.011354
0.009710 0.011376
0.009715 0.011623
