0.000000 0.027635
0.000000 0.015536
0.000000 0.031951
0.000000 0.033212
0.000000 0.031879
0.000000 0.028537
0.000000 0.018769
0.027635 0.028636
0.021579 0.028443
0.025044 0.028841
0.027092 0.027651
0.028053 0.026588
0.028134 0.026050
0.026788 0.021784
0.027021 0.026215
0.027180 0.018330
0.027348 0.026295
0.027376 0.026378
0.027309 0.026206
0.027211 0.026577
0.026819 0.026124
0.026778 0.026443
0.026242 0.022060
0.026245 0.026351
0.026253 0.015252
0.026250 0.026387
0.026267 0.026191
0.026260 0.026401
0.026268 0.026673
0.026081 0.026358
0.026093 0.026176
0.025649 0.022177
0.025678 0.026337
0.025697 0.015201
0.025723 0.026230
0.025757 0.026063
0.025777 0.026128
0.025791 0.026414
0.025674 0.026336
0.025695 0.026405
0.025376 0.022009
0.025401 0.026343
0.025420 0.015483
0.025440 0.026514
0.025467 0.026066
0.025490 0.026259
0.025514 0.026144
0.025425 0.026329
0.025447 0.026376
0.025206 0.021735
0.025237 0.026474
0.025256 0.015315
0.025279 0.026705
0.025298 0.026408
0.025321 0.026586
0.025343 0.026542
0.025267 0.026001
0.025292 0.026237
0.025091 0.021948
0.025123 0.026328
0.025148 0.014933
0.025175 0.026300
0.025201 0.026067
0.025216 0.026379
0.025234 0.026553
0.025176 0.026355
0.025196 0.026160
0.025017 0.022234
0.025039 0.026427
0.025057 0.015366
0.025079 0.026259
0.025103 0.026142
0.025123 0.026703
0.025140 0.028427
0.025094 0.027130
0.025115 0.027810
0.024965 0.023859
0.024985 0.029256
0.025002 0.020320
0.025027 0.017908
0.025077 0.018331
0.025106 0.018212
0.025144 0.017962
0.025126 0.018651
0.025184 0.030348
0.025117 0.025843
0.025020 0.030284
0.024930 0.018762
0.024842 0.030192
0.024752 0.030423
0.024673 0.030215
0.024745 0.030624
0.024759 0.029888
0.024828 0.029694
0.024753 0.025665
0.024820 0.029892
0.024888 0.018618
0.024952 0.030193
0.025019 0.029774
0.025077 0.029902
0.025130 0.030051
0.025137 0.029986
0.025191 0.029625
0.025116 0.026213
0.025173 0.030028
0.025225 0.019284
0.025276 0.024178
0.025328 0.025380
0.025379 0.023894
0.025424 0.026106
0.025433 0.041628
0.025481 0.040614
0.025416 0.031801
0.025404 0.030413
0.025403 0.052717
0.025388 0.031893
0.025395 0.057760
0.025558 0.066248
0.025708 0.033790
0.025768 0.076155
0.025814 0.038145
0.026075 0.036858
0.026131 0.061928
0.026434 0.072701
0.026813 0.060434
0.026879 0.072354
0.027340 0.031266
0.027441 0.068669
0.027527 0.033499
0.027843 0.038196
0.028251 0.072555
0.028541 0.043953
0.028934 0.032466
0.028955 0.032099
0.029307 0.059932
0.029343 0.031476
0.029421 0.048765
0.029795 0.066397
0.029917 0.045492
0.029938 0.038012
0.029957 0.038182
0.030210 0.076177
0.030220 0.047551
0.030375 0.036210
0.030673 0.037452
0.030795 0.067122
0.030855 0.041545
0.030914 0.040799
0.031280 0.058801
0.031411 0.031665
0.031449 0.068172
0.031497 0.042277
0.031778 0.036102
0.031854 0.033437
0.031924 0.066917
0.032132 0.048369
0.032129 0.033064
0.032405 0.039715
0.032480 0.053975
0.032508 0.048855
0.032515 0.036275
0.032773 0.033904
0.032889 0.039875
0.032890 0.053447
0.032941 0.038187
0.033095 0.066077
0.033210 0.058087
0.033232 0.054101
0.033237 0.044504
0.033285 0.045003
0.033429 0.063335
0.033463 0.056611
0.033693 0.046280
0.033865 0.045236
0.034007 0.055783
0.034080 0.046109
0.034155 0.035223
0.034357 0.055006
0.034510 0.045942
0.034590 0.037156
0.034662 0.034111
0.034805 0.044127
0.034881 0.038774
0.034884 0.048273
0.035018 0.038762
0.035090 0.046287
0.035104 0.038203
0.035098 0.033163
0.035157 0.050328
0.035180 0.037018
0.035265 0.034800
0.035288 0.038301
0.035359 0.034283
0.035377 0.037531
0.035363 0.033202
0.035458 0.037608
0.035468 0.033281
0.035463 0.034043
0.035481 0.048002
0.035474 0.034590
0.035486 0.046239
0.035472 0.046775
0.035485 0.035698
0.035472 0.044956
0.035463 0.034871
0.035540 0.043403
0.035534 0.042994
0.035598 0.036683
0.035666 0.043794
0.035666 0.045184
0.035721 0.037456
0.035716 0.045876
0.035762 0.039203
0.035804 0.038738
0.035809 0.034328
0.035856 0.040921
0.035910 0.036214
0.035919 0.038914
0.035977 0.032032
0.035996 0.037656
0.036011 0.049118
0.036002 0.045885
0.036030 0.053386
0.036031 0.054764
0.036047 0.044658
0.036024 0.055659
0.036034 0.054469
0.036107 0.047689
0.036161 0.054654
0.036257 0.055353
0.036359 0.044954
0.036405 0.048757
0.036511 0.045889
0.036609 0.053177
0.036670 0.043459
0.036767 0.054672
0.036868 0.054939
0.036912 0.047556
0.036976 0.057935
0.037023 0.050620
0.037110 0.043362
0.037144 0.057332
0.037237 0.051922
0.037330 0.044844
0.037384 0.047579
0.037492 0.059286
0.037561 0.056725
0.037592 0.056067
0.037694 0.047999
0.037768 0.049553
0.037805 0.053698
0.037855 0.060177
0.037965 0.050150
0.038062 0.054796
0.038154 0.020005
0.038204 0.014907
0.038261 0.052862
0.038340 0.051019
0.038450 0.022049
0.038509 0.020926
0.038590 0.016595
0.038497 0.024044
0.038380 0.030465
0.038452 0.036402
0.038514 0.044918
0.038433 0.047460
0.038346 0.054052
0.038240 0.043217
0.038170 0.039937
0.038132 0.034615
0.038124 0.035568
0.038157 0.032366
0.038202 0.032627
0.038279 0.035349
0.038302 0.034870
0.038310 0.044062
0.038292 0.040401
0.038279 0.039954
0.038251 0.049216
0.038225 0.044956
0.038211 0.037676
0.038195 0.037606
0.038223 0.049467
0.038233 0.045300
0.038241 0.036999
0.038292 0.038279
0.038323 0.048008
0.038320 0.045288
0.038317 0.039186
0.038369 0.038666
0.038401 0.044453
0.038394 0.044363
0.038394 0.037112
0.038438 0.038345
0.038469 0.035679
0.038472 0.109725
0.038473 0.087616
0.038500 0.061661
0.038527 0.047844
0.038520 0.043407
0.038519 0.042318
0.038507 0.042602
0.038825 0.082884
0.039043 0.053992
0.039144 0.034353
0.039182 0.038816
0.039201 0.085337
0.039215 0.054300
0.039230 0.033752
0.039422 0.040134
0.039486 0.084778
0.039463 0.052756
0.039460 0.034295
0.039660 0.039310
0.039724 0.077824
0.039698 0.053395
0.039700 0.033053
0.039894 0.040840
0.039950 0.078055
0.039925 0.052998
0.039923 0.034996
0.040085 0.039437
0.040141 0.078166
0.040111 0.056624
0.040114 0.035364
0.040275 0.042231
0.040329 0.068326
0.040306 0.052281
0.040303 0.033314
0.040462 0.037828
0.040529 0.035552
0.040508 0.054639
0.040515 0.035279
0.040631 0.039808
0.040679 0.044047
0.040649 0.043006
0.040637 0.038569
0.040616 0.039644
0.040674 0.047343
0.040652 0.045842
0.040648 0.039344
0.040662 0.039375
0.040672 0.048321
0.040663 0.044701
0.040659 0.039345
0.040686 0.037757
0.040707 0.047874
0.040701 0.043564
0.040696 0.036942
0.040727 0.039300
0.040743 0.045511
0.040737 0.044337
0.040725 0.038667
0.040754 0.039860
0.040765 0.044904
0.040750 0.045257
0.040744 0.039517
0.040763 0.040413
0.040777 0.041829
0.040769 0.040389
0.040765 0.039770
0.040781 0.032990
0.040799 0.040029
0.040794 0.049877
0.040792 0.039312
0.040796 0.049092
0.040795 0.038825
0.040791 0.047620
0.040761 0.039645
0.040758 0.045820
0.040793 0.040785
0.040787 0.033654
0.040819 0.038847
0.040812 0.031977
0.040838 0.036131
0.040833 0.034877
0.040852 0.035686
0.040852 0.035552
0.040825 0.030080
0.040817 0.034328
0.040784 0.039298
0.040766 0.033811
0.040744 0.042489
0.040725 0.034309
0.040705 0.041915
0.040665 0.035439
0.040641 0.043063
0.040636 0.034817
0.040611 0.039971
0.040618 0.035582
0.040594 0.041101
0.040599 0.036489
0.040580 0.034988
0.040589 0.034173
0.040568 0.039119
0.040566 0.034764
0.040547 0.039979
0.040549 0.034577
0.040534 0.042647
0.040514 0.041915
0.040491 0.042313
0.040486 0.036579
0.040465 0.044173
0.040463 0.041390
0.040442 0.041443
0.040450 0.033038
0.040455 0.042785
0.040462 0.040379
0.040448 0.041581
0.040461 0.050355
0.040464 0.057831
0.040468 0.070082
0.040441 0.070808
0.040450 0.076639
0.040449 0.083249
0.040453 0.037151
0.040489 0.078609
0.040551 0.039662
0.040656 0.041363
0.040763 0.037016
0.040890 0.065803
0.041040 0.049876
0.041027 0.042194
0.041159 0.044788
0.041154 0.035821
0.041155 0.039292
0.041140 0.034664
0.041227 0.039559
0.041257 0.028996
0.041261 0.027738
0.041273 0.039428
0.041254 0.038674
0.041247 0.042908
0.041224 0.044542
0.041218 0.039557
0.041176 0.041168
0.041129 0.044150
0.041123 0.046668
0.041115 0.039978
0.041121 0.041035
0.041133 0.044253
0.041128 0.046803
0.041128 0.040481
0.041138 0.042374
0.041157 0.044645
0.041153 0.047474
0.041153 0.040637
0.041163 0.041333
0.041182 0.043133
0.041180 0.047457
0.041184 0.042097
0.041196 0.042057
0.041217 0.039916
0.041215 0.047191
0.041215 0.042605
0.041222 0.043963
0.041243 0.039075
0.041246 0.043507
0.041248 0.038037
0.041244 0.041707
0.041264 0.038728
0.041268 0.043582
0.041277 0.041370
0.041270 0.041413
0.041278 0.031231
0.041267 0.039430
0.041268 0.040029
0.041260 0.033328
0.041267 0.038127
0.041268 0.032356
0.041268 0.041932
0.041235 0.033828
0.041229 0.034151
0.041225 0.033227
0.041199 0.031796
0.041189 0.032522
0.041160 0.032296
0.041163 0.031454
0.041139 0.032212
0.041116 0.032814
0.041090 0.033285
0.041060 0.037684
0.041032 0.047931
0.041004 0.039130
0.040973 0.055423
0.040944 0.048514
0.040918 0.043763
0.040893 0.054982
0.040883 0.038375
0.040906 0.054718
0.040900 0.056694
0.040947 0.040599
0.040971 0.055689
0.040980 0.031986
0.041025 0.035543
0.041016 0.046136
0.041060 0.036240
0.041110 0.041436
0.041109 0.042115
0.041155 0.037729
0.041126 0.038199
0.041108 0.042526
0.041124 0.037693
0.041109 0.040303
0.041110 0.045419
0.041113 0.038905
0.041102 0.037616
0.041093 0.041666
0.041097 0.038147
0.041087 0.042260
0.041084 0.044077
0.041098 0.039044
0.041091 0.039592
0.041080 0.043712
0.041082 0.046419
0.041073 0.039748
0.041076 0.037330
0.041086 0.040925
0.041079 0.039016
0.041075 0.038318
0.041083 0.038231
0.041100 0.042317
0.041095 0.043032
0.041084 0.046890
0.041083 0.040781
0.041077 0.043739
0.041068 0.053089
0.041060 0.051800
0.041063 0.041997
0.041069 0.042207
0.041087 0.053979
0.041086 0.054734
0.041095 0.042463
0.041131 0.046291
0.041164 0.053129
0.041167 0.055862
0.041170 0.046125
0.041209 0.046471
0.041250 0.047962
0.041254 0.057786
0.041269 0.045994
0.041305 0.046153
0.041350 0.046896
0.041364 0.043118
0.041380 0.040168
0.041399 0.052474
0.041449 0.053001
0.041463 0.061002
0.041477 0.058974
0.041493 0.058744
0.041498 0.057065
0.041494 0.063134
0.041527 0.058534
0.041562 0.058889
0.041620 0.057709
0.041672 0.058844
0.041723 0.058789
0.041769 0.063923
0.041833 0.059020
0.041883 0.058541
0.041934 0.057739
0.041981 0.062955
0.042031 0.057918
0.042081 0.057940
0.042146 0.040570
0.042196 0.058411
0.042244 0.056069
0.042290 0.051210
0.042351 0.038487
0.042397 0.036860
0.042443 0.056160
0.042438 0.045546
0.042485 0.038844
0.042525 0.045237
0.042550 0.043776
0.042539 0.039568
0.042522 0.053096
0.042562 0.053511
0.042571 0.049614
0.042560 0.046940
0.042568 0.049112
0.042571 0.039135
0.042562 0.042797
0.042593 0.038693
0.042625 0.050885
0.042645 0.042902
0.042658 0.045130
0.042677 0.035126
0.042666 0.042907
0.042667 0.035813
0.042655 0.045028
0.042679 0.037511
0.042680 0.039344
0.042687 0.036007
0.042665 0.031549
0.042666 0.035189
0.042646 0.039320
0.042653 0.037045
0.042638 0.041244
0.042628 0.038165
0.042609 0.037239
0.042578 0.043569
0.042556 0.045153
0.042547 0.039618
0.042531 0.042104
0.042528 0.036703
0.042515 0.040291
0.042500 0.037975
0.042503 0.046704
0.042511 0.040225
0.042502 0.040823
0.042501 0.040781
0.042485 0.036643
0.042479 0.038191
0.042466 0.039041
0.042478 0.038709
0.042471 0.038846
0.042467 0.030323
0.042462 0.037565
0.042446 0.038816
0.042433 0.037614
0.042424 0.040909
0.042413 0.037034
0.042403 0.034233
0.042369 0.046821
0.042356 0.044669
0.042346 0.037976
0.042333 0.041324
0.042329 0.036639
0.042314 0.046530
0.042291 0.039121
0.042304 0.037283
0.042310 0.040670
0.042298 0.044203
0.042296 0.034826
0.042280 0.033889
0.042292 0.043960
0.042283 0.042082
0.042269 0.033008
0.042264 0.032666
0.042270 0.044505
0.042249 0.037489
0.042226 0.031844
0.042231 0.032326
0.042230 0.045358
0.042205 0.038495
0.042178 0.030731
0.042185 0.032004
0.042172 0.042924
0.042143 0.036835
0.042116 0.029211
0.042125 0.030639
0.042115 0.021205
0.042084 0.015140
0.042056 0.026770
0.042058 0.014993
0.042044 0.026401
0.042009 0.026205
0.041978 0.022894
0.041921 0.019070
0.041847 0.019523
0.041806 0.025635
0.041733 0.026685
0.041691 0.029015
0.041649 0.032034
0.041597 0.037199
0.041536 0.036934
0.041476 0.043722
0.041433 0.052898
0.041393 0.050380
0.041359 0.045639
0.041334 0.048997
0.041322 0.045267
0.041311 0.048991
0.041317 0.042463
0.041348 0.046713
0.041373 0.045702
0.041384 0.042496
0.041405 0.044778
0.041415 0.051919
0.041436 0.041155
0.041439 0.041266
0.041453 0.042446
0.041464 0.041048
0.041467 0.045341
0.041476 0.042572
0.041504 0.046859
0.041503 0.042249
0.041503 0.043979
0.041505 0.047334
0.041504 0.038722
0.041514 0.039703
0.041517 0.042682
0.041531 0.040024
0.041533 0.057317
0.041540 0.053605
0.041555 0.045917
0.041548 0.047695
0.041543 0.058870
0.041546 0.050508
0.041542 0.047716
0.041584 0.067826
0.041616 0.056634
0.041627 0.050370
0.041643 0.045100
0.041689 0.064989
0.041712 0.054112
0.041728 0.049103
0.041797 0.047248
0.041837 0.063847
0.041859 0.055572
0.041868 0.046574
0.041929 0.048905
0.041961 0.064732
0.041980 0.054583
0.041994 0.048170
0.042051 0.048191
0.042087 0.063218
0.042099 0.053649
0.042117 0.049353
0.042176 0.046921
0.042209 0.055602
0.042224 0.053486
0.042240 0.046828
0.042295 0.048702
0.042325 0.054605
0.042343 0.044837
0.042355 0.042548
0.042390 0.035230
0.042419 0.037168
0.042430 0.037438
0.042447 0.053721
0.042479 0.033454
0.042485 0.053500
0.042485 0.032598
0.042466 0.056741
0.042452 0.031038
0.042439 0.051547
0.042468 0.031888
0.042445 0.061112
0.042474 0.044649
0.042448 0.036684
0.042485 0.036621
0.042455 0.056545
0.042479 0.032061
0.042452 0.054052
0.042500 0.031111
0.042505 0.052595
0.042490 0.035314
0.042475 0.056237
0.042512 0.035870
0.042485 0.057053
0.042514 0.041459
0.042485 0.037207
0.042511 0.036834
0.042493 0.046179
0.042528 0.043864
0.042511 0.037891
0.042548 0.037945
0.042545 0.031763
0.042532 0.036439
0.042517 0.036045
0.042526 0.032976
0.042530 0.042216
0.042518 0.040836
0.042506 0.041523
0.042479 0.043812
0.042463 0.046399
0.042447 0.039250
0.042423 0.039653
0.042422 0.044965
0.042418 0.044612
0.042416 0.037733
0.042419 0.036772
0.042430 0.043940
0.042422 0.036100
0.042414 0.043205
0.042421 0.044103
0.042427 0.036390
0.042415 0.040970
0.042400 0.043405
0.042404 0.047430
0.042388 0.040308
0.042390 0.038263
0.042395 0.034972
0.042379 0.046311
0.042376 0.034195
0.042378 0.043468
0.042391 0.043125
0.042386 0.051760
0.042376 0.044477
0.042357 0.045709
0.042367 0.045186
0.042346 0.041547
0.042349 0.039949
0.042351 0.039071
0.042375 0.044770
0.042380 0.047632
0.042388 0.041214
0.042395 0.044200
0.042393 0.048760
0.042387 0.047543
0.042379 0.041529
0.042385 0.040252
0.042398 0.045456
0.042395 0.049085
0.042400 0.045991
0.042415 0.046507
0.042428 0.047196
0.042426 0.057513
0.042421 0.047053
0.042428 0.049022
0.042445 0.050885
0.042454 0.047489
0.042464 0.048136
0.042476 0.041275
0.042513 0.049087
0.042524 0.050697
0.042540 0.043983
0.042561 0.043748
0.042574 0.037989
0.042587 0.047847
0.042584 0.046779
0.042600 0.044462
0.042620 0.048505
0.042624 0.047356
0.042626 0.051588
0.042615 0.052495
0.042628 0.043873
0.042638 0.054140
0.042643 0.048446
0.042657 0.048497
0.042669 0.042841
0.042691 0.054794
0.042715 0.049095
0.042718 0.052077
0.042746 0.041772
0.042760 0.049226
0.042774 0.039864
0.042775 0.051178
0.042804 0.047334
0.042820 0.046639
0.042842 0.042932
0.042840 0.049869
0.042855 0.039083
0.042848 0.054711
0.042869 0.048334
0.042880 0.050937
0.042889 0.038365
0.042889 0.053003
0.042906 0.043630
0.042897 0.048375
0.042926 0.048203
0.042939 0.051060
0.042958 0.043137
0.042947 0.043348
0.042972 0.047553
0.042973 0.044643
0.042987 0.045503
0.042999 0.050551
0.043019 0.046450
0.043019 0.050451
0.043020 0.048807
0.043031 0.051790
0.043035 0.048115
0.043041 0.046787
0.043059 0.050705
0.043068 0.052946
0.043086 0.043390
0.043099 0.046046
0.043121 0.047962
0.043133 0.051404
0.043142 0.045708
0.043160 0.057269
0.043184 0.042683
0.043184 0.037995
0.043191 0.048089
0.043203 0.038722
0.043223 0.046951
0.043229 0.039020
0.043263 0.047656
0.043261 0.037334
0.043248 0.049411
0.043260 0.039855
0.043249 0.050150
0.043258 0.037429
0.043248 0.047352
0.043258 0.038139
0.043244 0.046700
0.043259 0.038770
0.043251 0.051114
0.043267 0.044075
0.043253 0.040442
0.043263 0.040880
0.043251 0.050707
0.043259 0.046114
0.043248 0.041945
0.043267 0.042868
0.043269 0.039102
0.043263 0.042697
0.043257 0.043429
0.043275 0.043898
0.043281 0.041843
0.043278 0.039457
0.043277 0.040346
0.043267 0.047300
0.043266 0.042778
0.043266 0.039703
0.043268 0.039507
0.043264 0.047455
0.043255 0.042535
0.043248 0.037370
0.043258 0.037542
0.043257 0.048245
0.043248 0.043553
0.043239 0.036161
0.043250 0.038514
0.043248 0.039249
0.043234 0.042278
0.043220 0.038595
0.043232 0.037027
0.043233 0.040555
0.043216 0.037791
0.043205 0.034438
0.043196 0.030958
0.043193 0.031622
0.043182 0.042042
0.043168 0.036382
0.043162 0.031977
0.043149 0.031626
0.043128 0.041025
0.043099 0.037013
0.043072 0.031664
0.043070 0.030678
0.043054 0.042731
0.043028 0.039162
0.043001 0.031679
0.042996 0.034607
0.042982 0.039349
0.042955 0.036297
0.042926 0.032407
0.042926 0.031972
0.042917 0.038750
0.042890 0.038503
0.042871 0.031885
0.042862 0.033219
0.042847 0.034160
0.042822 0.029784
0.042797 0.031761
0.042787 0.041815
0.042777 0.044025
0.042751 0.044514
0.042729 0.045673
0.042709 0.046264
0.042678 0.052275
0.042653 0.044219
0.042651 0.043769
0.042654 0.049201
0.042658 0.053753
0.042665 0.044748
0.042674 0.044175
0.042696 0.049338
0.042700 0.056791
0.042702 0.051694
0.042718 0.051266
0.042744 0.045965
0.042748 0.044504
0.042752 0.039628
0.042767 0.031257
0.042800 0.026620
0.042821 0.031970
0.042840 0.040956
0.042848 0.041897
0.042852 0.036718
0.042844 0.035834
0.042817 0.039468
0.042779 0.045520
0.042754 0.037681
0.042750 0.041913
0.042748 0.035737
0.042734 0.045180
0.042718 0.040085
0.042710 0.042086
0.042717 0.031885
0.042705 0.041194
0.042703 0.042221
0.042687 0.032141
0.042693 0.040970
0.042687 0.031827
0.042685 0.038984
0.042660 0.044110
0.042657 0.038423
0.042656 0.043592
0.042631 0.039920
0.042627 0.041484
0.042602 0.040395
0.042594 0.039487
0.042597 0.040193
0.042588 0.046521
0.042590 0.040584
0.042584 0.041669
0.042581 0.031012
0.042576 0.032234
0.042569 0.042922
0.042564 0.034527
0.042573 0.033436
0.042568 0.033531
0.042566 0.033787
0.042539 0.043287
0.042516 0.035691
0.042517 0.034281
0.042498 0.043416
0.042477 0.033888
0.042457 0.041651
0.042437 0.030389
0.042439 0.028674
0.042423 0.030563
0.042404 0.030467
0.042407 0.030200
0.042387 0.033058
0.042385 0.029018
0.042358 0.028256
0.042326 0.020460
0.042299 0.017457
0.042272 0.018206
0.042244 0.018300
0.042223 0.030566
0.042193 0.029747
0.042161 0.023423
0.042111 0.021776
0.042054 0.030649
0.042000 0.034093
0.041945 0.034466
0.041919 0.037031
0.041891 0.040921
0.041849 0.043353
0.041803 0.042655
0.041778 0.058236
0.041760 0.046975
0.041743 0.043887
0.041732 0.048440
0.041731 0.040944
0.041734 0.034545
0.041736 0.038786
0.041774 0.050297
0.041786 0.044447
0.041791 0.039960
0.041806 0.038616
0.041804 0.049324
0.041787 0.044561
0.041781 0.039300
0.041800 0.038703
0.041806 0.043355
0.041802 0.035807
0.041795 0.039009
0.041812 0.042906
0.041818 0.037627
0.041812 0.038858
0.041805 0.039927
0.041809 0.043219
0.041795 0.040387
0.041789 0.035422
0.041791 0.035414
0.041782 0.045587
0.041775 0.040838
0.041771 0.034587
0.041774 0.035351
0.041771 0.047439
0.041757 0.041637
0.041742 0.034962
0.041751 0.035892
0.041749 0.046915
0.041733 0.042613
0.041718 0.035602
0.041731 0.036566
0.041731 0.048722
0.041716 0.042081
0.041702 0.035716
0.041714 0.034899
0.041716 0.045398
0.041702 0.039257
0.041691 0.033985
0.041707 0.037306
0.041708 0.047879
0.041694 0.042147
0.041679 0.035574
0.041687 0.035074
0.041682 0.043683
0.041664 0.034345
0.041654 0.046060
0.041668 0.041204
0.041670 0.035440
0.041656 0.035204
0.041641 0.028763
0.041646 0.037831
0.041629 0.034939
0.041639 0.029415
0.041638 0.030622
0.041624 0.029115
0.041610 0.038148
0.041581 0.048114
0.041572 0.040377
0.041557 0.043054
0.041530 0.047104
0.041506 0.044845
0.041478 0.046549
0.041470 0.047253
0.041485 0.044479
0.041483 0.043667
0.041486 0.040969
0.041499 0.039799
0.041506 0.040925
0.041518 0.040852
0.041531 0.027001
0.041537 0.040394
0.041542 0.040299
0.041541 0.033553
0.041537 0.027346
0.041535 0.029105
0.041534 0.032649
0.041501 0.031757
0.041499 0.041642
0.041496 0.042145
0.041478 0.036062
0.041447 0.038170
0.041419 0.044297
0.041399 0.043811
0.041378 0.038287
0.041378 0.037756
0.041380 0.044062
0.041368 0.044154
0.041361 0.041274
0.041368 0.038222
0.041373 0.042358
0.041366 0.040118
0.041358 0.029013
0.041364 0.035368
0.041370 0.030085
0.041370 0.038529
0.041363 0.045458
0.041365 0.045881
0.041363 0.043157
0.041335 0.042634
0.041322 0.047863
0.041297 0.047528
0.041291 0.042137
0.041300 0.045807
0.041310 0.046545
0.041314 0.043732
0.041317 0.036480
0.041332 0.042803
0.041346 0.044712
0.041347 0.042991
0.041357 0.038552
0.041369 0.038377
0.041374 0.039102
0.041363 0.041142
0.041366 0.040675
0.041374 0.041295
0.041377 0.039117
0.041371 0.036728
0.041364 0.043072
0.041359 0.045275
0.041359 0.041539
0.041357 0.042193
0.041357 0.040790
0.041352 0.039776
0.041342 0.037990
0.041346 0.038679
0.041355 0.034340
0.041355 0.036495
0.041357 0.031458
0.041356 0.043688
0.041352 0.040418
0.041345 0.045048
0.041339 0.032248
0.041323 0.028159
0.041313 0.043501
0.041291 0.028200
0.041296 0.042967
0.041294 0.028637
0.041302 0.043091
0.041282 0.029419
0.041253 0.033702
0.041258 0.033278
0.041230 0.034756
0.041233 0.044206
0.041206 0.037831
0.041210 0.039793
0.041184 0.039690
0.041167 0.037540
0.041150 0.038090
0.041136 0.036040
0.041143 0.030439
0.041135 0.033755
0.041132 0.038011
0.041129 0.029259
0.041121 0.036217
0.041115 0.034535
0.041103 0.035853
0.041080 0.039071
0.041064 0.035799
0.041057 0.036043
0.041031 0.036452
0.041021 0.039373
0.041006 0.035256
0.040995 0.035173
0.040991 0.045414
0.040979 0.047332
0.040968 0.045423
0.040959 0.041755
0.040955 0.040779
0.040943 0.042955
0.040930 0.037342
0.040940 0.048549
0.040954 0.043278
0.040964 0.038579
0.040965 0.038623
0.040965 0.045290
0.040969 0.046318
0.040961 0.038977
0.040978 0.038653
0.040983 0.048908
0.040978 0.047308
0.040973 0.039021
0.040982 0.038614
0.040994 0.047123
0.040989 0.044083
0.040984 0.038169
0.041002 0.039132
0.041015 0.042202
0.041011 0.039854
0.041006 0.045958
0.041019 0.043102
0.041026 0.039598
0.041020 0.039957
0.041015 0.030905
0.041018 0.041845
0.041015 0.040537
0.041026 0.036069
0.041031 0.037846
0.041028 0.042383
0.041025 0.038799
0.041003 0.039189
0.041005 0.040001
0.041004 0.043935
0.040993 0.040458
0.040986 0.038845
0.040989 0.038739
0.040985 0.038273
0.040981 0.041698
0.040979 0.042640
0.040985 0.037191
0.040984 0.038723
0.040979 0.042312
0.040974 0.041628
0.040969 0.039871
0.040970 0.037584
0.040974 0.042507
0.040966 0.044395
0.040961 0.038318
0.040964 0.038050
0.040965 0.039574
0.040963 0.038311
0.040955 0.040179
0.040959 0.041456
0.040966 0.040092
0.040960 0.035671
0.040954 0.039067
0.040951 0.043358
0.040945 0.035646
0.040944 0.039329
0.040945 0.063592
0.040943 0.041383
0.040931 0.030231
0.040927 0.036067
0.040933 0.035743
0.040921 0.047639
0.040918 0.035532
0.040967 0.035146
0.040968 0.032674
0.040945 0.045072
0.040934 0.035423
0.040923 0.036185
0.040937 0.033024
0.040926 0.043657
0.040913 0.034581
0.040895 0.036194
0.040904 0.029562
0.040892 0.035743
0.040882 0.034118
0.040865 0.033149
0.040871 0.033036
0.040858 0.027032
0.040848 0.036109
0.040823 0.034450
0.040812 0.034097
0.040798 0.036127
0.040781 0.039427
0.040764 0.039009
0.040735 0.036952
0.040725 0.037618
0.040711 0.041919
0.040697 0.042660
0.040687 0.038829
0.040684 0.038774
0.040681 0.042975
0.040673 0.042868
0.040666 0.037587
0.040669 0.037520
0.040673 0.045206
0.040669 0.041729
0.040665 0.037278
0.040670 0.035588
0.040675 0.044932
0.040668 0.043114
0.040661 0.037004
0.040671 0.037824
0.040673 0.040227
0.040666 0.035409
0.040655 0.038430
0.040664 0.036043
0.040670 0.038743
0.040662 0.036078
0.040656 0.033906
0.040655 0.036655
0.040643 0.049750
0.040639 0.041983
0.040629 0.040148
0.040625 0.052008
0.040615 0.051872
0.040600 0.040063
0.040592 0.043585
0.040612 0.049789
0.040615 0.041886
0.040614 0.049725
0.040638 0.037075
0.040662 0.044116
0.040661 0.037976
0.040667 0.048207
0.040687 0.039185
0.040689 0.043479
0.040709 0.046826
0.040701 0.039808
0.040708 0.039069
0.040702 0.041811
0.040719 0.044418
0.040715 0.040090
0.040721 0.040606
0.040734 0.041137
0.040732 0.040844
0.040729 0.041448
0.040731 0.046201
0.040739 0.042289
0.040738 0.042580
0.040737 0.043753
0.040738 0.046035
0.040738 0.040615
0.040740 0.041160
0.040752 0.042693
0.040755 0.041119
0.040759 0.040614
0.040765 0.045248
0.040776 0.039846
0.040776 0.041278
0.040777 0.032065
0.040781 0.040198
0.040782 0.038890
0.040781 0.037938
0.040791 0.041414
0.040789 0.040015
0.040790 0.041311
0.040771 0.039774
0.040770 0.045746
0.040766 0.041983
0.040760 0.040210
0.040761 0.039427
0.040760 0.041389
0.040761 0.036297
0.040759 0.041188
0.040770 0.040492
0.040772 0.041862
0.040771 0.046413
0.040768 0.049802
0.040769 0.050141
0.040760 0.046980
0.040761 0.051022
0.040760 0.046326
0.040763 0.046168
0.040775 0.047920
0.040794 0.050899
0.040814 0.045516
0.040827 0.044905
0.040849 0.037975
0.040860 0.043454
0.040872 0.044879
0.040887 0.043264
0.040908 0.050843
0.040918 0.046903
0.040926 0.046568
0.040920 0.044958
0.040925 0.045697
0.040934 0.044051
0.040939 0.048432
0.040960 0.044157
0.040973 0.043955
0.040984 0.044645
0.040993 0.049431
0.041003 0.043065
0.041009 0.044274
0.041025 0.044237
0.041032 0.051009
0.041038 0.045056
0.041046 0.045002
0.041064 0.045139
0.041068 0.045096
0.041075 0.046081
0.041081 0.050573
0.041102 0.045340
0.041111 0.043584
0.041119 0.046491
0.041128 0.044639
0.041136 0.044057
0.041147 0.047989
0.041167 0.043828
0.041175 0.046219
0.041181 0.046364
0.041192 0.050143
0.041199 0.045221
0.041205 0.044527
0.041220 0.047841
0.041225 0.049150
0.041236 0.042820
0.041247 0.042266
0.041265 0.041878
0.041274 0.071719
0.041281 0.058159
0.041295 0.048004
0.041311 0.044121
0.041315 0.042581
0.041317 0.061752
0.041318 0.051721
0.041382 0.043328
0.041418 0.042516
0.041432 0.060220
0.041437 0.050096
0.041440 0.042607
0.041483 0.043358
0.041504 0.061744
0.041508 0.049316
0.041510 0.042157
0.041550 0.043488
0.041568 0.056507
0.041570 0.048620
0.041574 0.041560
0.041617 0.044231
0.041633 0.054941
0.041634 0.051375
0.041638 0.043879
0.041670 0.042516
0.041684 0.044661
0.041684 0.051276
0.041689 0.041980
0.041717 0.039742
0.041738 0.047159
0.041742 0.047939
0.041744 0.044424
0.041750 0.043952
0.041770 0.048545
0.041771 0.048496
0.041766 0.043165
0.041778 0.042531
0.041791 0.047400
0.041796 0.041716
0.041801 0.051261
0.041815 0.046340
0.041829 0.040922
0.041832 0.040295
0.041833 0.051411
0.041845 0.044259
0.041845 0.041688
0.041865 0.038337
0.041874 0.050150
0.041872 0.044866
0.041869 0.039985
0.041889 0.039459
0.041894 0.053234
0.041894 0.042605
0.041886 0.041015
0.041904 0.038034
0.041910 0.050920
0.041906 0.042095
0.041901 0.038334
0.041924 0.038059
0.041926 0.049852
0.041924 0.042158
0.041916 0.037351
0.041935 0.038417
0.041935 0.049987
0.041927 0.043775
0.041919 0.037776
0.041936 0.038507
0.041936 0.048719
0.041927 0.041201
0.041919 0.038074
0.041936 0.037666
0.041940 0.045162
0.041932 0.035759
0.041924 0.048402
0.041939 0.043813
0.041937 0.038169
0.041929 0.037813
0.041920 0.027291
0.041927 0.039176
0.041914 0.037996
0.041927 0.031227
0.041931 0.028770
0.041924 0.028255
0.041915 0.026858
0.041884 0.029092
0.041878 0.037081
0.041870 0.037078
0.041848 0.041181
0.041821 0.038003
0.041792 0.042028
0.041761 0.043522
0.041734 0.034067
0.041724 0.045719
0.041715 0.043865
0.041713 0.040222
0.041706 0.037763
0.041706 0.039644
0.041710 0.039644
0.041694 0.040661
0.041703 0.040555
0.041707 0.042369
0.041704 0.026705
0.041696 0.036389
0.041691 0.027200
0.041687 0.028551
0.041685 0.039635
0.041683 0.046868
0.041684 0.048681
0.041653 0.043421
0.041642 0.047381
0.041611 0.052016
0.041584 0.046524
0.041580 0.049533
0.041591 0.049765
0.041606 0.047518
0.041610 0.047777
0.041622 0.044504
0.041643 0.026933
0.041654 0.040422
0.041670 0.045247
0.041687 0.028641
0.041699 0.030085
0.041712 0.036814
0.041718 0.032178
0.041687 0.038424
0.041684 0.040547
0.041692 0.034523
0.041664 0.039949
0.041640 0.040938
0.041630 0.031955
0.041610 0.042472
0.041604 0.043234
0.041602 0.032019
0.041587 0.040308
0.041583 0.031185
0.041582 0.038624
0.041562 0.039709
0.041564 0.036449
0.041567 0.036346
0.041547 0.041838
0.041545 0.032093
0.041523 0.036274
0.041517 0.035131
0.041513 0.038277
0.041503 0.037618
0.041492 0.040249
0.041493 0.035951
0.041473 0.041657
0.041462 0.042327
0.041449 0.038162
0.041442 0.035667
0.041434 0.040383
0.041432 0.041212
0.041420 0.035715
0.041421 0.036752
0.041423 0.037123
0.041416 0.042446
0.041404 0.039786
0.041402 0.041056
0.041401 0.049179
0.041390 0.042951
0.041380 0.045169
0.041371 0.051172
0.041373 0.048815
0.041370 0.041292
0.041369 0.041550
0.041386 0.045004
0.041389 0.049563
0.041397 0.042978
0.041417 0.046302
0.041433 0.040397
0.041432 0.037212
0.041432 0.045961
0.041440 0.041067
0.041457 0.035518
0.041460 0.038552
0.041470 0.043790
0.041468 0.042853
0.041459 0.036744
0.041468 0.037378
0.041468 0.030806
0.041455 0.037848
0.041449 0.040834
0.041454 0.032922
0.041457 0.041090
0.041447 0.046081
0.041439 0.039598
0.041416 0.044228
0.041409 0.039231
0.041408 0.042600
0.041390 0.040202
0.041390 0.041726
0.041399 0.037245
0.041396 0.034564
0.041401 0.039001
0.041397 0.047529
0.041399 0.051049
0.041397 0.043451
0.041398 0.045274
0.041389 0.049164
0.041375 0.051720
0.041370 0.045087
0.041383 0.044232
0.041403 0.035175
0.041407 0.048081
0.041415 0.042302
0.041431 0.035501
0.041453 0.043891
0.041460 0.044231
0.041466 0.038559
0.041453 0.038466
0.041467 0.046683
0.041468 0.043208
0.041456 0.035486
0.041461 0.036270
0.041467 0.031742
0.041461 0.038352
0.041454 0.037251
0.041465 0.032452
0.041469 0.041989
0.041457 0.038484
0.041446 0.038837
0.041426 0.045341
0.041419 0.040836
0.041411 0.035852
0.041392 0.034845
0.041393 0.044115
0.041387 0.041507
0.041382 0.034452
0.041390 0.034410
0.041389 0.044499
0.041377 0.041147
0.041364 0.035538
0.041370 0.033166
0.041370 0.043032
0.041356 0.038959
0.041341 0.033745
0.041348 0.034361
0.041347 0.041915
0.041335 0.039277
0.041318 0.034008
0.041322 0.033821
0.041317 0.035965
0.041301 0.039531
0.041287 0.033809
0.041288 0.033704
0.041284 0.048818
0.041269 0.043534
0.041254 0.042345
0.041243 0.038482
0.041239 0.036499
0.041224 0.044062
0.041208 0.040794
0.041224 0.034078
0.041229 0.033624
0.041231 0.045716
0.041225 0.040830
0.041215 0.034414
0.041221 0.034907
0.041221 0.044885
0.041206 0.039744
0.041190 0.033713
0.041199 0.033332
0.041199 0.044211
0.041185 0.039578
0.041172 0.032624
0.041179 0.033641
0.041176 0.043600
0.041161 0.040040
0.041145 0.032973
0.041151 0.034659
0.041148 0.043448
0.041130 0.039922
0.041115 0.034055
0.041120 0.034154
0.041118 0.042045
0.041101 0.040850
0.041087 0.034188
0.041092 0.035026
0.041090 0.034525
0.041075 0.040735
0.041061 0.035187
0.041063 0.019543
0.041063 0.014716
0.041048 0.015069
0.041036 0.014806
0.041023 0.021862
0.041022 0.022332
0.041010 0.020383
0.040966 0.024694
0.040911 0.032215
0.040858 0.034785
0.040804 0.031828
0.040765 0.044681
0.040727 0.040482
0.040685 0.047169
0.040652 0.038392
0.040635 0.033810
0.040623 0.035609
0.040604 0.046868
0.040613 0.039266
0.040613 0.036574
0.040626 0.034250
0.040621 0.046384
0.040607 0.038677
0.040597 0.032512
0.040610 0.032444
0.040607 0.042199
0.040599 0.031692
0.040586 0.044896
0.040598 0.039886
0.040594 0.033912
0.040577 0.035044
0.040560 0.044427
0.040564 0.040064
0.040545 0.035282
0.040554 0.035722
0.040553 0.037625
0.040539 0.040944
0.040528 0.032773
0.040536 0.032548
0.040535 0.027129
0.040524 0.029467
0.040514 0.042806
0.040508 0.038502
0.040509 0.034024
0.040493 0.034284
0.040477 0.042653
0.040449 0.038164
0.040427 0.032253
0.040432 0.034619
0.040428 0.044348
0.040415 0.038486
0.040402 0.033245
0.040407 0.033431
0.040402 0.043656
0.040385 0.038379
0.040373 0.033647
0.040382 0.032810
0.040378 0.042094
0.040363 0.036698
0.040349 0.030950
0.040355 0.032084
0.040351 0.043813
0.040338 0.039337
0.040322 0.033448
0.040326 0.034277
0.040318 0.045452
0.040299 0.039989
0.040282 0.034733
0.040289 0.035814
0.040287 0.041313
0.040273 0.036682
0.040261 0.032209
0.040272 0.034616
0.040271 0.040315
0.040260 0.035523
0.040251 0.043666
0.040253 0.039660
0.040245 0.034870
0.040229 0.033898
0.040217 0.042997
0.040218 0.036625
0.040208 0.032396
0.040215 0.031583
0.040214 0.042934
0.040203 0.039696
0.040190 0.032403
0.040196 0.032343
0.040188 0.044438
0.040172 0.040859
0.040155 0.033260
0.040160 0.036374
0.040159 0.043589
0.040144 0.039929
0.040127 0.034940
0.040136 0.034556
0.040138 0.046075
0.040124 0.041272
0.040116 0.034279
0.040123 0.035728
0.040123 0.043256
0.040112 0.037499
0.040101 0.037440
0.040113 0.034350
0.040115 0.045319
0.040103 0.041030
0.040094 0.035050
0.040101 0.036084
0.040095 0.023771
0.040090 0.034369
0.040078 0.035315
0.040089 0.028266
0.040091 0.030620
0.040081 0.029153
0.040072 0.028437
0.040039 0.029088
0.040027 0.027201
0.040018 0.027067
0.039994 0.030332
0.039974 0.033644
0.039952 0.034173
0.039928 0.028692
0.039906 0.028862
0.039880 0.030717
0.039854 0.033279
0.039834 0.032930
0.039822 0.032853
0.039810 0.033059
0.039787 0.028363
0.039765 0.030070
0.039746 0.032510
0.039733 0.032473
0.039719 0.033323
0.039705 0.032663
0.039691 0.027522
0.039668 0.030655
0.039648 0.028486
0.039634 0.028896
0.039619 0.026946
0.039606 0.034811
0.039592 0.033215
0.039567 0.033042
0.039549 0.028988
0.039526 0.043472
0.039505 0.050573
0.039479 0.042036
0.039469 0.040265
0.039456 0.045247
0.039443 0.049668
0.039422 0.046682
0.039430 0.052777
0.039453 0.038812
0.039458 0.048460
0.039460 0.045786
0.039472 0.047556
0.039493 0.047294
0.039507 0.048555
0.039535 0.048225
0.039533 0.049332
0.039551 0.048010
0.039564 0.049612
0.039581 0.048435
0.039596 0.050376
0.039615 0.050416
0.039632 0.050238
0.039652 0.049816
0.039669 0.050423
0.039690 0.050214
0.039708 0.050269
0.039729 0.049985
0.039751 0.050105
0.039773 0.049833
0.039793 0.049723
0.039815 0.048028
0.039836 0.021804
0.039858 0.045185
0.039878 0.040547
0.039899 0.022145
0.039920 0.016675
0.039940 0.022295
0.039956 0.014121
0.039919 0.020778
0.039930 0.025212
0.039931 0.026976
0.039895 0.032454
0.039847 0.038143
0.039811 0.042812
0.039759 0.046011
0.039720 0.038709
0.039690 0.047422
0.039664 0.044441
0.039650 0.039884
0.039646 0.040903
0.039653 0.048700
0.039666 0.043914
0.039664 0.039118
0.039680 0.037739
0.039690 0.048274
0.039690 0.044280
0.039692 0.037194
0.039711 0.038070
0.039719 0.047366
0.039718 0.044124
0.039714 0.037489
0.039732 0.039191
0.039741 0.032640
0.039736 0.039072
0.039732 0.038089
0.039748 0.032210
0.039757 0.040730
0.039752 0.050313
0.039751 0.044623
0.039737 0.046713
0.039735 0.046282
0.039732 0.044076
0.039717 0.045094
0.039719 0.045592
0.039740 0.050252
0.039750 0.053449
0.039764 0.044547
0.039778 0.047466
0.039786 0.051153
0.039797 0.053252
0.039809 0.047283
0.039830 0.050817
0.039858 0.047861
0.039868 0.049808
0.039883 0.051964
0.039906 0.048719
0.039934 0.043169
0.039949 0.040642
0.039971 0.050812
0.039987 0.048858
0.040007 0.038766
0.040031 0.038936
0.040049 0.042958
0.040055 0.039874
0.040057 0.050308
0.040079 0.043843
0.040096 0.040312
0.040094 0.036353
0.040091 0.037644
0.040097 0.049171
0.040097 0.045696
0.040118 0.037755
0.040125 0.039204
0.040126 0.047331
0.040118 0.044276
0.040113 0.038323
0.040131 0.038524
0.040143 0.047378
0.040138 0.042540
0.040136 0.038745
0.040151 0.038287
0.040159 0.041473
0.040155 0.039292
0.040152 0.022105
0.040167 0.016933
0.040172 0.035715
0.040169 0.036054
0.040165 0.023778
0.040167 0.024986
0.040166 0.016556
0.040129 0.033211
0.040082 0.039175
0.040073 0.044601
0.040064 0.056734
0.040031 0.044426
0.040001 0.038319
0.039953 0.055308
0.039939 0.035862
0.039938 0.032755
0.039947 0.033551
0.039981 0.048398
0.039990 0.037293
0.039987 0.031891
0.040018 0.033689
0.040010 0.050137
0.039995 0.039094
0.039982 0.030761
0.039999 0.032275
0.039993 0.045165
0.039977 0.039243
0.039964 0.031964
0.039985 0.030926
0.039983 0.039419
0.039964 0.032566
0.039949 0.031011
0.039959 0.027136
0.039958 0.041423
0.039941 0.048104
0.039923 0.040845
0.039922 0.043550
0.039907 0.042127
0.039889 0.042724
0.039863 0.041356
0.039866 0.039782
0.039883 0.042394
0.039885 0.044759
0.039892 0.040725
0.039897 0.041363
0.039903 0.043858
0.039906 0.047121
0.039905 0.041699
0.039910 0.044244
0.039920 0.044331
0.039922 0.045215
0.039925 0.042205
0.039933 0.040949
0.039947 0.044793
0.039951 0.048574
0.039960 0.041666
0.039969 0.044053
0.039979 0.041671
0.039984 0.022138
0.039986 0.016657
0.039996 0.016705
0.040013 0.018194
0.040016 0.026025
0.040025 0.024743
0.040028 0.022946
0.039992 0.022405
0.039944 0.029115
0.039897 0.027673
0.039853 0.033384
0.039825 0.032456
0.039794 0.038526
0.039760 0.042229
0.039724 0.045156
0.039703 0.036955
0.039678 0.038765
0.039666 0.047270
0.039651 0.041839
0.039649 0.036819
0.039654 0.036490
0.039665 0.045212
0.039660 0.041670
0.039658 0.035363
0.039673 0.035613
0.039678 0.037076
0.039672 0.036020
0.039665 0.035310
0.039677 0.041465
0.039681 0.044534
0.039672 0.045602
0.039664 0.047558
0.039658 0.049676
0.039651 0.050637
0.039642 0.045136
0.039646 0.046056
0.039656 0.036407
0.039668 0.038815
0.039684 0.041044
0.039704 0.049775
0.039726 0.040773
0.039737 0.040247
0.039750 0.042142
0.039743 0.053341
0.039742 0.042897
0.039744 0.042551
0.039765 0.047949
0.039767 0.047111
0.039768 0.043034
0.039772 0.039878
0.039800 0.046448
0.039806 0.041942
0.039812 0.039079
0.039828 0.038863
0.039843 0.046220
0.039850 0.042509
0.039850 0.036795
0.039863 0.036275
0.039867 0.035920
0.039866 0.037411
0.039864 0.041287
0.039877 0.040382
0.039882 0.029651
0.039876 0.042641
0.039868 0.040038
0.039860 0.039055
0.039855 0.039102
0.039858 0.035890
0.039859 0.046700
0.039839 0.041833
0.039844 0.039152
0.039845 0.039074
0.039843 0.037773
0.039842 0.045963
0.039834 0.045030
0.039848 0.039934
0.039852 0.041322
0.039850 0.041519
0.039849 0.041257
0.039844 0.029625
0.039857 0.036076
0.039867 0.038425
0.039867 0.030067
0.039870 0.034679
0.039874 0.041081
0.039877 0.036221
0.039856 0.037662
0.039848 0.038379
0.039845 0.043786
0.039825 0.037715
0.039815 0.045059
0.039817 0.032616
0.039810 0.038329
0.039806 0.046130
0.039803 0.036001
0.039811 0.046263
0.039807 0.034460
0.039817 0.044090
0.039803 0.034990
0.039800 0.045821
0.039813 0.038109
0.039805 0.043591
0.039818 0.037051
0.039807 0.074779
0.039816 0.043302
0.039806 0.055022
0.039818 0.046545
0.039815 0.048044
0.039822 0.062752
0.039817 0.049366
0.039888 0.069517
0.039895 0.060475
0.039925 0.049223
0.039939 0.051125
0.039955 0.065212
0.040001 0.049144
0.040020 0.034904
0.040080 0.055232
0.040121 0.056132
0.040140 0.053851
0.040162 0.040344
0.040213 0.044447
0.040231 0.041477
0.040220 0.045700
0.040251 0.043895
0.040283 0.043021
0.040310 0.046697
0.040310 0.050115
0.040319 0.043018
0.040321 0.043215
0.040332 0.047371
0.040339 0.050787
0.040345 0.043514
0.040358 0.042612
0.040377 0.047893
0.040383 0.047605
0.040388 0.041110
0.040403 0.044224
0.040424 0.045962
0.040430 0.043266
0.040434 0.046592
0.040449 0.048634
0.040464 0.041757
0.040465 0.043797
0.040473 0.047897
0.040484 0.048821
0.040490 0.045967
0.040502 0.044802
0.040518 0.041395
0.040521 0.049278
0.040527 0.043813
0.040542 0.040513
0.040559 0.039523
0.040570 0.039838
0.040579 0.050126
0.040580 0.045019
0.040598 0.041221
0.040604 0.040085
0.040604 0.047685
0.040602 0.038496
0.040601 0.049891
0.040620 0.044405
0.040629 0.039025
0.040630 0.038790
0.040629 0.049585
0.040643 0.043339
0.040639 0.039016
0.040658 0.038987
0.040665 0.043210
0.040662 0.042337
0.040658 0.037727
0.040676 0.037138
0.040681 0.029634
0.040678 0.033254
0.040675 0.036174
0.040680 0.034872
0.040683 0.033165
0.040677 0.039755
0.040670 0.034503
0.040648 0.040528
0.040633 0.033154
0.040624 0.038561
0.040612 0.040279
0.040597 0.037245
0.040595 0.042046
0.040583 0.038375
0.040583 0.040786
0.040568 0.039593
0.040564 0.040104
0.040563 0.041437
0.040556 0.044456
0.040559 0.039120
0.040555 0.039324
0.040556 0.042722
0.040554 0.044291
0.040553 0.039573
0.040554 0.041318
0.040562 0.040782
0.040559 0.044118
0.040557 0.039422
0.040561 0.040777
0.040569 0.040319
0.040567 0.044211
0.040568 0.040567
0.040569 0.040834
0.040576 0.045350
0.040574 0.040936
0.040574 0.039519
0.040574 0.037500
0.040581 0.037529
0.040581 0.046055
0.040581 0.042475
0.040591 0.038907
0.040592 0.039624
0.040590 0.048403
0.040583 0.043085
0.040577 0.038665
0.040588 0.039152
0.040592 0.047316
0.040589 0.041607
0.040587 0.037570
0.040602 0.037959
0.040607 0.045918
0.040604 0.040380
0.040601 0.036565
0.040614 0.036397
0.040616 0.043845
0.040610 0.040258
0.040605 0.035531
0.040615 0.036120
0.040615 0.038688
0.040607 0.041552
0.040598 0.034566
0.040605 0.019609
0.040604 0.017690
0.040594 0.017661
0.040585 0.031672
0.040581 0.019900
0.040583 0.025340
0.040571 0.031014
0.040528 0.042079
0.040482 0.033996
0.040436 0.050976
0.040418 0.034275
0.040377 0.059804
0.040347 0.033914
0.040328 0.061889
0.040331 0.036670
0.040318 0.039189
0.040340 0.036184
0.040328 0.054601
0.040367 0.040029
0.040354 0.035273
0.040398 0.036508
0.040390 0.053294
0.040388 0.039583
0.040379 0.035087
0.040408 0.036091
0.040407 0.051773
0.040397 0.039948
0.040389 0.034359
0.040415 0.036028
0.040413 0.051268
0.040402 0.039902
0.040394 0.034087
0.040417 0.036528
0.040416 0.047963
0.040404 0.039664
0.040395 0.034095
0.040417 0.035704
0.040416 0.041576
0.040403 0.039512
0.040395 0.034163
0.040410 0.035509
0.040409 0.033234
0.040396 0.036574
0.040387 0.043379
0.040389 0.038431
0.040387 0.038516
0.040375 0.035064
0.040365 0.036304
0.040350 0.040029
0.040343 0.037191
0.040349 0.044354
0.040345 0.044905
0.040341 0.038266
0.040331 0.038786
0.040323 0.040132
0.040322 0.046724
0.040316 0.039730
0.040324 0.041588
0.040333 0.041361
0.040329 0.043234
0.040326 0.042819
0.040325 0.037442
0.040338 0.042831
0.040337 0.043772
0.040340 0.037509
0.040342 0.038707
0.040348 0.034526
0.040353 0.046057
0.040347 0.043157
0.040352 0.041796
0.040359 0.038805
0.040353 0.038715
0.040349 0.047988
0.040338 0.042588
0.040349 0.038712
0.040355 0.039083
0.040358 0.049034
0.040355 0.042195
0.040351 0.038807
0.040367 0.037738
0.040371 0.047708
0.040368 0.040640
0.040365 0.035147
0.040383 0.035053
0.040387 0.047803
0.040383 0.040553
0.040378 0.034519
0.040393 0.034247
0.040393 0.045434
0.040383 0.040079
0.040372 0.034966
0.040387 0.034648
0.040387 0.038458
0.040375 0.043895
0.040363 0.035641
0.040373 0.063164
0.040373 0.055088
0.040362 0.051348
0.040350 0.043279
0.040346 0.041787
0.040354 0.059049
0.040344 0.050268
0.040390 0.042401
0.040420 0.042720
0.040442 0.055888
0.040448 0.048738
0.040450 0.041774
0.040488 0.043298
0.040507 0.055949
0.040511 0.049627
0.040516 0.043274
0.040547 0.043457
0.040563 0.049867
0.040566 0.044701
0.040571 0.044681
0.040602 0.045701
0.040620 0.039935
0.040626 0.040515
0.040631 0.051193
0.040650 0.048786
0.040658 0.046107
0.040666 0.040333
0.040677 0.041422
0.040675 0.050005
0.040675 0.043373
0.040696 0.039776
0.040712 0.040730
0.040723 0.048812
0.040722 0.043512
0.040724 0.038481
0.040742 0.038761
0.040748 0.042403
0.040746 0.039808
0.040746 0.039436
0.040762 0.044748
0.040768 0.040022
0.040763 0.038239
0.040759 0.034976
0.040762 0.036598
0.040760 0.035775
0.040758 0.040395
0.040766 0.035877
0.040764 0.040684
0.040759 0.032813
0.040747 0.043576
0.040739 0.038008
0.040729 0.032544
0.040728 0.033911
0.040719 0.041897
0.040719 0.033303
0.040703 0.038661
0.040708 0.034006
0.040703 0.041049
0.040687 0.046496
0.040673 0.045224
0.040675 0.051249
0.040660 0.048378
0.040656 0.044983
0.040643 0.045499
0.040644 0.049691
0.040656 0.044750
0.040665 0.047667
0.040686 0.043239
0.040702 0.047500
0.040710 0.046331
0.040720 0.046545
0.040738 0.044630
0.040746 0.047837
0.040760 0.043306
0.040765 0.046885
0.040779 0.045145
0.040790 0.048033
0.040801 0.043406
0.040809 0.048149
0.040823 0.043011
0.040828 0.050441
0.040840 0.050124
0.040849 0.042986
0.040864 0.042270
0.040869 0.045760
0.040883 0.046562
0.040888 0.042241
0.040907 0.035604
0.040926 0.047540
0.040930 0.044274
0.040932 0.036636
0.040942 0.045301
0.040953 0.036403
0.040956 0.047161
0.040945 0.034351
0.040958 0.042118
0.040965 0.034385
0.040956 0.042791
0.040965 0.041935
0.040956 0.045474
0.040969 0.043851
0.040955 0.041344
0.040958 0.042970
0.040944 0.046644
0.040948 0.042704
0.040950 0.042821
0.040959 0.042398
0.040965 0.034085
0.040966 0.045166
0.040970 0.042336
0.040981 0.043702
0.040985 0.053037
0.040988 0.039917
0.040991 0.045394
0.040977 0.033607
0.040986 0.034085
0.040988 0.029795
0.040994 0.038298
0.041018 0.037504
0.041016 0.047498
0.041025 0.040848
0.041010 0.037940
0.040996 0.050277
0.040973 0.040929
0.040968 0.041671
0.040961 0.040682
0.040974 0.035498
0.040974 0.031576
0.040968 0.037565
0.040986 0.043547
0.040986 0.040671
0.040988 0.037998
0.040987 0.046059
0.040976 0.042078
0.040957 0.037286
0.040950 0.036324
0.040956 0.041751
0.040955 0.039830
0.040949 0.033918
0.040959 0.034321
0.040962 0.033843
0.040954 0.030052
0.040945 0.028062
0.040946 0.033405
0.040944 0.041814
0.040930 0.038201
0.040917 0.034357
0.040903 0.032897
0.040881 0.043356
0.040855 0.040493
0.040840 0.032886
0.040842 0.034747
0.040837 0.043704
0.040824 0.040687
0.040808 0.035739
0.040813 0.035743
0.040812 0.041983
0.040796 0.039253
0.040784 0.034756
0.040790 0.032608
0.040790 0.037561
0.040779 0.039989
0.040769 0.033894
0.040772 0.033142
0.040769 0.038307
0.040757 0.038062
0.040740 0.036540
0.040734 0.044789
0.040732 0.037304
0.040719 0.047658
0.040703 0.040921
0.040698 0.043176
0.040693 0.041918
0.040685 0.041799
0.040693 0.042796
0.040686 0.034504
0.040700 0.032575
0.040701 0.041938
0.040706 0.034110
0.040708 0.042519
0.040710 0.041981
0.040715 0.037449
0.040702 0.045046
0.040686 0.041991
0.040688 0.043565
0.040675 0.043940
0.040679 0.044765
0.040681 0.043413
0.040675 0.046106
0.040684 0.044713
0.040686 0.043318
0.040692 0.048025
0.040699 0.037413
0.040707 0.055373
0.040712 0.046086
0.040723 0.042481
0.040731 0.030492
0.040736 0.033774
0.040751 0.028059
0.040744 0.033744
0.040774 0.032477
0.040784 0.034958
0.040788 0.040202
0.040767 0.043903
0.040753 0.039245
0.040727 0.035603
0.040713 0.039408
0.040697 0.038930
0.040685 0.033655
0.040684 0.035032
0.040691 0.043199
0.040688 0.040454
0.040678 0.034549
0.040675 0.034588
0.040672 0.043389
0.040657 0.040154
0.040646 0.032876
0.040651 0.035473
0.040651 0.042174
0.040639 0.039403
0.040626 0.035735
0.040632 0.034887
0.040631 0.042207
0.040615 0.041506
0.040605 0.037817
0.040608 0.038639
0.040606 0.038653
0.040596 0.038741
0.040585 0.035279
0.040588 0.033923
0.040590 0.037249
0.040584 0.033124
0.040580 0.018151
0.040576 0.032113
0.040573 0.031840
0.040562 0.015046
0.040549 0.020162
0.040542 0.015146
0.040527 0.021966
0.040482 0.014271
0.040465 0.025029
0.040448 0.028300
0.040397 0.032054
0.040356 0.039280
0.040306 0.035743
0.040269 0.047956
0.040216 0.042381
0.040186 0.045722
0.040162 0.038145
0.040146 0.038449
0.040144 0.042093
0.040135 0.039316
0.040151 0.044516
0.040155 0.037447
0.040166 0.040766
0.040162 0.042349
0.040159 0.044476
0.040163 0.037776
0.040161 0.036552
0.040170 0.043457
0.040164 0.043985
0.040166 0.037748
0.040170 0.038669
0.040179 0.041082
0.040174 0.042555
0.040167 0.038328
0.040173 0.037300
0.040181 0.038755
0.040176 0.041193
0.040173 0.036998
0.040175 0.037524
0.040180 0.039313
0.040176 0.041874
0.040170 0.037062
0.040167 0.037676
0.040169 0.038837
0.040163 0.037537
0.040158 0.037444
0.040156 0.038195
0.040159 0.034886
0.040153 0.031022
0.040148 0.040141
0.040146 0.038730
0.040140 0.040238
0.040135 0.039167
0.040131 0.042490
0.040120 0.037654
0.040102 0.043643
0.040102 0.037128
0.040099 0.045271
0.040100 0.042947
0.040098 0.035322
0.040103 0.036488
0.040098 0.045211
0.040105 0.042157
0.040099 0.035421
0.040109 0.035431
0.040115 0.034296
0.040105 0.036563
0.040098 0.035275
0.040108 0.034091
0.040112 0.043257
0.040103 0.042600
0.040094 0.042387
0.040082 0.041255
0.040075 0.039807
0.040065 0.040796
0.040053 0.043388
0.040060 0.042840
0.040065 0.043080
0.040070 0.040523
0.040072 0.035091
0.040071 0.032199
0.040073 0.038395
0.040079 0.040976
0.040085 0.036652
0.040091 0.037635
0.040092 0.039087
0.040082 0.040968
0.040066 0.037731
0.040063 0.036182
0.040065 0.038012
0.040058 0.039656
0.040053 0.036836
0.040051 0.037835
0.040053 0.035083
0.040048 0.039431
0.040040 0.032872
0.040036 0.038511
0.040035 0.036222
0.040029 0.040032
0.040025 0.035147
0.040015 0.038923
0.040013 0.036736
0.039999 0.040403
0.039996 0.036374
0.039989 0.043122
0.039989 0.036050
0.039979 0.042939
0.039977 0.046303
0.039970 0.051235
0.039971 0.055217
0.039964 0.050216
0.039970 0.050361
0.039962 0.059150
0.039968 0.054951
0.039981 0.049165
0.040004 0.047463
0.040034 0.053206
0.040055 0.055515
0.040075 0.047459
0.040114 0.047698
0.040144 0.032868
0.040162 0.031293
0.040176 0.035751
0.040202 0.030959
0.040233 0.030908
0.040248 0.045770
0.040263 0.041371
0.040248 0.040783
0.040230 0.040710
0.040221 0.045887
0.040202 0.047574
0.040184 0.041738
0.040195 0.040233
0.040197 0.046419
0.040198 0.044314
0.040199 0.045658
0.040211 0.044686
0.040226 0.041682
0.040229 0.045006
0.040229 0.041334
0.040241 0.040675
0.040249 0.047775
0.040260 0.044954
0.040269 0.039401
0.040272 0.036036
0.040281 0.042649
0.040283 0.046550
0.040284 0.039546
0.040299 0.038914
0.040309 0.038438
0.040307 0.039016
0.040298 0.036692
0.040303 0.037848
0.040315 0.044331
0.040314 0.040009
0.040311 0.036957
0.040307 0.035390
0.040305 0.043447
0.040297 0.038801
0.040293 0.033600
0.040301 0.034798
0.040300 0.042576
0.040293 0.039336
0.040284 0.033984
0.040290 0.035682
0.040287 0.042388
0.040273 0.039561
0.040262 0.035898
0.040267 0.034512
0.040265 0.039771
0.040253 0.033428
0.040243 0.018323
0.040248 0.014075
0.040246 0.030214
0.040238 0.031920
0.040226 0.022070
0.040225 0.019364
0.040212 0.021058
0.040168 0.027294
0.040115 0.026767
0.040095 0.040653
0.040079 0.028494
0.040043 0.046100
0.040001 0.028721
0.039963 0.053479
0.039938 0.035406
0.039912 0.030858
0.039913 0.030022
0.039890 0.049097
0.039903 0.031970
0.039880 0.028861
0.039907 0.029783
0.039898 0.049743
0.039880 0.034708
0.039860 0.028287
0.039879 0.030210
0.039863 0.049596
0.039841 0.036615
0.039821 0.027776
0.039841 0.030519
0.039830 0.048791
0.039807 0.036318
0.039788 0.028383
0.039808 0.029568
0.039801 0.046855
0.039777 0.036867
0.039759 0.028966
0.039777 0.028781
0.039770 0.047061
0.039747 0.036464
0.039727 0.028427
0.039741 0.028793
0.039735 0.035031
0.039713 0.034426
0.039692 0.028398
0.039706 0.030417
0.039700 0.040678
0.039677 0.024750
0.039655 0.025099
0.039646 0.043378
0.039636 0.036531
0.039613 0.030080
0.039595 0.029551
0.039597 0.044321
0.039567 0.038130
0.039538 0.032982
0.039546 0.033670
0.039540 0.043947
0.039521 0.035956
0.039501 0.029482
0.039510 0.029422
0.039508 0.043447
0.039494 0.036663
0.039483 0.031045
0.039492 0.030593
0.039485 0.032113
0.039465 0.029799
0.039444 0.035412
0.039452 0.033803
0.039447 0.027590
0.039430 0.039909
0.039412 0.037848
0.039398 0.034882
0.039378 0.044383
0.039370 0.041917
0.039359 0.034316
0.039336 0.033951
0.039337 0.045423
0.039334 0.040514
0.039325 0.034009
0.039335 0.032971
0.039340 0.044900
0.039330 0.037137
0.039319 0.033113
0.039332 0.031604
0.039334 0.043748
0.039323 0.038784
0.039311 0.031409
0.039322 0.031697
0.039317 0.042134
0.039305 0.036897
0.039289 0.031118
0.039298 0.031888
0.039297 0.042854
0.039282 0.037981
0.039266 0.030679
0.039272 0.031391
0.039267 0.041622
0.039251 0.038299
0.039236 0.031028
0.039243 0.031883
0.039241 0.035471
0.039224 0.036971
0.039208 0.035240
0.039213 0.034941
0.039211 0.032577
0.039195 0.052586
0.039180 0.043242
0.039173 0.036253
0.039168 0.029059
0.039160 0.029402
0.039152 0.049221
0.039139 0.037496
0.039166 0.031038
0.039174 0.030456
0.039168 0.045185
0.039148 0.030057
0.039128 0.046746
0.039148 0.036145
0.039145 0.030109
0.039129 0.029565
0.039111 0.044512
0.039124 0.030382
0.039105 0.046856
0.039121 0.035373
0.039115 0.030561
0.039097 0.029653
0.039078 0.044286
0.039088 0.035441
0.039071 0.029899
0.039087 0.029834
0.039079 0.041996
0.039062 0.030958
0.039043 0.040897
0.039054 0.034610
0.039046 0.029860
0.039028 0.029435
0.039010 0.033585
0.039016 0.030189
0.039000 0.049154
0.039003 0.041108
0.038995 0.039228
0.038976 0.032374
0.038957 0.031869
0.038946 0.044300
0.038929 0.040361
0.038949 0.030718
0.038954 0.030787
0.038954 0.044965
0.038941 0.041899
0.038927 0.033389
0.038938 0.033706
0.038940 0.046345
0.038924 0.040915
0.038908 0.032709
0.038920 0.033536
0.038926 0.045586
0.038915 0.041272
0.038904 0.033974
0.038919 0.034820
0.038923 0.046641
0.038911 0.042422
0.038900 0.033849
0.038913 0.035199
0.038918 0.046588
0.038908 0.041849
0.038900 0.033967
0.038915 0.034445
0.038922 0.045207
0.038912 0.040440
0.038905 0.032455
0.038920 0.033541
0.038926 0.046321
0.038916 0.042652
0.038907 0.033630
0.038920 0.034652
0.038923 0.045016
0.038910 0.040395
0.038899 0.033633
0.038914 0.032655
0.038921 0.044954
0.038911 0.041383
0.038902 0.033114
0.038915 0.034237
0.038918 0.044637
0.038907 0.040900
0.038894 0.033168
0.038907 0.034661
0.038912 0.043404
0.038900 0.041205
0.038891 0.033273
0.038902 0.035360
0.038906 0.023833
0.038895 0.034368
0.038886 0.031837
0.038895 0.030681
0.038900 0.025586
0.038889 0.026442
0.038881 0.026520
0.038851 0.027057
0.038842 0.024504
0.038828 0.031958
0.038812 0.033376
0.038785 0.034617
0.038761 0.031217
0.038736 0.032002
0.038713 0.026179
0.038684 0.030310
0.038671 0.032178
0.038660 0.028405
0.038652 0.032406
0.038637 0.031615
0.038624 0.027946
0.038599 0.032477
0.038582 0.026670
0.038569 0.030288
0.038549 0.027023
0.038537 0.027765
0.038523 0.025365
0.038502 0.028567
0.038490 0.026704
0.038466 0.027906
0.038450 0.025771
0.038427 0.058115
0.038405 0.035042
0.038379 0.030747
0.038359 0.043937
0.038336 0.038876
0.038315 0.029775
0.038290 0.032200
0.038330 0.040481
0.038323 0.041637
0.038308 0.038603
0.038319 0.036663
0.038320 0.036690
0.038303 0.030096
0.038291 0.045375
0.038295 0.044327
0.038302 0.041692
0.038303 0.037330
0.038299 0.035686
0.038296 0.050847
0.038280 0.043211
0.038294 0.034598
0.038306 0.036160
0.038313 0.048836
0.038311 0.042817
0.038306 0.038733
0.038331 0.038401
0.038341 0.050493
0.038333 0.043816
0.038329 0.039165
0.038350 0.040405
0.038359 0.049578
0.038359 0.043761
0.038360 0.035996
0.038384 0.039109
0.038395 0.050143
0.038396 0.046603
0.038400 0.039972
0.038423 0.039655
0.038433 0.048631
0.038429 0.045920
0.038430 0.039826
0.038453 0.040567
0.038470 0.024386
0.038473 0.040865
0.038475 0.037791
0.038495 0.031100
0.038510 0.027815
0.038513 0.025932
0.038517 0.026433
0.038489 0.027192
0.038494 0.024588
0.038492 0.030241
0.038477 0.030014
0.038456 0.030959
0.038431 0.025913
0.038407 0.029407
0.038384 0.032269
0.038357 0.032228
0.038340 0.031987
0.038324 0.031930
0.038309 0.027007
0.038284 0.030158
0.038266 0.032400
0.038254 0.031204
0.038242 0.032562
0.038230 0.033673
0.038217 0.025356
0.038195 0.033839
0.038179 0.032540
0.038167 0.031404
0.038153 0.028558
0.038142 0.032037
0.038133 0.038133
0.038107 0.039826
0.038099 0.037318
0.038088 0.042435
0.038074 0.039326
0.038055 0.035749
0.038043 0.038706
0.038043 0.041630
0.038047 0.035581
0.038045 0.036501
0.038054 0.037131
0.038057 0.043013
0.038052 0.036645
0.038053 0.036885
0.038061 0.037446
0.038056 0.042937
0.038052 0.036598
0.038051 0.036398
0.038061 0.035877
0.038058 0.042620
0.038055 0.035544
0.038054 0.037198
0.038064 0.039090
0.038061 0.027730
0.038058 0.032098
0.038053 0.046974
0.038062 0.043101
0.038057 0.036464
0.038056 0.038924
0.038058 0.043592
0.038037 0.040064
0.038025 0.047727
0.038043 0.047265
0.038053 0.040457
0.038050 0.041349
0.038052 0.044133
0.038063 0.048227
0.038067 0.041030
0.038086 0.041652
0.038105 0.041446
0.038109 0.039996
0.038116 0.022115
0.038128 0.037215
0.038148 0.038754
0.038154 0.024822
0.038161 0.024815
0.038168 0.023863
0.038171 0.024951
0.038139 0.022151
0.038137 0.025102
0.038138 0.029403
0.038112 0.030738
0.038085 0.026849
0.038057 0.027222
0.038030 0.021722
0.037999 0.024858
0.037973 0.023362
0.037956 0.023660
0.037941 0.022325
0.037919 0.025384
0.037897 0.027835
0.037865 0.024506
0.037839 0.027477
0.037810 0.028330
0.037782 0.023930
0.037751 0.028488
0.037726 0.021323
0.037706 0.024851
0.037680 0.022913
0.037659 0.024080
0.037641 0.068968
0.037613 0.055656
0.037595 0.044446
0.037562 0.038690
0.037537 0.039073
0.037507 0.058440
0.037481 0.044066
0.037544 0.037242
0.037580 0.039834
0.037594 0.056737
0.037596 0.044957
0.037599 0.040880
0.037641 0.039097
0.037653 0.051484
0.037653 0.044818
0.037657 0.039135
0.037695 0.039560
0.037710 0.038778
0.037716 0.042296
0.037719 0.039975
0.037746 0.040373
0.037761 0.044657
0.037763 0.044165
0.037767 0.037233
0.037769 0.037648
0.037778 0.037302
0.037782 0.045988
0.037788 0.038699
0.037801 0.036769
0.037814 0.036172
0.037813 0.044812
0.037813 0.038532
0.037812 0.036564
0.037828 0.035326
0.037830 0.041711
0.037828 0.038199
0.037824 0.035740
0.037838 0.035139
0.037840 0.036312
0.037837 0.040821
0.037832 0.036406
0.037840 0.037310
0.037841 0.037814
0.037836 0.042092
0.037831 0.043177
0.037828 0.038876
0.037834 0.038941
0.037831 0.045173
0.037830 0.044807
0.037830 0.036699
0.037839 0.038792
0.037849 0.038599
0.037851 0.043564
0.037853 0.038198
0.037868 0.039851
0.037882 0.034889
0.037880 0.029333
0.037881 0.029736
0.037883 0.032207
0.037894 0.032908
0.037895 0.032820
0.037899 0.040368
0.037893 0.033852
0.037876 0.035511
0.037859 0.040913
0.037848 0.038651
0.037838 0.043501
0.037828 0.039457
0.037833 0.038866
0.037825 0.041325
0.037821 0.042226
0.037827 0.038200
0.037828 0.037910
0.037840 0.041633
0.037843 0.041615
0.037845 0.037105
0.037852 0.035112
0.037861 0.041095
0.037861 0.042716
0.037862 0.036150
0.037869 0.037483
0.037877 0.030600
0.037875 0.036921
0.037870 0.036457
0.037876 0.026060
0.037886 0.038061
0.037882 0.035235
0.037881 0.033403
0.037867 0.042347
0.037865 0.038630
0.037862 0.032384
0.037838 0.032365
0.037839 0.041327
0.037834 0.038594
0.037825 0.031575
0.037834 0.033139
0.037835 0.039399
0.037825 0.039751
0.037814 0.032310
0.037821 0.032502
0.037822 0.034632
0.037810 0.036953
0.037800 0.032655
0.037804 0.041368
0.037807 0.039348
0.037796 0.032802
0.037786 0.034093
0.037780 0.041211
0.037778 0.041441
0.037768 0.034791
0.037775 0.037279
0.037778 0.039126
0.037768 0.039062
0.037761 0.039137
0.037768 0.038293
0.037775 0.038935
0.037769 0.043912
0.037768 0.038353
0.037771 0.037940
0.037773 0.035611
0.037776 0.036106
0.037777 0.035062
0.037779 0.035736
0.037792 0.037220
0.037793 0.040056
0.037793 0.037849
0.037789 0.039667
0.037785 0.039425
0.037780 0.038801
0.037776 0.042419
0.037775 0.043707
0.037779 0.037161
0.037779 0.034481
0.037783 0.042967
0.037786 0.040722
0.037788 0.032551
0.037798 0.033024
0.037810 0.039883
0.037808 0.034266
0.037802 0.041970
0.037812 0.043397
0.037818 0.033773
0.037807 0.035799
0.037798 0.034882
0.037802 0.035667
0.037795 0.035315
0.037803 0.032847
0.037814 0.044712
0.037806 0.035041
0.037802 0.039398
0.037796 0.044854
0.037792 0.042920
0.037787 0.036070
0.037777 0.038247
0.037791 0.037164
0.037786 0.037971
0.037789 0.036985
0.037803 0.032862
0.037813 0.043893
0.037810 0.046691
0.037811 0.041849
0.037809 0.040623
0.037810 0.045614
0.037808 0.048769
0.037798 0.041697
0.037810 0.040965
0.037828 0.045533
0.037836 0.047947
0.037842 0.041376
0.037857 0.040689
0.037879 0.041548
0.037887 0.032562
0.037893 0.036499
0.037908 0.047427
0.037928 0.046972
0.037935 0.046843
0.037941 0.041311
0.037948 0.042562
0.037937 0.046886
0.037934 0.044424
0.037953 0.041720
0.037971 0.039797
0.037989 0.050948
0.037996 0.045206
0.038005 0.046804
0.038023 0.043773
0.038035 0.048335
0.038043 0.043478
0.038046 0.031299
0.038072 0.035064
0.038086 0.050564
0.038104 0.044614
0.038115 0.040206
0.038136 0.042308
0.038146 0.051390
0.038133 0.047296
0.038127 0.041965
0.038151 0.042424
0.038164 0.051719
0.038168 0.047598
0.038177 0.041304
0.038203 0.041975
0.038221 0.051151
0.038229 0.043150
0.038237 0.040597
0.038264 0.039089
0.038283 0.050513
0.038289 0.044960
0.038296 0.040991
0.038322 0.039879
0.038332 0.045682
0.038336 0.045679
0.038338 0.038945
0.038362 0.040867
0.038375 0.037446
0.038381 0.066570
0.038384 0.051544
0.038398 0.040749
0.038413 0.059112
0.038414 0.034482
0.038419 0.057307
0.038417 0.046684
0.038473 0.040536
0.038499 0.037418
0.038504 0.050455
0.038545 0.038872
0.038537 0.049127
0.038575 0.046426
0.038591 0.041106
0.038595 0.037049
0.038592 0.037066
0.038616 0.040275
0.038617 0.033742
0.038638 0.037773
0.038653 0.036838
0.038658 0.034656
0.038655 0.033320
0.038652 0.039892
0.038655 0.037739
0.038645 0.033925
0.038643 0.033527
0.038640 0.039988
0.038632 0.034665
0.038621 0.033209
0.038624 0.031606
0.038622 0.040191
0.038613 0.036005
0.038602 0.033653
0.038605 0.033002
0.038597 0.038493
0.038586 0.035697
0.038572 0.032683
0.038576 0.031614
0.038571 0.039545
0.038561 0.036781
0.038550 0.031765
0.038549 0.031161
0.038544 0.029104
0.038532 0.083064
0.038518 0.052177
0.038520 0.029455
0.038517 0.064302
0.038503 0.048634
0.038489 0.038348
0.038470 0.038345
0.038559 0.067703
0.038586 0.049533
0.038568 0.039638
0.038620 0.032480
0.038640 0.065874
0.038639 0.050097
0.038638 0.036506
0.038697 0.035569
0.038718 0.062182
0.038720 0.048171
0.038708 0.037049
0.038762 0.037448
0.038785 0.058706
0.038780 0.050188
0.038774 0.033959
0.038820 0.036698
0.038839 0.049340
0.038836 0.037978
0.038833 0.033908
0.038873 0.041914
0.038895 0.038638
0.038885 0.040229
0.038881 0.046630
0.038902 0.048828
0.038900 0.047166
0.038890 0.048817
0.038896 0.045264
0.038896 0.048440
0.038898 0.045750
0.038914 0.044147
0.038934 0.047442
0.038950 0.048501
0.038970 0.048244
0.038982 0.050525
0.039001 0.049301
0.039015 0.045602
0.039025 0.047940
0.039042 0.054057
0.039061 0.046670
0.039079 0.047127
0.039102 0.047749
0.039123 0.048153
0.039136 0.043082
0.039153 0.045997
0.039183 0.043183
0.039198 0.049357
0.039214 0.044669
0.039231 0.044990
0.039249 0.035660
0.039256 0.040178
0.039270 0.045389
0.039278 0.038638
0.039298 0.037125
0.039309 0.054769
0.039320 0.037105
0.039313 0.051973
0.039314 0.039203
0.039327 0.053516
0.039325 0.035750
0.039321 0.051098
0.039352 0.040145
0.039347 0.039921
0.039373 0.049468
0.039372 0.028199
0.039400 0.036920
0.039393 0.034637
0.039417 0.038377
0.039418 0.034527
0.039419 0.034917
0.039439 0.034259
0.039417 0.038229
0.039412 0.031673
0.039402 0.034504
0.039400 0.032763
0.039390 0.035343
0.039381 0.032178
0.039371 0.036907
0.039369 0.031881
0.039353 0.035334
0.039344 0.036309
0.039331 0.035771
0.039323 0.049968
0.039308 0.035341
0.039303 0.047206
0.039289 0.034856
0.039281 0.048156
0.039275 0.035704
0.039268 0.036434
0.039289 0.038757
0.039281 0.036975
0.039297 0.042647
0.039288 0.032202
0.039306 0.033790
0.039299 0.037349
0.039293 0.036693
0.039292 0.034427
0.039287 0.042031
0.039294 0.035293
0.039280 0.035563
0.039269 0.036508
0.039265 0.034441
0.039260 0.034740
0.039250 0.034176
0.039256 0.034160
0.039248 0.039657
0.039240 0.050054
0.039235 0.050476
0.039225 0.058022
0.039216 0.032569
0.039206 0.066189
0.039196 0.061116
0.039197 0.057712
0.039219 0.038305
0.039241 0.033865
0.039279 0.039981
0.039266 0.038139
0.039319 0.042928
0.039363 0.038206
0.039400 0.036324
0.039398 0.048592
0.039387 0.038606
0.039388 0.036059
0.039385 0.037135
0.039392 0.035724
0.039390 0.034175
0.039384 0.039400
0.039402 0.033937
0.039401 0.035620
0.039394 0.048207
0.039389 0.039231
0.039382 0.034505
0.039372 0.035490
0.039372 0.051331
0.039361 0.038115
0.039353 0.038313
0.039371 0.033808
0.039371 0.038967
0.039361 0.038420
0.039353 0.045620
0.039377 0.044795
0.039375 0.038237
0.039373 0.040027
0.039362 0.046428
0.039361 0.047401
0.039359 0.041980
0.039371 0.044291
0.039382 0.049363
0.039380 0.050229
0.039381 0.043572
0.039395 0.044496
0.039411 0.052365
0.039416 0.054135
0.039426 0.045471
0.039446 0.046549
0.039468 0.053362
0.039476 0.054863
0.039486 0.047216
0.039512 0.047209
0.039541 0.053703
0.039553 0.054533
0.039567 0.048319
0.039594 0.048250
0.039625 0.053990
0.039640 0.054754
0.039655 0.042906
0.039683 0.046488
0.039713 0.051803
0.039730 0.052594
0.039747 0.046146
0.039776 0.046067
0.039806 0.050828
0.039812 0.052392
0.039825 0.044889
0.039849 0.043096
0.039875 0.051499
0.039887 0.050787
0.039900 0.044075
0.039922 0.044472
0.039947 0.051821
0.039956 0.051634
0.039963 0.043572
0.039986 0.044133
0.040007 0.051890
0.040016 0.051282
0.040024 0.043740
0.040048 0.040880
0.040071 0.052189
0.040078 0.051673
0.040086 0.044621
0.040110 0.044939
0.040132 0.052081
0.040140 0.052827
0.040141 0.045202
0.040165 0.043428
0.040188 0.048423
0.040197 0.050418
0.040207 0.045346
0.040230 0.044414
0.040255 0.052620
0.040265 0.052993
0.040272 0.045010
0.040288 0.045117
0.040308 0.054524
0.040318 0.052896
0.040327 0.044402
0.040351 0.042948
0.040376 0.051194
0.040386 0.050551
0.040395 0.041874
0.040423 0.043344
0.040448 0.050192
0.040456 0.052627
0.040461 0.044039
0.040483 0.044190
0.040503 0.050338
0.040506 0.052653
0.040511 0.044459
0.040531 0.043506
0.040555 0.020448
0.040562 0.017371
0.040569 0.036432
0.040589 0.017382
0.040613 0.030600
0.040620 0.030501
0.040626 0.019683
0.040586 0.026897
0.040539 0.023554
0.040531 0.022908
0.040485 0.025211
0.040465 0.026484
0.040445 0.028525
0.040404 0.030977
0.040377 0.026036
0.040343 0.026620
0.040308 0.029605
0.040278 0.028264
0.040250 0.026582
0.040227 0.029014
0.040208 0.030393
0.040180 0.029744
0.040153 0.025749
0.040132 0.026967
0.040108 0.024320
0.040081 0.028746
0.040059 0.024508
0.040040 0.029372
0.040019 0.033940
0.039990 0.030725
0.039964 0.031102
0.039933 0.028641
0.039911 0.026806
0.039880 0.030516
0.039859 0.031297
0.039847 0.027634
0.039829 0.032021
0.039811 0.032142
0.039789 0.027973
0.039763 0.031858
0.039744 0.028797
0.039728 0.028637
0.039703 0.031603
0.039688 0.028277
0.039673 0.031801
0.039650 0.033960
0.039634 0.028558
0.039612 0.031461
0.039590 0.025233
0.039574 0.030466
0.039552 0.031895
0.039536 0.031780
0.039525 0.032640
0.039503 0.033909
0.039487 0.025532
0.039459 0.030244
0.039441 0.031285
0.039425 0.031529
0.039410 0.032020
0.039397 0.031857
0.039386 0.024697
0.039358 0.034058
0.039340 0.031374
0.039324 0.030091
0.039308 0.031715
0.039293 0.032012
0.039279 0.033137
0.039249 0.028385
0.039239 0.027148
0.039223 0.031715
0.039205 0.025984
0.039190 0.029056
0.039176 0.026422
0.039164 0.027744
0.039142 0.027114
0.039118 0.028770
0.039103 0.026727
0.039077 0.026634
0.039057 0.027098
0.039032 0.030663
0.039009 0.026976
0.038985 0.026983
0.038965 0.026859
0.038940 0.030665
0.038916 0.027012
0.038892 0.026733
0.038876 0.027844
0.038852 0.031289
0.038828 0.027745
0.038804 0.027985
0.038788 0.028238
0.038764 0.030978
0.038740 0.026453
0.038718 0.026688
0.038704 0.026926
0.038682 0.029184
0.038660 0.026592
0.038639 0.027049
0.038624 0.026943
0.038600 0.030243
0.038576 0.026353
0.038553 0.028599
0.038534 0.025413
0.038510 0.034072
0.038487 0.033263
0.038464 0.031627
0.038448 0.029610
0.038423 0.021239
0.038404 0.025726
0.038378 0.027486
0.038369 0.027691
0.038359 0.030118
0.038345 0.029860
