0.000000 0.010666
0.000000 0.006479
0.000000 0.006795
0.000000 0.006153
0.000000 0.006300
0.000000 0.006382
0.000000 0.007582
0.010666 0.007216
0.006814 0.007102
0.006751 0.006133
0.007576 0.007019
0.005724 0.007794
0.006109 0.006766
0.006727 0.006927
0.006895 0.006749
0.006808 0.006779
0.007650 0.008321
0.007858 0.008367
0.006465 0.006393
0.006832 0.006919
0.006873 0.007342
0.008056 0.008652
0.007700 0.007632
0.006724 0.006449
0.006714 0.006676
0.007269 0.007464
0.008014 0.008276
0.007366 0.007233
0.007263 0.007050
0.007098 0.007047
0.007090 0.007078
0.007717 0.007657
0.008485 0.008131
0.006783 0.006597
0.007075 0.006755
0.007489 0.007385
0.008016 0.008068
0.007905 0.007314
0.007427 0.007398
0.007114 0.006730
0.007925 0.007655
0.007032 0.006795
0.008277 0.007348
0.006969 0.006912
0.008172 0.008395
0.007627 0.007461
0.006866 0.006565
0.009304 0.008627
0.007005 0.006798
0.007678 0.007504
0.006948 0.006601
0.009009 0.008544
0.007227 0.006748
0.008032 0.007750
0.006990 0.006906
0.007559 0.007383
0.008108 0.007868
0.007731 0.007428
0.007769 0.007443
0.007624 0.007371
0.007752 0.007982
0.007296 0.007386
0.008451 0.007685
0.007519 0.007730
0.007559 0.008010
0.007152 0.006864
0.008341 0.008320
0.008204 0.007979
0.008240 0.008110
0.007400 0.007248
0.007713 0.007830
0.007782 0.007714
0.008136 0.007865
0.007540 0.007757
0.007687 0.007687
0.007383 0.007365
0.007693 0.007605
0.008614 0.007915
0.007500 0.007323
0.007383 0.007584
0.007592 0.007291
0.008429 0.008494
0.007749 0.006633
0.007626 0.006311
0.007150 0.005287
0.007685 0.005887
0.007676 0.005904
0.007878 0.005970
0.007736 0.005790
0.007514 0.006257
0.007234 0.005836
0.007590 0.005634
0.007830 0.006118
0.008054 0.006492
0.007149 0.005693
0.007246 0.005513
0.007463 0.006504
0.007425 0.005779
0.007196 0.005830
0.006998 0.005189
0.007729 0.007338
0.007205 0.005928
0.007289 0.006038
0.007215 0.006188
0.006980 0.005607
0.007101 0.005860
0.007258 0.005903
0.007359 0.006157
0.007065 0.005824
0.006917 0.005606
0.007151 0.005782
0.007252 0.006577
0.007264 0.006265
0.006924 0.005516
0.006919 0.005462
0.007184 0.006787
0.007735 0.007488
0.006750 0.005462
0.006898 0.005758
0.007255 0.006962
0.007200 0.006819
0.007074 0.006037
0.006760 0.005618
0.007237 0.006893
0.007296 0.007170
0.007013 0.005887
0.007048 0.006460
0.007190 0.006815
0.006729 0.005375
0.007144 0.006224
0.007666 0.008211
0.006896 0.005618
0.006681 0.005727
0.006794 0.005652
0.006981 0.006075
0.007257 0.006772
0.006959 0.006215
0.006789 0.005524
0.007264 0.007133
0.006968 0.006549
0.007146 0.006097
0.006693 0.005469
0.006972 0.006392
0.006790 0.005841
0.007046 0.006164
0.007439 0.007732
0.006859 0.005789
0.006733 0.005737
0.006883 0.005805
0.007127 0.007554
0.007008 0.006055
0.006675 0.006058
0.006783 0.005827
0.007427 0.007971
0.006837 0.005708
0.006702 0.005695
0.006943 0.005982
0.006723 0.005826
0.007095 0.007175
0.006963 0.005988
0.006817 0.005849
0.006802 0.005890
0.006997 0.006694
0.006739 0.005870
0.007569 0.007685
0.006769 0.005666
0.006436 0.005154
0.006954 0.006602
0.007223 0.007654
0.006891 0.005980
0.006776 0.005838
0.006566 0.005711
0.007185 0.007636
0.006976 0.006222
0.006801 0.006005
0.006706 0.006128
0.007087 0.007263
0.007047 0.007191
0.006978 0.006346
0.006836 0.006072
0.006951 0.006662
0.006688 0.006111
0.007181 0.006969
0.007168 0.007306
0.007153 0.006809
0.006477 0.005439
0.007051 0.007032
0.007366 0.007886
0.006927 0.006612
0.006737 0.005685
0.006760 0.006520
0.007281 0.007748
0.007209 0.007438
0.007011 0.006468
0.006962 0.006630
0.006985 0.007025
0.007027 0.006852
0.006809 0.006593
0.007355 0.007656
0.007023 0.006859
0.007145 0.007271
0.007092 0.007446
0.007572 0.008230
0.006788 0.006439
0.006973 0.006753
0.006976 0.006969
0.007640 0.008521
0.007411 0.007248
0.006796 0.006262
0.007097 0.007151
0.007141 0.007658
0.007477 0.007917
0.007528 0.007370
0.006907 0.006484
0.007070 0.007049
0.007170 0.007066
0.007422 0.007695
0.007333 0.007651
0.006961 0.006433
0.007017 0.006817
0.007193 0.006931
0.007931 0.008530
0.006973 0.006535
0.007539 0.007100
0.007173 0.007036
0.007290 0.007386
0.007509 0.007814
0.007503 0.007051
0.007072 0.006845
0.007581 0.008275
0.007159 0.006849
0.007917 0.007547
0.007191 0.006849
0.007552 0.008046
0.007049 0.006705
0.007629 0.007335
0.007573 0.007919
0.007436 0.007060
0.007202 0.006857
0.007468 0.007384
0.007705 0.008386
0.007763 0.007386
0.007460 0.007012
0.007101 0.006888
0.007573 0.008113
0.007404 0.007196
0.008098 0.007659
0.007760 0.007820
0.007780 0.008667
0.007489 0.007191
0.007751 0.007548
0.007501 0.007514
0.007372 0.007170
0.007335 0.007134
0.008223 0.009030
0.007744 0.007780
0.007248 0.006777
0.007612 0.007576
0.007527 0.008578
0.008274 0.010678
0.007859 0.009390
0.007434 0.008584
0.007781 0.009273
0.007655 0.009682
0.007793 0.009487
0.007950 0.009656
0.008056 0.009585
0.007957 0.010205
0.007579 0.008805
0.008075 0.009460
0.008506 0.010351
0.008112 0.009060
0.007817 0.009333
0.008463 0.010066
0.008642 0.010511
0.007734 0.009060
0.008502 0.009195
0.007981 0.009445
0.008619 0.010561
0.008899 0.010806
0.009084 0.009670
0.009548 0.011260
0.010498 0.011450
0.009866 0.010054
0.009792 0.009735
0.009785 0.009817
0.009328 0.009169
0.008838 0.008713
0.008779 0.008661
0.009909 0.009783
0.009534 0.008963
0.009655 0.009402
0.007893 0.007253
0.008787 0.008838
0.009029 0.008707
0.008621 0.007697
0.008153 0.007622
0.009181 0.009157
0.008412 0.008188
0.008160 0.007239
0.008911 0.008081
0.007921 0.007687
0.008436 0.008180
0.008823 0.008613
0.008789 0.008247
0.008345 0.007615
0.007943 0.007409
0.008256 0.007661
0.009329 0.009409
0.008129 0.007468
0.008950 0.007755
0.007957 0.007378
0.008523 0.008490
0.008169 0.007865
0.009062 0.008188
0.008405 0.008039
0.007496 0.007108
0.008020 0.007573
0.008738 0.008017
0.008452 0.007987
0.007869 0.007364
0.008259 0.008263
0.007807 0.007316
0.009340 0.008762
0.008187 0.007652
0.008301 0.007510
0.007814 0.007374
0.008105 0.008247
0.008251 0.007850
0.008791 0.007803
0.007978 0.007692
0.007946 0.007792
0.007915 0.007573
0.009297 0.008375
0.008614 0.008117
0.007804 0.007557
0.007842 0.007471
0.008106 0.007782
0.008497 0.008423
0.008037 0.007356
0.008409 0.007927
0.008111 0.007559
0.008238 0.008003
0.008446 0.007862
0.008357 0.007736
0.007699 0.007270
0.008172 0.007831
0.008233 0.007823
0.008640 0.007894
0.008414 0.007504
0.007590 0.007229
0.008388 0.007936
0.008333 0.008116
0.008088 0.007473
0.008161 0.007896
0.007840 0.007502
0.008397 0.007828
0.009217 0.008783
0.008528 0.007829
0.007897 0.007402
0.008713 0.008417
0.008114 0.008137
0.008680 0.008082
0.008160 0.007673
0.007799 0.007408
0.008557 0.008489
0.008193 0.008158
0.009397 0.008483
0.008732 0.008122
0.007870 0.007899
0.008580 0.008158
0.009047 0.008849
0.008041 0.007860
0.008171 0.007876
0.008098 0.007849
0.008488 0.008270
0.009068 0.008861
0.008184 0.007618
0.009010 0.008242
0.008402 0.008177
0.008104 0.007885
0.008658 0.008605
0.008497 0.007945
0.008748 0.008403
0.008030 0.007854
0.008311 0.008136
0.009695 0.008710
0.008820 0.008643
0.008201 0.007898
0.008119 0.007736
0.008686 0.008357
0.008773 0.008544
0.008216 0.008166
0.008232 0.007876
0.008279 0.007997
0.008189 0.008160
0.009631 0.009313
0.008763 0.008268
0.007815 0.007520
0.008243 0.008077
0.008088 0.007668
0.009224 0.008539
0.008679 0.008284
0.008067 0.007957
0.008400 0.008240
0.008717 0.008262
0.009077 0.008728
0.007986 0.007569
0.008586 0.008442
0.008138 0.008064
0.008385 0.008082
0.008623 0.008268
0.009604 0.008990
0.008314 0.008191
0.008307 0.007936
0.008273 0.008112
0.009628 0.009068
0.008852 0.008311
0.008216 0.008035
0.008547 0.008358
0.008365 0.008346
0.009221 0.008532
0.008833 0.008705
0.008199 0.008023
0.008144 0.007795
0.008812 0.008604
0.008877 0.008538
0.008401 0.008271
0.008283 0.008007
0.008329 0.008041
0.008691 0.008351
0.009405 0.008795
0.008905 0.008416
0.008264 0.008001
0.008697 0.008593
0.007961 0.008014
0.009556 0.008954
0.008435 0.008258
0.008499 0.008339
0.008205 0.008137
0.008257 0.008205
0.009348 0.008791
0.008846 0.008391
0.008155 0.008206
0.008530 0.009380
0.008436 0.009410
0.009237 0.010669
0.009404 0.010508
0.008300 0.009851
0.008384 0.009737
0.008561 0.009680
0.009138 0.010302
0.008688 0.009982
0.008552 0.009976
0.008308 0.009671
0.008975 0.010144
0.008428 0.009794
0.009107 0.010590
0.008481 0.009643
0.008389 0.009642
0.008198 0.009707
0.009691 0.011070
0.009570 0.010456
0.008183 0.009743
0.008947 0.010437
0.009183 0.010373
0.009278 0.010269
0.008854 0.010253
0.008456 0.010494
0.008536 0.009680
0.009545 0.010499
0.008872 0.010231
0.009408 0.010675
0.008463 0.009879
0.008475 0.010089
0.009255 0.010253
0.009933 0.010598
0.008719 0.009846
0.008815 0.010262
0.008914 0.010256
0.009652 0.010362
0.008982 0.010014
0.008461 0.009269
0.009370 0.008880
0.008750 0.008311
0.010185 0.009449
0.009262 0.008593
0.009020 0.008473
0.009237 0.008960
0.009605 0.009604
0.009773 0.009309
0.008680 0.008242
0.009190 0.008998
0.010021 0.009917
0.009362 0.009134
0.009755 0.009259
0.009800 0.009563
0.009679 0.009354
0.009189 0.009362
0.009956 0.009274
0.009231 0.009335
0.009338 0.009005
0.009848 0.009533
0.009856 0.009443
0.010131 0.009851
0.008733 0.008478
0.009657 0.009316
0.010244 0.009915
0.008966 0.009122
0.010105 0.009303
0.010165 0.009200
0.009560 0.009356
0.010255 0.009775
0.008920 0.008865
0.009972 0.009179
0.010046 0.009848
0.009741 0.009426
0.009772 0.009464
0.010034 0.009667
0.009898 0.009780
0.009410 0.008940
0.009683 0.009336
0.009679 0.009412
0.010613 0.010194
0.009265 0.008769
0.009893 0.009223
0.009816 0.009470
0.009680 0.009468
0.010072 0.009545
0.009653 0.008961
0.009647 0.009500
0.010031 0.009822
0.009943 0.009437
0.010700 0.010278
0.009667 0.009321
0.009661 0.009229
0.010002 0.009472
0.010478 0.009971
0.009677 0.009515
0.009419 0.008984
0.009835 0.009292
0.010275 0.009531
0.009602 0.009782
0.009927 0.009335
0.009870 0.009265
0.009470 0.009024
0.010222 0.009839
0.009867 0.009848
0.010386 0.009755
0.009529 0.009322
0.009755 0.009276
0.009919 0.009569
0.010041 0.009672
0.010154 0.009895
0.009754 0.009170
0.009861 0.009693
0.009881 0.009717
0.010169 0.010203
0.009859 0.009277
0.010176 0.009613
0.009817 0.009726
0.009987 0.009682
0.010002 0.009840
0.010107 0.009565
0.010225 0.009861
0.010237 0.010020
0.009788 0.009349
0.010802 0.010338
0.010042 0.009699
0.009749 0.009404
0.010384 0.009862
0.009861 0.009691
0.010697 0.010360
0.009945 0.009669
0.009968 0.009536
0.010326 0.009999
0.010129 0.010109
0.010283 0.010028
0.009901 0.009327
0.010230 0.009914
0.010443 0.010202
0.009698 0.009358
0.010779 0.010101
0.010446 0.010301
0.009997 0.009932
0.010191 0.009573
0.010071 0.009718
0.011017 0.010580
0.009934 0.009637
0.010464 0.010193
0.010437 0.010468
0.010005 0.009980
0.010372 0.009927
0.010719 0.010067
0.010194 0.010179
0.010874 0.010226
0.009852 0.009983
0.010487 0.009920
0.010690 0.010320
0.010660 0.010626
0.010471 0.009910
0.010401 0.010078
0.010608 0.010639
0.010131 0.009940
0.010339 0.009837
0.010617 0.010325
0.010815 0.010746
0.009918 0.009617
0.010057 0.009659
0.010447 0.009894
0.010630 0.010377
0.010454 0.010466
0.010165 0.009620
0.010354 0.009789
0.010692 0.010416
0.010003 0.009791
0.010541 0.010347
0.010048 0.009779
0.010541 0.009976
0.010240 0.009716
0.010072 0.009768
0.010976 0.010698
0.010203 0.009789
0.010242 0.009914
0.010264 0.009960
0.010660 0.010248
0.010189 0.009637
0.010594 0.009998
0.010391 0.009831
0.010471 0.010408
0.010423 0.011548
0.010551 0.011567
0.010273 0.011385
0.010861 0.011735
0.009683 0.010884
0.011464 0.011812
0.010276 0.011516
0.010628 0.011700
0.010598 0.011613
0.010713 0.011860
0.010748 0.011921
0.010755 0.011570
0.010294 0.011342
0.010907 0.011660
0.010782 0.012078
0.010609 0.011496
0.010499 0.011233
0.010590 0.011306
0.010625 0.011637
0.010657 0.011591
0.010324 0.011523
0.010441 0.011023
0.010801 0.011662
0.010420 0.011392
0.010899 0.011859
0.010889 0.011624
0.010676 0.011524
0.010941 0.011385
0.010533 0.011327
0.011420 0.011851
0.010651 0.011443
0.010359 0.010986
0.010850 0.011754
0.010947 0.011614
0.010596 0.011364
0.010837 0.011474
0.010768 0.011511
0.011052 0.011471
0.010531 0.011849
0.010546 0.011600
0.010701 0.011510
0.010513 0.011408
0.010353 0.011300
0.011166 0.011670
0.010960 0.011635
0.010749 0.011334
0.011146 0.011545
0.010558 0.011371
0.011609 0.011828
0.010788 0.011369
0.010802 0.011425
0.011343 0.011496
