0.000000 0.056344
0.000000 0.063315
0.000000 0.065593
0.000000 0.068831
0.000000 0.065108
0.000000 0.063510
0.000000 0.058904
0.056344 0.068003
0.067955 0.068341
0.067080 0.057502
0.067514 0.057044
0.068333 0.058561
0.065997 0.058779
0.062911 0.070165
0.064147 0.066240
0.065709 0.058155
0.064845 0.057141
0.063604 0.058647
0.062581 0.059311
0.062285 0.068943
0.061997 0.067763
0.062446 0.059369
0.062196 0.058870
0.061602 0.060017
0.061573 0.061297
0.067105 0.067418
0.061420 0.068226
0.061559 0.059889
0.061677 0.061208
0.061245 0.062644
0.061437 0.062211
0.067625 0.066390
0.061430 0.062516
0.061517 0.061073
0.061674 0.060997
0.061403 0.056827
0.067590 0.068165
0.061558 0.063610
0.061717 0.058348
0.061501 0.056610
0.061723 0.057663
0.061461 0.057945
0.067384 0.066591
0.061313 0.060080
0.061594 0.056691
0.061210 0.057112
0.061328 0.053199
0.067334 0.067268
0.061112 0.063579
0.060789 0.057403
0.061082 0.056655
0.060602 0.058171
0.060846 0.056195
0.067069 0.066385
0.060636 0.063563
0.060245 0.056501
0.060628 0.055748
0.059973 0.055563
0.060467 0.056329
0.067031 0.065854
0.060363 0.062889
0.059931 0.056321
0.060347 0.055670
0.059685 0.055370
0.060137 0.057099
0.067218 0.067862
0.060053 0.066020
0.059551 0.057177
0.060034 0.056523
0.059472 0.057589
0.059849 0.059100
0.066893 0.064748
0.059794 0.066007
0.059482 0.057882
0.059864 0.057881
0.059338 0.057618
0.059759 0.057768
0.067073 0.066278
0.059747 0.060934
0.059530 0.059119
0.059825 0.058032
0.059166 0.054956
0.066992 0.065003
0.060922 0.065425
0.059719 0.056591
0.059174 0.056835
0.059729 0.056622
0.059186 0.058287
0.066937 0.067372
0.060677 0.063960
0.059718 0.057078
0.058972 0.056396
0.059624 0.056882
0.058818 0.056964
0.066798 0.066780
0.060616 0.062988
0.059625 0.057362
0.058801 0.056850
0.059541 0.056439
0.058718 0.055862
0.066837 0.067461
0.060629 0.063073
0.059516 0.056314
0.058701 0.056365
0.059450 0.055959
0.058627 0.056149
0.066833 0.067150
0.060896 0.064224
0.057832 0.056247
0.057934 0.057500
0.057687 0.056096
0.057624 0.057006
0.065891 0.064954
0.064472 0.063675
0.057590 0.056432
0.057459 0.056288
0.057537 0.056526
0.057623 0.057457
0.065523 0.067101
0.059122 0.059140
0.057498 0.056699
0.057457 0.056231
0.057298 0.053861
0.066752 0.067949
0.064196 0.063771
0.057275 0.055874
0.057324 0.055594
0.057350 0.056695
0.057275 0.056555
0.066091 0.064881
0.064379 0.062963
0.057420 0.056893
0.057274 0.055974
0.057356 0.056777
0.057350 0.056814
0.065873 0.065587
0.059007 0.059613
0.057560 0.056963
0.057577 0.056914
0.057070 0.053888
0.066810 0.065439
0.064463 0.063260
0.057578 0.056287
0.057496 0.055921
0.057570 0.056237
0.057710 0.057047
0.066900 0.065577
0.065813 0.064827
0.057833 0.056507
0.057971 0.056979
0.058081 0.057242
0.057809 0.057132
0.066876 0.067686
0.065392 0.064179
0.057968 0.057128
0.057584 0.056221
0.057743 0.057541
0.057624 0.057143
0.066750 0.068078
0.065535 0.064424
0.057810 0.056892
0.057986 0.056757
0.057736 0.057368
0.057889 0.057813
0.066094 0.067176
0.064819 0.063604
0.058019 0.056923
0.058486 0.058448
0.057774 0.057173
0.057378 0.056906
0.064570 0.065751
0.063793 0.062454
0.057163 0.056098
0.056766 0.055585
0.056802 0.055907
0.056689 0.056478
0.064405 0.063973
0.058481 0.059748
0.056939 0.055730
0.057337 0.057073
0.056447 0.053102
0.065731 0.066952
0.063531 0.062956
0.056736 0.056044
0.056535 0.054988
0.056549 0.055736
0.056740 0.056469
0.065158 0.064570
0.063767 0.063703
0.056790 0.055391
0.057011 0.055752
0.057310 0.056550
0.056854 0.057233
0.065942 0.067853
0.063648 0.063209
0.056958 0.056646
0.056720 0.055915
0.056729 0.056570
0.056430 0.055878
0.065626 0.066305
0.063401 0.065411
0.057041 0.059671
0.056579 0.058857
0.056569 0.057692
0.056725 0.058791
0.066797 0.070264
0.063558 0.065900
0.056608 0.057421
0.056413 0.056997
0.056865 0.058416
0.056818 0.058043
0.067367 0.069932
0.064885 0.066569
0.057248 0.059065
0.057157 0.057798
0.057422 0.058668
0.057860 0.060519
0.066862 0.069319
0.065120 0.066282
0.057882 0.059655
0.057790 0.059411
0.057696 0.059361
0.057516 0.059404
0.067750 0.067692
0.064814 0.066128
0.057483 0.058175
0.057532 0.058366
0.057501 0.058474
0.057432 0.059841
0.066741 0.069317
0.064642 0.065959
0.057305 0.058692
0.057294 0.058452
0.057136 0.058186
0.057475 0.059178
0.066768 0.069289
0.064256 0.065933
0.057423 0.058041
0.057147 0.058949
0.057460 0.059025
0.057586 0.059695
0.067178 0.068315
0.064692 0.066207
0.057438 0.058750
0.057539 0.058212
0.057599 0.058598
0.057578 0.058238
0.060627 0.062140
0.057189 0.054694
0.097720 0.065708
0.067965 0.059417
0.064746 0.059652
0.057949 0.056287
0.057631 0.056160
0.057510 0.056802
0.057371 0.057083
0.066958 0.065189
0.063330 0.063363
0.057901 0.055966
0.058051 0.056401
0.057998 0.056404
0.058002 0.056877
0.067454 0.066860
0.063137 0.063682
0.057926 0.056402
0.057409 0.055335
0.057631 0.056180
0.057604 0.056627
0.066160 0.063939
0.063009 0.063069
0.057389 0.056394
0.057427 0.056513
0.057404 0.056164
0.057373 0.056757
0.065217 0.063658
0.058597 0.059334
0.057225 0.055214
0.057260 0.055502
0.056834 0.052412
0.065857 0.066844
0.062813 0.063316
0.057420 0.055185
0.057105 0.055799
0.057542 0.056466
0.057761 0.057084
0.066544 0.065819
0.063638 0.063720
0.058121 0.056385
0.058090 0.056441
0.057965 0.057141
0.057892 0.056405
0.066446 0.065083
0.063689 0.064232
0.058136 0.057289
0.058050 0.056750
0.057733 0.056135
0.057637 0.056222
0.066361 0.063876
0.063419 0.063798
0.057903 0.056006
0.057870 0.056124
0.057752 0.056897
0.057753 0.056563
0.066896 0.066139
0.064236 0.064807
0.057924 0.056445
0.057908 0.055625
0.058177 0.056164
0.058462 0.057279
0.066874 0.066035
0.064953 0.065546
0.058761 0.057503
0.058795 0.057667
0.059053 0.058368
0.059022 0.058855
0.067596 0.067082
0.060909 0.061477
0.058983 0.057547
0.059386 0.058687
0.058361 0.055064
0.069489 0.067105
0.064667 0.065429
0.058419 0.056935
0.058533 0.057203
0.058112 0.058050
0.058330 0.061010
0.069320 0.069571
0.060253 0.063881
0.058814 0.060130
0.059627 0.058812
0.058145 0.059715
0.057733 0.059078
0.057667 0.059735
0.066992 0.069362
0.063821 0.066989
0.057697 0.059518
0.057710 0.059340
0.057694 0.059447
0.057477 0.059413
0.066287 0.065785
0.064164 0.067009
0.057978 0.060693
0.057659 0.060601
0.057695 0.061377
0.057816 0.063111
0.067436 0.070169
0.064669 0.066000
0.058181 0.060359
0.058079 0.062017
0.057978 0.061554
0.058170 0.062291
0.066050 0.068735
0.060024 0.064420
0.058589 0.063212
0.058428 0.062875
0.057902 0.058320
0.065130 0.069121
0.063062 0.069894
0.058147 0.061878
0.058542 0.062772
0.057995 0.058924
0.068132 0.068365
0.064993 0.067215
0.058848 0.063091
0.058760 0.062463
0.058738 0.062523
0.058965 0.063220
0.067912 0.067268
0.064864 0.069103
0.058742 0.060918
0.058559 0.060206
0.058336 0.059511
0.058466 0.059672
0.068581 0.067768
0.064881 0.065322
0.058504 0.059861
0.058527 0.062499
0.058855 0.060702
0.058408 0.059162
0.066405 0.066468
0.064165 0.064448
0.058378 0.059329
0.058408 0.058988
0.058328 0.058840
0.058404 0.059955
0.065977 0.066955
0.064012 0.064683
0.058207 0.061818
0.058597 0.061604
0.058042 0.060950
0.058137 0.061164
0.065348 0.066271
0.063662 0.063311
0.058070 0.058155
0.057809 0.058301
0.058357 0.058016
0.058473 0.059597
0.066252 0.066539
0.060300 0.061985
0.058663 0.059973
0.058872 0.059532
0.058836 0.057677
0.067065 0.067012
0.063709 0.067816
0.058988 0.060186
0.059422 0.060931
0.059220 0.058135
0.070913 0.068901
0.064663 0.065421
0.059076 0.060692
0.059100 0.060259
0.058924 0.060179
0.059178 0.060461
0.072702 0.072532
0.065537 0.067963
0.059402 0.063532
0.058844 0.058983
0.058926 0.059636
0.058653 0.060495
0.071339 0.068230
0.064796 0.064841
0.058947 0.060519
0.058558 0.060652
0.058014 0.060636
0.057751 0.060075
0.067761 0.069503
0.064603 0.066832
0.058258 0.059460
0.058482 0.059711
0.058012 0.061690
0.057820 0.060103
0.067779 0.071555
0.064333 0.068427
0.058060 0.061470
0.057919 0.060795
0.058179 0.058938
0.058060 0.058515
0.068010 0.068667
0.064710 0.065661
0.057919 0.057813
0.057923 0.057885
0.058171 0.058225
0.058622 0.059976
0.066959 0.067932
0.065108 0.066698
0.058677 0.060485
0.058224 0.059966
0.057837 0.060759
0.057820 0.058643
0.065658 0.067251
0.059396 0.061284
0.057870 0.059072
0.057952 0.058895
0.057413 0.054174
0.064898 0.064091
0.063606 0.063464
0.058043 0.058805
0.057811 0.058715
0.057466 0.058096
0.057155 0.056881
0.062000 0.061479
0.062113 0.061909
0.057173 0.056790
0.057195 0.056296
0.056476 0.056136
0.056489 0.056766
0.061585 0.062165
0.060914 0.060828
0.056162 0.055535
0.056081 0.054923
0.055968 0.055689
0.056055 0.055374
0.061104 0.061520
0.057346 0.057942
0.056411 0.056429
0.056722 0.057263
0.055992 0.052834
0.060975 0.060565
0.060767 0.061852
0.055868 0.054925
0.056294 0.056665
0.056241 0.058483
0.056142 0.058681
0.060893 0.064018
0.060336 0.062668
0.056395 0.058245
0.056372 0.057996
0.055568 0.056469
0.055701 0.057721
0.061163 0.062402
0.061045 0.063107
0.055834 0.056917
0.056023 0.057321
0.056756 0.058361
0.056649 0.058886
0.059417 0.055866
0.060994 0.059852
0.056781 0.052040
0.057128 0.053099
0.049217 0.056584
