0.000000 0.010644
0.000000 0.006370
0.000000 0.006574
0.000000 0.005696
0.000000 0.005421
0.000000 0.005442
0.000000 0.006645
0.010644 0.006188
0.006711 0.006119
0.006403 0.005285
0.006935 0.006084
0.034632 0.006630
0.000787 0.005284
0.003324 0.005295
0.005353 0.005348
0.005753 0.005259
0.007027 0.006693
0.006476 0.006821
0.005904 0.004911
0.006036 0.005457
0.006659 0.005730
0.007198 0.007125
0.005507 0.006093
0.005809 0.005042
0.005314 0.005284
0.006031 0.005978
0.006744 0.006740
0.005574 0.005700
0.005734 0.005592
0.006127 0.005732
0.005724 0.005588
0.005930 0.006184
0.005482 0.006584
0.005217 0.005148
0.005184 0.005266
0.005789 0.005956
0.006771 0.006585
0.004919 0.005774
0.006009 0.005955
0.005272 0.005399
0.005583 0.006045
0.005338 0.005487
0.005102 0.005888
0.005701 0.005482
0.006566 0.006806
0.005770 0.005913
0.005264 0.005123
0.006542 0.007156
0.005272 0.005305
0.006216 0.006037
0.005237 0.005086
0.006843 0.007121
0.005385 0.005332
0.006733 0.006281
0.005596 0.005521
0.005817 0.005879
0.006184 0.006357
0.006232 0.006008
0.006044 0.005919
0.005961 0.006051
0.006200 0.006323
0.006202 0.005985
0.006023 0.006132
0.006457 0.006264
0.007004 0.006461
0.005680 0.005537
0.006581 0.006776
0.006283 0.006502
0.007039 0.006588
0.005844 0.005845
0.006097 0.006221
0.006264 0.006336
0.006374 0.006337
0.006377 0.006249
0.006030 0.006202
0.006026 0.005908
0.006066 0.006116
0.006261 0.006432
0.005805 0.005910
0.006246 0.006155
0.005719 0.005754
0.007011 0.007028
0.005837 0.005837
0.006569 0.006406
0.005318 0.005279
0.005934 0.005938
0.005840 0.005948
0.005919 0.005917
0.005744 0.005851
0.006311 0.006321
0.005851 0.005888
0.005704 0.005625
0.005986 0.006143
0.006639 0.006564
0.005678 0.005702
0.005705 0.005568
0.006430 0.006518
0.005866 0.005827
0.005928 0.005833
0.005294 0.005211
0.007262 0.007381
0.005909 0.006002
0.005959 0.006069
0.006382 0.006182
0.005584 0.005653
0.005946 0.005923
0.005797 0.005888
0.006194 0.006217
0.005735 0.005859
0.005566 0.005644
0.005793 0.005801
0.006631 0.006624
0.006253 0.006262
0.005541 0.005584
0.005619 0.005458
0.006773 0.006818
0.007374 0.007630
0.005506 0.005486
0.005730 0.005730
0.006878 0.007053
0.006661 0.006838
0.005991 0.006051
0.005695 0.005674
0.006950 0.006881
0.007222 0.007191
0.005827 0.005944
0.006286 0.006496
0.006838 0.006948
0.005520 0.005475
0.006088 0.006204
0.008011 0.008201
0.005608 0.005712
0.005661 0.005708
0.005718 0.005691
0.006041 0.006108
0.006681 0.006787
0.006032 0.006282
0.005563 0.005559
0.007042 0.007162
0.006506 0.006602
0.006036 0.006165
0.005560 0.005448
0.006268 0.006457
0.005839 0.005897
0.006029 0.006200
0.007646 0.007777
0.005769 0.005794
0.005740 0.005749
0.005778 0.005875
0.007413 0.007592
0.005962 0.006035
0.006262 0.006127
0.005769 0.005811
0.007933 0.008015
0.005792 0.005742
0.005894 0.005762
0.005827 0.006027
0.005847 0.005862
0.007067 0.007175
0.005959 0.005995
0.005871 0.005862
0.005908 0.005952
0.006698 0.006717
0.005787 0.005889
0.007642 0.007711
0.005683 0.005724
0.005331 0.005172
0.006420 0.006665
0.007362 0.007710
0.005948 0.006023
0.005974 0.005850
0.005728 0.005735
0.007500 0.007619
0.006147 0.006289
0.005916 0.006003
0.006092 0.006192
0.007214 0.007303
0.007006 0.007233
0.006143 0.006310
0.006211 0.006145
0.006487 0.006655
0.006051 0.006177
0.006651 0.006996
0.007279 0.007317
0.006647 0.006861
0.005500 0.005479
0.007044 0.007077
0.007763 0.007954
0.006422 0.006643
0.005732 0.005712
0.006536 0.006519
0.007585 0.007869
0.007334 0.007471
0.006394 0.006547
0.006419 0.006602
0.006761 0.007085
0.006706 0.006888
0.006533 0.006559
0.007499 0.007694
0.006729 0.006879
0.007173 0.007267
0.007377 0.007531
0.007964 0.008230
0.006172 0.006501
0.006697 0.006813
0.006856 0.007024
0.008250 0.008603
0.007016 0.007302
0.006249 0.006239
0.006952 0.007221
0.007496 0.007712
0.007507 0.007937
0.007143 0.007430
0.006395 0.006492
0.006824 0.007038
0.006858 0.007171
0.007647 0.007677
0.007303 0.007716
0.006245 0.006530
0.006533 0.006877
0.006728 0.006957
0.008264 0.008600
0.006495 0.006491
0.007019 0.007051
0.006806 0.007110
0.007052 0.007413
0.007436 0.007862
0.006899 0.007071
0.006740 0.006827
0.008272 0.008336
0.006869 0.006880
0.007615 0.007589
0.006852 0.006887
0.008015 0.008122
0.006759 0.006690
0.007357 0.007359
0.007941 0.007979
0.007074 0.007079
0.006890 0.006886
0.007271 0.007413
0.008464 0.008430
0.007472 0.007391
0.007077 0.007023
0.006857 0.006977
0.008074 0.008138
0.007199 0.007266
0.007737 0.007695
0.007862 0.007899
0.008517 0.008688
0.007276 0.007250
0.007593 0.007567
0.007518 0.007591
0.007116 0.007174
0.007140 0.007118
0.008975 0.009053
0.007751 0.007775
0.006936 0.006796
0.007319 0.007326
0.007358 0.007427
0.009240 0.009239
0.007905 0.007821
0.007191 0.007176
0.007790 0.007762
0.008130 0.008142
0.007754 0.007865
0.008174 0.008111
0.007967 0.008089
0.008577 0.008593
0.007299 0.007330
0.007976 0.008046
0.008765 0.008707
0.007692 0.007687
0.007574 0.007696
0.008575 0.008511
0.008815 0.008835
0.007464 0.007535
0.007688 0.007689
0.007915 0.007891
0.008798 0.008932
0.009189 0.009305
0.008084 0.008138
0.009610 0.009705
0.010502 0.010583
0.010138 0.010058
0.009696 0.009806
0.009818 0.009914
0.009119 0.009161
0.008827 0.008794
0.008650 0.008719
0.009837 0.009858
0.008998 0.008992
0.009490 0.009487
0.007259 0.007291
0.008860 0.008923
0.008633 0.008738
0.007794 0.007774
0.007722 0.007704
0.009151 0.009197
0.008170 0.008191
0.007348 0.007354
0.008009 0.008045
0.007707 0.007758
0.008149 0.008184
0.008651 0.008692
0.008225 0.008286
0.007682 0.007666
0.007430 0.007426
0.007634 0.007694
0.009457 0.009490
0.007524 0.007493
0.007924 0.007770
0.007371 0.007419
0.008431 0.008531
0.007876 0.007949
0.008217 0.008182
0.008106 0.008110
0.007096 0.007127
0.007538 0.007633
0.008023 0.008057
0.007993 0.007988
0.007309 0.007439
0.008273 0.008320
0.007312 0.007335
0.008855 0.008827
0.007612 0.007658
0.007580 0.007481
0.007365 0.007344
0.008265 0.008316
0.007859 0.007793
0.007999 0.007903
0.007673 0.007704
0.007713 0.007841
0.007599 0.007601
0.008484 0.008408
0.008210 0.008140
0.007459 0.007623
0.007472 0.007481
0.007807 0.007834
0.008343 0.008475
0.007408 0.007363
0.007970 0.007935
0.007725 0.007697
0.008026 0.007984
0.007922 0.007906
0.007817 0.007749
0.007331 0.007307
0.007793 0.007877
0.007947 0.007875
0.008021 0.007932
0.007692 0.007514
0.007216 0.007282
0.008038 0.007975
0.008103 0.008138
0.007527 0.007502
0.007892 0.007889
0.007554 0.007586
0.007937 0.007826
0.008855 0.008822
0.007913 0.007844
0.007510 0.007504
0.008383 0.008438
0.008110 0.008217
0.008115 0.008105
0.007770 0.007700
0.007450 0.007413
0.008517 0.008567
0.008162 0.008194
0.008613 0.008544
0.008153 0.008175
0.007899 0.007930
0.008176 0.008186
0.009009 0.008970
0.007826 0.007918
0.007885 0.007859
0.007903 0.007859
0.008261 0.008286
0.008982 0.008884
0.007742 0.007677
0.008332 0.008298
0.008137 0.008212
0.007866 0.007895
0.008581 0.008631
0.008128 0.007988
0.008549 0.008470
0.007830 0.007885
0.008220 0.008173
0.008887 0.008744
0.008682 0.008683
0.007953 0.007942
0.007862 0.007766
0.008393 0.008382
0.008597 0.008601
0.008141 0.008198
0.008009 0.007910
0.008109 0.008006
0.008149 0.008235
0.009334 0.009394
0.008340 0.008302
0.007643 0.007613
0.008066 0.008078
0.007900 0.007723
0.008688 0.008609
0.008363 0.008288
0.008101 0.007975
0.008364 0.008305
0.008392 0.008308
0.008818 0.008766
0.007684 0.007624
0.008483 0.008483
0.008214 0.008091
0.008196 0.008132
0.008375 0.008305
0.009067 0.009033
0.008161 0.008226
0.008028 0.007981
0.008217 0.008138
0.009148 0.009148
0.008424 0.008359
0.008130 0.008048
0.008470 0.008429
0.008469 0.008382
0.008618 0.008672
0.008749 0.008727
0.008076 0.008121
0.007994 0.007805
0.008687 0.008661
0.008660 0.008559
0.008317 0.008258
0.008139 0.008081
0.008205 0.008045
0.008477 0.008375
0.008899 0.008845
0.008512 0.008436
0.008150 0.008028
0.008606 0.008661
0.008187 0.008041
0.009028 0.008964
0.008383 0.008348
0.008428 0.008397
0.008227 0.008120
0.008284 0.008243
0.008885 0.008865
0.008506 0.008417
0.008106 0.008099
0.008414 0.008396
0.008295 0.008169
0.009139 0.009086
0.008969 0.008939
0.008346 0.008341
0.008382 0.008334
0.008407 0.008341
0.008853 0.008835
0.008600 0.008583
0.008488 0.008451
0.008262 0.008164
0.008720 0.008762
0.008391 0.008296
0.009208 0.009143
0.008322 0.008180
0.008349 0.008233
0.008354 0.008295
0.009757 0.009576
0.009110 0.008920
0.008381 0.008276
0.008907 0.008846
0.008936 0.008860
0.008878 0.008790
0.008900 0.008835
0.008963 0.008798
0.008377 0.008271
0.008854 0.008864
0.008673 0.008660
0.009326 0.009195
0.008282 0.008346
0.008479 0.008422
0.008857 0.008744
0.009040 0.009089
0.008441 0.008402
0.008697 0.008644
0.008726 0.008762
0.008898 0.008830
0.008515 0.008536
0.008499 0.008470
0.008986 0.008912
0.008370 0.008373
0.009553 0.009553
0.008692 0.008644
0.008574 0.008515
0.008973 0.009025
0.009748 0.009657
0.009300 0.009318
0.008286 0.008301
0.008998 0.009045
0.009911 0.009981
0.009175 0.009185
0.009296 0.009277
0.009634 0.009633
0.009306 0.009441
0.009341 0.009387
0.009363 0.009349
0.009418 0.009469
0.009015 0.009028
0.009624 0.009572
0.009403 0.009511
0.009941 0.009889
0.008506 0.008515
0.009417 0.009383
0.009978 0.009951
0.009221 0.009191
0.009377 0.009370
0.009284 0.009226
0.009516 0.009381
0.009752 0.009862
0.008893 0.008876
0.009262 0.009223
0.009965 0.009924
0.009412 0.009454
0.009466 0.009500
0.009619 0.009733
0.009766 0.009860
0.009055 0.008976
0.009396 0.009420
0.009431 0.009460
0.010195 0.010190
0.008886 0.008840
0.009334 0.009274
0.009453 0.009521
0.009573 0.009570
0.009626 0.009576
0.009082 0.008983
0.009589 0.009504
0.009874 0.009866
0.009571 0.009508
0.010445 0.010347
0.009431 0.009339
0.009310 0.009296
0.009483 0.009520
0.010035 0.009986
0.009536 0.009584
0.009172 0.009077
0.009330 0.009316
0.009614 0.009592
0.009814 0.009774
0.009441 0.009403
0.009368 0.009284
0.009200 0.009114
0.009863 0.009913
0.009876 0.009925
0.009770 0.009779
0.009433 0.009406
0.009354 0.009319
0.009568 0.009731
0.009775 0.009708
0.009931 0.009941
0.009279 0.009249
0.009804 0.009723
0.009737 0.009749
0.010262 0.010302
0.009345 0.009304
0.009658 0.009649
0.009763 0.009755
0.009770 0.009699
0.009832 0.009887
0.009685 0.009645
0.009914 0.009898
0.010173 0.010091
0.009425 0.009399
0.010396 0.010387
0.009748 0.009720
0.009493 0.009467
0.009891 0.009896
0.009815 0.009743
0.010299 0.010440
0.009715 0.009710
0.009590 0.009547
0.009969 0.010022
0.010114 0.010180
0.010070 0.010045
0.009466 0.009372
0.009984 0.009973
0.010271 0.010249
0.009426 0.009363
0.010181 0.010141
0.010336 0.010284
0.010007 0.010040
0.009700 0.009587
0.009735 0.009736
0.010683 0.010647
0.009704 0.009679
0.010258 0.010258
0.010469 0.010543
0.009949 0.010010
0.009982 0.009973
0.010092 0.010147
0.010100 0.010191
0.010218 0.010295
0.010021 0.010051
0.010007 0.009989
0.010310 0.010351
0.010548 0.010661
0.009956 0.009910
0.010190 0.010152
0.010519 0.010695
0.010033 0.010023
0.009933 0.009898
0.010367 0.010411
0.010700 0.010788
0.009682 0.009638
0.009749 0.009712
0.009885 0.009992
0.010403 0.010391
0.010422 0.010563
0.009704 0.009677
0.009871 0.009772
0.010363 0.010490
0.009807 0.009825
0.010326 0.010410
0.009839 0.009886
0.010059 0.009967
0.009790 0.009718
0.009791 0.009860
0.010663 0.010725
0.009838 0.009773
0.009874 0.009986
0.010002 0.009980
0.010271 0.010317
0.009728 0.009676
0.010101 0.010072
0.009952 0.009887
0.010100 0.010174
0.010124 0.010117
0.010093 0.010061
0.009789 0.009799
0.010108 0.010112
0.009525 0.009441
0.010338 0.010339
0.010061 0.010040
0.010142 0.010151
0.009968 0.009977
0.010329 0.010348
0.010352 0.010297
0.010122 0.010091
0.009816 0.009806
0.010223 0.010211
0.010453 0.010554
0.010074 0.010057
0.009956 0.009841
0.009830 0.009833
0.009964 0.009958
0.009999 0.009960
0.009899 0.009930
0.009723 0.009586
0.010118 0.010122
0.009915 0.009894
0.010116 0.010121
0.010113 0.010103
0.009928 0.009949
0.009937 0.009862
0.009837 0.009840
0.010267 0.010224
0.009909 0.009956
0.009592 0.009532
0.009994 0.010077
0.010166 0.010184
0.009802 0.009777
0.009993 0.009927
0.009993 0.009978
0.010043 0.009947
0.010208 0.010282
0.010104 0.010067
0.009970 0.009888
0.009860 0.009878
0.009644 0.009677
0.010157 0.010082
0.010055 0.010095
0.009935 0.009897
0.009974 0.009948
0.009830 0.009945
0.010303 0.010298
0.009915 0.009885
0.009896 0.009916
0.010124 0.010038
