0.000000 0.056732
0.000000 0.063277
0.000000 0.065324
0.000000 0.073860
0.000000 0.069238
0.000000 0.070555
0.000000 0.064818
0.056732 0.073261
0.060008 0.070778
0.061783 0.059662
0.064812 0.059579
0.065701 0.060584
0.066514 0.060266
0.066270 0.072242
0.067150 0.068335
0.067556 0.060093
0.066760 0.060123
0.066100 0.060532
0.065636 0.061353
0.065218 0.071647
0.065726 0.070310
0.065902 0.061445
0.065534 0.061079
0.065210 0.061909
0.064946 0.063079
0.064753 0.069096
0.065105 0.070931
0.065358 0.061993
0.065176 0.063911
0.064994 0.064650
0.064862 0.064873
0.064789 0.068440
0.064959 0.065257
0.065186 0.063220
0.065069 0.063249
0.065028 0.058976
0.065015 0.069829
0.065010 0.065656
0.065121 0.060624
0.065125 0.058937
0.065067 0.059080
0.065013 0.059657
0.064840 0.071812
0.064979 0.063542
0.064998 0.058828
0.064881 0.059407
0.064727 0.055451
0.064584 0.069106
0.064462 0.065970
0.064640 0.059657
0.064614 0.059148
0.064479 0.060148
0.064364 0.058115
0.064166 0.068653
0.064273 0.066058
0.064310 0.058383
0.064212 0.058390
0.064108 0.060065
0.064028 0.060616
0.063910 0.070756
0.064003 0.065246
0.064042 0.058273
0.063935 0.057807
0.063833 0.057655
0.063764 0.058976
0.063707 0.070554
0.063832 0.069245
0.063856 0.061084
0.063761 0.061069
0.063660 0.062046
0.063560 0.060945
0.063485 0.066792
0.063600 0.069034
0.063689 0.062866
0.063649 0.063067
0.063609 0.062413
0.063585 0.062862
0.063545 0.069010
0.063593 0.064234
0.063673 0.063936
0.063661 0.063563
0.063653 0.059151
0.063635 0.069702
0.063625 0.069293
0.063699 0.058884
0.063706 0.058715
0.063709 0.058890
0.063708 0.060114
0.063647 0.069188
0.063726 0.066498
0.063798 0.058923
0.063736 0.058443
0.063672 0.058740
0.063612 0.058774
0.063569 0.068921
0.063638 0.066014
0.063672 0.061430
0.063615 0.061528
0.063554 0.061126
0.063497 0.060626
0.063442 0.072172
0.063505 0.065387
0.063534 0.058294
0.063510 0.058624
0.063488 0.058375
0.063462 0.058269
0.063431 0.069368
0.063526 0.066265
0.063546 0.058726
0.063490 0.059512
0.063438 0.057942
0.063385 0.059256
0.063331 0.066649
0.063394 0.065976
0.063423 0.058414
0.063375 0.058080
0.063336 0.058460
0.063282 0.059321
0.063242 0.071981
0.063276 0.061408
0.063302 0.058882
0.063255 0.058901
0.063205 0.058072
0.063159 0.072887
0.063123 0.068834
0.063206 0.060626
0.063190 0.060176
0.063149 0.058773
0.063110 0.058538
0.063064 0.066684
0.063153 0.065274
0.063205 0.058803
0.063182 0.057738
0.063155 0.058666
0.063116 0.058789
0.063076 0.067387
0.063107 0.061544
0.063126 0.058633
0.063089 0.058983
0.063043 0.056157
0.063006 0.067140
0.062970 0.065370
0.063007 0.058421
0.062995 0.058484
0.062959 0.061120
0.062926 0.061693
0.062871 0.070068
0.062906 0.069822
0.062926 0.061633
0.062889 0.059141
0.062854 0.058733
0.062840 0.058740
0.062831 0.069706
0.062888 0.066244
0.062942 0.058843
0.062932 0.058456
0.062903 0.059077
0.062871 0.058849
0.062839 0.069971
0.062891 0.066357
0.062917 0.059151
0.062886 0.059725
0.062853 0.061732
0.062825 0.062028
0.062796 0.071784
0.062848 0.068920
0.062874 0.061642
0.062847 0.060764
0.062825 0.059200
0.062817 0.058712
0.062811 0.068256
0.062875 0.065001
0.062918 0.058044
0.062909 0.057621
0.062894 0.057802
0.062868 0.058314
0.062839 0.066104
0.062876 0.061638
0.062891 0.058050
0.062858 0.059028
0.062822 0.054918
0.062788 0.069107
0.062758 0.065075
0.062781 0.057864
0.062773 0.057186
0.062742 0.057879
0.062717 0.058198
0.062666 0.066435
0.062708 0.065645
0.062723 0.057592
0.062692 0.058258
0.062656 0.058865
0.062626 0.059144
0.062597 0.069808
0.062622 0.065610
0.062641 0.058179
0.062609 0.058082
0.062582 0.058537
0.062558 0.058300
0.062537 0.067685
0.062582 0.065739
0.062601 0.059483
0.062574 0.058504
0.062546 0.058392
0.062522 0.058718
0.062496 0.070060
0.062527 0.065947
0.062547 0.057578
0.062528 0.059225
0.062504 0.060588
0.062480 0.060125
0.062457 0.070121
0.062502 0.066776
0.062523 0.058589
0.062494 0.057807
0.062474 0.058758
0.062463 0.060378
0.062450 0.068651
0.062494 0.066142
0.062519 0.059459
0.062496 0.059634
0.062470 0.059473
0.062448 0.059876
0.062437 0.067938
0.062472 0.066434
0.062492 0.058067
0.062475 0.058772
0.062460 0.058860
0.062443 0.059414
0.062429 0.069629
0.062459 0.065801
0.062481 0.058815
0.062457 0.058036
0.062437 0.058417
0.062417 0.061455
0.062401 0.072253
0.062440 0.068855
0.062458 0.058259
0.062438 0.058657
0.062415 0.058964
0.062394 0.059427
0.062389 0.067937
0.062441 0.066060
0.062475 0.058273
0.062453 0.058423
0.062433 0.060798
0.062414 0.061021
0.062399 0.066007
0.062428 0.059037
0.062447 0.067899
0.062425 0.063525
0.062404 0.063740
0.062396 0.060861
0.062389 0.059646
0.062407 0.058951
0.062390 0.059368
0.062418 0.067024
0.062424 0.066429
0.062431 0.060773
0.062423 0.060598
0.062409 0.060921
0.062391 0.061635
0.062376 0.071523
0.062399 0.068884
0.062419 0.061154
0.062411 0.059606
0.062402 0.058264
0.062395 0.058559
0.062391 0.065867
0.062436 0.065546
0.062467 0.058434
0.062461 0.058586
0.062447 0.058338
0.062427 0.058679
0.062408 0.065201
0.062425 0.061525
0.062440 0.057210
0.062421 0.057502
0.062402 0.054588
0.062383 0.069168
0.062366 0.068624
0.062379 0.057681
0.062375 0.057597
0.062351 0.058191
0.062328 0.059107
0.062292 0.067785
0.062324 0.065314
0.062353 0.058877
0.062332 0.058724
0.062310 0.059455
0.062291 0.058344
0.062276 0.067119
0.062301 0.066176
0.062315 0.058991
0.062299 0.058649
0.062283 0.058297
0.062270 0.058898
0.062252 0.065347
0.062274 0.065855
0.062292 0.058982
0.062277 0.058319
0.062261 0.058805
0.062243 0.058270
0.062228 0.068506
0.062242 0.066630
0.062258 0.058473
0.062244 0.058017
0.062226 0.058745
0.062211 0.061970
0.062194 0.067698
0.062222 0.067891
0.062241 0.059607
0.062224 0.059686
0.062206 0.060226
0.062191 0.061029
0.062190 0.068838
0.062214 0.063956
0.062238 0.059791
0.062227 0.061422
0.062216 0.057753
0.062208 0.069136
0.062203 0.067800
0.062231 0.059638
0.062238 0.059082
0.062228 0.059494
0.062224 0.061166
0.062206 0.069651
0.062235 0.063438
0.062258 0.059742
0.062247 0.059699
0.062234 0.061881
0.062223 0.061068
0.062218 0.061600
0.062249 0.072512
0.062254 0.069650
0.062244 0.061880
0.062233 0.062137
0.062232 0.059425
0.062227 0.059389
0.062224 0.065750
0.062266 0.066853
0.062297 0.059836
0.062295 0.058095
0.062294 0.058586
0.062283 0.060044
0.062271 0.067115
0.062285 0.065603
0.062303 0.059695
0.062293 0.059395
0.062277 0.058914
0.062262 0.060231
0.062253 0.065583
0.062272 0.062046
0.062286 0.060688
0.062275 0.060555
0.062264 0.058062
0.062251 0.067698
0.062243 0.066483
0.062256 0.059135
0.062255 0.060124
0.062249 0.055959
0.062242 0.065136
0.062226 0.066195
0.062247 0.060151
0.062264 0.060072
0.062251 0.059474
0.062243 0.058394
0.062219 0.062300
0.062230 0.063191
0.062245 0.058062
0.062237 0.057754
0.062229 0.057545
0.062218 0.057104
0.062204 0.065331
0.062204 0.062948
0.062208 0.057445
0.062192 0.057303
0.062175 0.058715
0.062157 0.057270
0.062138 0.064484
0.062150 0.062039
0.062153 0.057758
0.062136 0.056735
0.062117 0.056568
0.062105 0.057675
0.062086 0.065094
0.062095 0.061763
0.062095 0.056847
0.062079 0.057463
0.062059 0.056112
0.062038 0.056929
0.062022 0.063378
0.062034 0.060684
0.062033 0.055803
0.062013 0.055899
0.061997 0.055956
0.061975 0.057059
0.061956 0.064433
0.061962 0.059779
0.061957 0.057526
0.061934 0.057524
0.061912 0.055321
0.061890 0.064805
0.061873 0.065126
0.061882 0.058037
0.061875 0.058543
0.061859 0.055703
0.061843 0.066660
0.061819 0.062318
0.061830 0.058317
0.061842 0.058169
0.061828 0.058328
0.061817 0.057788
0.061795 0.067567
0.061812 0.062978
0.061814 0.058442
0.061801 0.056784
0.061788 0.057288
0.061776 0.058884
0.061762 0.065793
0.061783 0.062628
0.061787 0.058226
0.061775 0.057251
0.061757 0.055775
0.061742 0.055545
0.061732 0.066881
0.061746 0.063887
0.061749 0.057322
0.061737 0.057077
0.061721 0.057636
0.061700 0.055555
0.061679 0.066870
0.061697 0.063669
0.061704 0.056662
0.061689 0.055800
0.061673 0.056483
0.061659 0.056281
0.061638 0.066253
0.061656 0.063081
0.061663 0.055594
0.061646 0.055728
0.061626 0.056246
0.061608 0.057946
0.061590 0.065948
0.061606 0.064627
0.061611 0.057838
0.061590 0.057512
0.061570 0.056079
0.061552 0.056031
0.061540 0.064814
0.061555 0.058821
0.061565 0.057892
0.061553 0.058759
0.061539 0.054362
0.061521 0.063578
0.061502 0.063391
0.061513 0.058647
0.061504 0.057994
0.061492 0.057734
0.061483 0.057000
0.061459 0.060992
0.061466 0.061902
0.061472 0.057139
0.061463 0.056444
0.061451 0.056081
0.061439 0.056913
0.061424 0.062102
0.061423 0.061036
0.061425 0.057556
0.061410 0.057269
0.061394 0.057925
0.061376 0.057560
0.061362 0.061798
0.061364 0.057687
0.061363 0.056473
0.061351 0.057407
0.061337 0.053631
0.061326 0.063028
0.061314 0.064332
0.061315 0.057424
0.061303 0.058558
0.061288 0.058271
0.061275 0.058648
0.061250 0.064491
0.061256 0.062332
0.061266 0.058057
0.061253 0.058017
0.061245 0.056314
0.061235 0.057802
0.061227 0.060128
0.061237 0.060358
0.061241 0.053994
0.061231 0.054750
0.061220 0.056281
0.061205 0.056179
0.061194 0.055403
0.061190 0.059837
0.061188 0.052489
0.061165 0.054221
0.061144 0.056127
