0.000000 0.027947
0.000000 0.017606
0.000000 0.031855
0.000000 0.035646
0.000000 0.032669
0.000000 0.028996
0.000000 0.018715
0.027947 0.028875
0.017435 0.029019
0.025805 0.029384
0.027473 0.029557
0.033398 0.029873
0.797234 0.030213
0.032288 0.025612
0.031621 0.030110
0.018163 0.023134
0.030545 0.029852
0.030434 0.030001
0.030377 0.029826
0.030362 0.030098
0.029962 0.029735
0.029973 0.030417
0.029973 0.026013
0.029964 0.029926
0.019846 0.019018
0.029958 0.030322
0.029966 0.029850
0.029953 0.029945
0.029978 0.030211
0.029776 0.030052
0.029783 0.029808
0.029783 0.025830
0.029808 0.029933
0.019634 0.019002
0.029816 0.029732
0.029832 0.029631
0.029841 0.029739
0.029839 0.029892
0.029692 0.029875
0.029701 0.030260
0.029701 0.025555
0.029702 0.029934
0.019503 0.019180
0.029701 0.029891
0.029707 0.029652
0.029712 0.029984
0.029728 0.029724
0.029608 0.029739
0.029617 0.029990
0.029617 0.025382
0.029624 0.030041
0.019447 0.019183
0.029634 0.029919
0.029637 0.029940
0.029639 0.030061
0.029648 0.030167
0.029546 0.029809
0.029558 0.029852
0.029558 0.025661
0.029566 0.029938
0.019407 0.018728
0.029585 0.030067
0.029597 0.029879
0.029602 0.029919
0.029607 0.030094
0.029527 0.029962
0.029535 0.029770
0.029535 0.026048
0.029546 0.030058
0.019317 0.019098
0.029559 0.029877
0.029569 0.029688
0.029576 0.029921
0.029580 0.029885
0.029517 0.030021
0.029526 0.030052
0.029526 0.025653
0.029532 0.030125
0.019291 0.021147
0.029542 0.018062
0.029547 0.018271
0.029555 0.018074
0.029563 0.018019
0.029501 0.018487
0.029511 0.029833
0.029511 0.025477
0.029334 0.029742
0.019492 0.018867
0.028999 0.029678
0.028836 0.029930
0.028684 0.029875
0.028701 0.030052
0.028655 0.029454
0.028670 0.029807
0.028670 0.025748
0.028684 0.029893
0.019430 0.018792
0.028717 0.029883
0.028735 0.029744
0.028745 0.030026
0.028759 0.030089
0.028720 0.029888
0.028735 0.029527
0.028735 0.026153
0.028749 0.029937
0.019371 0.019452
0.028778 0.024155
0.028794 0.025378
0.028808 0.024089
0.019371 0.025674
0.019371 0.041852
0.028798 0.040769
0.028798 0.032152
0.028743 0.030861
0.019378 0.054293
0.028650 0.033865
0.019877 0.056714
0.021495 0.066366
0.028790 0.033920
0.056465 0.076194
0.031467 0.037810
0.030154 0.035889
0.044246 0.061749
0.075841 0.073225
0.056031 0.060823
0.079114 0.073001
0.032157 0.031372
0.071068 0.069042
0.032851 0.033653
0.033163 0.037609
0.073683 0.072840
0.037930 0.044070
0.031571 0.032644
0.031410 0.031882
0.056739 0.060362
0.031379 0.031150
0.042813 0.049262
0.066165 0.066692
0.037876 0.045490
0.032761 0.037483
0.033363 0.037175
0.076496 0.076613
0.039316 0.047634
0.033308 0.036441
0.033183 0.037027
0.064794 0.067746
0.033855 0.041452
0.033814 0.040994
0.054227 0.059420
0.031834 0.032009
0.066147 0.067925
0.038414 0.042934
0.032996 0.036200
0.032266 0.033472
0.060405 0.067011
0.039751 0.048753
0.032501 0.033512
0.033200 0.038764
0.049181 0.053912
0.040453 0.048924
0.033252 0.035703
0.032651 0.033756
0.034821 0.039378
0.043242 0.053427
0.033878 0.038455
0.099347 0.066368
0.051596 0.058365
0.045017 0.054463
0.035020 0.044362
0.035649 0.044972
0.054328 0.063672
0.043980 0.056538
0.034180 0.046327
0.035028 0.044949
0.043117 0.056020
0.035732 0.046221
0.046544 0.035911
0.052099 0.055582
0.035679 0.045796
0.037552 0.037233
0.036164 0.034459
0.047922 0.044628
0.043671 0.038638
0.050414 0.048593
0.045811 0.038581
0.051640 0.046809
0.043871 0.038822
0.036548 0.033184
0.052146 0.050648
0.039049 0.037482
0.032298 0.035348
0.036817 0.038343
0.032611 0.035839
0.035130 0.038630
0.033041 0.033439
0.035778 0.038266
0.032272 0.033995
0.033323 0.034766
0.042605 0.047920
0.034504 0.034762
0.040506 0.046610
0.041296 0.047048
0.033677 0.035674
0.040332 0.044923
0.031401 0.035429
0.038469 0.043241
0.037569 0.042726
0.034086 0.037256
0.037433 0.043209
0.038416 0.044915
0.034394 0.037720
0.040834 0.046056
0.036632 0.042728
0.037080 0.041669
0.033105 0.037317
0.040890 0.043644
0.036560 0.038672
0.036978 0.042572
0.027965 0.034776
0.050631 0.039930
0.055535 0.050751
0.049947 0.046144
0.045588 0.053599
0.050840 0.054948
0.040539 0.044699
0.057366 0.056129
0.041429 0.054584
0.037532 0.047736
0.049709 0.055129
0.048295 0.055487
0.038523 0.045114
0.037082 0.048746
0.047589 0.046078
0.048591 0.053449
0.040692 0.043732
0.046555 0.054881
0.049629 0.055207
0.049137 0.047821
0.051985 0.058234
0.046121 0.050835
0.048979 0.043435
0.049184 0.057774
0.043681 0.052102
0.039315 0.044885
0.050757 0.047858
0.067069 0.059630
0.052274 0.056771
0.053697 0.056482
0.052992 0.048140
0.044161 0.049632
0.058829 0.053964
0.065956 0.060419
0.045523 0.050350
0.048868 0.054709
0.021011 0.020051
0.031655 0.014941
0.066804 0.053227
0.060909 0.051491
0.031672 0.022014
0.022543 0.020864
0.031829 0.016907
0.027313 0.024272
0.037934 0.030753
0.039062 0.036715
0.044733 0.045288
0.041092 0.047663
0.047757 0.054209
0.032375 0.043327
0.036666 0.039971
0.033624 0.034291
0.033920 0.035671
0.039139 0.032525
0.036810 0.032810
0.034041 0.035192
0.039069 0.034911
0.038231 0.044154
0.037350 0.040553
0.037914 0.039778
0.040422 0.049472
0.041516 0.045172
0.036495 0.037863
0.035828 0.037538
0.037100 0.049900
0.040468 0.045586
0.035280 0.037003
0.035426 0.038019
0.037561 0.048336
0.040473 0.045555
0.036017 0.039342
0.036313 0.038568
0.036713 0.044726
0.040575 0.044494
0.035827 0.036956
0.035940 0.038218
0.029168 0.035778
0.203139 0.109823
0.115350 0.088291
0.056285 0.061833
0.040446 0.047747
0.039436 0.043628
0.038401 0.042456
0.038745 0.042560
0.080472 0.083356
0.041541 0.053880
0.035785 0.034473
0.035890 0.038973
0.081804 0.085042
0.042027 0.054542
0.035576 0.034016
0.036634 0.040204
0.082138 0.085507
0.041965 0.052935
0.035797 0.034342
0.037164 0.039145
0.076331 0.078507
0.042208 0.053589
0.035755 0.033326
0.036636 0.040823
0.076316 0.078638
0.042871 0.053095
0.036136 0.035026
0.037096 0.039266
0.073648 0.078939
0.043448 0.057021
0.036354 0.035532
0.037456 0.042265
0.061727 0.068765
0.043374 0.052633
0.036038 0.033388
0.036786 0.037592
0.050064 0.035688
0.051673 0.054790
0.036664 0.035646
0.040065 0.039945
0.044100 0.044499
0.038906 0.043234
0.035718 0.038718
0.036213 0.039509
0.043980 0.047618
0.038965 0.045838
0.035913 0.039503
0.035749 0.039528
0.046133 0.048426
0.038930 0.044900
0.035823 0.039467
0.035585 0.037615
0.043100 0.048138
0.038412 0.043899
0.035482 0.036979
0.035726 0.039361
0.043795 0.045724
0.038511 0.044512
0.035543 0.038665
0.035757 0.039572
0.043888 0.045285
0.039170 0.045653
0.035865 0.039493
0.036156 0.040420
0.041369 0.042190
0.036787 0.040476
0.055788 0.040185
0.036444 0.033107
0.039178 0.040141
0.045448 0.050066
0.035510 0.039269
0.045715 0.049346
0.035262 0.038986
0.044445 0.047838
0.035326 0.039730
0.042930 0.046094
0.035616 0.041036
0.047314 0.033833
0.041637 0.038996
0.036908 0.031924
0.040772 0.036366
0.037067 0.034910
0.039883 0.035910
0.037705 0.035647
0.043387 0.030206
0.042299 0.034620
0.039766 0.039540
0.041441 0.034094
0.039751 0.042908
0.041848 0.034567
0.039400 0.042276
0.042375 0.035583
0.039482 0.043187
0.041809 0.035065
0.038643 0.040318
0.041932 0.035747
0.038885 0.041250
0.040897 0.036751
0.040552 0.035234
0.041514 0.034488
0.038591 0.039206
0.041573 0.037342
0.038010 0.043500
0.042843 0.037202
0.041451 0.045710
0.038041 0.044640
0.038009 0.044883
0.043894 0.038685
0.043604 0.046938
0.039462 0.044074
0.039666 0.043851
0.037328 0.035572
0.044261 0.045491
0.039191 0.042905
0.041222 0.044253
0.070059 0.051678
0.061215 0.059709
0.074997 0.071567
0.069860 0.072522
0.076557 0.078125
0.089404 0.084876
0.036993 0.037377
0.078038 0.079169
0.039589 0.039686
0.036351 0.041341
0.036138 0.037069
0.056705 0.065955
0.042787 0.049762
0.037115 0.042293
0.037201 0.044885
0.036398 0.036111
0.036068 0.039528
0.045850 0.034873
0.044331 0.039661
0.035736 0.028843
0.036319 0.027804
0.037681 0.039652
0.037582 0.038600
0.040853 0.042891
0.042097 0.044680
0.037434 0.039476
0.037629 0.041159
0.041985 0.044403
0.042892 0.046983
0.037773 0.039972
0.037772 0.040834
0.041599 0.044457
0.043502 0.046839
0.037567 0.040526
0.038570 0.042495
0.042033 0.044827
0.043631 0.047529
0.038151 0.040637
0.038730 0.041493
0.041468 0.043216
0.044220 0.048088
0.039153 0.042059
0.039038 0.042090
0.040838 0.040072
0.045501 0.047334
0.039336 0.042741
0.040954 0.044012
0.038748 0.039252
0.041703 0.043443
0.038394 0.038347
0.041026 0.041643
0.039553 0.038809
0.044269 0.043849
0.041124 0.041578
0.040240 0.041433
0.038846 0.031357
0.044147 0.039647
0.038641 0.040049
0.035983 0.033526
0.041185 0.038316
0.035324 0.032753
0.040974 0.041816
0.040074 0.034125
0.037588 0.034445
0.039968 0.033303
0.037026 0.032000
0.040424 0.032811
0.038461 0.032590
0.040124 0.031632
0.037465 0.032500
0.040399 0.033051
0.038891 0.033618
0.052770 0.037980
0.049235 0.048275
0.053472 0.039316
0.047876 0.055723
0.051983 0.048847
0.049883 0.043894
0.047342 0.055217
0.047756 0.038596
0.049702 0.055136
0.047800 0.057018
0.051503 0.040823
0.047581 0.055797
0.044409 0.032175
0.040464 0.035837
0.046079 0.046536
0.037707 0.036203
0.042709 0.041751
0.041103 0.042298
0.035845 0.037873
0.037216 0.038276
0.041348 0.041766
0.037862 0.037628
0.043293 0.040559
0.041225 0.045533
0.035908 0.038926
0.037789 0.037625
0.042318 0.041925
0.038268 0.038164
0.042777 0.042533
0.041222 0.044209
0.035472 0.039145
0.037803 0.039541
0.043607 0.043883
0.040708 0.046569
0.035679 0.039693
0.037283 0.037489
0.040839 0.040999
0.037561 0.039238
0.040343 0.038623
0.037347 0.038293
0.062381 0.042414
0.045682 0.043262
0.044932 0.047591
0.042550 0.041072
0.038315 0.043965
0.047204 0.053477
0.043368 0.052120
0.039983 0.042031
0.038082 0.042337
0.046667 0.054245
0.043999 0.054801
0.040198 0.042924
0.038743 0.046330
0.047872 0.053141
0.045198 0.056062
0.040906 0.046120
0.038929 0.046813
0.048692 0.048216
0.045969 0.057784
0.040565 0.046331
0.038210 0.046289
0.043166 0.047018
0.037520 0.043248
0.037109 0.040345
0.031578 0.052589
0.053140 0.053140
0.051453 0.061405
0.047946 0.059233
0.046190 0.059053
0.053139 0.057469
0.051480 0.063388
0.047519 0.058793
0.046137 0.059267
0.051097 0.058046
0.046279 0.059004
0.054806 0.059096
0.051676 0.064327
0.047936 0.059158
0.046191 0.058884
0.052947 0.057981
0.050818 0.063259
0.047308 0.058082
0.045211 0.058143
0.050963 0.040841
0.053451 0.058810
0.046957 0.056365
0.047334 0.051345
0.043997 0.038749
0.045247 0.037169
0.049873 0.056493
0.048984 0.045848
0.040106 0.039119
0.052514 0.045553
0.050900 0.044071
0.047680 0.039572
0.051459 0.053437
0.046115 0.053631
0.049056 0.049818
0.054094 0.047175
0.050812 0.049459
0.054975 0.039694
0.055670 0.043206
0.050045 0.039013
0.055397 0.051174
0.054877 0.043270
0.049571 0.045542
0.045363 0.035256
0.045847 0.043446
0.047423 0.036103
0.048633 0.045489
0.048056 0.037527
0.042720 0.039225
0.045618 0.036000
0.039382 0.031753
0.041616 0.035548
0.038548 0.039636
0.036268 0.037329
0.042932 0.041340
0.034721 0.038397
0.037361 0.037341
0.044004 0.043731
0.043708 0.045472
0.038994 0.039867
0.043027 0.042207
0.035220 0.036975
0.041609 0.040464
0.037307 0.038242
0.044809 0.046997
0.040781 0.040200
0.040681 0.040991
0.037178 0.041196
0.039555 0.036808
0.034809 0.038462
0.039989 0.039134
0.033922 0.039032
0.039927 0.039136
0.039659 0.030395
0.035357 0.037600
0.038926 0.038838
0.036149 0.037754
0.038717 0.040910
0.033655 0.037184
0.038713 0.034380
0.041234 0.047081
0.040824 0.044677
0.038384 0.038147
0.039170 0.041419
0.041646 0.036877
0.044239 0.046416
0.038711 0.038949
0.038268 0.037331
0.042688 0.040969
0.042501 0.044542
0.037905 0.035172
0.037497 0.033878
0.042250 0.044281
0.041061 0.042305
0.037522 0.033124
0.037092 0.032644
0.041825 0.044596
0.039617 0.037691
0.037131 0.031921
0.037037 0.032210
0.041223 0.045443
0.038993 0.037511
0.036812 0.030676
0.036733 0.031897
0.038155 0.043202
0.038757 0.036792
0.036467 0.029227
0.036480 0.030613
0.026045 0.021367
0.035077 0.015198
0.038306 0.026940
0.035047 0.014999
0.035038 0.026289
0.035002 0.026053
0.028537 0.023225
0.035481 0.019068
0.034906 0.019311
0.030211 0.025725
0.031006 0.026975
0.033589 0.029360
0.035089 0.032178
0.035629 0.037368
0.040041 0.037332
0.044861 0.044036
0.047271 0.053094
0.045076 0.050448
0.043664 0.045862
0.042586 0.049386
0.041564 0.045502
0.046499 0.048789
0.039932 0.042496
0.041555 0.046881
0.039793 0.045887
0.040505 0.042560
0.040678 0.045149
0.046561 0.052089
0.040609 0.041244
0.039817 0.041291
0.037691 0.042731
0.039712 0.040773
0.038285 0.045299
0.040207 0.042539
0.040034 0.047225
0.039939 0.042405
0.038330 0.044257
0.043837 0.047493
0.039107 0.038745
0.038989 0.039741
0.035323 0.042771
0.039307 0.039789
0.091719 0.057619
0.062186 0.053847
0.050039 0.045955
0.044341 0.047921
0.060515 0.059085
0.044837 0.050728
0.044551 0.048091
0.076234 0.068313
0.049791 0.056971
0.043877 0.050548
0.043862 0.045291
0.065718 0.065309
0.049137 0.054221
0.042987 0.049981
0.043338 0.047317
0.063542 0.064303
0.049002 0.055803
0.043413 0.046772
0.043719 0.049218
0.064798 0.065075
0.048909 0.054732
0.043368 0.048188
0.043562 0.048117
0.062781 0.063660
0.048824 0.053990
0.043865 0.049161
0.043709 0.047144
0.054148 0.055736
0.049240 0.053819
0.043513 0.046834
0.043600 0.048800
0.078379 0.054873
0.047661 0.045008
0.047753 0.042669
0.040302 0.035216
0.037893 0.037116
0.037536 0.037416
0.044848 0.053904
0.037726 0.033445
0.044826 0.053728
0.037696 0.032651
0.046010 0.056864
0.037721 0.031014
0.043270 0.051914
0.037619 0.031849
0.052457 0.061628
0.040240 0.044592
0.037786 0.036543
0.037743 0.035535
0.046801 0.056654
0.037730 0.032098
0.044289 0.053880
0.037702 0.031040
0.043249 0.052889
0.037762 0.035277
0.046849 0.056209
0.037805 0.035953
0.049587 0.057454
0.038401 0.041510
0.036368 0.037194
0.036240 0.037014
0.043646 0.046424
0.038301 0.043970
0.036106 0.037570
0.036232 0.037898
0.045008 0.032030
0.039834 0.036751
0.036412 0.035939
0.038446 0.033103
0.043775 0.042490
0.037873 0.040927
0.038419 0.041564
0.044404 0.044121
0.040200 0.046769
0.037536 0.039109
0.037521 0.039693
0.044265 0.045342
0.039448 0.044784
0.037143 0.037863
0.036680 0.036774
0.044464 0.044406
0.036814 0.035921
0.043547 0.043449
0.040654 0.044220
0.037200 0.036320
0.038256 0.041070
0.044093 0.043642
0.041001 0.047589
0.037939 0.040440
0.037195 0.038143
0.046259 0.033331
0.044846 0.044506
0.037859 0.032377
0.038708 0.041561
0.044990 0.041056
0.042062 0.049258
0.039133 0.042249
0.039070 0.043399
0.042691 0.043754
0.037925 0.039394
0.040460 0.038041
0.051180 0.036986
0.045554 0.043024
0.040932 0.045582
0.038402 0.039239
0.038251 0.042116
0.044278 0.047071
0.040460 0.045480
0.037526 0.039315
0.037932 0.037954
0.045331 0.042790
0.040789 0.046851
0.039485 0.043263
0.038532 0.042103
0.044020 0.043351
0.045061 0.052976
0.038841 0.042700
0.038865 0.044920
0.044792 0.046803
0.038803 0.042976
0.042505 0.044618
0.037767 0.037297
0.043512 0.045326
0.041181 0.046277
0.038163 0.040084
0.038253 0.040079
0.049243 0.035287
0.041985 0.043477
0.038748 0.044516
0.038486 0.042368
0.045202 0.044973
0.047420 0.044194
0.041338 0.047275
0.041887 0.049926
0.045561 0.042159
0.044399 0.051701
0.040250 0.045809
0.040310 0.045647
0.044091 0.039175
0.043540 0.050000
0.039551 0.044697
0.040593 0.047708
0.044166 0.039134
0.039702 0.044354
0.044571 0.036925
0.042068 0.046938
0.038857 0.042937
0.038724 0.042124
0.043620 0.039722
0.040039 0.045320
0.044054 0.035748
0.045130 0.049776
0.040667 0.043889
0.040422 0.046542
0.045021 0.035427
0.045644 0.048272
0.040673 0.039866
0.041232 0.046145
0.042806 0.046449
0.044883 0.049164
0.040268 0.041740
0.039322 0.041586
0.038665 0.045907
0.039827 0.042498
0.041006 0.044572
0.043697 0.049143
0.041301 0.046262
0.042274 0.050760
0.041539 0.049185
0.044448 0.052020
0.042252 0.046535
0.041128 0.045020
0.041109 0.048731
0.044551 0.051420
0.040545 0.042889
0.040372 0.046222
0.039836 0.048325
0.042860 0.051768
0.040784 0.046029
0.083703 0.058325
0.038191 0.043885
0.037963 0.038693
0.039514 0.048587
0.038181 0.039334
0.039520 0.048957
0.038348 0.040741
0.044137 0.048204
0.037236 0.037235
0.044242 0.049610
0.037494 0.039809
0.044608 0.050605
0.037466 0.037662
0.043823 0.047542
0.037392 0.037777
0.043797 0.047121
0.037279 0.040323
0.046381 0.051520
0.039575 0.044485
0.037625 0.041319
0.037535 0.041539
0.044641 0.052273
0.039687 0.047700
0.037548 0.042058
0.037657 0.042801
0.039952 0.038899
0.037855 0.042273
0.057803 0.043862
0.042828 0.045890
0.039740 0.043539
0.037660 0.040647
0.037644 0.041933
0.042936 0.049458
0.039598 0.043148
0.037749 0.039237
0.037633 0.038713
0.041789 0.047626
0.039041 0.042508
0.037628 0.037248
0.037559 0.037351
0.041401 0.048361
0.038983 0.045066
0.037571 0.037746
0.037642 0.037722
0.039582 0.037158
0.039510 0.040383
0.037670 0.036137
0.037719 0.034577
0.058172 0.039614
0.041721 0.037995
0.038384 0.034609
0.037195 0.031008
0.037106 0.031353
0.041667 0.042187
0.038140 0.036448
0.036595 0.031876
0.037854 0.031603
0.041355 0.041216
0.039064 0.036955
0.036505 0.031720
0.037811 0.030510
0.041744 0.042859
0.039303 0.039058
0.036577 0.031564
0.037891 0.034426
0.040742 0.039417
0.038960 0.036340
0.036494 0.032450
0.037760 0.032003
0.040124 0.038749
0.039074 0.038444
0.036507 0.031858
0.037815 0.032932
0.047750 0.034294
0.038823 0.029762
0.036534 0.031807
0.043717 0.042096
0.046567 0.044260
0.041827 0.044703
0.040359 0.046197
0.045074 0.046625
0.043646 0.052488
0.041044 0.043897
0.039616 0.043606
0.047122 0.049374
0.044073 0.054057
0.040979 0.044745
0.039142 0.044458
0.045468 0.049675
0.049341 0.057121
0.042611 0.051751
0.043177 0.051306
0.042718 0.046023
0.040065 0.044636
0.038528 0.040525
0.045745 0.031407
0.038280 0.026711
0.038735 0.032335
0.040576 0.041292
0.039385 0.041871
0.039057 0.036408
0.037757 0.035691
0.039380 0.039686
0.040778 0.045655
0.039352 0.037666
0.038902 0.042112
0.038338 0.035928
0.040928 0.045284
0.039842 0.040092
0.038871 0.042062
0.037721 0.032154
0.039950 0.041304
0.040686 0.042397
0.040643 0.032553
0.040822 0.041003
0.045587 0.031920
0.041247 0.039167
0.041023 0.044244
0.041414 0.038271
0.041061 0.043649
0.040666 0.040185
0.039937 0.041454
0.041071 0.040344
0.039502 0.039808
0.041102 0.040352
0.042127 0.046829
0.040705 0.040561
0.039651 0.042041
0.040395 0.030317
0.041090 0.030440
0.041367 0.040285
0.040137 0.032717
0.036803 0.030904
0.040425 0.031106
0.039077 0.031497
0.040495 0.040700
0.037705 0.033431
0.041885 0.032395
0.041312 0.039767
0.041726 0.031868
0.041267 0.038230
0.042514 0.029089
0.036502 0.026890
0.042135 0.028397
0.037521 0.028183
0.041641 0.027898
0.037662 0.029998
0.040080 0.026844
0.036378 0.027138
0.035295 0.018308
0.036488 0.014911
0.035096 0.015051
0.036459 0.014992
0.035033 0.026531
0.036434 0.026124
0.035823 0.019578
0.036446 0.017409
0.038937 0.026540
0.038363 0.029336
0.041308 0.031166
0.037786 0.032821
0.043434 0.037783
0.038973 0.040328
0.051322 0.039841
0.043239 0.053225
0.038639 0.044486
0.037203 0.041911
0.044044 0.046953
0.038187 0.038949
0.036111 0.031844
0.036281 0.036757
0.043706 0.048491
0.038194 0.042199
0.036245 0.037498
0.036435 0.036228
0.044517 0.047723
0.038543 0.042370
0.036390 0.037191
0.036520 0.036671
0.041136 0.042021
0.036263 0.033799
0.040715 0.037708
0.038964 0.041228
0.036180 0.035164
0.036369 0.036465
0.051578 0.037970
0.042026 0.040699
0.038269 0.037887
0.036328 0.033096
0.036210 0.032890
0.041742 0.043207
0.038102 0.038734
0.036278 0.032458
0.036298 0.032306
0.041875 0.044016
0.038098 0.038969
0.036137 0.032533
0.036209 0.033115
0.042706 0.044646
0.038461 0.039675
0.036300 0.033136
0.036470 0.033767
0.043511 0.046253
0.038165 0.039159
0.036356 0.033374
0.036106 0.032243
0.041061 0.042594
0.037838 0.036607
0.036056 0.031036
0.036397 0.033991
0.042511 0.044634
0.038426 0.039999
0.036463 0.033706
0.036225 0.033277
0.041263 0.041602
0.036205 0.032087
0.041853 0.043743
0.038256 0.038622
0.036261 0.032831
0.036197 0.032380
0.039414 0.026963
0.039155 0.034575
0.036232 0.032464
0.036138 0.026244
0.038722 0.027827
0.039029 0.028161
0.047147 0.034968
0.044032 0.044479
0.039470 0.037797
0.038592 0.040762
0.045339 0.045611
0.038653 0.041435
0.045845 0.044909
0.042119 0.046426
0.039318 0.044410
0.038982 0.043644
0.043096 0.041366
0.038771 0.040252
0.042537 0.041383
0.038592 0.040966
0.039308 0.027301
0.043038 0.040672
0.037969 0.040033
0.038652 0.033754
0.038606 0.027650
0.038989 0.029355
0.045109 0.032749
0.037632 0.032038
0.042179 0.041842
0.038533 0.042258
0.036377 0.035796
0.036353 0.038132
0.041869 0.044429
0.038416 0.044543
0.036386 0.040200
0.036430 0.040262
0.041352 0.044440
0.038285 0.044949
0.036611 0.041259
0.036428 0.038609
0.039925 0.043653
0.036556 0.040514
0.039233 0.028629
0.037464 0.034893
0.038538 0.030623
0.046403 0.038603
0.043178 0.045831
0.038758 0.046176
0.037614 0.042992
0.037270 0.042509
0.042363 0.048480
0.038529 0.047663
0.037282 0.041570
0.037330 0.044182
0.040708 0.044865
0.037351 0.042971
0.047518 0.036045
0.041896 0.043925
0.037496 0.044835
0.037682 0.043671
0.038460 0.040546
0.051577 0.039013
0.039313 0.039827
0.036584 0.040056
0.039724 0.039271
0.036845 0.039620
0.038649 0.038349
0.036736 0.036896
0.041132 0.043508
0.038556 0.045100
0.037205 0.041743
0.037110 0.042096
0.040280 0.040875
0.037198 0.041193
0.039718 0.039122
0.037224 0.042282
0.042174 0.038692
0.040168 0.038831
0.040923 0.034131
0.040723 0.047431
0.038215 0.043273
0.040018 0.048645
0.039865 0.036416
0.039689 0.031547
0.040717 0.048868
0.040146 0.031294
0.040118 0.048677
0.040434 0.031655
0.039829 0.046681
0.041923 0.031587
0.039867 0.037122
0.041870 0.037673
0.037615 0.039653
0.038953 0.049215
0.041028 0.041541
0.037307 0.042648
0.041208 0.042535
0.036773 0.040346
0.039690 0.040736
0.036435 0.038636
0.042918 0.033487
0.038381 0.038633
0.036553 0.041165
0.036780 0.032001
0.040143 0.040110
0.037282 0.037729
0.040847 0.040230
0.038793 0.042834
0.037097 0.038361
0.037056 0.038834
0.039672 0.039250
0.038075 0.042486
0.036764 0.038527
0.036487 0.037820
0.059958 0.046969
0.047059 0.049042
0.040567 0.047646
0.038107 0.043903
0.037084 0.042169
0.041999 0.045286
0.036746 0.039341
0.044019 0.050636
0.039307 0.045469
0.036840 0.041296
0.036815 0.042093
0.043074 0.049215
0.039896 0.050429
0.037088 0.042064
0.037159 0.042094
0.044689 0.053094
0.040038 0.051654
0.037138 0.042786
0.037167 0.042027
0.044485 0.051085
0.040152 0.048137
0.037320 0.041492
0.037214 0.042619
0.041157 0.044072
0.037523 0.042134
0.043367 0.048106
0.039187 0.045205
0.037707 0.041580
0.038226 0.042428
0.042696 0.033221
0.041696 0.045254
0.037612 0.044524
0.039337 0.039285
0.041916 0.042036
0.039691 0.046870
0.038121 0.042976
0.038072 0.043392
0.042230 0.043889
0.039529 0.046461
0.037992 0.042659
0.037849 0.040888
0.041087 0.040557
0.037830 0.040770
0.042619 0.043804
0.039311 0.044947
0.037765 0.040015
0.037745 0.041611
0.042008 0.045061
0.039099 0.044112
0.037757 0.042273
0.037452 0.040962
0.042192 0.046892
0.039410 0.047001
0.037736 0.040526
0.037720 0.040091
0.040842 0.041572
0.037790 0.040756
0.042175 0.043197
0.039631 0.044870
0.038208 0.042356
0.037891 0.038235
0.041176 0.041922
0.039831 0.045836
0.037750 0.038268
0.037943 0.042559
0.082768 0.064910
0.041134 0.042635
0.036913 0.032710
0.036345 0.038177
0.036447 0.038441
0.042266 0.049903
0.037096 0.037272
0.036146 0.036721
0.037484 0.035093
0.041437 0.047203
0.038217 0.037730
0.036177 0.038302
0.037575 0.035695
0.040933 0.045746
0.038236 0.036771
0.036193 0.038520
0.037546 0.032527
0.038767 0.038122
0.037182 0.037085
0.036712 0.035851
0.036781 0.035839
0.037077 0.029062
0.038064 0.040875
0.036795 0.038375
0.036952 0.037924
0.050298 0.039112
0.042175 0.043193
0.039104 0.043052
0.037501 0.040646
0.037869 0.039862
0.042194 0.044278
0.039663 0.045643
0.037880 0.041390
0.039243 0.041019
0.043693 0.045156
0.040878 0.045216
0.037504 0.040307
0.038866 0.040311
0.043174 0.047402
0.040809 0.044100
0.037486 0.039573
0.038430 0.037886
0.043302 0.047148
0.040928 0.045645
0.037564 0.038894
0.038783 0.040001
0.041152 0.041901
0.038516 0.037298
0.041112 0.040366
0.038418 0.038176
0.041010 0.041630
0.038553 0.038751
0.039986 0.036106
0.038580 0.040144
0.049249 0.051949
0.040979 0.045314
0.038375 0.043890
0.047558 0.056115
0.043464 0.056001
0.039087 0.043864
0.039290 0.047710
0.045784 0.053631
0.040126 0.045668
0.046107 0.053457
0.039715 0.041136
0.043797 0.047958
0.039643 0.041887
0.045209 0.051543
0.039642 0.042953
0.042992 0.045681
0.042229 0.048751
0.038239 0.041650
0.055268 0.040282
0.045787 0.044078
0.042358 0.046897
0.038774 0.042687
0.040284 0.043757
0.043792 0.043472
0.040475 0.043552
0.046348 0.044023
0.042873 0.048872
0.039404 0.044682
0.040462 0.045492
0.045946 0.046239
0.042838 0.048648
0.038931 0.043163
0.040170 0.044102
0.043488 0.044536
0.040198 0.043601
0.043263 0.043009
0.042720 0.047833
0.039039 0.041923
0.040239 0.044537
0.045903 0.034027
0.041546 0.042788
0.040398 0.041425
0.040677 0.040560
0.040706 0.044147
0.041533 0.042137
0.040408 0.043847
0.042075 0.041763
0.044179 0.048463
0.042621 0.044895
0.039804 0.042755
0.040348 0.041633
0.039905 0.043789
0.046890 0.038526
0.044236 0.044018
0.041536 0.042663
0.044851 0.044124
0.049054 0.048538
0.043069 0.052493
0.044473 0.052534
0.050023 0.049219
0.046315 0.053607
0.041743 0.048521
0.042433 0.048688
0.048046 0.050223
0.045434 0.053719
0.040786 0.047654
0.041415 0.047073
0.050770 0.039670
0.044997 0.045334
0.040532 0.044701
0.044896 0.043413
0.045357 0.050954
0.043211 0.047260
0.041326 0.046609
0.043347 0.044972
0.041012 0.045855
0.044472 0.044386
0.044574 0.048691
0.042305 0.044333
0.041342 0.044193
0.044422 0.045184
0.044084 0.049889
0.041929 0.042960
0.040911 0.044374
0.044188 0.044694
0.044866 0.051139
0.042427 0.045123
0.041054 0.045148
0.043121 0.045439
0.041309 0.045325
0.044861 0.046059
0.043684 0.050592
0.042235 0.045041
0.040413 0.043517
0.043105 0.046613
0.040989 0.044763
0.044615 0.044516
0.044234 0.048191
0.042143 0.044143
0.041807 0.046227
0.046268 0.046586
0.044412 0.050392
0.043044 0.045244
0.040802 0.044439
0.044259 0.048025
0.043640 0.049140
0.041570 0.043143
0.040124 0.042242
0.039160 0.041889
0.081448 0.072058
0.052489 0.058429
0.042511 0.047772
0.040486 0.043995
0.038941 0.042648
0.051315 0.061823
0.042695 0.052056
0.040658 0.043458
0.039083 0.042430
0.050633 0.060525
0.042211 0.050219
0.040662 0.042536
0.039167 0.043227
0.050375 0.061983
0.042093 0.049317
0.040530 0.042443
0.039101 0.043536
0.048941 0.056822
0.042473 0.048821
0.040507 0.041452
0.039513 0.043937
0.047509 0.055173
0.042936 0.051688
0.041133 0.044072
0.039371 0.042667
0.041112 0.044821
0.042958 0.051441
0.040834 0.041955
0.053431 0.039689
0.044914 0.047424
0.044047 0.048297
0.042404 0.044771
0.040545 0.043814
0.044686 0.048818
0.043145 0.048803
0.041372 0.043370
0.039883 0.042476
0.043256 0.047749
0.039625 0.041680
0.044315 0.051627
0.042754 0.046645
0.040979 0.040928
0.039206 0.040348
0.044594 0.051737
0.041330 0.044321
0.040771 0.041458
0.039005 0.038072
0.043935 0.050454
0.041437 0.045184
0.040457 0.040114
0.039051 0.039346
0.045227 0.053503
0.041048 0.042895
0.040403 0.040947
0.038822 0.037964
0.043736 0.051206
0.040467 0.042292
0.040025 0.038359
0.038668 0.038067
0.043312 0.050068
0.040697 0.042355
0.039986 0.037444
0.038774 0.038251
0.042875 0.050206
0.041011 0.043826
0.039921 0.037972
0.038805 0.038616
0.042472 0.048903
0.040446 0.041347
0.039989 0.037935
0.038605 0.037284
0.041061 0.045308
0.038542 0.035791
0.042128 0.048725
0.041081 0.044181
0.039900 0.038341
0.038838 0.037851
0.039171 0.027477
0.041682 0.038340
0.040161 0.037976
0.039303 0.031198
0.038681 0.028985
0.040783 0.028457
0.038255 0.027002
0.043940 0.029268
0.040315 0.037018
0.043928 0.037433
0.042572 0.041581
0.045082 0.038303
0.042322 0.042252
0.041489 0.043710
0.041947 0.034523
0.043056 0.046090
0.042125 0.043936
0.040402 0.040235
0.040668 0.038304
0.040128 0.039837
0.040961 0.039733
0.040457 0.040702
0.041594 0.040822
0.040970 0.042475
0.038305 0.027017
0.041312 0.036585
0.037644 0.027571
0.040698 0.028787
0.050757 0.039749
0.048461 0.047015
0.046917 0.048797
0.040689 0.043361
0.043314 0.047669
0.049515 0.052213
0.042295 0.046750
0.048236 0.049655
0.044597 0.049794
0.040996 0.047609
0.042438 0.047857
0.041054 0.044643
0.038452 0.027170
0.042383 0.040658
0.042094 0.045228
0.040910 0.028869
0.042032 0.030339
0.041914 0.036918
0.041786 0.032425
0.040951 0.038675
0.042122 0.040811
0.045578 0.034843
0.043240 0.040069
0.040220 0.040887
0.040937 0.032055
0.043292 0.042807
0.043539 0.043636
0.043763 0.032250
0.042454 0.040098
0.043770 0.031403
0.043378 0.038743
0.040576 0.039837
0.039397 0.036701
0.043655 0.036173
0.042836 0.041987
0.046255 0.032343
0.038272 0.036471
0.038648 0.035135
0.038933 0.038378
0.038941 0.037787
0.040052 0.040365
0.038970 0.035960
0.041024 0.042033
0.041209 0.042169
0.040105 0.038072
0.037944 0.035470
0.038387 0.040419
0.039538 0.041368
0.039367 0.035644
0.037984 0.036698
0.048258 0.037367
0.043576 0.042684
0.042923 0.039903
0.040301 0.041207
0.044157 0.049561
0.039967 0.043109
0.041858 0.045051
0.047362 0.051349
0.043883 0.048978
0.039511 0.041365
0.040868 0.041802
0.043737 0.045112
0.043344 0.049585
0.039646 0.043053
0.063928 0.046322
0.043573 0.040359
0.039771 0.037473
0.044953 0.046150
0.041889 0.041133
0.038404 0.035407
0.039896 0.038616
0.042784 0.043940
0.041871 0.042897
0.038611 0.036557
0.039945 0.037323
0.044225 0.030536
0.041934 0.035670
0.038645 0.037941
0.040385 0.030809
0.043529 0.039144
0.040786 0.044332
0.038933 0.036611
0.039497 0.041501
0.038934 0.036840
0.039169 0.040846
0.038717 0.036979
0.038809 0.039992
0.038273 0.034233
0.036521 0.032284
0.049805 0.036847
0.042698 0.044040
0.042260 0.046864
0.040476 0.039342
0.039698 0.041425
0.043228 0.045531
0.042256 0.047490
0.041083 0.041058
0.039281 0.040670
0.043338 0.032942
0.043767 0.044168
0.040615 0.039878
0.039712 0.033443
0.043141 0.042125
0.040377 0.042026
0.039426 0.035571
0.038171 0.036274
0.041710 0.044692
0.040453 0.040736
0.039093 0.032749
0.037898 0.033838
0.041085 0.029371
0.039725 0.034089
0.039355 0.034755
0.039347 0.030247
0.040461 0.039152
0.038146 0.036348
0.040141 0.036434
0.044181 0.043310
0.040759 0.038054
0.037650 0.032742
0.038743 0.032435
0.042684 0.040869
0.040519 0.038108
0.037392 0.032180
0.038810 0.031698
0.043513 0.041747
0.040704 0.038726
0.037392 0.032486
0.038485 0.030577
0.042729 0.040050
0.040131 0.036195
0.037121 0.031215
0.038382 0.032077
0.042168 0.039550
0.039925 0.036497
0.037096 0.031313
0.038378 0.031336
0.038910 0.033125
0.039919 0.036370
0.037022 0.031116
0.038394 0.031766
0.049014 0.047671
0.040310 0.042006
0.039557 0.040278
0.038387 0.036268
0.037063 0.034547
0.039508 0.044204
0.039042 0.040710
0.038267 0.034038
0.037034 0.033660
0.039629 0.045740
0.038902 0.040961
0.038479 0.034764
0.037178 0.037266
0.039523 0.047383
0.038870 0.042299
0.038340 0.036191
0.036983 0.036196
0.039271 0.047274
0.038899 0.042670
0.038258 0.035086
0.037042 0.036446
0.039160 0.046234
0.038870 0.042352
0.038348 0.035530
0.037089 0.038266
0.039316 0.046456
0.038769 0.041801
0.038347 0.036626
0.037018 0.036638
0.038853 0.044467
0.038795 0.043103
0.038372 0.036323
0.037189 0.037471
0.036294 0.037317
0.038581 0.043784
0.038308 0.037856
0.036097 0.020669
0.037263 0.016726
0.035977 0.017717
0.037247 0.018077
0.035974 0.025936
0.035495 0.026181
0.036927 0.024835
0.036856 0.028918
0.042321 0.036252
0.040937 0.038989
0.037526 0.035208
0.043108 0.047721
0.037522 0.044721
0.042608 0.051075
0.038678 0.041402
0.038355 0.036223
0.036889 0.038219
0.040689 0.049702
0.038272 0.041375
0.038438 0.038952
0.036979 0.036534
0.040037 0.049156
0.038364 0.041806
0.038008 0.035053
0.036764 0.035418
0.038228 0.045115
0.036647 0.033911
0.039110 0.048730
0.038342 0.043216
0.038046 0.036652
0.036859 0.037597
0.038936 0.047073
0.038521 0.043108
0.038240 0.037899
0.036979 0.038303
0.036835 0.040596
0.038121 0.043899
0.038001 0.035216
0.046445 0.034547
0.037259 0.030176
0.037748 0.033006
0.041826 0.047191
0.038584 0.040955
0.037436 0.036890
0.037463 0.036966
0.041032 0.045149
0.038578 0.040336
0.037469 0.034520
0.037430 0.037587
0.041427 0.047166
0.038542 0.040457
0.037452 0.035357
0.037360 0.035577
0.041189 0.046832
0.038418 0.040440
0.037432 0.035764
0.037332 0.035777
0.040730 0.045192
0.038425 0.039884
0.037340 0.033561
0.037349 0.034573
0.041138 0.047098
0.038605 0.041472
0.037445 0.036000
0.037462 0.036791
0.041901 0.047954
0.038656 0.042811
0.037530 0.037478
0.037566 0.038120
0.040595 0.043724
0.038491 0.039122
0.037450 0.035064
0.037567 0.037196
0.040359 0.043134
0.037583 0.037424
0.041775 0.046321
0.038752 0.042327
0.037579 0.037235
0.037564 0.036625
0.041350 0.045882
0.038339 0.039703
0.037527 0.034967
0.037367 0.034243
0.040899 0.046081
0.038687 0.042503
0.037498 0.035051
0.037448 0.034900
0.041338 0.047319
0.039035 0.043490
0.037656 0.035866
0.037623 0.039482
0.041875 0.046697
0.038770 0.042015
0.037648 0.037044
0.037559 0.036528
0.043820 0.049095
0.039194 0.043387
0.037624 0.036467
0.037835 0.037609
0.041202 0.043411
0.038209 0.037623
0.037550 0.037469
0.037347 0.034477
0.040810 0.046372
0.038463 0.041401
0.037431 0.035303
0.037441 0.036050
0.038445 0.023698
0.038248 0.034165
0.037347 0.035182
0.037201 0.029296
0.041764 0.030444
0.041823 0.028983
0.040734 0.028635
0.040479 0.028827
0.039103 0.027361
0.038566 0.026393
0.036950 0.029720
0.037300 0.032661
0.037114 0.032717
0.036656 0.027625
0.037841 0.026587
0.036778 0.026117
0.036502 0.028732
0.036452 0.028297
0.036430 0.027856
0.036425 0.028368
0.037479 0.024117
0.036590 0.025735
0.036345 0.028672
0.036298 0.028582
0.036223 0.028668
0.036214 0.027829
0.036961 0.023021
0.036313 0.025664
0.036019 0.023954
0.036014 0.024131
0.036373 0.022521
0.036109 0.030153
0.035979 0.028763
0.035923 0.028287
0.035865 0.024682
0.052349 0.040611
0.045643 0.050246
0.041271 0.042164
0.039691 0.040464
0.043281 0.045429
0.044452 0.049883
0.043611 0.046744
0.046458 0.053096
0.038379 0.038752
0.044495 0.048653
0.043731 0.046161
0.044130 0.047689
0.044242 0.047441
0.044636 0.048450
0.044952 0.048474
0.045114 0.049574
0.044713 0.048334
0.045255 0.049707
0.044997 0.048654
0.045727 0.050679
0.045751 0.050508
0.045714 0.050506
0.045545 0.050066
0.045544 0.050481
0.045836 0.050603
0.045671 0.050532
0.045973 0.050360
0.045681 0.050509
0.045742 0.050250
0.045260 0.049989
0.044432 0.048514
0.035616 0.022107
0.043214 0.045482
0.038895 0.040720
0.036202 0.022480
0.035461 0.016474
0.035401 0.022242
0.035377 0.014266
0.036839 0.020872
0.038292 0.025438
0.038792 0.027122
0.042515 0.032708
0.039549 0.038360
0.047008 0.042975
0.047136 0.046330
0.038954 0.038669
0.044053 0.047614
0.040358 0.044607
0.037739 0.039809
0.037525 0.039785
0.043523 0.048637
0.039950 0.043921
0.037484 0.039113
0.037295 0.037789
0.043193 0.048427
0.039849 0.044295
0.037182 0.037120
0.037214 0.038094
0.042900 0.047387
0.039811 0.044201
0.037272 0.037761
0.037354 0.039181
0.045473 0.032723
0.040675 0.039129
0.037275 0.037966
0.037735 0.032329
0.047610 0.040906
0.044182 0.050354
0.039654 0.044604
0.040068 0.046753
0.043652 0.046552
0.059256 0.044147
0.047382 0.045291
0.039812 0.045786
0.049982 0.050464
0.044986 0.053525
0.039514 0.044645
0.040373 0.047433
0.049318 0.051654
0.042074 0.053157
0.039899 0.047643
0.051070 0.052604
0.040604 0.049846
0.041446 0.052027
0.051068 0.053665
0.042121 0.051084
0.039331 0.045162
0.038277 0.042763
0.046884 0.052895
0.041042 0.050750
0.037531 0.041202
0.037438 0.040756
0.040996 0.044593
0.037539 0.042178
0.068974 0.051687
0.044008 0.045505
0.039371 0.042680
0.036895 0.039792
0.036854 0.039572
0.043932 0.049675
0.039122 0.045797
0.036999 0.037661
0.037053 0.039614
0.043243 0.048264
0.038954 0.044514
0.037069 0.037938
0.037029 0.037910
0.042373 0.047423
0.038743 0.043434
0.037022 0.040449
0.037071 0.039224
0.040456 0.041435
0.037044 0.038810
0.035672 0.021808
0.035562 0.016598
0.039078 0.035633
0.039560 0.037510
0.035596 0.023980
0.037564 0.024704
0.035620 0.015957
0.040806 0.032343
0.044940 0.038345
0.045087 0.043403
0.061685 0.055358
0.038681 0.044726
0.039156 0.039367
0.048893 0.055966
0.038324 0.035946
0.036939 0.032769
0.036403 0.032298
0.043573 0.046903
0.037616 0.035883
0.036258 0.030010
0.036396 0.032438
0.042639 0.049588
0.037961 0.039009
0.036250 0.031045
0.036294 0.031947
0.041074 0.046027
0.037827 0.041509
0.036273 0.032651
0.036233 0.031220
0.050003 0.039655
0.038201 0.033085
0.036237 0.031104
0.036490 0.027241
0.045264 0.044023
0.043937 0.049214
0.039780 0.041278
0.040246 0.043390
0.042946 0.041865
0.039918 0.040708
0.041932 0.039008
0.038538 0.037458
0.044045 0.039616
0.041232 0.042347
0.038777 0.038222
0.039574 0.039307
0.044008 0.042181
0.042471 0.045027
0.039134 0.039764
0.040045 0.042129
0.043735 0.041823
0.040698 0.043163
0.038924 0.039518
0.038368 0.038719
0.045790 0.043276
0.041373 0.046218
0.038392 0.039642
0.039208 0.041984
0.040644 0.039559
0.035316 0.020137
0.035170 0.014998
0.035167 0.014702
0.035175 0.015024
0.035178 0.022223
0.036519 0.023424
0.035577 0.022692
0.035182 0.022368
0.035800 0.030252
0.037868 0.028497
0.036545 0.034454
0.040010 0.033499
0.037494 0.039043
0.044971 0.041428
0.040022 0.046111
0.037148 0.038800
0.036118 0.037556
0.044391 0.047465
0.038668 0.041981
0.036345 0.037125
0.036166 0.036344
0.042108 0.045851
0.038600 0.041984
0.036091 0.035615
0.035966 0.034775
0.045960 0.037185
0.038368 0.036176
0.035988 0.035400
0.042186 0.041608
0.046067 0.044427
0.041203 0.045588
0.041420 0.048140
0.045485 0.051620
0.042262 0.052895
0.039190 0.045862
0.039011 0.046364
0.046227 0.036314
0.039082 0.039500
0.042714 0.042018
0.041629 0.049262
0.037326 0.040544
0.037328 0.039634
0.044589 0.041100
0.041701 0.050754
0.037871 0.040448
0.037704 0.039832
0.047598 0.046141
0.039726 0.044461
0.037960 0.040760
0.037142 0.037459
0.043468 0.044736
0.038359 0.039479
0.036779 0.036437
0.036605 0.035839
0.041704 0.044248
0.038038 0.040522
0.036208 0.034603
0.036156 0.033416
0.048780 0.033771
0.037650 0.033422
0.036346 0.038711
0.036711 0.038438
0.037492 0.027492
0.043479 0.041105
0.037407 0.037933
0.037016 0.036406
0.037152 0.036764
0.036854 0.033083
0.041850 0.043983
0.037735 0.039897
0.037421 0.037268
0.037188 0.036837
0.037196 0.034866
0.041515 0.043259
0.039658 0.042557
0.037130 0.037525
0.037086 0.038990
0.036971 0.039043
0.037031 0.039188
0.042531 0.028343
0.039410 0.033641
0.037217 0.035155
0.037530 0.027160
0.042038 0.032210
0.040150 0.037385
0.041214 0.033755
0.041560 0.034454
0.042103 0.036077
0.040113 0.041096
0.041749 0.035024
0.039793 0.042516
0.043651 0.031052
0.041830 0.035634
0.039870 0.043495
0.041733 0.034835
0.040061 0.043486
0.041602 0.032797
0.039312 0.041483
0.041611 0.032987
0.039053 0.042637
0.042286 0.036034
0.038910 0.040517
0.038827 0.034822
0.099180 0.073747
0.042061 0.041657
0.050801 0.053439
0.043416 0.044828
0.039583 0.046546
0.054767 0.061908
0.039097 0.047633
0.057371 0.068235
0.044697 0.059098
0.039515 0.047576
0.039836 0.049409
0.054847 0.063889
0.040066 0.047763
0.045798 0.033993
0.047242 0.053580
0.040822 0.054943
0.040702 0.052432
0.040586 0.038015
0.043279 0.042876
0.038442 0.038886
0.038854 0.043055
0.042855 0.042162
0.037886 0.040527
0.045253 0.044498
0.041457 0.047975
0.038102 0.040715
0.038164 0.040789
0.045323 0.045184
0.041480 0.048715
0.038433 0.041394
0.037943 0.040655
0.044681 0.045759
0.040249 0.045132
0.037663 0.039001
0.038223 0.041816
0.042913 0.044092
0.038324 0.040938
0.044850 0.044656
0.040500 0.046002
0.038023 0.039016
0.038189 0.041288
0.046445 0.045924
0.041394 0.046318
0.038545 0.043274
0.039201 0.042875
0.040320 0.039252
0.062880 0.048100
0.042771 0.042319
0.038614 0.038282
0.037091 0.037693
0.037167 0.037282
0.043505 0.048257
0.038750 0.042593
0.037197 0.038215
0.037085 0.037616
0.042303 0.045433
0.036851 0.035458
0.043365 0.047773
0.038338 0.042362
0.037030 0.036928
0.036932 0.036497
0.042483 0.047598
0.038117 0.041341
0.036891 0.036461
0.036844 0.036649
0.040211 0.041570
0.037964 0.039461
0.036757 0.034756
0.036614 0.035017
0.040065 0.027276
0.037448 0.029928
0.036571 0.032854
0.038834 0.032877
0.040257 0.030579
0.037506 0.036574
0.040335 0.032273
0.037393 0.036591
0.040853 0.030930
0.037897 0.035762
0.037502 0.037657
0.040217 0.035014
0.037760 0.039245
0.040466 0.036432
0.037477 0.037727
0.041112 0.037596
0.037357 0.037849
0.041494 0.039165
0.039678 0.042268
0.037614 0.036696
0.037190 0.036587
0.041480 0.040517
0.038571 0.041541
0.036977 0.037159
0.037098 0.038551
0.040730 0.038818
0.039000 0.041897
0.036966 0.037276
0.037022 0.038064
0.040663 0.037785
0.039226 0.041749
0.037118 0.038140
0.037661 0.038775
0.058077 0.044415
0.041121 0.039370
0.038141 0.037204
0.036683 0.035543
0.036579 0.035144
0.041341 0.044088
0.037975 0.039847
0.036651 0.035500
0.036710 0.035659
0.041511 0.044251
0.037982 0.040216
0.036692 0.036544
0.036730 0.036825
0.041812 0.045555
0.037931 0.039254
0.036652 0.034999
0.036562 0.035310
0.040995 0.043822
0.037707 0.037741
0.036573 0.033872
0.036554 0.033446
0.040190 0.041401
0.037557 0.038231
0.036518 0.033104
0.036383 0.033092
0.038361 0.035744
0.037518 0.039810
0.036344 0.031721
0.035504 0.019434
0.035389 0.015612
0.035357 0.014990
0.040477 0.028262
0.035513 0.016053
0.035358 0.021507
0.036789 0.027087
0.046914 0.038565
0.037129 0.030735
0.049228 0.048805
0.036245 0.031785
0.052520 0.057191
0.035662 0.031667
0.051043 0.060570
0.037212 0.034625
0.036609 0.036896
0.035935 0.033782
0.045043 0.052800
0.036831 0.037553
0.035790 0.032435
0.035829 0.033724
0.044205 0.051574
0.036761 0.037321
0.035853 0.032881
0.035761 0.033702
0.043472 0.049943
0.036801 0.038056
0.035734 0.032242
0.035757 0.033594
0.042802 0.048983
0.036773 0.036911
0.035708 0.031849
0.035794 0.033792
0.041549 0.046035
0.036811 0.037647
0.035780 0.031794
0.035777 0.032501
0.038953 0.039437
0.036842 0.037050
0.035648 0.031261
0.035726 0.032691
0.036722 0.030780
0.035832 0.033276
0.062537 0.042142
0.042500 0.037159
0.038420 0.036663
0.036174 0.032620
0.036341 0.034049
0.041652 0.037423
0.036625 0.034689
0.043968 0.041918
0.039765 0.042421
0.037018 0.036436
0.037113 0.036252
0.045045 0.037572
0.041119 0.044422
0.037452 0.037271
0.037929 0.039263
0.044033 0.039510
0.039899 0.041281
0.038969 0.040092
0.037368 0.034479
0.042921 0.040186
0.039727 0.041483
0.037040 0.035336
0.037127 0.035864
0.038328 0.032095
0.060263 0.044971
0.041448 0.041644
0.038126 0.039684
0.036237 0.036393
0.036106 0.035973
0.041111 0.045782
0.037441 0.039889
0.036105 0.036274
0.036194 0.036900
0.041803 0.046953
0.037420 0.039953
0.036203 0.036992
0.036098 0.035166
0.041466 0.045766
0.037410 0.038399
0.035975 0.032707
0.036011 0.032271
0.041110 0.045910
0.037282 0.037726
0.036005 0.032203
0.035964 0.031357
0.040145 0.042283
0.037182 0.037701
0.036006 0.032549
0.035924 0.032072
0.037555 0.034873
0.037223 0.041515
0.035971 0.033465
0.080799 0.061914
0.053144 0.053945
0.042694 0.049926
0.038454 0.041396
0.038619 0.040013
0.050870 0.057473
0.041928 0.048553
0.038047 0.040282
0.038162 0.040862
0.049481 0.054360
0.041526 0.047122
0.038182 0.039886
0.038331 0.041753
0.049041 0.054517
0.041719 0.047970
0.038329 0.041061
0.038244 0.040523
0.043563 0.048008
0.038560 0.043223
0.038084 0.043123
0.038659 0.043734
0.038399 0.037982
0.039757 0.038811
0.064918 0.050283
0.045594 0.047437
0.039413 0.044156
0.037169 0.038026
0.036863 0.038752
0.044305 0.048419
0.038404 0.041568
0.036714 0.037328
0.036757 0.038104
0.043255 0.047216
0.038133 0.041489
0.036725 0.036405
0.036780 0.036963
0.040709 0.041021
0.036694 0.037932
0.039320 0.037813
0.039217 0.043145
0.036764 0.037649
0.036693 0.036331
0.044475 0.033230
0.039768 0.034031
0.038016 0.033169
0.039985 0.037500
0.037682 0.032870
0.039338 0.037687
0.036786 0.029901
0.039616 0.040562
0.037745 0.035623
0.036666 0.029949
0.036520 0.030544
0.039340 0.038612
0.036603 0.030242
0.038589 0.036320
0.036642 0.030999
0.046626 0.038795
0.042964 0.044072
0.045347 0.043547
0.042145 0.049340
0.045421 0.046951
0.042849 0.043175
0.044867 0.044167
0.040117 0.047430
0.042890 0.043407
0.044663 0.045902
0.038826 0.041024
0.045519 0.045964
0.038968 0.044023
0.044268 0.044890
0.038410 0.041496
0.044751 0.046314
0.038642 0.041151
0.043783 0.045379
0.038465 0.042966
0.045330 0.046452
0.038935 0.040458
0.044523 0.046372
0.038646 0.040857
0.046377 0.048753
0.042536 0.050378
0.038698 0.043256
0.038827 0.042519
0.056695 0.046187
0.044298 0.046876
0.038706 0.042022
0.039484 0.035485
0.053697 0.048000
0.051737 0.044587
0.044760 0.036902
0.049585 0.045670
0.043188 0.036748
0.052276 0.047882
0.044918 0.034552
0.050796 0.042620
0.043955 0.034403
0.048665 0.043272
0.050886 0.042243
0.042615 0.045549
0.044766 0.044059
0.040057 0.041294
0.043683 0.043233
0.041700 0.046667
0.039750 0.042871
0.038946 0.042666
0.052108 0.042813
0.039283 0.034009
0.045392 0.045590
0.040354 0.042435
0.044668 0.044166
0.050149 0.053317
0.044583 0.040203
0.046707 0.045706
0.043571 0.034078
0.043237 0.034475
0.040926 0.030037
0.045567 0.038704
0.045328 0.037939
0.050550 0.047671
0.046017 0.043162
0.043694 0.040545
0.046946 0.052970
0.044344 0.043420
0.044138 0.044210
0.040010 0.043261
0.046696 0.037110
0.039452 0.034015
0.040751 0.040517
0.044852 0.045882
0.038880 0.042866
0.039022 0.041066
0.044844 0.048477
0.040689 0.044348
0.039009 0.039472
0.038608 0.038370
0.042001 0.043956
0.040116 0.042016
0.038153 0.035948
0.038027 0.036353
0.045301 0.035833
0.037840 0.032265
0.038893 0.031182
0.036677 0.036971
0.040300 0.045566
0.037588 0.041390
0.036687 0.036673
0.036586 0.035670
0.040457 0.046195
0.037675 0.043384
0.036618 0.035694
0.036590 0.036993
0.040362 0.048414
0.037779 0.043266
0.036708 0.038185
0.036801 0.038302
0.039918 0.044030
0.037624 0.041582
0.036678 0.037269
0.036574 0.035156
0.038355 0.040947
0.037759 0.043009
0.036613 0.036394
0.036598 0.035492
0.047604 0.040752
0.043695 0.040325
0.043703 0.039684
0.041667 0.049449
0.043925 0.040872
0.042086 0.052531
0.043825 0.044931
0.043831 0.047291
0.040426 0.046034
0.042387 0.046014
0.039840 0.047311
0.044657 0.037748
0.041306 0.036622
0.043754 0.046362
0.041999 0.037977
0.046126 0.046566
0.047932 0.044379
0.044600 0.039342
0.046889 0.049117
0.045513 0.046031
0.041034 0.048123
0.043899 0.048073
0.040358 0.049096
0.043737 0.047858
0.040835 0.050720
0.051218 0.047788
0.047184 0.047024
0.043071 0.052043
0.045366 0.040698
0.047797 0.060373
0.043776 0.050466
0.048131 0.044417
0.041652 0.032952
0.041275 0.036677
0.039509 0.030783
0.042623 0.036742
0.041291 0.035244
0.041782 0.037913
0.040113 0.044406
0.040650 0.048793
0.039002 0.043577
0.047058 0.038199
0.040939 0.043605
0.038481 0.042958
0.036914 0.037468
0.036900 0.038650
0.041021 0.047556
0.038355 0.043119
0.036825 0.036646
0.036808 0.037012
0.040642 0.046963
0.037974 0.042781
0.036699 0.035391
0.036796 0.038567
0.040292 0.044660
0.037824 0.042336
0.037093 0.038139
0.037004 0.037414
0.040289 0.044960
0.038005 0.044505
0.037186 0.040583
0.037240 0.040902
0.040074 0.041267
0.037810 0.040786
0.037043 0.037221
0.036754 0.035666
0.039415 0.040688
0.036749 0.035495
0.035852 0.020791
0.038223 0.037712
0.036790 0.036537
0.035832 0.016282
0.036637 0.022998
0.035867 0.018475
0.035815 0.025955
0.035771 0.018092
0.038266 0.029387
0.039743 0.032293
0.040598 0.035929
0.045080 0.043105
0.038860 0.039183
0.045924 0.052770
0.040952 0.046388
0.039509 0.049091
0.037454 0.040937
0.039020 0.041456
0.053455 0.043584
0.040611 0.041364
0.039030 0.046682
0.037364 0.040009
0.053755 0.043038
0.042800 0.044065
0.039740 0.046531
0.037627 0.040147
0.037285 0.039136
0.042414 0.045742
0.039571 0.046427
0.037545 0.039705
0.037631 0.040796
0.042107 0.043237
0.039292 0.044794
0.037906 0.040596
0.037488 0.039655
0.041956 0.041861
0.039070 0.043721
0.037386 0.039304
0.037554 0.040012
0.042527 0.041401
0.039649 0.044384
0.037932 0.039923
0.037889 0.040584
0.040947 0.041564
0.037994 0.040815
0.040833 0.039746
0.038216 0.040294
0.045419 0.036225
0.038571 0.033612
0.042736 0.043455
0.038882 0.041278
0.042625 0.042236
0.038693 0.042151
0.042179 0.044874
0.038371 0.039758
0.042155 0.045693
0.038171 0.039377
0.043055 0.047726
0.039875 0.045457
0.037891 0.037832
0.037883 0.040201
0.042058 0.047761
0.039764 0.044695
0.038041 0.037937
0.037754 0.038344
0.045195 0.036722
0.039760 0.039891
0.037749 0.038161
0.039821 0.037300
0.044503 0.045929
0.039383 0.045019
0.039133 0.044630
0.038654 0.043783
0.038346 0.042215
0.041192 0.044103
0.038456 0.045781
0.038743 0.045155
0.038844 0.045317
0.038544 0.042995
0.045363 0.036807
0.038605 0.034968
0.041355 0.040873
0.039270 0.043695
0.037702 0.039488
0.037693 0.040746
0.041256 0.041324
0.039247 0.043612
0.037805 0.040665
0.037619 0.038831
0.040835 0.041181
0.039178 0.043082
0.037503 0.039772
0.038023 0.040918
0.040572 0.036059
0.038523 0.039480
0.038873 0.033022
0.047892 0.038951
0.042696 0.036228
0.043917 0.040401
0.041917 0.035286
0.043354 0.039183
0.041714 0.036967
0.045005 0.040847
0.043512 0.036707
0.049186 0.043557
0.042739 0.035582
0.049758 0.043288
0.055164 0.046423
0.061324 0.051396
0.050989 0.055662
0.043416 0.050370
0.043884 0.050476
0.049010 0.059784
0.045608 0.055263
0.043047 0.049216
0.042634 0.047618
0.045337 0.053682
0.045697 0.055824
0.042910 0.047526
0.042692 0.047855
0.044780 0.033126
0.042520 0.031465
0.044642 0.035990
0.042067 0.031210
0.042343 0.031154
0.043921 0.045861
0.045359 0.041755
0.045415 0.041050
0.040166 0.041119
0.044705 0.045953
0.041634 0.047583
0.039352 0.041890
0.039154 0.040225
0.043501 0.046483
0.039502 0.044430
0.039343 0.046001
0.039560 0.045274
0.039065 0.041911
0.043058 0.045297
0.038593 0.041497
0.038916 0.040920
0.043897 0.047899
0.040951 0.044813
0.038477 0.039441
0.038334 0.036145
0.040673 0.042578
0.040088 0.046715
0.038208 0.039728
0.050516 0.039014
0.041085 0.038592
0.038717 0.039227
0.037748 0.036760
0.037702 0.037855
0.041012 0.044438
0.038121 0.040122
0.037602 0.037070
0.037473 0.035309
0.040611 0.043667
0.038151 0.038701
0.037231 0.033535
0.037242 0.034794
0.040206 0.042714
0.038192 0.039593
0.037232 0.033948
0.037480 0.035757
0.040089 0.042500
0.038092 0.039579
0.037381 0.036068
0.037175 0.034336
0.039379 0.040021
0.037115 0.033361
0.036217 0.018419
0.036192 0.014211
0.037966 0.030526
0.038405 0.032251
0.036163 0.022037
0.036772 0.019568
0.036259 0.021094
0.040023 0.027544
0.036969 0.026908
0.044982 0.040961
0.036821 0.028292
0.044343 0.046406
0.036464 0.028892
0.045696 0.053784
0.038738 0.035662
0.036966 0.030961
0.036867 0.029912
0.043487 0.049387
0.036904 0.032182
0.036690 0.028807
0.036704 0.029877
0.042924 0.050316
0.037905 0.034534
0.036618 0.028353
0.036705 0.030297
0.042226 0.049948
0.037865 0.036870
0.036457 0.027824
0.036568 0.030493
0.042204 0.049148
0.037828 0.036557
0.036437 0.028480
0.036577 0.029536
0.041921 0.047246
0.037995 0.036611
0.036540 0.029159
0.036390 0.028957
0.040931 0.046260
0.037864 0.036630
0.036378 0.028468
0.036411 0.028805
0.037804 0.035224
0.037741 0.034613
0.036263 0.028298
0.036466 0.030440
0.049397 0.040986
0.036029 0.024639
0.036176 0.025010
0.040848 0.043699
0.037491 0.036581
0.036049 0.030101
0.035988 0.029781
0.041934 0.044576
0.038120 0.038037
0.036580 0.032784
0.036543 0.033601
0.040664 0.044307
0.037278 0.035949
0.035904 0.029454
0.035861 0.029597
0.040292 0.043675
0.037201 0.036560
0.035978 0.031035
0.035917 0.030532
0.042328 0.032365
0.036591 0.030012
0.036079 0.035462
0.035961 0.033845
0.036796 0.027752
0.041273 0.040232
0.036474 0.037684
0.036923 0.034905
0.041933 0.044747
0.038617 0.042089
0.036418 0.034328
0.036314 0.034128
0.042618 0.045881
0.038266 0.040750
0.036268 0.033767
0.036161 0.033046
0.042195 0.045097
0.037545 0.037201
0.036074 0.032888
0.035915 0.031858
0.040930 0.044025
0.037627 0.038427
0.035937 0.031469
0.035897 0.031659
0.040553 0.042425
0.037398 0.037139
0.035843 0.031070
0.035885 0.031819
0.040215 0.043194
0.037385 0.038148
0.035740 0.030570
0.035793 0.031445
0.039663 0.042003
0.037408 0.038416
0.035770 0.030921
0.035818 0.031980
0.037222 0.035564
0.036062 0.037059
0.035839 0.035344
0.036078 0.035021
0.036023 0.032490
0.065406 0.052599
0.041967 0.043221
0.037242 0.036287
0.035591 0.028948
0.035596 0.029242
0.041818 0.049295
0.037026 0.037660
0.035743 0.031061
0.035721 0.030291
0.040377 0.045236
0.035579 0.030152
0.040665 0.047109
0.036749 0.036233
0.035567 0.029990
0.035520 0.029798
0.039915 0.044679
0.035535 0.030454
0.040872 0.046985
0.036715 0.035434
0.035593 0.030259
0.035498 0.029541
0.040021 0.044562
0.036594 0.035621
0.035540 0.029871
0.035502 0.029974
0.039186 0.042208
0.035478 0.031013
0.038487 0.040952
0.036450 0.034704
0.035389 0.029641
0.035329 0.029344
0.036535 0.033732
0.035388 0.030245
0.060258 0.049193
0.041345 0.041486
0.038173 0.039421
0.035935 0.032652
0.035726 0.031769
0.040778 0.044585
0.037550 0.039501
0.035673 0.030830
0.035643 0.030533
0.040268 0.043743
0.037385 0.039219
0.035554 0.030974
0.035561 0.030521
0.040231 0.043119
0.037420 0.038023
0.035596 0.030413
0.035610 0.030852
0.040258 0.043208
0.037465 0.038538
0.035570 0.030960
0.035593 0.031604
0.040022 0.042889
0.037462 0.038849
0.035540 0.030309
0.035496 0.031030
0.040024 0.042989
0.037194 0.038011
0.035545 0.031601
0.035538 0.031729
0.040037 0.042845
0.037267 0.037594
0.035455 0.030140
0.035380 0.030077
0.039924 0.043021
0.037379 0.038547
0.035416 0.029918
0.035423 0.030743
0.039936 0.042529
0.037235 0.038403
0.035442 0.031223
0.035341 0.029817
0.040004 0.042408
0.037306 0.038390
0.035418 0.030595
0.035454 0.031680
0.039909 0.042137
0.037297 0.038657
0.035422 0.030847
0.035444 0.032044
0.039033 0.040631
0.037085 0.037861
0.035315 0.029713
0.035383 0.031254
0.036099 0.021152
0.037084 0.032003
0.035303 0.030070
0.035436 0.026183
0.038468 0.024766
0.037487 0.024975
0.037052 0.024197
0.037007 0.024660
0.035768 0.021538
0.035387 0.027565
0.035104 0.029372
0.035028 0.030498
0.034566 0.027241
0.034324 0.028177
0.034980 0.022304
0.034551 0.026319
0.034169 0.028488
0.034190 0.024544
0.034051 0.028377
0.034032 0.027952
0.034081 0.023937
0.033974 0.028683
0.034518 0.022025
0.034081 0.025521
0.033830 0.023126
0.033813 0.023956
0.034274 0.021217
0.033932 0.024519
0.033710 0.022882
0.033695 0.023667
0.033843 0.021331
0.071297 0.055539
0.037110 0.032236
0.034059 0.027487
0.037917 0.038836
0.035150 0.034032
0.033783 0.026060
0.033918 0.027789
0.035989 0.035386
0.034646 0.038428
0.034206 0.036300
0.034503 0.034775
0.034530 0.034598
0.034645 0.027165
0.057986 0.044252
0.040578 0.042115
0.036463 0.038980
0.034832 0.034603
0.034678 0.033167
0.041036 0.047773
0.036537 0.040942
0.034684 0.033228
0.034646 0.033042
0.040336 0.046709
0.036219 0.040171
0.034673 0.034506
0.034633 0.034114
0.040682 0.046698
0.036367 0.040037
0.034743 0.035309
0.034866 0.035964
0.040465 0.045817
0.036456 0.039892
0.034711 0.032180
0.034766 0.034655
0.040114 0.045956
0.036650 0.042979
0.034804 0.036144
0.034866 0.035913
0.040070 0.044773
0.036874 0.042232
0.034923 0.035718
0.035027 0.036964
0.035019 0.021781
0.037792 0.036039
0.034995 0.033933
0.035316 0.027440
0.037572 0.024752
0.036882 0.025018
0.036450 0.024652
0.036346 0.024546
0.035016 0.021878
0.034731 0.026593
0.034277 0.025842
0.034055 0.026428
0.034477 0.021709
0.033892 0.025281
0.033662 0.027794
0.033498 0.028006
0.033436 0.028123
0.033416 0.028212
0.034069 0.023067
0.033590 0.026023
0.033320 0.028306
0.033273 0.027236
0.033261 0.028745
0.033273 0.029784
0.033518 0.021501
0.033273 0.029755
0.033174 0.028284
0.033137 0.027483
0.033145 0.024621
0.040604 0.028917
0.038420 0.034405
0.035908 0.038450
0.040118 0.037498
0.037894 0.042721
0.035932 0.039592
0.035068 0.038353
0.039277 0.041615
0.036982 0.044441
0.034694 0.038383
0.034941 0.039269
0.039010 0.039802
0.037248 0.046192
0.035145 0.039526
0.035226 0.039503
0.038837 0.040418
0.037213 0.046022
0.035270 0.039047
0.035163 0.039296
0.038497 0.039403
0.037484 0.045995
0.035222 0.038396
0.035285 0.040472
0.049768 0.040480
0.034331 0.029847
0.035506 0.035524
0.041673 0.050345
0.037280 0.045690
0.034670 0.038466
0.035502 0.040772
0.040389 0.045815
0.035817 0.042456
0.042630 0.051298
0.038606 0.050756
0.035823 0.042437
0.035858 0.044281
0.042177 0.048711
0.038832 0.053227
0.035708 0.045374
0.035832 0.045960
0.039811 0.045750
0.035670 0.043699
0.035321 0.025342
0.037978 0.042645
0.035326 0.043148
0.037469 0.026954
0.036537 0.026957
0.035938 0.025916
0.036052 0.027687
0.034804 0.024846
0.034516 0.029237
0.034306 0.033886
0.034186 0.035683
0.033712 0.031129
0.033437 0.030678
0.034209 0.025731
0.033465 0.028762
0.033228 0.027207
0.033213 0.027789
0.033956 0.027424
0.033637 0.030447
0.033293 0.032166
0.033318 0.028193
0.033163 0.031067
0.033169 0.032104
0.033248 0.028008
0.033133 0.032273
0.033481 0.025733
0.033308 0.029678
0.033046 0.027413
0.033050 0.028813
0.089325 0.074590
0.048336 0.059476
0.036757 0.046816
0.034502 0.041176
0.034545 0.040818
0.047053 0.060415
0.036312 0.045120
0.034507 0.037290
0.034620 0.039841
0.045272 0.056995
0.036231 0.045014
0.034708 0.040973
0.034663 0.039185
0.043212 0.051857
0.036400 0.045019
0.034695 0.039230
0.034593 0.039326
0.036971 0.038561
0.036651 0.042376
0.034598 0.039665
0.034798 0.040326
0.056516 0.044760
0.039440 0.044031
0.035717 0.037455
0.034434 0.037486
0.034459 0.037355
0.039200 0.046046
0.035490 0.038682
0.034478 0.036760
0.034361 0.036171
0.039029 0.044786
0.035321 0.038532
0.034369 0.036589
0.034297 0.035234
0.037522 0.041344
0.035234 0.038152
0.034342 0.035699
0.034409 0.034940
0.036338 0.036206
0.036051 0.040943
0.034559 0.036336
0.034556 0.037327
0.047700 0.037904
0.041308 0.042404
0.037804 0.043224
0.036381 0.038980
0.036067 0.038890
0.040798 0.045293
0.038111 0.044789
0.035916 0.036357
0.035634 0.038620
0.039867 0.038997
0.038395 0.043864
0.035899 0.038257
0.037374 0.040974
0.038387 0.037459
0.039862 0.032003
0.037439 0.032853
0.038525 0.035417
0.038172 0.036015
0.038334 0.035419
0.038227 0.044061
0.039056 0.036071
0.039944 0.038697
0.037282 0.043882
0.040759 0.040931
0.038486 0.046595
0.036400 0.042247
0.035713 0.041451
0.040527 0.044414
0.037367 0.044562
0.035551 0.040168
0.035386 0.040035
0.041535 0.044508
0.037404 0.044274
0.035351 0.039782
0.035116 0.037749
0.039987 0.043895
0.037502 0.045447
0.035266 0.038823
0.035280 0.039218
0.040958 0.032886
0.038113 0.039736
0.035461 0.038941
0.035405 0.028527
0.038982 0.041348
0.035067 0.038817
0.035713 0.037886
0.039192 0.047189
0.036530 0.042443
0.035183 0.035762
0.035020 0.036246
0.038875 0.045679
0.036443 0.042374
0.035075 0.035123
0.035180 0.037153
0.037953 0.044210
0.036803 0.041979
0.035137 0.034676
0.035026 0.035212
0.046277 0.036662
0.038717 0.039404
0.034888 0.035526
0.039478 0.043755
0.036868 0.041616
0.034983 0.035117
0.035054 0.036313
0.039678 0.044010
0.037319 0.045915
0.035310 0.038338
0.036027 0.041066
0.039556 0.043340
0.036466 0.043124
0.039105 0.043282
0.036141 0.042101
0.039847 0.043169
0.038467 0.048767
0.036207 0.042465
0.036674 0.042030
0.039010 0.038146
0.036964 0.039620
0.038854 0.038067
0.037162 0.040881
0.040286 0.041364
0.037438 0.044644
0.040479 0.042344
0.037187 0.041814
0.041480 0.041549
0.036832 0.041685
0.043328 0.045038
0.038227 0.046631
0.036281 0.040898
0.035611 0.038670
0.040843 0.047831
0.037138 0.045002
0.035241 0.036312
0.035136 0.037165
0.039525 0.044219
0.035283 0.037845
0.040119 0.046540
0.037647 0.047840
0.035330 0.037571
0.035293 0.038995
0.045830 0.037792
0.037857 0.040071
0.035307 0.039096
0.036838 0.035258
0.041970 0.047185
0.035900 0.037774
0.036300 0.042239
0.041898 0.047140
0.038166 0.045288
0.035818 0.038514
0.035912 0.041052
0.047393 0.038964
0.038674 0.040539
0.036009 0.039618
0.037274 0.035276
0.043021 0.046091
0.039422 0.049006
0.037216 0.044139
0.036852 0.042489
0.042943 0.047558
0.039291 0.051160
0.036869 0.043605
0.036826 0.042964
0.041688 0.047503
0.039309 0.049983
0.036872 0.043339
0.036796 0.042791
0.047415 0.043348
0.037017 0.034942
0.041517 0.039608
0.038543 0.050230
0.038268 0.049398
0.037992 0.049482
0.037555 0.043707
0.042184 0.044801
0.038976 0.049568
0.037803 0.046960
0.037724 0.043677
0.043675 0.041950
0.042354 0.054558
0.038338 0.049624
0.039066 0.051215
0.038621 0.048298
0.040190 0.052463
0.055846 0.045823
0.036799 0.033706
0.037663 0.037839
0.044854 0.054029
0.039046 0.049219
0.037080 0.043818
0.037500 0.043308
0.044563 0.051470
0.039711 0.047401
0.037436 0.042048
0.037374 0.042396
0.045276 0.051810
0.039978 0.047765
0.037635 0.041233
0.037602 0.042053
0.044648 0.051352
0.039557 0.043381
0.037350 0.040608
0.037060 0.038979
0.043182 0.050787
0.039345 0.045031
0.037502 0.041143
0.037553 0.039935
0.041497 0.045784
0.039478 0.045734
0.037430 0.039009
0.037401 0.040822
0.038654 0.037577
0.081560 0.066635
0.045622 0.051832
0.036120 0.040483
0.051612 0.059601
0.036421 0.034366
0.048449 0.057550
0.039552 0.046907
0.037129 0.040381
0.036498 0.037345
0.042764 0.050515
0.036190 0.038890
0.043571 0.049473
0.039838 0.046713
0.036325 0.040818
0.036596 0.036955
0.038440 0.037160
0.036505 0.040188
0.048831 0.033851
0.039947 0.037982
0.037438 0.036833
0.036611 0.034670
0.036350 0.033392
0.040047 0.040251
0.037281 0.037958
0.036415 0.034011
0.036283 0.033745
0.040973 0.041373
0.036987 0.034747
0.036291 0.033165
0.036233 0.031581
0.040441 0.040394
0.036839 0.036068
0.036193 0.033531
0.036222 0.033204
0.039555 0.038793
0.036922 0.035678
0.036247 0.032711
0.036245 0.031610
0.039930 0.039945
0.037207 0.036843
0.035950 0.031808
0.036000 0.031103
0.036840 0.029099
0.101028 0.083270
0.045716 0.052358
0.035336 0.029262
0.051662 0.064897
0.038594 0.048685
0.035574 0.038116
0.035498 0.038347
0.051313 0.068090
0.038390 0.049569
0.035786 0.039274
0.035697 0.032349
0.050525 0.065974
0.038491 0.050169
0.035808 0.036347
0.035771 0.035322
0.049052 0.062709
0.038452 0.048278
0.035887 0.037110
0.035875 0.037377
0.047408 0.059075
0.038776 0.050324
0.035815 0.033805
0.035849 0.036504
0.042141 0.049525
0.035971 0.037993
0.044553 0.034054
0.040248 0.042086
0.036183 0.038559
0.042376 0.040354
0.046342 0.046914
0.041197 0.049207
0.039980 0.047424
0.039812 0.049277
0.039291 0.047953
0.045297 0.051056
0.041731 0.047784
0.039672 0.046258
0.039919 0.049710
0.042820 0.051128
0.039667 0.050500
0.039747 0.053007
0.040816 0.051584
0.039619 0.047946
0.043323 0.050730
0.040780 0.057003
0.039929 0.049123
0.039447 0.049581
0.043237 0.050349
0.040225 0.050579
0.039285 0.045167
0.039561 0.048286
0.043567 0.045699
0.040933 0.051710
0.040167 0.047405
0.040634 0.047764
0.046696 0.037019
0.042032 0.042564
0.040214 0.047494
0.044602 0.041120
0.044353 0.039615
0.044988 0.057470
0.044528 0.039480
0.044033 0.055052
0.045045 0.041040
0.046022 0.055828
0.043461 0.037565
0.044065 0.053722
0.045478 0.042127
0.045649 0.042171
0.044360 0.052207
0.040686 0.030160
0.041964 0.040093
0.040730 0.037695
0.042542 0.041026
0.040948 0.037203
0.041406 0.037981
0.041280 0.037251
0.044371 0.041760
0.041273 0.034131
0.043751 0.037694
0.041316 0.036122
0.042604 0.038567
0.040873 0.034853
0.043523 0.039086
0.041066 0.034130
0.046258 0.037559
0.042721 0.039376
0.042718 0.038629
0.043190 0.052580
0.042747 0.037861
0.042853 0.050082
0.042710 0.037345
0.043118 0.050909
0.046246 0.037762
0.043813 0.038998
0.045208 0.041066
0.044261 0.038959
0.047194 0.044545
0.043587 0.034147
0.041625 0.036239
0.043603 0.039888
0.041820 0.039259
0.041538 0.037464
0.041161 0.046834
0.041706 0.039348
0.041142 0.039247
0.041607 0.040245
0.040549 0.038088
0.040682 0.037039
0.040136 0.036594
0.040577 0.037191
0.048887 0.041556
0.045751 0.052485
0.054450 0.052171
0.044847 0.060386
0.043745 0.034470
0.065044 0.069004
0.050674 0.063021
0.050984 0.060407
0.045175 0.040809
0.042053 0.035834
0.045433 0.042194
0.043611 0.040531
0.044364 0.045340
0.043459 0.040270
0.042794 0.038267
0.044454 0.051111
0.043663 0.040695
0.046325 0.038249
0.043727 0.039783
0.045117 0.039084
0.041781 0.037946
0.044857 0.043050
0.044042 0.036894
0.046200 0.038274
0.046392 0.052597
0.047138 0.042193
0.043961 0.037888
0.044183 0.038922
0.045000 0.053807
0.046003 0.038980
0.043683 0.038686
0.045617 0.033601
0.041860 0.039205
0.041505 0.038366
0.045711 0.046362
0.041116 0.047045
0.038198 0.039594
0.039086 0.040873
0.045627 0.049017
0.042016 0.049594
0.039796 0.042165
0.039788 0.044473
0.046247 0.049692
0.042459 0.050415
0.039761 0.043805
0.040235 0.044367
0.046621 0.050715
0.043259 0.052062
0.039863 0.043672
0.040660 0.044850
0.046886 0.051532
0.043469 0.052995
0.040822 0.045359
0.040947 0.045741
0.047122 0.052034
0.043632 0.052815
0.041312 0.046536
0.041198 0.046283
0.045550 0.052073
0.044659 0.053040
0.041406 0.043046
0.041470 0.046997
0.045446 0.052100
0.044826 0.052954
0.042646 0.046170
0.041426 0.046351
0.045221 0.051108
0.044150 0.052685
0.042165 0.045590
0.040073 0.043644
0.044555 0.051866
0.043567 0.051408
0.041867 0.046022
0.040630 0.046685
0.044733 0.054120
0.043808 0.053866
0.041850 0.045027
0.040617 0.046189
0.044511 0.054402
0.043520 0.053621
0.041736 0.045491
0.039127 0.042304
0.044410 0.054554
0.043308 0.051762
0.041717 0.042887
0.040391 0.043428
0.043719 0.051689
0.042930 0.050960
0.041517 0.043519
0.039994 0.043806
0.044963 0.048931
0.044141 0.050681
0.041628 0.045012
0.040109 0.042970
0.044338 0.050808
0.043902 0.050986
0.041765 0.043218
0.040729 0.043459
0.044350 0.052651
0.043414 0.051341
0.041690 0.043200
0.040390 0.043117
0.044065 0.051633
0.043433 0.050794
0.041425 0.042245
0.040512 0.043267
0.043462 0.052657
0.043411 0.052777
0.041725 0.044057
0.040322 0.044564
0.042138 0.050581
0.042953 0.052834
0.041429 0.043001
0.039854 0.041940
0.032870 0.019292
0.034704 0.017167
0.042360 0.034988
0.034714 0.017746
0.036515 0.030026
0.034733 0.029717
0.034384 0.019651
0.034808 0.026190
0.035514 0.023368
0.034594 0.022843
0.035225 0.025127
0.034507 0.026544
0.036616 0.028634
0.034599 0.030956
0.036231 0.026057
0.034415 0.026700
0.035532 0.029774
0.034419 0.028225
0.036133 0.026634
0.034271 0.029053
0.034879 0.030744
0.034402 0.029882
0.036017 0.025621
0.034134 0.026890
0.032117 0.024433
0.022678 0.029024
0.032647 0.024587
0.035730 0.029023
0.036001 0.033417
0.034019 0.030726
0.035810 0.031314
0.033865 0.028259
0.033520 0.027103
0.034154 0.030436
0.035701 0.031322
0.033906 0.027771
0.035675 0.031855
0.033832 0.032117
0.035664 0.027916
0.033785 0.031937
0.033074 0.028907
0.034076 0.028662
0.035554 0.031702
0.033770 0.028070
0.035503 0.031562
0.033699 0.034027
0.035510 0.028597
0.033655 0.031465
0.032630 0.025452
0.033806 0.030104
0.035354 0.031749
0.033578 0.031697
0.035359 0.032619
0.033572 0.033889
0.032336 0.025636
0.033703 0.029938
0.035252 0.031049
0.033477 0.031587
0.035247 0.031950
0.033506 0.031808
0.031498 0.024903
0.033602 0.034051
0.035195 0.031517
0.033563 0.029937
0.035180 0.031839
0.033445 0.031844
0.035201 0.032955
0.038206 0.028758
0.033729 0.027387
0.043217 0.031979
0.033254 0.026442
0.033487 0.028912
0.034998 0.026429
0.033308 0.027665
0.033245 0.027132
0.033434 0.028692
0.034973 0.026522
0.033197 0.026218
0.033007 0.027419
0.033402 0.030797
0.034881 0.026785
0.033105 0.027000
0.033009 0.027093
0.033262 0.030847
0.034789 0.027044
0.032994 0.026746
0.032776 0.028009
0.033164 0.031240
0.034689 0.024457
0.032931 0.024249
0.032456 0.024710
0.033106 0.026946
0.034588 0.022318
0.032839 0.022797
0.032220 0.023028
0.033077 0.025374
0.034501 0.022659
0.032717 0.023128
0.031677 0.023193
0.032915 0.026290
0.034352 0.022557
0.032608 0.024760
0.030605 0.021500
0.032717 0.030172
0.034272 0.029781
0.032544 0.027973
0.034281 0.025897
0.032326 0.017602
0.034025 0.021212
0.032224 0.023306
0.033973 0.023462
0.032166 0.025826
0.033902 0.026094
