0.000000 0.019346
0.000000 0.008757
0.000000 0.067472
0.000000 0.039299
0.000000 0.021097
0.000000 0.022295
0.000000 0.024577
0.019346 0.019030
0.014046 0.018847
0.031890 0.018497
0.033748 0.023189
0.031208 0.016821
0.029715 0.014750
0.028976 0.017201
0.027724 0.016165
0.026730 0.027379
0.025899 0.021182
0.025650 0.018550
0.024907 0.017055
0.024116 0.017372
0.023616 0.016555
0.023112 0.029108
0.023383 0.024225
0.023251 0.017462
0.022985 0.019001
0.022668 0.017438
0.022398 0.016585
0.022114 0.027950
0.022439 0.020293
0.022518 0.016223
0.022302 0.016234
0.022167 0.028855
0.021981 0.022094
0.021776 0.016928
0.022002 0.018800
0.021942 0.029375
0.021745 0.020796
0.021562 0.018956
0.021797 0.018250
0.021807 0.030404
0.021658 0.021592
0.021574 0.019027
0.021798 0.017535
0.021770 0.031424
0.021693 0.020795
0.021602 0.018824
0.021830 0.019132
0.021824 0.031172
0.021755 0.021474
0.021653 0.019705
0.021884 0.018203
0.021859 0.029321
0.021790 0.021142
0.021731 0.018995
0.021937 0.019791
0.021927 0.033034
0.021880 0.021152
0.021805 0.018764
0.021957 0.021536
0.021940 0.020952
0.021883 0.034842
0.021843 0.030181
0.022054 0.017989
0.022037 0.023317
0.021977 0.019913
0.021969 0.020538
0.021952 0.020678
0.022176 0.018346
0.022313 0.030374
0.022240 0.019589
0.022258 0.022546
0.022219 0.034768
0.022192 0.023833
0.022168 0.020221
0.022108 0.020902
0.022236 0.033293
0.022196 0.022823
0.022201 0.021324
0.022388 0.023463
0.022409 0.020316
0.022378 0.034404
0.022357 0.026648
0.022512 0.020215
0.022516 0.022911
0.022499 0.021740
0.022513 0.022007
0.022483 0.030742
0.022642 0.018269
0.022695 0.021098
0.022663 0.035821
0.022666 0.022897
0.022654 0.022028
0.022646 0.021518
0.022747 0.038294
0.022692 0.021769
0.022672 0.021062
0.022832 0.023454
0.022832 0.018758
0.022823 0.037221
0.022808 0.020938
0.022988 0.022616
0.022974 0.021777
0.022952 0.019832
0.022958 0.035044
0.022911 0.024423
0.023070 0.017360
0.023046 0.020706
0.023042 0.021556
0.023028 0.035841
0.022994 0.022573
0.023122 0.019900
0.023136 0.022873
0.023075 0.022165
0.023051 0.031998
0.023035 0.021340
0.023166 0.021649
0.023160 0.036216
0.023127 0.027505
0.023125 0.022491
0.023115 0.022537
0.023202 0.021226
0.023184 0.019821
0.023169 0.034640
0.023294 0.025250
0.023334 0.021541
0.023326 0.018438
0.023319 0.033660
0.023299 0.023728
0.023267 0.020524
0.023372 0.020807
0.023389 0.034531
0.023372 0.023261
0.023328 0.021262
0.023420 0.019710
0.023422 0.034465
0.023397 0.022447
0.023374 0.019740
0.023471 0.019763
0.023469 0.035023
0.023450 0.021911
0.023419 0.020296
0.023512 0.023660
0.023503 0.020315
0.023472 0.034859
0.023441 0.023154
0.023536 0.020168
0.023523 0.020711
0.023497 0.035227
0.023498 0.022869
0.023472 0.020056
0.023563 0.018691
0.023560 0.036124
0.023533 0.021927
0.023511 0.020141
0.023603 0.021136
0.023597 0.038973
0.023570 0.023778
0.023532 0.019286
0.023628 0.018767
0.023615 0.033998
0.023589 0.023091
0.023571 0.020612
0.023686 0.020825
0.023686 0.035314
0.023654 0.019317
0.023618 0.021828
0.023694 0.033563
0.023689 0.021884
0.023667 0.017275
0.023647 0.016899
0.023730 0.030701
0.023699 0.022282
0.023685 0.020022
0.023755 0.020080
0.023742 0.030928
0.023697 0.018107
0.023650 0.018966
0.023698 0.031064
0.023689 0.021835
0.023664 0.019713
0.023639 0.016088
0.023688 0.032563
0.023651 0.023593
0.023619 0.015855
0.023669 0.022075
0.023657 0.018112
0.023631 0.033111
0.023581 0.022724
0.023640 0.020163
0.023640 0.018123
0.023589 0.032122
0.023579 0.021998
0.023544 0.019581
0.023606 0.017384
0.023600 0.032829
0.023578 0.019682
0.023544 0.020378
0.023598 0.015751
0.023588 0.034043
0.023563 0.020733
0.023524 0.017008
0.023582 0.016432
0.023558 0.031321
0.023538 0.021364
0.023491 0.018476
0.023555 0.017265
0.023538 0.032955
0.023498 0.022429
0.023456 0.019671
0.023503 0.016164
0.023490 0.031132
0.023460 0.022172
0.023424 0.018491
0.023480 0.017712
0.023474 0.030734
0.023452 0.022469
0.023409 0.018163
0.023454 0.019697
0.023447 0.030796
0.023418 0.020539
0.023385 0.020620
0.023427 0.015419
0.023422 0.031410
0.023392 0.021241
0.023371 0.016713
0.023413 0.021205
0.023397 0.015718
0.023381 0.032199
0.023337 0.022315
0.023382 0.018534
0.023370 0.018810
0.023333 0.032990
0.023321 0.025733
0.023280 0.019637
0.023328 0.020233
0.023323 0.019583
0.023297 0.017263
0.023273 0.029721
0.023325 0.016070
0.023338 0.019745
0.023318 0.034387
0.023302 0.020164
0.023282 0.017624
0.023250 0.015565
0.023284 0.033603
0.023246 0.025929
0.023228 0.017869
0.023286 0.019439
0.023270 0.019079
0.023241 0.015173
0.023201 0.044116
0.023255 0.026238
0.023268 0.019520
0.023241 0.015910
0.023221 0.017554
0.023200 0.030791
0.023159 0.020614
0.023266 0.016943
0.023281 0.016386
0.023262 0.033115
0.023225 0.024848
0.023196 0.019549
0.023234 0.019007
0.023221 0.018346
0.023190 0.017926
0.023156 0.030248
0.023206 0.020224
0.023214 0.017254
0.023196 0.016827
0.023175 0.030372
0.023152 0.021120
0.023126 0.016810
0.023161 0.016775
0.023147 0.031078
0.023118 0.020870
0.023088 0.019534
0.023123 0.016681
0.023113 0.028514
0.023083 0.015970
0.023053 0.017339
0.023091 0.031235
0.023081 0.022604
0.023064 0.017654
0.023034 0.019356
0.023060 0.030562
0.023027 0.021387
0.023000 0.019336
0.023038 0.016988
0.023036 0.030686
0.023012 0.019197
0.022995 0.018071
0.023030 0.021460
0.023022 0.019337
0.023005 0.030898
0.022978 0.020266
0.023013 0.014818
0.022995 0.019682
0.022973 0.019004
0.022966 0.029806
0.022950 0.016370
0.022986 0.019798
0.022973 0.031952
0.022937 0.020986
0.022922 0.020034
0.022905 0.014971
0.022936 0.029162
0.022907 0.014909
0.022893 0.017245
0.022933 0.030421
0.022924 0.021486
0.022912 0.018902
0.022877 0.017712
0.022904 0.031595
0.022869 0.020509
0.022845 0.018395
0.022878 0.019982
0.022872 0.031291
0.022855 0.017970
0.022833 0.020063
0.022870 0.035251
0.022860 0.020334
0.022841 0.020556
0.022829 0.020057
0.022865 0.018204
0.022844 0.034180
0.022832 0.020941
0.022885 0.017134
0.022874 0.019498
0.022864 0.037643
0.022852 0.021569
0.022833 0.019897
0.022880 0.019961
0.022872 0.039522
0.022848 0.022861
0.022834 0.019191
0.022896 0.021485
0.022890 0.037536
0.022878 0.020613
0.022866 0.020747
0.022934 0.022619
0.022934 0.022509
0.022919 0.035944
0.022913 0.018888
0.022973 0.021759
0.022963 0.038384
0.022954 0.022887
0.022953 0.020042
0.022951 0.020832
0.023003 0.037717
0.022987 0.022257
0.022982 0.018580
0.023043 0.021228
0.023043 0.037032
0.023031 0.020182
0.023022 0.021507
0.023081 0.020740
0.023077 0.020833
0.023059 0.038336
0.023052 0.020741
0.023107 0.020620
0.023096 0.021683
0.023090 0.022132
0.023080 0.038095
0.023072 0.020525
0.023131 0.021720
0.023122 0.022516
0.023112 0.018328
0.023107 0.037280
0.023103 0.020682
0.023161 0.020011
0.023151 0.014388
0.023145 0.031844
0.023143 0.016262
0.023124 0.018850
0.023179 0.014942
0.023169 0.033148
0.023157 0.020293
0.023124 0.018231
0.023157 0.018124
0.023130 0.035545
0.023114 0.018789
0.023083 0.018316
0.023121 0.017224
0.023111 0.032181
0.023092 0.016901
0.023074 0.016785
0.023120 0.015878
0.023104 0.023931
0.023086 0.013922
0.023064 0.033285
0.023098 0.020716
0.023075 0.018928
0.023052 0.021595
0.023025 0.018121
0.023029 0.017610
0.022995 0.028074
0.023033 0.020920
0.023024 0.018492
0.023009 0.019793
0.023004 0.016713
0.022986 0.025467
0.022967 0.018722
0.022985 0.018588
0.022978 0.017024
0.022961 0.018201
0.022950 0.017156
0.022927 0.016223
0.022936 0.035722
0.022921 0.017644
0.022906 0.017648
0.022884 0.017678
0.022868 0.013257
0.022847 0.014366
0.022823 0.030654
0.022869 0.023565
0.022851 0.018459
0.022832 0.018579
0.022814 0.018229
0.022780 0.015148
0.022750 0.016938
0.022778 0.018080
0.022781 0.032378
0.022765 0.020605
0.022751 0.017814
0.022735 0.017167
0.022708 0.018149
0.022688 0.014590
0.022671 0.028466
0.022706 0.016174
0.022698 0.015274
0.022681 0.029288
0.022662 0.017402
0.022646 0.015982
0.022618 0.013295
0.022638 0.011083
0.022616 0.015811
0.022591 0.014832
0.022614 0.013845
0.022596 0.023189
0.022573 0.012545
0.022541 0.013313
0.022502 0.012651
0.022479 0.022090
0.022452 0.014234
0.022423 0.015114
0.022425 0.014911
0.022392 0.014335
0.022361 0.014415
0.022328 0.022835
0.022327 0.014430
0.022299 0.015105
0.022275 0.015186
0.022250 0.014565
0.022223 0.014575
0.022197 0.022200
0.022199 0.014312
0.022173 0.014469
0.022149 0.015047
0.022126 0.014565
0.022100 0.014544
0.022075 0.019360
0.022076 0.014427
0.022050 0.015207
0.022024 0.014764
0.022001 0.014620
0.021976 0.014616
0.021952 0.018908
0.021943 0.014357
0.021918 0.014924
0.021896 0.015036
0.021873 0.014736
0.021849 0.014440
0.021825 0.017381
0.021815 0.014505
0.021791 0.014777
0.021768 0.014824
0.021746 0.014670
0.021723 0.014528
0.021699 0.019542
0.021685 0.016613
0.021662 0.014712
0.021639 0.014820
0.021617 0.015138
0.021594 0.014739
0.021572 0.013183
0.021565 0.014704
0.021549 0.012474
0.021527 0.012643
0.021505 0.010330
0.021485 0.015240
0.021463 0.012941
0.021436 0.024247
0.021415 0.006877
0.021386 0.013947
0.021358 0.014067
0.021323 0.014100
0.021303 0.014121
0.021276 0.013889
0.021286 0.014013
0.021240 0.011618
0.021217 0.014176
0.021194 0.008825
0.021171 0.016390
0.021149 0.014306
