0.000000 0.019482
0.000000 0.008756
0.000000 0.067722
0.000000 0.038907
0.000000 0.021551
0.000000 0.023046
0.000000 0.023837
0.019482 0.018435
0.012033 0.018585
0.012841 0.018341
0.017679 0.023127
0.018164 0.016873
0.019064 0.014547
0.019994 0.017405
0.019556 0.016219
0.023736 0.027388
0.020210 0.020976
0.019390 0.018477
0.019128 0.016921
0.018721 0.017371
0.018550 0.016412
0.024052 0.029151
0.020240 0.024254
0.018862 0.017278
0.018896 0.018869
0.018706 0.017476
0.018633 0.016573
0.023713 0.027847
0.019490 0.020291
0.018981 0.016348
0.018837 0.016106
0.024010 0.028963
0.019714 0.022121
0.018734 0.016892
0.018862 0.018727
0.024358 0.029539
0.019477 0.020903
0.018777 0.018941
0.018854 0.018112
0.028013 0.030302
0.018783 0.021287
0.018142 0.018888
0.018120 0.017432
0.028894 0.031441
0.019196 0.020864
0.018345 0.018644
0.018250 0.018891
0.028541 0.031191
0.019323 0.021520
0.018398 0.019583
0.018277 0.018215
0.028076 0.029206
0.019040 0.020988
0.018388 0.018851
0.018308 0.017757
0.029145 0.031564
0.018761 0.019241
0.018467 0.017038
0.018610 0.020435
0.018468 0.020418
0.029991 0.034060
0.021223 0.029280
0.018494 0.019211
0.018701 0.022683
0.018497 0.020092
0.018531 0.020390
0.018777 0.020055
0.018511 0.018055
0.028639 0.030451
0.018728 0.020027
0.018924 0.022585
0.029541 0.034887
0.019697 0.023761
0.018907 0.019957
0.018875 0.020452
0.029416 0.033378
0.019280 0.022895
0.019109 0.021225
0.019221 0.023645
0.019020 0.020197
0.030293 0.035340
0.020651 0.026431
0.019102 0.020132
0.019263 0.022710
0.019224 0.021396
0.019287 0.022444
0.028699 0.031422
0.019235 0.017937
0.019391 0.020767
0.031070 0.035317
0.020149 0.022763
0.019507 0.020811
0.019509 0.020874
0.033895 0.038257
0.020076 0.021416
0.019721 0.020453
0.019863 0.023038
0.019551 0.018700
0.033682 0.038055
0.020380 0.020650
0.019916 0.021791
0.020056 0.022076
0.019624 0.019624
0.031658 0.034594
0.020409 0.024510
0.019789 0.016971
0.020079 0.021069
0.019691 0.022362
0.032424 0.036459
0.020300 0.022479
0.019865 0.020591
0.020024 0.023222
0.019816 0.022416
0.030562 0.032468
0.019816 0.020920
0.019806 0.021559
0.032305 0.036183
0.021841 0.028242
0.019915 0.021939
0.019977 0.022424
0.019934 0.021492
0.019911 0.020094
0.031766 0.034998
0.020686 0.025121
0.019977 0.021614
0.019951 0.018967
0.031469 0.034392
0.020778 0.024457
0.019983 0.020069
0.020022 0.020934
0.032031 0.035057
0.020928 0.023668
0.020098 0.020556
0.020060 0.019105
0.031904 0.031779
0.021040 0.020308
0.020127 0.016863
0.020125 0.016523
0.032302 0.031261
0.020764 0.019690
0.020301 0.017704
0.020505 0.020430
0.020155 0.017312
0.031868 0.031084
0.020827 0.020516
0.020085 0.017776
0.020041 0.017509
0.032565 0.031630
0.020876 0.020775
0.019987 0.017123
0.019973 0.015737
0.033677 0.032982
0.020994 0.019538
0.019985 0.018061
0.019987 0.017926
0.036021 0.036037
0.021225 0.021735
0.019934 0.017023
0.019944 0.016199
0.032778 0.030869
0.021173 0.020718
0.019889 0.017698
0.019912 0.017580
0.032389 0.032179
0.019918 0.017207
0.019980 0.019191
0.032902 0.031686
0.020995 0.021940
0.019753 0.017212
0.019785 0.016909
0.032111 0.030563
0.020904 0.022283
0.019787 0.020176
0.019981 0.020178
0.032135 0.031017
0.019811 0.017994
0.019732 0.018803
0.032069 0.031179
0.020590 0.021727
0.019795 0.019534
0.019718 0.015831
0.032459 0.032609
0.020255 0.023468
0.019871 0.015626
0.020015 0.022190
0.019946 0.017983
0.032459 0.033201
0.020684 0.022756
0.019666 0.020021
0.019724 0.018159
0.031940 0.032192
0.020457 0.021816
0.019702 0.019522
0.019641 0.017289
0.032936 0.032797
0.020448 0.019585
0.019728 0.020267
0.019594 0.015742
0.033862 0.034235
0.020563 0.020617
0.019651 0.017170
0.019621 0.016284
0.032664 0.031413
0.020783 0.021247
0.019703 0.018376
0.019594 0.017286
0.033077 0.032972
0.020885 0.022454
0.019668 0.019629
0.019567 0.016301
0.032184 0.031206
0.020739 0.022174
0.019551 0.018378
0.019508 0.017750
0.031845 0.030764
0.020462 0.022298
0.019577 0.018060
0.019530 0.019439
0.032410 0.030827
0.020366 0.020437
0.019526 0.020470
0.019468 0.015435
0.032436 0.032529
0.020400 0.022902
0.019616 0.019087
0.019891 0.023278
0.019521 0.018164
0.032314 0.034885
0.020798 0.024162
0.019522 0.020458
0.019561 0.021590
0.032692 0.035798
0.021608 0.028080
0.019683 0.021417
0.019764 0.022180
0.019622 0.022123
0.019585 0.018933
0.031248 0.031461
0.019549 0.017908
0.019643 0.020464
0.034110 0.037391
0.020731 0.022609
0.019737 0.019265
0.019633 0.017305
0.033593 0.037668
0.022385 0.029642
0.019823 0.019368
0.019851 0.021193
0.019872 0.020851
0.019709 0.017049
0.051053 0.048086
0.030680 0.029412
0.020338 0.022018
0.019518 0.017512
0.019645 0.019825
0.031931 0.034982
0.020621 0.022743
0.019658 0.019196
0.019635 0.018747
0.033192 0.037248
0.022261 0.028139
0.019868 0.022026
0.019844 0.020794
0.019800 0.020239
0.019798 0.019801
0.032012 0.032452
0.020418 0.022177
0.019662 0.019518
0.019663 0.018726
0.031870 0.033204
0.020513 0.023661
0.019704 0.019794
0.019690 0.020063
0.032071 0.034961
0.020528 0.023601
0.019785 0.021719
0.019670 0.019199
0.031100 0.030956
0.019734 0.018406
0.019753 0.020148
0.032324 0.034683
0.020646 0.024830
0.019734 0.019576
0.019820 0.022375
0.031829 0.033606
0.020550 0.023679
0.019777 0.021677
0.019747 0.019801
0.032174 0.034612
0.020151 0.021075
0.019855 0.020687
0.020028 0.024328
0.019811 0.022297
0.032040 0.034654
0.020209 0.022932
0.019794 0.017290
0.020111 0.022354
0.019800 0.021814
0.031736 0.033567
0.020036 0.018269
0.020178 0.022701
0.033335 0.035423
0.020558 0.023535
0.019910 0.022542
0.019884 0.017527
0.031432 0.032835
0.019790 0.017350
0.019858 0.020509
0.032113 0.033040
0.020602 0.023796
0.020021 0.021568
0.019859 0.020627
0.032298 0.033734
0.020727 0.020364
0.019893 0.016511
0.019941 0.018034
0.031209 0.028792
0.019840 0.015912
0.019896 0.017731
0.033217 0.032970
0.020375 0.017892
0.020063 0.018133
0.020212 0.018371
0.019808 0.016411
0.033407 0.032391
0.020925 0.018965
0.019811 0.015202
0.019820 0.017022
0.035109 0.035184
0.020594 0.019385
0.019810 0.017518
0.019802 0.017095
0.035598 0.035897
0.020286 0.020146
0.019746 0.016458
0.019694 0.018487
0.035100 0.034206
0.020187 0.018032
0.019847 0.018529
0.020027 0.019702
0.019713 0.019391
0.033840 0.033218
0.019664 0.016479
0.019850 0.018509
0.034462 0.034606
0.020349 0.020310
0.019733 0.017594
0.019604 0.018066
0.034793 0.035050
0.020083 0.019851
0.019593 0.016225
0.019516 0.018453
0.035257 0.034269
0.019664 0.018098
0.019624 0.018863
0.019588 0.018958
0.019499 0.017955
0.035138 0.035100
0.019752 0.018808
0.019551 0.017979
0.019624 0.019047
0.019510 0.019038
0.034867 0.034315
0.019560 0.017947
0.019571 0.018549
0.019696 0.019553
0.019366 0.015234
0.033897 0.034021
0.019574 0.018570
0.019456 0.017006
0.019285 0.011500
0.032643 0.028697
0.019468 0.014169
0.019441 0.015431
0.019220 0.011956
0.032760 0.030183
0.019447 0.017938
0.019274 0.015047
0.019246 0.014978
0.033390 0.032491
0.019288 0.016353
0.019224 0.015745
0.019149 0.014152
0.032578 0.029603
0.019196 0.014362
0.019101 0.013544
0.019069 0.012985
0.028609 0.021658
0.018981 0.012852
0.032247 0.032664
0.019401 0.020990
0.019103 0.018322
0.019104 0.020252
0.018947 0.017093
0.018930 0.017431
0.029723 0.028305
0.018997 0.021379
0.018960 0.018689
0.018934 0.019728
0.018899 0.016929
0.029074 0.026243
0.019035 0.018641
0.018902 0.018356
0.018936 0.017158
0.018909 0.018356
0.018888 0.017380
0.018860 0.016518
0.032774 0.036315
0.019250 0.018015
0.018905 0.017232
0.018911 0.017458
0.018805 0.013047
0.018791 0.013959
0.030421 0.031251
0.019647 0.023011
0.018854 0.018133
0.018927 0.018478
0.018852 0.018263
0.018796 0.014740
0.018831 0.016641
0.018824 0.018027
0.032141 0.032495
0.019261 0.020363
0.018837 0.018152
0.018818 0.017161
0.018777 0.017997
0.018721 0.014456
0.030314 0.028139
0.018742 0.016208
0.018743 0.015290
0.032158 0.032196
0.019562 0.019885
0.018790 0.019042
0.018770 0.015949
0.018690 0.013757
0.018692 0.019046
0.018738 0.017809
0.018657 0.016632
0.029540 0.026105
0.018756 0.014860
0.018685 0.016572
0.018589 0.015133
0.029493 0.024852
0.019038 0.016978
0.018648 0.017920
0.018633 0.018058
0.018586 0.016971
0.018537 0.016914
0.029506 0.025703
0.019016 0.017287
0.018604 0.018035
0.018575 0.018067
0.018535 0.017082
0.018516 0.017462
0.028866 0.024999
0.019034 0.017230
0.018553 0.017983
0.018529 0.018018
0.018507 0.017008
0.018474 0.017537
0.027702 0.022484
0.019013 0.017643
0.018516 0.018174
0.018488 0.017766
0.018473 0.017128
0.018455 0.017262
0.027590 0.021744
0.018987 0.017280
0.018464 0.017817
0.018465 0.017675
0.018442 0.017250
0.018413 0.017259
0.026884 0.020191
0.019025 0.017795
0.018429 0.017629
0.018424 0.017625
0.018408 0.017330
0.018403 0.017125
0.027182 0.022465
0.019234 0.020099
0.018443 0.017401
0.018447 0.017530
0.018416 0.017788
0.018399 0.017484
0.025066 0.015903
0.018634 0.017970
0.018366 0.015263
0.018354 0.015168
0.024030 0.012996
0.018399 0.018128
0.018345 0.015760
0.027457 0.026657
0.023156 0.008917
0.018216 0.016631
0.018203 0.016563
0.018180 0.016656
0.018179 0.016495
0.018168 0.016590
0.018166 0.016436
0.018135 0.014077
0.018128 0.016602
0.022287 0.010748
0.018115 0.016382
0.018108 0.014144
