0.000000 0.056820
0.000000 0.063340
0.000000 0.065468
0.000000 0.072701
0.000000 0.069581
0.000000 0.070883
0.000000 0.066099
0.056820 0.071539
0.067814 0.070899
0.066884 0.059733
0.069339 0.058803
0.069971 0.060454
0.070317 0.060409
0.183407 0.072241
0.069602 0.068669
0.069724 0.060230
0.067649 0.060057
0.072297 0.060846
0.063815 0.061571
0.059923 0.071513
0.065873 0.070306
0.064772 0.062107
0.064653 0.061053
0.058581 0.062350
0.064913 0.063260
0.069522 0.069797
0.068404 0.070669
0.064866 0.062446
0.064797 0.064055
0.064906 0.065151
0.064939 0.064679
0.070055 0.068573
0.065141 0.065130
0.065139 0.063367
0.064907 0.063449
0.063242 0.058940
0.070579 0.070022
0.066402 0.066116
0.063795 0.060389
0.063518 0.058883
0.063034 0.059803
0.062887 0.059308
0.070930 0.068758
0.063652 0.062942
0.062626 0.058760
0.062532 0.059152
0.061915 0.055811
0.070089 0.069387
0.065460 0.066026
0.062208 0.059548
0.062258 0.059011
0.061803 0.060062
0.061817 0.058177
0.070112 0.068520
0.065028 0.065986
0.061647 0.058689
0.061202 0.057962
0.060579 0.057519
0.061077 0.058098
0.070539 0.067784
0.064371 0.065513
0.060557 0.057947
0.060782 0.058084
0.060518 0.057373
0.060334 0.058779
0.071549 0.070211
0.064902 0.068398
0.060728 0.058846
0.061105 0.058546
0.060939 0.059868
0.061164 0.060716
0.069825 0.066973
0.064925 0.068825
0.061309 0.060100
0.061130 0.060130
0.060768 0.059953
0.060802 0.059921
0.069689 0.068584
0.062693 0.063425
0.062214 0.060974
0.061306 0.060882
0.060373 0.057055
0.070692 0.067029
0.064698 0.066396
0.060941 0.058721
0.060890 0.058965
0.060903 0.058733
0.061523 0.060298
0.070897 0.069236
0.064772 0.066303
0.060864 0.059036
0.060948 0.058579
0.060179 0.059150
0.060571 0.058485
0.070860 0.069067
0.064199 0.065451
0.060658 0.058883
0.060864 0.059240
0.059919 0.058623
0.060167 0.058212
0.070409 0.069411
0.063977 0.065160
0.060418 0.058127
0.060732 0.058538
0.060529 0.058540
0.060488 0.058398
0.069416 0.069357
0.064864 0.066567
0.061055 0.058628
0.060897 0.059550
0.060209 0.058229
0.060310 0.059048
0.069931 0.066432
0.064455 0.065662
0.060576 0.058664
0.060030 0.058057
0.060380 0.059003
0.060484 0.059261
0.070658 0.068870
0.061667 0.061571
0.060481 0.059098
0.060121 0.057987
0.059783 0.055787
0.070429 0.070076
0.064613 0.066056
0.060060 0.058212
0.059977 0.057689
0.060272 0.058371
0.060291 0.058806
0.069958 0.066689
0.063716 0.065518
0.060371 0.058787
0.060444 0.057697
0.060193 0.059110
0.060208 0.058833
0.071301 0.067187
0.060961 0.061473
0.060172 0.058679
0.060326 0.059110
0.059067 0.056108
0.070397 0.068437
0.064032 0.068035
0.060594 0.060780
0.060486 0.060583
0.060016 0.060951
0.060378 0.059201
0.069884 0.068010
0.065011 0.069466
0.061248 0.061164
0.060644 0.061283
0.060800 0.061409
0.060279 0.061114
0.070203 0.070788
0.064381 0.069173
0.060454 0.061479
0.060408 0.060717
0.060313 0.061780
0.060146 0.061130
0.070341 0.073017
0.064196 0.069150
0.060898 0.061601
0.061076 0.058892
0.060466 0.059025
0.060859 0.059766
0.070022 0.068939
0.063583 0.065885
0.060748 0.059283
0.061510 0.060822
0.060393 0.058966
0.060013 0.058384
0.070043 0.068248
0.063974 0.065471
0.060028 0.060216
0.059842 0.057779
0.059576 0.058349
0.060033 0.060524
0.070290 0.068713
0.061288 0.064384
0.059573 0.058048
0.060226 0.058685
0.058964 0.055037
0.070311 0.069219
0.063970 0.066428
0.059853 0.058004
0.059966 0.056845
0.059753 0.057524
0.059792 0.058316
0.070000 0.066559
0.063733 0.065736
0.060105 0.057660
0.059938 0.058103
0.059976 0.058577
0.059970 0.059152
0.070665 0.069806
0.063350 0.065676
0.059767 0.058142
0.059905 0.057838
0.059553 0.059420
0.059274 0.060153
0.070370 0.069968
0.064080 0.068193
0.060626 0.061567
0.060468 0.060601
0.059629 0.060103
0.059853 0.060849
0.071092 0.072686
0.063901 0.068552
0.059873 0.057333
0.059720 0.056791
0.060030 0.058771
0.060018 0.059925
0.071499 0.072959
0.064528 0.066733
0.060497 0.058690
0.060268 0.057685
0.060095 0.058550
0.060590 0.060484
0.070167 0.068823
0.065101 0.065870
0.060958 0.059724
0.060769 0.059607
0.060162 0.058984
0.060204 0.059014
0.071307 0.067936
0.064473 0.067402
0.060486 0.060262
0.060886 0.061175
0.060222 0.061040
0.060698 0.061535
0.071256 0.072110
0.064346 0.068407
0.060497 0.060886
0.060327 0.060324
0.059903 0.060557
0.060873 0.061555
0.070838 0.072109
0.064146 0.068804
0.060239 0.060188
0.060265 0.060889
0.059803 0.060971
0.059949 0.061927
0.068835 0.070927
0.063855 0.065844
0.060400 0.058761
0.060119 0.057625
0.059634 0.058196
0.059638 0.058746
0.068596 0.063496
0.059625 0.056541
0.052839 0.065980
0.071494 0.061661
0.063661 0.061532
0.060395 0.057958
0.060166 0.058141
0.060109 0.059251
0.060082 0.059690
0.070631 0.066988
0.063679 0.065464
0.059826 0.058372
0.059997 0.058083
0.060038 0.058409
0.060197 0.058751
0.069823 0.068801
0.063719 0.066087
0.060356 0.058482
0.059807 0.057408
0.059748 0.058412
0.059969 0.058756
0.070241 0.065652
0.063725 0.065410
0.060368 0.058596
0.059908 0.058332
0.059637 0.058321
0.059972 0.059011
0.069322 0.065505
0.061159 0.061332
0.060056 0.057461
0.059804 0.057596
0.059131 0.054625
0.068828 0.068468
0.063800 0.065530
0.060385 0.057431
0.059727 0.057494
0.060358 0.058557
0.060109 0.059327
0.068028 0.068060
0.063412 0.065798
0.060280 0.058857
0.060437 0.058763
0.059908 0.059168
0.059875 0.058876
0.068488 0.069959
0.063537 0.068687
0.060211 0.061739
0.060132 0.060928
0.059618 0.058100
0.059528 0.058549
0.067507 0.065419
0.063055 0.065732
0.059764 0.058510
0.059613 0.058452
0.059773 0.059090
0.059564 0.058133
0.067817 0.068155
0.063250 0.066905
0.060556 0.058401
0.060117 0.057748
0.059946 0.058080
0.059586 0.059786
0.067603 0.070140
0.064071 0.068153
0.060242 0.059710
0.060646 0.060502
0.060795 0.062949
0.060648 0.063378
0.068903 0.071599
0.062196 0.066237
0.060587 0.059702
0.061495 0.060652
0.060231 0.057600
0.068659 0.069252
0.064402 0.067526
0.060910 0.059392
0.060916 0.059539
0.060188 0.059255
0.060774 0.060820
0.069156 0.069157
0.062635 0.063183
0.060815 0.059743
0.061384 0.058554
0.061051 0.059441
0.059979 0.058721
0.059900 0.059150
0.070909 0.069156
0.064782 0.067091
0.060677 0.059516
0.060081 0.059552
0.060153 0.059221
0.060269 0.059292
0.069426 0.065803
0.064023 0.066868
0.060199 0.060117
0.059855 0.057987
0.059849 0.058595
0.060444 0.060533
0.067539 0.067719
0.063052 0.065832
0.060049 0.060048
0.059834 0.059721
0.059171 0.058709
0.059728 0.060044
0.069207 0.065842
0.060205 0.062060
0.059619 0.060719
0.059536 0.060031
0.058443 0.055949
0.067950 0.066230
0.062336 0.067247
0.058993 0.059389
0.059563 0.060164
0.058489 0.056415
0.066536 0.064677
0.062608 0.066130
0.060018 0.060533
0.059155 0.059971
0.059065 0.059851
0.059496 0.060796
0.066257 0.064484
0.062731 0.065916
0.059724 0.060464
0.059615 0.060132
0.059141 0.059594
0.059497 0.059226
0.068578 0.067425
0.063129 0.065230
0.059613 0.059277
0.059742 0.059755
0.059635 0.060933
0.059551 0.059083
0.068891 0.066256
0.062623 0.064403
0.059528 0.059256
0.059272 0.058578
0.059496 0.058729
0.059674 0.059401
0.068087 0.066856
0.062656 0.064268
0.059969 0.059252
0.059971 0.059391
0.058611 0.058308
0.059421 0.059174
0.067802 0.065344
0.061356 0.062740
0.059273 0.058299
0.058950 0.058235
0.058622 0.058129
0.059119 0.059456
0.068057 0.066825
0.059955 0.061742
0.059171 0.060267
0.059394 0.059824
0.058539 0.057417
0.066959 0.066297
0.062474 0.067284
0.059323 0.059966
0.059764 0.060766
0.059633 0.058363
0.066508 0.068679
0.063498 0.064930
0.060362 0.060550
0.059803 0.060255
0.059686 0.059925
0.060160 0.059754
0.067438 0.069684
0.063295 0.065547
0.060426 0.060931
0.059826 0.059350
0.060122 0.059631
0.060371 0.060800
0.068894 0.067629
0.064173 0.065001
0.060304 0.060227
0.060534 0.059449
0.059882 0.057902
0.059526 0.055515
0.070206 0.067092
0.064137 0.064063
0.060348 0.057043
0.060506 0.056770
0.060190 0.057463
0.059709 0.055325
0.069386 0.066752
0.064084 0.063236
0.059977 0.056791
0.060299 0.055726
0.059980 0.056593
0.060265 0.056516
0.068497 0.066185
0.062904 0.062778
0.060016 0.055790
0.060026 0.055984
0.059539 0.056094
0.060231 0.057723
0.067750 0.066102
0.063418 0.064590
0.059885 0.057688
0.059665 0.057537
0.058855 0.056367
0.058857 0.055829
0.067671 0.064985
0.060338 0.058975
0.058996 0.056250
0.059446 0.056666
0.058117 0.051961
0.067304 0.061384
0.061127 0.061151
0.059446 0.056634
0.058640 0.056149
0.058152 0.055747
0.058158 0.054876
0.065984 0.058890
0.060344 0.059112
0.058129 0.054699
0.057715 0.054338
0.057429 0.054115
0.057640 0.054397
0.065481 0.059775
0.060206 0.058050
0.056950 0.052898
0.057168 0.052676
0.056400 0.053567
0.056904 0.053219
0.064497 0.059306
0.057317 0.055457
0.056772 0.054429
0.057328 0.054805
0.056048 0.050491
0.065067 0.058478
0.059553 0.059040
0.056602 0.053175
0.056250 0.053970
0.056587 0.053578
0.056567 0.053830
0.064057 0.059505
0.059175 0.057217
0.056761 0.052995
0.056739 0.053206
0.056011 0.051761
0.055854 0.052943
0.062564 0.057461
0.058897 0.058132
0.056506 0.052094
0.056142 0.052491
0.056849 0.054038
0.057132 0.054433
0.061784 0.053075
0.059442 0.057222
0.056545 0.049872
0.057072 0.050541
0.054133 0.054762
