0.000000 0.019499
0.000000 0.009322
0.000000 0.070237
0.000000 0.040480
0.000000 0.022717
0.000000 0.023895
0.000000 0.026098
0.019499 0.020712
0.012620 0.021182
0.013196 0.020489
0.018765 0.025828
0.016039 0.019151
0.023895 0.017684
0.019140 0.020020
0.020712 0.019016
0.026650 0.031495
0.026597 0.024527
0.018746 0.021609
0.018733 0.019815
0.024319 0.020004
0.020972 0.018964
0.043821 0.032642
0.026020 0.027283
0.020176 0.020128
0.022197 0.021623
0.020845 0.019670
0.019210 0.018928
0.032698 0.030984
0.023784 0.022639
0.019767 0.018858
0.019305 0.018259
0.033109 0.031789
0.026346 0.024247
0.020645 0.019068
0.021614 0.020851
0.033153 0.032597
0.024711 0.023697
0.022623 0.021070
0.021563 0.020184
0.034083 0.033662
0.024294 0.023600
0.023252 0.021908
0.019944 0.019983
0.035215 0.034201
0.023898 0.023374
0.022236 0.020585
0.022159 0.021700
0.034610 0.034777
0.023993 0.024284
0.022411 0.022269
0.020862 0.020661
0.033201 0.032430
0.024602 0.023248
0.021412 0.021736
0.019787 0.020896
0.035103 0.034243
0.021157 0.021521
0.019286 0.020127
0.023203 0.022929
0.021654 0.021884
0.034814 0.035472
0.030191 0.030077
0.019696 0.019239
0.024805 0.023681
0.020568 0.020306
0.021058 0.021048
0.021740 0.021249
0.018085 0.018426
0.032871 0.030975
0.019672 0.019879
0.022209 0.022481
0.035392 0.035164
0.024958 0.024120
0.021091 0.019415
0.021712 0.021156
0.034337 0.033048
0.022619 0.022626
0.020856 0.021125
0.023061 0.023234
0.020775 0.019850
0.035099 0.034999
0.027358 0.027339
0.020455 0.020208
0.022213 0.022621
0.021269 0.020717
0.021143 0.021709
0.031705 0.031399
0.017844 0.018580
0.021216 0.020833
0.035972 0.035679
0.023074 0.023510
0.022073 0.020761
0.020917 0.020521
0.039810 0.038036
0.021092 0.021447
0.020248 0.019764
0.022017 0.022704
0.018590 0.018278
0.039577 0.037961
0.021061 0.021086
0.021190 0.021787
0.021304 0.022054
0.019094 0.019502
0.035022 0.035130
0.023602 0.024487
0.017443 0.017601
0.021530 0.021056
0.021154 0.020759
0.035741 0.033050
0.022388 0.020296
0.020771 0.018087
0.022332 0.020450
0.022094 0.019391
0.032690 0.029472
0.020829 0.018695
0.021379 0.018444
0.034451 0.032231
0.027889 0.025078
0.022478 0.020131
0.022568 0.020517
0.021752 0.019151
0.019727 0.017793
0.034611 0.031645
0.025245 0.022901
0.022073 0.019391
0.019445 0.016283
0.033087 0.030637
0.024207 0.021664
0.021317 0.017795
0.020480 0.017802
0.033454 0.031392
0.023112 0.021144
0.021477 0.018774
0.019117 0.016576
0.033266 0.030920
0.022705 0.020365
0.019938 0.016905
0.019426 0.016511
0.033404 0.031244
0.021305 0.019703
0.020305 0.017904
0.021795 0.020470
0.019818 0.017295
0.031665 0.030862
0.021959 0.020138
0.020223 0.017870
0.020140 0.017624
0.033431 0.031565
0.022257 0.020812
0.019845 0.017163
0.019596 0.015700
0.035825 0.032885
0.022146 0.019391
0.020133 0.018011
0.020168 0.018050
0.040947 0.035890
0.022671 0.021690
0.019725 0.017084
0.019644 0.016303
0.034360 0.030919
0.022919 0.020764
0.019379 0.017768
0.020269 0.017610
0.033978 0.032285
0.019559 0.017075
0.020484 0.019207
0.034555 0.031850
0.022628 0.022024
0.020024 0.017302
0.019579 0.016848
0.032452 0.030516
0.023066 0.022219
0.020045 0.019963
0.020876 0.020189
0.032948 0.030894
0.020084 0.017958
0.019876 0.018743
0.031951 0.031104
0.021775 0.021800
0.020805 0.019579
0.019426 0.016239
0.031462 0.034084
0.021096 0.025323
0.019340 0.016745
0.020668 0.023518
0.020215 0.019904
0.033566 0.035613
0.022770 0.025796
0.019424 0.022180
0.020259 0.020063
0.033042 0.034177
0.022280 0.023425
0.019991 0.021368
0.019791 0.019446
0.034492 0.035318
0.021473 0.021620
0.020147 0.022216
0.018615 0.017472
0.036404 0.036790
0.022157 0.023354
0.019674 0.019108
0.018874 0.019121
0.034410 0.034986
0.022804 0.024444
0.020303 0.020494
0.019246 0.019855
0.034864 0.036156
0.023301 0.025088
0.020355 0.021425
0.018978 0.018684
0.033372 0.034971
0.022839 0.024982
0.020059 0.020593
0.019662 0.019961
0.032816 0.033876
0.022901 0.025105
0.019904 0.020120
0.020665 0.022342
0.033787 0.033741
0.022130 0.023182
0.020061 0.022520
0.018735 0.017947
0.033606 0.034674
0.022046 0.024340
0.019781 0.018626
0.020856 0.023985
0.019354 0.018131
0.033691 0.035878
0.023805 0.024380
0.020444 0.020901
0.020330 0.021357
0.033828 0.036271
0.027330 0.028266
0.021273 0.022033
0.021220 0.022026
0.020768 0.021833
0.019013 0.019807
0.032157 0.033869
0.018033 0.017840
0.020856 0.021045
0.036673 0.038054
0.021482 0.022824
0.019686 0.019653
0.017700 0.017879
0.034521 0.037073
0.027016 0.028615
0.018901 0.020052
0.020326 0.021731
0.020116 0.021290
0.016607 0.017276
0.034387 0.046422
0.029325 0.028953
0.020972 0.021541
0.017657 0.017906
0.019118 0.019265
0.032018 0.033081
0.022124 0.022593
0.019885 0.018575
0.018096 0.018452
0.034548 0.036225
0.026246 0.027234
0.020865 0.021738
0.020443 0.021144
0.019033 0.021020
0.018689 0.020916
0.031975 0.034237
0.021779 0.022792
0.019343 0.019597
0.018607 0.019369
0.031645 0.032810
0.023054 0.024004
0.019006 0.018878
0.018707 0.019462
0.032542 0.034154
0.021856 0.022955
0.021278 0.022069
0.018624 0.019288
0.030382 0.031498
0.017143 0.017887
0.019434 0.019705
0.033056 0.034480
0.023794 0.024399
0.019847 0.019878
0.020648 0.022044
0.032139 0.034391
0.023052 0.024727
0.021260 0.021147
0.019131 0.019550
0.032390 0.034796
0.020386 0.021305
0.019904 0.020348
0.022798 0.024276
0.021011 0.021834
0.032211 0.033912
0.021897 0.022306
0.017433 0.017526
0.021732 0.022529
0.020958 0.021952
0.032785 0.033946
0.018009 0.018684
0.021982 0.022372
0.035528 0.034884
0.022607 0.023248
0.022881 0.022264
0.016256 0.017402
0.031148 0.031677
0.016843 0.016649
0.019698 0.019766
0.032644 0.034297
0.023120 0.024878
0.021171 0.021469
0.019671 0.019746
0.033350 0.034461
0.022527 0.022967
0.018833 0.018552
0.020006 0.020896
0.031211 0.032964
0.017900 0.018320
0.020270 0.020654
0.034844 0.036487
0.019493 0.020401
0.020290 0.020283
0.019736 0.021024
0.018490 0.018788
0.035490 0.035899
0.020726 0.020807
0.017175 0.017739
0.019038 0.020031
0.038691 0.037962
0.021058 0.021401
0.019655 0.020604
0.019217 0.018908
0.039495 0.038839
0.021867 0.022517
0.018581 0.018420
0.020517 0.020966
0.038023 0.037050
0.019595 0.020287
0.020310 0.020924
0.020895 0.022407
0.021196 0.022481
0.036360 0.035930
0.017957 0.018383
0.019978 0.021512
0.037277 0.037297
0.022144 0.022610
0.019580 0.020028
0.019846 0.020332
0.038040 0.036946
0.021594 0.022128
0.018430 0.018278
0.019340 0.020909
0.038236 0.036799
0.019437 0.019885
0.020581 0.021046
0.020197 0.021153
0.019955 0.020790
0.038200 0.038424
0.020872 0.021106
0.019667 0.020059
0.021060 0.021588
0.019551 0.021876
0.037348 0.037184
0.018575 0.020748
0.019343 0.020783
0.021292 0.022494
0.016895 0.018048
0.036303 0.037807
0.020665 0.021853
0.018702 0.020277
0.013880 0.013614
0.031879 0.031799
0.015923 0.016633
0.017611 0.018825
0.013759 0.014414
0.033463 0.034238
0.019287 0.020974
0.016907 0.018106
0.017376 0.017865
0.036394 0.036246
0.018180 0.019129
0.018354 0.018390
0.017372 0.016886
0.033938 0.032427
0.016954 0.016491
0.015959 0.016522
0.015008 0.015524
0.024475 0.023882
0.013398 0.013630
0.033946 0.033716
0.012196 0.021297
0.018075 0.018218
0.019255 0.021182
0.016226 0.018150
0.015504 0.017499
0.028123 0.027570
0.020554 0.021182
0.017574 0.018580
0.018059 0.019068
0.015598 0.016689
0.025969 0.025360
0.016829 0.018106
0.016087 0.018202
0.016186 0.017027
0.015700 0.017454
0.015542 0.016857
0.015254 0.015976
0.034720 0.033573
0.018496 0.015255
0.016847 0.014832
0.016599 0.014732
0.014051 0.010209
0.014430 0.011362
0.030546 0.028013
0.022037 0.020634
0.017297 0.015293
0.019110 0.015554
0.016487 0.014629
0.014652 0.011810
0.017386 0.013900
0.017552 0.015366
0.033298 0.029505
0.020114 0.017750
0.016681 0.015040
0.015789 0.014028
0.016041 0.014993
0.014157 0.011830
0.029150 0.025286
0.015145 0.013449
0.014817 0.012215
0.032509 0.028901
0.020777 0.017284
0.016323 0.015848
0.015592 0.013136
0.013548 0.010918
0.015968 0.015761
0.015741 0.014782
0.014870 0.013856
0.026615 0.023140
0.014780 0.012586
0.015124 0.012996
0.013901 0.012435
0.025874 0.022171
0.016153 0.014087
0.015047 0.015061
0.014769 0.015020
0.014198 0.014306
0.013530 0.014405
0.026507 0.022846
0.016174 0.014390
0.015052 0.015044
0.014666 0.015234
0.014007 0.014565
0.013588 0.014693
0.025143 0.022046
0.016043 0.014390
0.014509 0.014348
0.014316 0.015019
0.013947 0.014512
0.013540 0.014532
0.021843 0.019086
0.015887 0.014561
0.014413 0.014938
0.013993 0.014804
0.013865 0.014454
0.013683 0.014528
0.021246 0.018743
0.015610 0.014166
0.013957 0.014753
0.013881 0.014734
0.013733 0.014640
0.013398 0.014568
0.019448 0.017279
0.015530 0.014481
0.013795 0.014795
0.013783 0.014833
0.013782 0.014329
0.013705 0.014234
0.020990 0.019480
0.017763 0.016483
0.014696 0.014636
0.014624 0.014878
0.014374 0.015021
0.014307 0.014653
0.015407 0.013153
0.015419 0.014846
0.013675 0.012355
0.013639 0.012534
0.012876 0.010403
0.013643 0.015362
0.013483 0.012920
0.029955 0.024280
0.011073 0.006913
0.012393 0.013949
0.012375 0.013923
0.012323 0.013920
0.012352 0.013903
0.012343 0.013970
0.012491 0.013966
0.012392 0.011515
0.012425 0.013883
0.011055 0.008226
0.012485 0.013776
0.012513 0.011542
